mktemplate-sess log file
$Id: mktemplate-sess,v 1.11 2015/12/10 22:51:30 zkaufman Exp $
Linux compute0200 3.10.0-862.9.1.el7.x86_64 #1 SMP Mon Jul 16 16:29:36 UTC 2018 x86_64 x86_64 x86_64 GNU/Linux
Wed Mar  4 13:55:55 EST 2020
/scratch/groups/lisik3/mcmahoneg/mri_data_anlys/studies/cont_actions/analysis
UpdateOnly 0
/software/apps/freesurfer/6.0.0/fsfast/bin/mktemplate-sess -s s003 -d /scratch/groups/lisik3/mcmahoneg/mri_data_anlys/studies/cont_actions/unpackdata -fsd bold
 
Session: /scratch/groups/lisik3/mcmahoneg/mri_data_anlys/studies/cont_actions/unpackdata/s003 ----------------
Wed Mar  4 13:55:55 EST 2020
Detected input format at nii
/scratch/groups/lisik3/mcmahoneg/mri_data_anlys/studies/cont_actions/analysis
mri_convert /scratch/groups/lisik3/mcmahoneg/mri_data_anlys/studies/cont_actions/unpackdata/s003/bold/004/f.nii /scratch/groups/lisik3/mcmahoneg/mri_data_anlys/studies/cont_actions/unpackdata/s003/bold/template.nii.gz --frame 0
mri_convert.bin /scratch/groups/lisik3/mcmahoneg/mri_data_anlys/studies/cont_actions/unpackdata/s003/bold/004/f.nii /scratch/groups/lisik3/mcmahoneg/mri_data_anlys/studies/cont_actions/unpackdata/s003/bold/template.nii.gz --frame 0 
$Id: mri_convert.c,v 1.226 2016/02/26 16:15:24 mreuter Exp $
reading from /scratch/groups/lisik3/mcmahoneg/mri_data_anlys/studies/cont_actions/unpackdata/s003/bold/004/f.nii...
TR=2000.00, TE=0.00, TI=0.00, flip angle=0.00
i_ras = (-0.999852, -0.00914438, -0.0145384)
j_ras = (-0.011518, 0.984919, 0.172633)
k_ras = (-0.0127406, -0.172775, 0.984879)
keeping frame 0
writing to /scratch/groups/lisik3/mcmahoneg/mri_data_anlys/studies/cont_actions/unpackdata/s003/bold/template.nii.gz...
  Run: 004 ----------------
  Wed Mar  4 13:55:56 EST 2020
/scratch/groups/lisik3/mcmahoneg/mri_data_anlys/studies/cont_actions/analysis
mri_convert /scratch/groups/lisik3/mcmahoneg/mri_data_anlys/studies/cont_actions/unpackdata/s003/bold/004/f.nii /scratch/groups/lisik3/mcmahoneg/mri_data_anlys/studies/cont_actions/unpackdata/s003/bold/004/template.nii.gz --mid-frame
mri_convert.bin /scratch/groups/lisik3/mcmahoneg/mri_data_anlys/studies/cont_actions/unpackdata/s003/bold/004/f.nii /scratch/groups/lisik3/mcmahoneg/mri_data_anlys/studies/cont_actions/unpackdata/s003/bold/004/template.nii.gz --mid-frame 
$Id: mri_convert.c,v 1.226 2016/02/26 16:15:24 mreuter Exp $
reading from /scratch/groups/lisik3/mcmahoneg/mri_data_anlys/studies/cont_actions/unpackdata/s003/bold/004/f.nii...
TR=2000.00, TE=0.00, TI=0.00, flip angle=0.00
i_ras = (-0.999852, -0.00914438, -0.0145384)
j_ras = (-0.011518, 0.984919, 0.172633)
k_ras = (-0.0127406, -0.172775, 0.984879)
keeping frame 59
writing to /scratch/groups/lisik3/mcmahoneg/mri_data_anlys/studies/cont_actions/unpackdata/s003/bold/004/template.nii.gz...
  Run: 005 ----------------
  Wed Mar  4 13:55:58 EST 2020
/scratch/groups/lisik3/mcmahoneg/mri_data_anlys/studies/cont_actions/analysis
mri_convert /scratch/groups/lisik3/mcmahoneg/mri_data_anlys/studies/cont_actions/unpackdata/s003/bold/005/f.nii /scratch/groups/lisik3/mcmahoneg/mri_data_anlys/studies/cont_actions/unpackdata/s003/bold/005/template.nii.gz --mid-frame
mri_convert.bin /scratch/groups/lisik3/mcmahoneg/mri_data_anlys/studies/cont_actions/unpackdata/s003/bold/005/f.nii /scratch/groups/lisik3/mcmahoneg/mri_data_anlys/studies/cont_actions/unpackdata/s003/bold/005/template.nii.gz --mid-frame 
$Id: mri_convert.c,v 1.226 2016/02/26 16:15:24 mreuter Exp $
reading from /scratch/groups/lisik3/mcmahoneg/mri_data_anlys/studies/cont_actions/unpackdata/s003/bold/005/f.nii...
TR=2000.00, TE=0.00, TI=0.00, flip angle=0.00
i_ras = (-0.999852, -0.00914438, -0.0145384)
j_ras = (-0.011518, 0.984919, 0.172633)
k_ras = (-0.0127406, -0.172775, 0.984879)
keeping frame 59
writing to /scratch/groups/lisik3/mcmahoneg/mri_data_anlys/studies/cont_actions/unpackdata/s003/bold/005/template.nii.gz...
  Run: 006 ----------------
  Wed Mar  4 13:55:59 EST 2020
/scratch/groups/lisik3/mcmahoneg/mri_data_anlys/studies/cont_actions/analysis
mri_convert /scratch/groups/lisik3/mcmahoneg/mri_data_anlys/studies/cont_actions/unpackdata/s003/bold/006/f.nii /scratch/groups/lisik3/mcmahoneg/mri_data_anlys/studies/cont_actions/unpackdata/s003/bold/006/template.nii.gz --mid-frame
mri_convert.bin /scratch/groups/lisik3/mcmahoneg/mri_data_anlys/studies/cont_actions/unpackdata/s003/bold/006/f.nii /scratch/groups/lisik3/mcmahoneg/mri_data_anlys/studies/cont_actions/unpackdata/s003/bold/006/template.nii.gz --mid-frame 
$Id: mri_convert.c,v 1.226 2016/02/26 16:15:24 mreuter Exp $
reading from /scratch/groups/lisik3/mcmahoneg/mri_data_anlys/studies/cont_actions/unpackdata/s003/bold/006/f.nii...
TR=2000.00, TE=0.00, TI=0.00, flip angle=0.00
i_ras = (-0.999852, -0.00914438, -0.0145384)
j_ras = (-0.011518, 0.984919, 0.172633)
k_ras = (-0.0127406, -0.172775, 0.984879)
keeping frame 40
writing to /scratch/groups/lisik3/mcmahoneg/mri_data_anlys/studies/cont_actions/unpackdata/s003/bold/006/template.nii.gz...
  Run: 007 ----------------
  Wed Mar  4 13:56:01 EST 2020
/scratch/groups/lisik3/mcmahoneg/mri_data_anlys/studies/cont_actions/analysis
mri_convert /scratch/groups/lisik3/mcmahoneg/mri_data_anlys/studies/cont_actions/unpackdata/s003/bold/007/f.nii /scratch/groups/lisik3/mcmahoneg/mri_data_anlys/studies/cont_actions/unpackdata/s003/bold/007/template.nii.gz --mid-frame
mri_convert.bin /scratch/groups/lisik3/mcmahoneg/mri_data_anlys/studies/cont_actions/unpackdata/s003/bold/007/f.nii /scratch/groups/lisik3/mcmahoneg/mri_data_anlys/studies/cont_actions/unpackdata/s003/bold/007/template.nii.gz --mid-frame 
$Id: mri_convert.c,v 1.226 2016/02/26 16:15:24 mreuter Exp $
reading from /scratch/groups/lisik3/mcmahoneg/mri_data_anlys/studies/cont_actions/unpackdata/s003/bold/007/f.nii...
TR=2000.00, TE=0.00, TI=0.00, flip angle=0.00
i_ras = (-0.999852, -0.00914438, -0.0145384)
j_ras = (-0.011518, 0.984919, 0.172633)
k_ras = (-0.0127406, -0.172775, 0.984879)
keeping frame 67
writing to /scratch/groups/lisik3/mcmahoneg/mri_data_anlys/studies/cont_actions/unpackdata/s003/bold/007/template.nii.gz...
  Run: 008 ----------------
  Wed Mar  4 13:56:03 EST 2020
/scratch/groups/lisik3/mcmahoneg/mri_data_anlys/studies/cont_actions/analysis
mri_convert /scratch/groups/lisik3/mcmahoneg/mri_data_anlys/studies/cont_actions/unpackdata/s003/bold/008/f.nii /scratch/groups/lisik3/mcmahoneg/mri_data_anlys/studies/cont_actions/unpackdata/s003/bold/008/template.nii.gz --mid-frame
mri_convert.bin /scratch/groups/lisik3/mcmahoneg/mri_data_anlys/studies/cont_actions/unpackdata/s003/bold/008/f.nii /scratch/groups/lisik3/mcmahoneg/mri_data_anlys/studies/cont_actions/unpackdata/s003/bold/008/template.nii.gz --mid-frame 
$Id: mri_convert.c,v 1.226 2016/02/26 16:15:24 mreuter Exp $
reading from /scratch/groups/lisik3/mcmahoneg/mri_data_anlys/studies/cont_actions/unpackdata/s003/bold/008/f.nii...
TR=2000.00, TE=0.00, TI=0.00, flip angle=0.00
i_ras = (-0.999852, -0.00914438, -0.0145384)
j_ras = (-0.011518, 0.984919, 0.172633)
k_ras = (-0.0127406, -0.172775, 0.984879)
keeping frame 40
writing to /scratch/groups/lisik3/mcmahoneg/mri_data_anlys/studies/cont_actions/unpackdata/s003/bold/008/template.nii.gz...
  Run: 009 ----------------
  Wed Mar  4 13:56:04 EST 2020
/scratch/groups/lisik3/mcmahoneg/mri_data_anlys/studies/cont_actions/analysis
mri_convert /scratch/groups/lisik3/mcmahoneg/mri_data_anlys/studies/cont_actions/unpackdata/s003/bold/009/f.nii /scratch/groups/lisik3/mcmahoneg/mri_data_anlys/studies/cont_actions/unpackdata/s003/bold/009/template.nii.gz --mid-frame
mri_convert.bin /scratch/groups/lisik3/mcmahoneg/mri_data_anlys/studies/cont_actions/unpackdata/s003/bold/009/f.nii /scratch/groups/lisik3/mcmahoneg/mri_data_anlys/studies/cont_actions/unpackdata/s003/bold/009/template.nii.gz --mid-frame 
$Id: mri_convert.c,v 1.226 2016/02/26 16:15:24 mreuter Exp $
reading from /scratch/groups/lisik3/mcmahoneg/mri_data_anlys/studies/cont_actions/unpackdata/s003/bold/009/f.nii...
TR=2000.00, TE=0.00, TI=0.00, flip angle=0.00
i_ras = (-0.999852, -0.00914438, -0.0145384)
j_ras = (-0.011518, 0.984919, 0.172633)
k_ras = (-0.0127406, -0.172775, 0.984879)
keeping frame 59
writing to /scratch/groups/lisik3/mcmahoneg/mri_data_anlys/studies/cont_actions/unpackdata/s003/bold/009/template.nii.gz...
  Run: 010 ----------------
  Wed Mar  4 13:56:06 EST 2020
/scratch/groups/lisik3/mcmahoneg/mri_data_anlys/studies/cont_actions/analysis
mri_convert /scratch/groups/lisik3/mcmahoneg/mri_data_anlys/studies/cont_actions/unpackdata/s003/bold/010/f.nii /scratch/groups/lisik3/mcmahoneg/mri_data_anlys/studies/cont_actions/unpackdata/s003/bold/010/template.nii.gz --mid-frame
mri_convert.bin /scratch/groups/lisik3/mcmahoneg/mri_data_anlys/studies/cont_actions/unpackdata/s003/bold/010/f.nii /scratch/groups/lisik3/mcmahoneg/mri_data_anlys/studies/cont_actions/unpackdata/s003/bold/010/template.nii.gz --mid-frame 
$Id: mri_convert.c,v 1.226 2016/02/26 16:15:24 mreuter Exp $
reading from /scratch/groups/lisik3/mcmahoneg/mri_data_anlys/studies/cont_actions/unpackdata/s003/bold/010/f.nii...
TR=2000.00, TE=0.00, TI=0.00, flip angle=0.00
i_ras = (-0.999852, -0.00914438, -0.0145384)
j_ras = (-0.011518, 0.984919, 0.172633)
k_ras = (-0.0127406, -0.172775, 0.984879)
keeping frame 59
writing to /scratch/groups/lisik3/mcmahoneg/mri_data_anlys/studies/cont_actions/unpackdata/s003/bold/010/template.nii.gz...
  Run: 011 ----------------
  Wed Mar  4 13:56:08 EST 2020
/scratch/groups/lisik3/mcmahoneg/mri_data_anlys/studies/cont_actions/analysis
mri_convert /scratch/groups/lisik3/mcmahoneg/mri_data_anlys/studies/cont_actions/unpackdata/s003/bold/011/f.nii /scratch/groups/lisik3/mcmahoneg/mri_data_anlys/studies/cont_actions/unpackdata/s003/bold/011/template.nii.gz --mid-frame
mri_convert.bin /scratch/groups/lisik3/mcmahoneg/mri_data_anlys/studies/cont_actions/unpackdata/s003/bold/011/f.nii /scratch/groups/lisik3/mcmahoneg/mri_data_anlys/studies/cont_actions/unpackdata/s003/bold/011/template.nii.gz --mid-frame 
$Id: mri_convert.c,v 1.226 2016/02/26 16:15:24 mreuter Exp $
reading from /scratch/groups/lisik3/mcmahoneg/mri_data_anlys/studies/cont_actions/unpackdata/s003/bold/011/f.nii...
TR=2000.00, TE=0.00, TI=0.00, flip angle=0.00
i_ras = (-0.999852, -0.00914438, -0.0145384)
j_ras = (-0.011518, 0.984919, 0.172633)
k_ras = (-0.0127406, -0.172775, 0.984879)
keeping frame 40
writing to /scratch/groups/lisik3/mcmahoneg/mri_data_anlys/studies/cont_actions/unpackdata/s003/bold/011/template.nii.gz...
  Run: 012 ----------------
  Wed Mar  4 13:56:09 EST 2020
/scratch/groups/lisik3/mcmahoneg/mri_data_anlys/studies/cont_actions/analysis
mri_convert /scratch/groups/lisik3/mcmahoneg/mri_data_anlys/studies/cont_actions/unpackdata/s003/bold/012/f.nii /scratch/groups/lisik3/mcmahoneg/mri_data_anlys/studies/cont_actions/unpackdata/s003/bold/012/template.nii.gz --mid-frame
mri_convert.bin /scratch/groups/lisik3/mcmahoneg/mri_data_anlys/studies/cont_actions/unpackdata/s003/bold/012/f.nii /scratch/groups/lisik3/mcmahoneg/mri_data_anlys/studies/cont_actions/unpackdata/s003/bold/012/template.nii.gz --mid-frame 
$Id: mri_convert.c,v 1.226 2016/02/26 16:15:24 mreuter Exp $
reading from /scratch/groups/lisik3/mcmahoneg/mri_data_anlys/studies/cont_actions/unpackdata/s003/bold/012/f.nii...
TR=2000.00, TE=0.00, TI=0.00, flip angle=0.00
i_ras = (-0.999852, -0.00914438, -0.0145384)
j_ras = (-0.011518, 0.984919, 0.172633)
k_ras = (-0.0127406, -0.172775, 0.984879)
keeping frame 105
writing to /scratch/groups/lisik3/mcmahoneg/mri_data_anlys/studies/cont_actions/unpackdata/s003/bold/012/template.nii.gz...
  Run: 013 ----------------
  Wed Mar  4 13:56:12 EST 2020
/scratch/groups/lisik3/mcmahoneg/mri_data_anlys/studies/cont_actions/analysis
mri_convert /scratch/groups/lisik3/mcmahoneg/mri_data_anlys/studies/cont_actions/unpackdata/s003/bold/013/f.nii /scratch/groups/lisik3/mcmahoneg/mri_data_anlys/studies/cont_actions/unpackdata/s003/bold/013/template.nii.gz --mid-frame
mri_convert.bin /scratch/groups/lisik3/mcmahoneg/mri_data_anlys/studies/cont_actions/unpackdata/s003/bold/013/f.nii /scratch/groups/lisik3/mcmahoneg/mri_data_anlys/studies/cont_actions/unpackdata/s003/bold/013/template.nii.gz --mid-frame 
$Id: mri_convert.c,v 1.226 2016/02/26 16:15:24 mreuter Exp $
reading from /scratch/groups/lisik3/mcmahoneg/mri_data_anlys/studies/cont_actions/unpackdata/s003/bold/013/f.nii...
TR=2000.00, TE=0.00, TI=0.00, flip angle=0.00
i_ras = (-0.999852, -0.00914438, -0.0145384)
j_ras = (-0.011518, 0.984919, 0.172633)
k_ras = (-0.0127406, -0.172775, 0.984879)
keeping frame 59
writing to /scratch/groups/lisik3/mcmahoneg/mri_data_anlys/studies/cont_actions/unpackdata/s003/bold/013/template.nii.gz...
  Run: 014 ----------------
  Wed Mar  4 13:56:14 EST 2020
/scratch/groups/lisik3/mcmahoneg/mri_data_anlys/studies/cont_actions/analysis
mri_convert /scratch/groups/lisik3/mcmahoneg/mri_data_anlys/studies/cont_actions/unpackdata/s003/bold/014/f.nii /scratch/groups/lisik3/mcmahoneg/mri_data_anlys/studies/cont_actions/unpackdata/s003/bold/014/template.nii.gz --mid-frame
mri_convert.bin /scratch/groups/lisik3/mcmahoneg/mri_data_anlys/studies/cont_actions/unpackdata/s003/bold/014/f.nii /scratch/groups/lisik3/mcmahoneg/mri_data_anlys/studies/cont_actions/unpackdata/s003/bold/014/template.nii.gz --mid-frame 
$Id: mri_convert.c,v 1.226 2016/02/26 16:15:24 mreuter Exp $
reading from /scratch/groups/lisik3/mcmahoneg/mri_data_anlys/studies/cont_actions/unpackdata/s003/bold/014/f.nii...
TR=2000.00, TE=0.00, TI=0.00, flip angle=0.00
i_ras = (-0.999852, -0.00914438, -0.0145384)
j_ras = (-0.011518, 0.984919, 0.172633)
k_ras = (-0.0127406, -0.172775, 0.984879)
keeping frame 59
writing to /scratch/groups/lisik3/mcmahoneg/mri_data_anlys/studies/cont_actions/unpackdata/s003/bold/014/template.nii.gz...
  Run: 015 ----------------
  Wed Mar  4 13:56:15 EST 2020
/scratch/groups/lisik3/mcmahoneg/mri_data_anlys/studies/cont_actions/analysis
mri_convert /scratch/groups/lisik3/mcmahoneg/mri_data_anlys/studies/cont_actions/unpackdata/s003/bold/015/f.nii /scratch/groups/lisik3/mcmahoneg/mri_data_anlys/studies/cont_actions/unpackdata/s003/bold/015/template.nii.gz --mid-frame
mri_convert.bin /scratch/groups/lisik3/mcmahoneg/mri_data_anlys/studies/cont_actions/unpackdata/s003/bold/015/f.nii /scratch/groups/lisik3/mcmahoneg/mri_data_anlys/studies/cont_actions/unpackdata/s003/bold/015/template.nii.gz --mid-frame 
$Id: mri_convert.c,v 1.226 2016/02/26 16:15:24 mreuter Exp $
reading from /scratch/groups/lisik3/mcmahoneg/mri_data_anlys/studies/cont_actions/unpackdata/s003/bold/015/f.nii...
TR=2000.00, TE=0.00, TI=0.00, flip angle=0.00
i_ras = (-0.999852, -0.00914438, -0.0145384)
j_ras = (-0.011518, 0.984919, 0.172633)
k_ras = (-0.0127406, -0.172775, 0.984879)
keeping frame 40
writing to /scratch/groups/lisik3/mcmahoneg/mri_data_anlys/studies/cont_actions/unpackdata/s003/bold/015/template.nii.gz...
  Run: 016 ----------------
  Wed Mar  4 13:56:16 EST 2020
/scratch/groups/lisik3/mcmahoneg/mri_data_anlys/studies/cont_actions/analysis
mri_convert /scratch/groups/lisik3/mcmahoneg/mri_data_anlys/studies/cont_actions/unpackdata/s003/bold/016/f.nii /scratch/groups/lisik3/mcmahoneg/mri_data_anlys/studies/cont_actions/unpackdata/s003/bold/016/template.nii.gz --mid-frame
mri_convert.bin /scratch/groups/lisik3/mcmahoneg/mri_data_anlys/studies/cont_actions/unpackdata/s003/bold/016/f.nii /scratch/groups/lisik3/mcmahoneg/mri_data_anlys/studies/cont_actions/unpackdata/s003/bold/016/template.nii.gz --mid-frame 
$Id: mri_convert.c,v 1.226 2016/02/26 16:15:24 mreuter Exp $
reading from /scratch/groups/lisik3/mcmahoneg/mri_data_anlys/studies/cont_actions/unpackdata/s003/bold/016/f.nii...
TR=2000.00, TE=0.00, TI=0.00, flip angle=0.00
i_ras = (-0.999852, -0.00914438, -0.0145384)
j_ras = (-0.011518, 0.984919, 0.172633)
k_ras = (-0.0127406, -0.172775, 0.984879)
keeping frame 67
writing to /scratch/groups/lisik3/mcmahoneg/mri_data_anlys/studies/cont_actions/unpackdata/s003/bold/016/template.nii.gz...
  Run: 017 ----------------
  Wed Mar  4 13:56:18 EST 2020
/scratch/groups/lisik3/mcmahoneg/mri_data_anlys/studies/cont_actions/analysis
mri_convert /scratch/groups/lisik3/mcmahoneg/mri_data_anlys/studies/cont_actions/unpackdata/s003/bold/017/f.nii /scratch/groups/lisik3/mcmahoneg/mri_data_anlys/studies/cont_actions/unpackdata/s003/bold/017/template.nii.gz --mid-frame
mri_convert.bin /scratch/groups/lisik3/mcmahoneg/mri_data_anlys/studies/cont_actions/unpackdata/s003/bold/017/f.nii /scratch/groups/lisik3/mcmahoneg/mri_data_anlys/studies/cont_actions/unpackdata/s003/bold/017/template.nii.gz --mid-frame 
$Id: mri_convert.c,v 1.226 2016/02/26 16:15:24 mreuter Exp $
reading from /scratch/groups/lisik3/mcmahoneg/mri_data_anlys/studies/cont_actions/unpackdata/s003/bold/017/f.nii...
TR=2000.00, TE=0.00, TI=0.00, flip angle=0.00
i_ras = (-0.999852, -0.00914438, -0.0145384)
j_ras = (-0.011518, 0.984919, 0.172633)
k_ras = (-0.0127406, -0.172775, 0.984879)
keeping frame 40
writing to /scratch/groups/lisik3/mcmahoneg/mri_data_anlys/studies/cont_actions/unpackdata/s003/bold/017/template.nii.gz...
  Run: 018 ----------------
  Wed Mar  4 13:56:19 EST 2020
/scratch/groups/lisik3/mcmahoneg/mri_data_anlys/studies/cont_actions/analysis
mri_convert /scratch/groups/lisik3/mcmahoneg/mri_data_anlys/studies/cont_actions/unpackdata/s003/bold/018/f.nii /scratch/groups/lisik3/mcmahoneg/mri_data_anlys/studies/cont_actions/unpackdata/s003/bold/018/template.nii.gz --mid-frame
mri_convert.bin /scratch/groups/lisik3/mcmahoneg/mri_data_anlys/studies/cont_actions/unpackdata/s003/bold/018/f.nii /scratch/groups/lisik3/mcmahoneg/mri_data_anlys/studies/cont_actions/unpackdata/s003/bold/018/template.nii.gz --mid-frame 
$Id: mri_convert.c,v 1.226 2016/02/26 16:15:24 mreuter Exp $
reading from /scratch/groups/lisik3/mcmahoneg/mri_data_anlys/studies/cont_actions/unpackdata/s003/bold/018/f.nii...
TR=2000.00, TE=0.00, TI=0.00, flip angle=0.00
i_ras = (-0.999852, -0.00914438, -0.0145384)
j_ras = (-0.011518, 0.984919, 0.172633)
k_ras = (-0.0127406, -0.172775, 0.984879)
keeping frame 59
writing to /scratch/groups/lisik3/mcmahoneg/mri_data_anlys/studies/cont_actions/unpackdata/s003/bold/018/template.nii.gz...
  Run: 019 ----------------
  Wed Mar  4 13:56:21 EST 2020
/scratch/groups/lisik3/mcmahoneg/mri_data_anlys/studies/cont_actions/analysis
mri_convert /scratch/groups/lisik3/mcmahoneg/mri_data_anlys/studies/cont_actions/unpackdata/s003/bold/019/f.nii /scratch/groups/lisik3/mcmahoneg/mri_data_anlys/studies/cont_actions/unpackdata/s003/bold/019/template.nii.gz --mid-frame
mri_convert.bin /scratch/groups/lisik3/mcmahoneg/mri_data_anlys/studies/cont_actions/unpackdata/s003/bold/019/f.nii /scratch/groups/lisik3/mcmahoneg/mri_data_anlys/studies/cont_actions/unpackdata/s003/bold/019/template.nii.gz --mid-frame 
$Id: mri_convert.c,v 1.226 2016/02/26 16:15:24 mreuter Exp $
reading from /scratch/groups/lisik3/mcmahoneg/mri_data_anlys/studies/cont_actions/unpackdata/s003/bold/019/f.nii...
TR=2000.00, TE=0.00, TI=0.00, flip angle=0.00
i_ras = (-0.999852, -0.00914438, -0.0145384)
j_ras = (-0.011518, 0.984919, 0.172633)
k_ras = (-0.0127406, -0.172775, 0.984879)
keeping frame 59
writing to /scratch/groups/lisik3/mcmahoneg/mri_data_anlys/studies/cont_actions/unpackdata/s003/bold/019/template.nii.gz...
  Run: 020 ----------------
  Wed Mar  4 13:56:23 EST 2020
/scratch/groups/lisik3/mcmahoneg/mri_data_anlys/studies/cont_actions/analysis
mri_convert /scratch/groups/lisik3/mcmahoneg/mri_data_anlys/studies/cont_actions/unpackdata/s003/bold/020/f.nii /scratch/groups/lisik3/mcmahoneg/mri_data_anlys/studies/cont_actions/unpackdata/s003/bold/020/template.nii.gz --mid-frame
mri_convert.bin /scratch/groups/lisik3/mcmahoneg/mri_data_anlys/studies/cont_actions/unpackdata/s003/bold/020/f.nii /scratch/groups/lisik3/mcmahoneg/mri_data_anlys/studies/cont_actions/unpackdata/s003/bold/020/template.nii.gz --mid-frame 
$Id: mri_convert.c,v 1.226 2016/02/26 16:15:24 mreuter Exp $
reading from /scratch/groups/lisik3/mcmahoneg/mri_data_anlys/studies/cont_actions/unpackdata/s003/bold/020/f.nii...
TR=2000.00, TE=0.00, TI=0.00, flip angle=0.00
i_ras = (-0.999852, -0.00914438, -0.0145384)
j_ras = (-0.011518, 0.984919, 0.172633)
k_ras = (-0.0127406, -0.172775, 0.984879)
keeping frame 40
writing to /scratch/groups/lisik3/mcmahoneg/mri_data_anlys/studies/cont_actions/unpackdata/s003/bold/020/template.nii.gz...
  Run: 021 ----------------
  Wed Mar  4 13:56:24 EST 2020
/scratch/groups/lisik3/mcmahoneg/mri_data_anlys/studies/cont_actions/analysis
mri_convert /scratch/groups/lisik3/mcmahoneg/mri_data_anlys/studies/cont_actions/unpackdata/s003/bold/021/f.nii /scratch/groups/lisik3/mcmahoneg/mri_data_anlys/studies/cont_actions/unpackdata/s003/bold/021/template.nii.gz --mid-frame
mri_convert.bin /scratch/groups/lisik3/mcmahoneg/mri_data_anlys/studies/cont_actions/unpackdata/s003/bold/021/f.nii /scratch/groups/lisik3/mcmahoneg/mri_data_anlys/studies/cont_actions/unpackdata/s003/bold/021/template.nii.gz --mid-frame 
$Id: mri_convert.c,v 1.226 2016/02/26 16:15:24 mreuter Exp $
reading from /scratch/groups/lisik3/mcmahoneg/mri_data_anlys/studies/cont_actions/unpackdata/s003/bold/021/f.nii...
TR=2000.00, TE=0.00, TI=0.00, flip angle=0.00
i_ras = (-0.999852, -0.00914438, -0.0145384)
j_ras = (-0.011518, 0.984919, 0.172633)
k_ras = (-0.0127406, -0.172775, 0.984879)
keeping frame 105
writing to /scratch/groups/lisik3/mcmahoneg/mri_data_anlys/studies/cont_actions/unpackdata/s003/bold/021/template.nii.gz...
  Run: 022 ----------------
  Wed Mar  4 13:56:27 EST 2020
/scratch/groups/lisik3/mcmahoneg/mri_data_anlys/studies/cont_actions/analysis
mri_convert /scratch/groups/lisik3/mcmahoneg/mri_data_anlys/studies/cont_actions/unpackdata/s003/bold/022/f.nii /scratch/groups/lisik3/mcmahoneg/mri_data_anlys/studies/cont_actions/unpackdata/s003/bold/022/template.nii.gz --mid-frame
mri_convert.bin /scratch/groups/lisik3/mcmahoneg/mri_data_anlys/studies/cont_actions/unpackdata/s003/bold/022/f.nii /scratch/groups/lisik3/mcmahoneg/mri_data_anlys/studies/cont_actions/unpackdata/s003/bold/022/template.nii.gz --mid-frame 
$Id: mri_convert.c,v 1.226 2016/02/26 16:15:24 mreuter Exp $
reading from /scratch/groups/lisik3/mcmahoneg/mri_data_anlys/studies/cont_actions/unpackdata/s003/bold/022/f.nii...
TR=2000.00, TE=0.00, TI=0.00, flip angle=0.00
i_ras = (-0.999852, -0.00914438, -0.0145384)
j_ras = (-0.011518, 0.984919, 0.172633)
k_ras = (-0.0127406, -0.172775, 0.984879)
keeping frame 59
writing to /scratch/groups/lisik3/mcmahoneg/mri_data_anlys/studies/cont_actions/unpackdata/s003/bold/022/template.nii.gz...
  Run: 023 ----------------
  Wed Mar  4 13:56:29 EST 2020
/scratch/groups/lisik3/mcmahoneg/mri_data_anlys/studies/cont_actions/analysis
mri_convert /scratch/groups/lisik3/mcmahoneg/mri_data_anlys/studies/cont_actions/unpackdata/s003/bold/023/f.nii /scratch/groups/lisik3/mcmahoneg/mri_data_anlys/studies/cont_actions/unpackdata/s003/bold/023/template.nii.gz --mid-frame
mri_convert.bin /scratch/groups/lisik3/mcmahoneg/mri_data_anlys/studies/cont_actions/unpackdata/s003/bold/023/f.nii /scratch/groups/lisik3/mcmahoneg/mri_data_anlys/studies/cont_actions/unpackdata/s003/bold/023/template.nii.gz --mid-frame 
$Id: mri_convert.c,v 1.226 2016/02/26 16:15:24 mreuter Exp $
reading from /scratch/groups/lisik3/mcmahoneg/mri_data_anlys/studies/cont_actions/unpackdata/s003/bold/023/f.nii...
TR=2000.00, TE=0.00, TI=0.00, flip angle=0.00
i_ras = (-0.999852, -0.00914438, -0.0145384)
j_ras = (-0.011518, 0.984919, 0.172633)
k_ras = (-0.0127406, -0.172775, 0.984879)
keeping frame 59
writing to /scratch/groups/lisik3/mcmahoneg/mri_data_anlys/studies/cont_actions/unpackdata/s003/bold/023/template.nii.gz...
Wed Mar  4 13:56:30 EST 2020
mktemplate-sess completed 
