selxavg3-sess log file
/software/apps/freesurfer/6.0.0/fsfast/bin/selxavg3-sess
-s s002 -df sessdir -analysis amodal-surface-lh-sm5 -svres
$Id: selxavg3-sess,v 1.68 2016/05/10 03:24:18 greve Exp $
uid=3996(emcmaho7@jhu.edu) gid=1405(lisik3) groups=1405(lisik3),1502(mbonner5)
/scratch/groups/lisik3/mcmahoneg/mri_data_anlys/studies/cont_actions/analysis
Linux compute0784 3.10.0-862.9.1.el7.x86_64 #1 SMP Mon Jul 16 16:29:36 UTC 2018 x86_64 x86_64 x86_64 GNU/Linux
Wed Mar  4 16:19:23 EST 2020
preproc-sess -s s002 -d /scratch/groups/lisik3/mcmahoneg/mri_data_anlys/studies/cont_actions/unpackdata -a amodal-surface-lh-sm5 -nolog
--------------------------------------------------------------
preproc-sess logfile is /dev/null
--------------------------------------------------------------
$Id: preproc-sess,v 1.64.2.1 2016/08/02 21:19:09 greve Exp $
emcmaho7@jhu.edu
setenv FREESURFER_HOME /software/apps/freesurfer/6.0.0
setenv SUBJECTS_DIR /scratch/groups/lisik3/mcmahoneg/mri_data_anlys/subjects
Linux compute0784 3.10.0-862.9.1.el7.x86_64 #1 SMP Mon Jul 16 16:29:36 UTC 2018 x86_64 x86_64 x86_64 GNU/Linux
/scratch/groups/lisik3/mcmahoneg/mri_data_anlys/studies/cont_actions/analysis
/software/apps/freesurfer/6.0.0/fsfast/bin/preproc-sess
-s s002 -d /scratch/groups/lisik3/mcmahoneg/mri_data_anlys/studies/cont_actions/unpackdata -a amodal-surface-lh-sm5 -nolog
Wed Mar  4 16:19:24 EST 2020
instem   f 
mc   1     f fmcpr 
stc  0     fmcpr
sm   0   
mask 1   brain
s002 Template -----------------------------
mktemplate-sess -s s002 -d /scratch/groups/lisik3/mcmahoneg/mri_data_anlys/studies/cont_actions/unpackdata -fsd bold -rlf amodal.rlf -nolog -update
 
Session: /scratch/groups/lisik3/mcmahoneg/mri_data_anlys/studies/cont_actions/unpackdata/s002 ----------------
Wed Mar  4 16:19:24 EST 2020
Detected input format at nii
s002 Update not needed
  Run: 009 ----------------
  Wed Mar  4 16:19:24 EST 2020
  s002 009 Update not needed
Wed Mar  4 16:19:24 EST 2020
mktemplate-sess completed 
s002 Registration -----------------------------
register-sess -s s002 -d /scratch/groups/lisik3/mcmahoneg/mri_data_anlys/studies/cont_actions/unpackdata -fsd bold -delete-dat -dof 6 -bold -rlf amodal.rlf -per-run -nolog -update -init-coreg
--------------------------------------------------------------
register-sess logfile is /dev/null
--------------------------------------------------------------
Wed Mar  4 16:19:24 EST 2020

setenv SUBJECTS_DIR /scratch/groups/lisik3/mcmahoneg/mri_data_anlys/subjects
cd /scratch/groups/lisik3/mcmahoneg/mri_data_anlys/studies/cont_actions/analysis
/software/apps/freesurfer/6.0.0/fsfast/bin/register-sess -s s002 -d /scratch/groups/lisik3/mcmahoneg/mri_data_anlys/studies/cont_actions/unpackdata -fsd bold -delete-dat -dof 6 -bold -rlf amodal.rlf -per-run -nolog -update -init-coreg

freesurfer-Linux-centos6_x86_64-stable-pub-v6.0.0-2beb96c
Linux compute0784 3.10.0-862.9.1.el7.x86_64 #1 SMP Mon Jul 16 16:29:36 UTC 2018 x86_64 x86_64 x86_64 GNU/Linux
 
Session: /scratch/groups/lisik3/mcmahoneg/mri_data_anlys/studies/cont_actions/unpackdata/s002 ----------------
Wed Mar  4 16:19:24 EST 2020
/scratch/groups/lisik3/mcmahoneg/mri_data_anlys/studies/cont_actions/unpackdata/s002
  Run: 009 ----------------
Wed Mar  4 16:19:24 EST 2020
Update not needed
Wed Mar  4 16:19:24 EST 2020
register-sess completed 
s002 Mask ------------------------
mkbrainmask-sess -maskstem brain -fsd bold -s s002 -d /scratch/groups/lisik3/mcmahoneg/mri_data_anlys/studies/cont_actions/unpackdata -per-run -rlf amodal.rlf -nolog -update
------------------------------------------------
/scratch/groups/lisik3/mcmahoneg/mri_data_anlys/studies/cont_actions/unpackdata/s002 
Wed Mar  4 16:19:24 EST 2020
s002 Update not needed for session-level mask
s002 Update not needed for run 009 mask
s002 Update not needed for run 009 meanval
Wed Mar  4 16:19:24 EST 2020
mkbrainmask-sess done
s002 MC -----------------------------
mc-sess -fstem f -fmcstem fmcpr -s s002 -d /scratch/groups/lisik3/mcmahoneg/mri_data_anlys/studies/cont_actions/unpackdata -fsd bold -rlf amodal.rlf -per-run -nolog -update
Logfile is /dev/null
-------------------------------------------
/scratch/groups/lisik3/mcmahoneg/mri_data_anlys/studies/cont_actions/unpackdata/s002 
RunList: 009
s002 009 Update not needed


Wed Mar  4 16:19:24 EST 2020
mc-sess completed SUCCESSFULLY
s002 To Surface -----------------------------
rawfunc2surf-sess -fwhm 5 -s s002 -d /scratch/groups/lisik3/mcmahoneg/mri_data_anlys/studies/cont_actions/unpackdata -fsd bold -hemi lh -self -rlf amodal.rlf -nolog -update -per-run
instem fmcpr
outstem fmcpr.sm5.self.hemi
------------------------------ 
1/1 s002
  1/1 s002 009 lh ---------
    Wed Mar  4 16:19:24 EST 2020
/scratch/groups/lisik3/mcmahoneg/mri_data_anlys/studies/cont_actions/unpackdata/s002/bold/009/masks/brain.self.lh.pr.nii.gz does not need updating
/scratch/groups/lisik3/mcmahoneg/mri_data_anlys/studies/cont_actions/unpackdata/s002/bold/masks/brain.self.lh.pr.nii.gz does not need updating
  1/1 s002 009 lh ---------
    Wed Mar  4 16:19:24 EST 2020
    s002 009 Update not needed

Wed Mar  4 16:19:24 EST 2020
rawfunc2surf-sess completed 
----------------------------------------
Started at Wed Mar 4 16:19:24 EST 2020
Ended   at Wed Mar  4 16:19:24 EST 2020
preproc-sess done
-------------------------------------------
1/1 /scratch/groups/lisik3/mcmahoneg/mri_data_anlys/studies/cont_actions/unpackdata/s002 
Wed Mar  4 16:19:25 EST 2020
anadir = /scratch/groups/lisik3/mcmahoneg/mri_data_anlys/studies/cont_actions/unpackdata/s002/bold/amodal-surface-lh-sm5
    s002 Update needed
MLF is /tmp/selxavg3-sess-62285.m
------------------------------------------
% Wed Mar  4 16:19:24 EST 2020  
% /scratch/groups/lisik3/mcmahoneg/mri_data_anlys/studies/cont_actions/analysis  
%  amodal-surface-lh-sm5  
which fast_selxavg3
which fast_ldanaflac
which MRIread
  
  
fast_selxavg3b('/scratch/groups/lisik3/mcmahoneg/mri_data_anlys/studies/cont_actions/unpackdata/s002/bold/amodal-surface-lh-sm5/sxa3.config.txt')
if(~fast_fileexists('/tmp/selxavg3-sess-62285.ok')); quit; end
%--------------------------------
  
  
quit;
------------------------------------------
------------------------------------------
------- matlab output --------------------
MATLAB is selecting SOFTWARE OPENGL rendering.

                            < M A T L A B (R) >
                  Copyright 1984-2019 The MathWorks, Inc.
                  R2019a (9.6.0.1072779) 64-bit (glnxa64)
                               March 8, 2019

 
To get started, type doc.
For product information, visit www.mathworks.com.
 
>> >> >> >> /software/apps/freesurfer/6.0.0/fsfast/toolbox/fast_selxavg3.m
>> /software/apps/freesurfer/6.0.0/fsfast/toolbox/fast_ldanaflac.m
>> /software/apps/freesurfer/6.0.0/matlab/MRIread.m
>> >> >> starting fast_selxavg3b


#@# s002 ###############################
/scratch/groups/lisik3/mcmahoneg/mri_data_anlys/studies/cont_actions/unpackdata/s002
-------------------------
$Id: fast_selxavg3b.m,v 1.4 2016/05/04 22:16:47 greve Exp $
-------------------------
outtop = /scratch/groups/lisik3/mcmahoneg/mri_data_anlys/studies/cont_actions/unpackdata
Extension format = nii.gz
INFO: key nSliceGroups unrecognized, line 12, skipping
 1 fixation.mat
 2 interaction.mat
Excluding 2 points
nruns = 1
autostimdur = 


outanadir = /scratch/groups/lisik3/mcmahoneg/mri_data_anlys/studies/cont_actions/unpackdata/s002/bold/amodal-surface-lh-sm5
Excluding 2 points
parfiles condition id list:  1  2 
Found 135564/143568 (94.4) voxels in mask 1
Creating Design Matrix
 ... creation time =  0.003 sec
DoMCFit = 1
ntptot = 80, nX = 9, DOF = 71
Saving X matrix to /scratch/groups/lisik3/mcmahoneg/mri_data_anlys/studies/cont_actions/unpackdata/s002/bold/amodal-surface-lh-sm5/Xtmp.mat
XCond = 87.548 (normalized)
Computing compensation for resdual AR1 bias
 1  -0.5  -0.494404    (t=0.010387)
 2  -0.25  -0.274919    (t=0.011396)
 3  0  -0.0670127    (t=0.012891)
 4  0.25  0.1228    (t=0.013538)
 5  0.5  0.277247    (t=0.017708)
AR1 Correction M: 0.111903 1.28245
Computing contrast matrices
OLS Beta Pass 
  run 1    t= 0.0
reading data ... 0.660521
    Global Mean 121618.00
Global In-Mask Mean = 121618 (115914)
Rescale Target = 100
RescaleFactor = 0.000822247
OLS Residual Pass 
  run 1    t= 0.0
reading data ... 0.633277
Saving rho1
Smoothing ACF
/software/apps/freesurfer/6.0.0/bin/mris_fwhm --mask /scratch/groups/lisik3/mcmahoneg/mri_data_anlys/studies/cont_actions/unpackdata/s002/bold/amodal-surface-lh-sm5/mask.nii.gz --i /scratch/groups/lisik3/mcmahoneg/mri_data_anlys/studies/cont_actions/unpackdata/s002/bold/amodal-surface-lh-sm5/rho1mn.nii.gz --o /scratch/groups/lisik3/mcmahoneg/mri_data_anlys/studies/cont_actions/unpackdata/s002/bold/amodal-surface-lh-sm5/rho1mn.sm.nii.gz --fwhm 20.000000 --smooth-only --s s002 --hemi lh --sd /scratch/groups/lisik3/mcmahoneg/mri_data_anlys/subjects
s002 lh white
Number of vertices 143568
Number of faces    287132
Total area         98667.226562
GroupSurface 0
AvgVtxArea       0.687251
AvgVtxDist       0.906255
StdVtxDist       0.253760
Loading mask /scratch/groups/lisik3/mcmahoneg/mri_data_anlys/studies/cont_actions/unpackdata/s002/bold/amodal-surface-lh-sm5/mask.nii.gz
Found 135564 voxels in mask
Not Polynomial detrending
Smoothing input by fwhm=20.000000, gstd=8.493218, niters=215 
Only smoothing, so saving and exiting now

Found 0 voxels with corrected AR1 > 0.90
Whitening
Computing whitening matrices
Alloc Sinv: 80 80 30 ...  done t = 0.002648 sec
  seg   1   4519  nrho1 = 0.080
  seg   2   4519  nrho1 = 0.140
  seg   3   4519  nrho1 = 0.180
  seg   4   4519  nrho1 = 0.206
  seg   5   4519  nrho1 = 0.231
  seg   6   4519  nrho1 = 0.255
  seg   7   4519  nrho1 = 0.276
  seg   8   4519  nrho1 = 0.292
  seg   9   4519  nrho1 = 0.304
  seg  10   4519  nrho1 = 0.315
  seg  11   4519  nrho1 = 0.327
  seg  12   4519  nrho1 = 0.338
  seg  13   4519  nrho1 = 0.348
  seg  14   4519  nrho1 = 0.357
  seg  15   4519  nrho1 = 0.366
  seg  16   4519  nrho1 = 0.376
  seg  17   4519  nrho1 = 0.386
  seg  18   4519  nrho1 = 0.397
  seg  19   4519  nrho1 = 0.408
  seg  20   4519  nrho1 = 0.420
  seg  21   4519  nrho1 = 0.432
  seg  22   4518  nrho1 = 0.445
  seg  23   4520  nrho1 = 0.458
  seg  24   4519  nrho1 = 0.472
  seg  25   4519  nrho1 = 0.486
  seg  26   4519  nrho1 = 0.500
  seg  27   4519  nrho1 = 0.517
  seg  28   4519  nrho1 = 0.540
  seg  29   4519  nrho1 = 0.571
  seg  30   4513  nrho1 = 0.652
GLS Beta Pass 
  run 1    t= 0.0
GLS Residual Pass 
  run 1    t= 0.0
Found 8004 zero-valued voxels
Computing contrasts
Starting contrasts
fixation J=1 -------------
Saving efficiency 5.72856
Testing Motion Correction Parameters
  1.01   0.03  -0.62   0.38  -0.57  -0.13   0.94   0.77   2.68  -0.94  -0.93   0.29   0.09  -0.25   0.94   0.77  -0.94  -0.77 
interaction J=1 -------------
Saving efficiency 12.0791
Testing Motion Correction Parameters
  0.40   0.07  -0.22  -0.07  -1.58   0.01  -0.66  -0.59  -1.35  -0.34  -0.35  -0.08  -0.40   0.04  -0.66  -0.59   0.66   0.59 
Saving h.dat to /scratch/groups/lisik3/mcmahoneg/mri_data_anlys/studies/cont_actions/unpackdata/s002/bold/amodal-surface-lh-sm5/h.dat
cputime-min 0.069167
fast_selxavg3 done for /scratch/groups/lisik3/mcmahoneg/mri_data_anlys/studies/cont_actions/unpackdata/s002

ans =

     0

>> >> >> >> >> ------------------------------------------
Started at Wed Mar 4 16:19:23 EST 2020
Ended   at Wed Mar  4 16:19:51 EST 2020
 
selxavg3-sess completed
 
