selxavg3-sess log file
/software/apps/freesurfer/6.0.0/fsfast/bin/selxavg3-sess
-s s004 -df sessdir -analysis biomotion-surface-rh-sm5 -svres
$Id: selxavg3-sess,v 1.68 2016/05/10 03:24:18 greve Exp $
uid=3996(emcmaho7@jhu.edu) gid=1405(lisik3) groups=1405(lisik3),1502(mbonner5)
/scratch/groups/lisik3/mcmahoneg/mri_data_anlys/studies/cont_actions/analysis
Linux compute0102 3.10.0-862.9.1.el7.x86_64 #1 SMP Mon Jul 16 16:29:36 UTC 2018 x86_64 x86_64 x86_64 GNU/Linux
Thu Mar  5 17:20:44 EST 2020
preproc-sess -s s004 -d /scratch/groups/lisik3/mcmahoneg/mri_data_anlys/studies/cont_actions/unpackdata -a biomotion-surface-rh-sm5 -nolog
--------------------------------------------------------------
preproc-sess logfile is /dev/null
--------------------------------------------------------------
$Id: preproc-sess,v 1.64.2.1 2016/08/02 21:19:09 greve Exp $
emcmaho7@jhu.edu
setenv FREESURFER_HOME /software/apps/freesurfer/6.0.0
setenv SUBJECTS_DIR /scratch/groups/lisik3/mcmahoneg/mri_data_anlys/subjects
Linux compute0102 3.10.0-862.9.1.el7.x86_64 #1 SMP Mon Jul 16 16:29:36 UTC 2018 x86_64 x86_64 x86_64 GNU/Linux
/scratch/groups/lisik3/mcmahoneg/mri_data_anlys/studies/cont_actions/analysis
/software/apps/freesurfer/6.0.0/fsfast/bin/preproc-sess
-s s004 -d /scratch/groups/lisik3/mcmahoneg/mri_data_anlys/studies/cont_actions/unpackdata -a biomotion-surface-rh-sm5 -nolog
Thu Mar  5 17:20:45 EST 2020
instem   f 
mc   1     f fmcpr 
stc  0     fmcpr
sm   0   
mask 1   brain
s004 Template -----------------------------
mktemplate-sess -s s004 -d /scratch/groups/lisik3/mcmahoneg/mri_data_anlys/studies/cont_actions/unpackdata -fsd bold -rlf biomotion.rlf -nolog -update
 
Session: /scratch/groups/lisik3/mcmahoneg/mri_data_anlys/studies/cont_actions/unpackdata/s004 ----------------
Thu Mar  5 17:20:45 EST 2020
Detected input format at nii
s004 Update not needed
  Run: 011 ----------------
  Thu Mar  5 17:20:45 EST 2020
  s004 011 Update not needed
  Run: 022 ----------------
  Thu Mar  5 17:20:45 EST 2020
  s004 022 Update not needed
Thu Mar  5 17:20:45 EST 2020
mktemplate-sess completed 
s004 Registration -----------------------------
register-sess -s s004 -d /scratch/groups/lisik3/mcmahoneg/mri_data_anlys/studies/cont_actions/unpackdata -fsd bold -delete-dat -dof 6 -bold -rlf biomotion.rlf -per-run -nolog -update -init-coreg
--------------------------------------------------------------
register-sess logfile is /dev/null
--------------------------------------------------------------
Thu Mar  5 17:20:45 EST 2020

setenv SUBJECTS_DIR /scratch/groups/lisik3/mcmahoneg/mri_data_anlys/subjects
cd /scratch/groups/lisik3/mcmahoneg/mri_data_anlys/studies/cont_actions/analysis
/software/apps/freesurfer/6.0.0/fsfast/bin/register-sess -s s004 -d /scratch/groups/lisik3/mcmahoneg/mri_data_anlys/studies/cont_actions/unpackdata -fsd bold -delete-dat -dof 6 -bold -rlf biomotion.rlf -per-run -nolog -update -init-coreg

freesurfer-Linux-centos6_x86_64-stable-pub-v6.0.0-2beb96c
Linux compute0102 3.10.0-862.9.1.el7.x86_64 #1 SMP Mon Jul 16 16:29:36 UTC 2018 x86_64 x86_64 x86_64 GNU/Linux
 
Session: /scratch/groups/lisik3/mcmahoneg/mri_data_anlys/studies/cont_actions/unpackdata/s004 ----------------
Thu Mar  5 17:20:45 EST 2020
/scratch/groups/lisik3/mcmahoneg/mri_data_anlys/studies/cont_actions/unpackdata/s004
  Run: 011 ----------------
Thu Mar  5 17:20:45 EST 2020
Update not needed
  Run: 022 ----------------
Thu Mar  5 17:20:45 EST 2020
Update not needed
Thu Mar  5 17:20:45 EST 2020
register-sess completed 
s004 Mask ------------------------
mkbrainmask-sess -maskstem brain -fsd bold -s s004 -d /scratch/groups/lisik3/mcmahoneg/mri_data_anlys/studies/cont_actions/unpackdata -per-run -rlf biomotion.rlf -nolog -update
------------------------------------------------
/scratch/groups/lisik3/mcmahoneg/mri_data_anlys/studies/cont_actions/unpackdata/s004 
Thu Mar  5 17:20:45 EST 2020
s004 Update not needed for session-level mask
s004 Update not needed for run 011 mask
s004 Update not needed for run 022 mask
s004 Update not needed for run 011 meanval
s004 Update not needed for run 022 meanval
Thu Mar  5 17:20:46 EST 2020
mkbrainmask-sess done
s004 MC -----------------------------
mc-sess -fstem f -fmcstem fmcpr -s s004 -d /scratch/groups/lisik3/mcmahoneg/mri_data_anlys/studies/cont_actions/unpackdata -fsd bold -rlf biomotion.rlf -per-run -nolog -update
Logfile is /dev/null
-------------------------------------------
/scratch/groups/lisik3/mcmahoneg/mri_data_anlys/studies/cont_actions/unpackdata/s004 
RunList: 011 022
s004 011 Update not needed
s004 022 Update not needed


Thu Mar  5 17:20:46 EST 2020
mc-sess completed SUCCESSFULLY
s004 To Surface -----------------------------
rawfunc2surf-sess -fwhm 5 -s s004 -d /scratch/groups/lisik3/mcmahoneg/mri_data_anlys/studies/cont_actions/unpackdata -fsd bold -hemi rh -self -rlf biomotion.rlf -nolog -update -per-run
instem fmcpr
outstem fmcpr.sm5.self.hemi
------------------------------ 
1/1 s004
  1/1 s004 011 rh ---------
    Thu Mar  5 17:20:46 EST 2020
mri_vol2surf --mov /scratch/groups/lisik3/mcmahoneg/mri_data_anlys/studies/cont_actions/unpackdata/s004/bold/011/masks/brain.nii.gz --reg /scratch/groups/lisik3/mcmahoneg/mri_data_anlys/studies/cont_actions/unpackdata/s004/bold/011/register.dof6.lta --trgsubject s004 --interp nearest --projfrac 0.5 --hemi rh --o /scratch/groups/lisik3/mcmahoneg/mri_data_anlys/studies/cont_actions/unpackdata/s004/bold/011/masks/brain.self.rh.pr.nii.gz --noreshape --cortex
srcvol = /scratch/groups/lisik3/mcmahoneg/mri_data_anlys/studies/cont_actions/unpackdata/s004/bold/011/masks/brain.nii.gz
srcreg = /scratch/groups/lisik3/mcmahoneg/mri_data_anlys/studies/cont_actions/unpackdata/s004/bold/011/register.dof6.lta
srcregold = 0
srcwarp unspecified
surf = white
hemi = rh
trgsubject = s004
surfreg = sphere.reg
ProjFrac = 0.5
thickness = thickness
reshape = 0
interp = nearest
float2int = round
GetProjMax = 0
INFO: float2int code = 0
INFO: changing type to float
Done loading volume
Input reg is LTA
-------- original matrix -----------
 0.99951  -0.03104   0.00282   2.22426;
-0.00086   0.06298   0.99801  -9.33056;
-0.03116  -0.99753   0.06292  -2.95218;
 0.00000   0.00000   0.00000   1.00000;
-------- original matrix -----------
Loading label /scratch/groups/lisik3/mcmahoneg/mri_data_anlys/subjects/s004/label/rh.cortex.label
Reading surface /scratch/groups/lisik3/mcmahoneg/mri_data_anlys/subjects/s004/surf/rh.white
Done reading source surface
Reading thickness /scratch/groups/lisik3/mcmahoneg/mri_data_anlys/subjects/s004/surf/rh.thickness
Done
Mapping Source Volume onto Source Subject Surface
 1 0.5 0.5 0.5
using old
Done mapping volume to surface
Number of source voxels hit = 12913
Masking with /scratch/groups/lisik3/mcmahoneg/mri_data_anlys/subjects/s004/label/rh.cortex.label
Writing to /scratch/groups/lisik3/mcmahoneg/mri_data_anlys/studies/cont_actions/unpackdata/s004/bold/011/masks/brain.self.rh.pr.nii.gz
Dim: 126538 1 1
mri_binarize --i /scratch/groups/lisik3/mcmahoneg/mri_data_anlys/studies/cont_actions/unpackdata/s004/bold/011/masks/brain.self.rh.pr.nii.gz --min .00001 --o /scratch/groups/lisik3/mcmahoneg/mri_data_anlys/studies/cont_actions/unpackdata/s004/bold/011/masks/brain.self.rh.pr.nii.gz

$Id: mri_binarize.c,v 1.43 2016/06/09 20:46:21 greve Exp $
cwd /scratch/groups/lisik3/mcmahoneg/mri_data_anlys/studies/cont_actions/analysis
cmdline mri_binarize.bin --i /scratch/groups/lisik3/mcmahoneg/mri_data_anlys/studies/cont_actions/unpackdata/s004/bold/011/masks/brain.self.rh.pr.nii.gz --min .00001 --o /scratch/groups/lisik3/mcmahoneg/mri_data_anlys/studies/cont_actions/unpackdata/s004/bold/011/masks/brain.self.rh.pr.nii.gz 
sysname  Linux
hostname compute0102
machine  x86_64
user     emcmaho7@jhu.edu

input      /scratch/groups/lisik3/mcmahoneg/mri_data_anlys/studies/cont_actions/unpackdata/s004/bold/011/masks/brain.self.rh.pr.nii.gz
frame      0
nErode3d   0
nErode2d   0
output     /scratch/groups/lisik3/mcmahoneg/mri_data_anlys/studies/cont_actions/unpackdata/s004/bold/011/masks/brain.self.rh.pr.nii.gz
Binarizing based on threshold
min        1e-05
max        +infinity
binval        1
binvalnot     0
fstart = 0, fend = 0, nframes = 1
Found 118845 values in range
Counting number of voxels in first frame
Found 118845 voxels in final mask
Count: 118845 118845.000000 126538 93.920403
mri_binarize done
  1/1 s004 022 rh ---------
    Thu Mar  5 17:20:48 EST 2020
mri_vol2surf --mov /scratch/groups/lisik3/mcmahoneg/mri_data_anlys/studies/cont_actions/unpackdata/s004/bold/022/masks/brain.nii.gz --reg /scratch/groups/lisik3/mcmahoneg/mri_data_anlys/studies/cont_actions/unpackdata/s004/bold/022/register.dof6.lta --trgsubject s004 --interp nearest --projfrac 0.5 --hemi rh --o /scratch/groups/lisik3/mcmahoneg/mri_data_anlys/studies/cont_actions/unpackdata/s004/bold/022/masks/brain.self.rh.pr.nii.gz --noreshape --cortex
srcvol = /scratch/groups/lisik3/mcmahoneg/mri_data_anlys/studies/cont_actions/unpackdata/s004/bold/022/masks/brain.nii.gz
srcreg = /scratch/groups/lisik3/mcmahoneg/mri_data_anlys/studies/cont_actions/unpackdata/s004/bold/022/register.dof6.lta
srcregold = 0
srcwarp unspecified
surf = white
hemi = rh
trgsubject = s004
surfreg = sphere.reg
ProjFrac = 0.5
thickness = thickness
reshape = 0
interp = nearest
float2int = round
GetProjMax = 0
INFO: float2int code = 0
INFO: changing type to float
Done loading volume
Input reg is LTA
-------- original matrix -----------
 0.99642  -0.08434  -0.00543   1.17245;
 0.01606   0.12585   0.99192  -11.24874;
-0.08297  -0.98846   0.12675  -4.38525;
 0.00000   0.00000   0.00000   1.00000;
-------- original matrix -----------
Loading label /scratch/groups/lisik3/mcmahoneg/mri_data_anlys/subjects/s004/label/rh.cortex.label
Reading surface /scratch/groups/lisik3/mcmahoneg/mri_data_anlys/subjects/s004/surf/rh.white
Done reading source surface
Reading thickness /scratch/groups/lisik3/mcmahoneg/mri_data_anlys/subjects/s004/surf/rh.thickness
Done
Mapping Source Volume onto Source Subject Surface
 1 0.5 0.5 0.5
using old
Done mapping volume to surface
Number of source voxels hit = 12923
Masking with /scratch/groups/lisik3/mcmahoneg/mri_data_anlys/subjects/s004/label/rh.cortex.label
Writing to /scratch/groups/lisik3/mcmahoneg/mri_data_anlys/studies/cont_actions/unpackdata/s004/bold/022/masks/brain.self.rh.pr.nii.gz
Dim: 126538 1 1
mri_binarize --i /scratch/groups/lisik3/mcmahoneg/mri_data_anlys/studies/cont_actions/unpackdata/s004/bold/022/masks/brain.self.rh.pr.nii.gz --min .00001 --o /scratch/groups/lisik3/mcmahoneg/mri_data_anlys/studies/cont_actions/unpackdata/s004/bold/022/masks/brain.self.rh.pr.nii.gz

$Id: mri_binarize.c,v 1.43 2016/06/09 20:46:21 greve Exp $
cwd /scratch/groups/lisik3/mcmahoneg/mri_data_anlys/studies/cont_actions/analysis
cmdline mri_binarize.bin --i /scratch/groups/lisik3/mcmahoneg/mri_data_anlys/studies/cont_actions/unpackdata/s004/bold/022/masks/brain.self.rh.pr.nii.gz --min .00001 --o /scratch/groups/lisik3/mcmahoneg/mri_data_anlys/studies/cont_actions/unpackdata/s004/bold/022/masks/brain.self.rh.pr.nii.gz 
sysname  Linux
hostname compute0102
machine  x86_64
user     emcmaho7@jhu.edu

input      /scratch/groups/lisik3/mcmahoneg/mri_data_anlys/studies/cont_actions/unpackdata/s004/bold/022/masks/brain.self.rh.pr.nii.gz
frame      0
nErode3d   0
nErode2d   0
output     /scratch/groups/lisik3/mcmahoneg/mri_data_anlys/studies/cont_actions/unpackdata/s004/bold/022/masks/brain.self.rh.pr.nii.gz
Binarizing based on threshold
min        1e-05
max        +infinity
binval        1
binvalnot     0
fstart = 0, fend = 0, nframes = 1
Found 118877 values in range
Counting number of voxels in first frame
Found 118877 voxels in final mask
Count: 118877 118877.000000 126538 93.945692
mri_binarize done
mri_concat --o /scratch/groups/lisik3/mcmahoneg/mri_data_anlys/studies/cont_actions/unpackdata/s004/bold/masks/brain.self.rh.pr.nii.gz --mean /scratch/groups/lisik3/mcmahoneg/mri_data_anlys/studies/cont_actions/unpackdata/s004/bold/011/masks/brain.self.rh.pr.nii.gz /scratch/groups/lisik3/mcmahoneg/mri_data_anlys/studies/cont_actions/unpackdata/s004/bold/022/masks/brain.self.rh.pr.nii.gz
ninputs = 2
Checking inputs
nframestot = 2
Allocing output
Done allocing
nframes = 2
Computing mean across frames
Writing to /scratch/groups/lisik3/mcmahoneg/mri_data_anlys/studies/cont_actions/unpackdata/s004/bold/masks/brain.self.rh.pr.nii.gz
mri_binarize --i /scratch/groups/lisik3/mcmahoneg/mri_data_anlys/studies/cont_actions/unpackdata/s004/bold/masks/brain.self.rh.pr.nii.gz --min 10e-10 --o /scratch/groups/lisik3/mcmahoneg/mri_data_anlys/studies/cont_actions/unpackdata/s004/bold/masks/brain.self.rh.pr.nii.gz

$Id: mri_binarize.c,v 1.43 2016/06/09 20:46:21 greve Exp $
cwd /scratch/groups/lisik3/mcmahoneg/mri_data_anlys/studies/cont_actions/analysis
cmdline mri_binarize.bin --i /scratch/groups/lisik3/mcmahoneg/mri_data_anlys/studies/cont_actions/unpackdata/s004/bold/masks/brain.self.rh.pr.nii.gz --min 10e-10 --o /scratch/groups/lisik3/mcmahoneg/mri_data_anlys/studies/cont_actions/unpackdata/s004/bold/masks/brain.self.rh.pr.nii.gz 
sysname  Linux
hostname compute0102
machine  x86_64
user     emcmaho7@jhu.edu

input      /scratch/groups/lisik3/mcmahoneg/mri_data_anlys/studies/cont_actions/unpackdata/s004/bold/masks/brain.self.rh.pr.nii.gz
frame      0
nErode3d   0
nErode2d   0
output     /scratch/groups/lisik3/mcmahoneg/mri_data_anlys/studies/cont_actions/unpackdata/s004/bold/masks/brain.self.rh.pr.nii.gz
Binarizing based on threshold
min        1e-09
max        +infinity
binval        1
binvalnot     0
fstart = 0, fend = 0, nframes = 1
Found 118877 values in range
Counting number of voxels in first frame
Found 118877 voxels in final mask
Count: 118877 118877.000000 126538 93.945692
mri_binarize done
  1/1 s004 011 rh ---------
    Thu Mar  5 17:20:50 EST 2020
mri_vol2surf --mov /scratch/groups/lisik3/mcmahoneg/mri_data_anlys/studies/cont_actions/unpackdata/s004/bold/011/fmcpr.nii.gz --reg /scratch/groups/lisik3/mcmahoneg/mri_data_anlys/studies/cont_actions/unpackdata/s004/bold/011/register.dof6.lta --trgsubject s004 --interp trilin --projfrac 0.5 --hemi rh --o /scratch/groups/lisik3/mcmahoneg/mri_data_anlys/studies/cont_actions/unpackdata/s004/bold/011/fmcpr.sm5.self.rh.nii.gz --noreshape --cortex
srcvol = /scratch/groups/lisik3/mcmahoneg/mri_data_anlys/studies/cont_actions/unpackdata/s004/bold/011/fmcpr.nii.gz
srcreg = /scratch/groups/lisik3/mcmahoneg/mri_data_anlys/studies/cont_actions/unpackdata/s004/bold/011/register.dof6.lta
srcregold = 0
srcwarp unspecified
surf = white
hemi = rh
trgsubject = s004
surfreg = sphere.reg
ProjFrac = 0.5
thickness = thickness
reshape = 0
interp = trilin
float2int = round
GetProjMax = 0
INFO: float2int code = 0
Done loading volume
Input reg is LTA
-------- original matrix -----------
 0.99951  -0.03104   0.00282   2.22426;
-0.00086   0.06298   0.99801  -9.33056;
-0.03116  -0.99753   0.06292  -2.95218;
 0.00000   0.00000   0.00000   1.00000;
-------- original matrix -----------
Loading label /scratch/groups/lisik3/mcmahoneg/mri_data_anlys/subjects/s004/label/rh.cortex.label
Reading surface /scratch/groups/lisik3/mcmahoneg/mri_data_anlys/subjects/s004/surf/rh.white
Done reading source surface
Reading thickness /scratch/groups/lisik3/mcmahoneg/mri_data_anlys/subjects/s004/surf/rh.thickness
Done
Mapping Source Volume onto Source Subject Surface
 1 0.5 0.5 0.5
using old
Done mapping volume to surface
Number of source voxels hit = 12913
Masking with /scratch/groups/lisik3/mcmahoneg/mri_data_anlys/subjects/s004/label/rh.cortex.label
Writing to /scratch/groups/lisik3/mcmahoneg/mri_data_anlys/studies/cont_actions/unpackdata/s004/bold/011/fmcpr.sm5.self.rh.nii.gz
Dim: 126538 1 1
mris_fwhm --s s004 --hemi rh --smooth-only --i /scratch/groups/lisik3/mcmahoneg/mri_data_anlys/studies/cont_actions/unpackdata/s004/bold/011/fmcpr.sm5.self.rh.nii.gz --fwhm 5 --o /scratch/groups/lisik3/mcmahoneg/mri_data_anlys/studies/cont_actions/unpackdata/s004/bold/011/fmcpr.sm5.self.rh.nii.gz --mask /scratch/groups/lisik3/mcmahoneg/mri_data_anlys/studies/cont_actions/unpackdata/s004/bold/011/masks/brain.self.rh.nii.gz --no-detrend
s004 rh white
Number of vertices 126538
Number of faces    253072
Total area         86239.507812
GroupSurface 0
AvgVtxArea       0.681531
AvgVtxDist       0.903071
StdVtxDist       0.257383
Loading mask /scratch/groups/lisik3/mcmahoneg/mri_data_anlys/studies/cont_actions/unpackdata/s004/bold/011/masks/brain.self.rh.nii.gz
Found 118877 voxels in mask
Not Polynomial detrending
Smoothing input by fwhm=5.000000, gstd=2.123305, niters=14 
Only smoothing, so saving and exiting now
  1/1 s004 022 rh ---------
    Thu Mar  5 17:21:43 EST 2020
mri_vol2surf --mov /scratch/groups/lisik3/mcmahoneg/mri_data_anlys/studies/cont_actions/unpackdata/s004/bold/022/fmcpr.nii.gz --reg /scratch/groups/lisik3/mcmahoneg/mri_data_anlys/studies/cont_actions/unpackdata/s004/bold/022/register.dof6.lta --trgsubject s004 --interp trilin --projfrac 0.5 --hemi rh --o /scratch/groups/lisik3/mcmahoneg/mri_data_anlys/studies/cont_actions/unpackdata/s004/bold/022/fmcpr.sm5.self.rh.nii.gz --noreshape --cortex
srcvol = /scratch/groups/lisik3/mcmahoneg/mri_data_anlys/studies/cont_actions/unpackdata/s004/bold/022/fmcpr.nii.gz
srcreg = /scratch/groups/lisik3/mcmahoneg/mri_data_anlys/studies/cont_actions/unpackdata/s004/bold/022/register.dof6.lta
srcregold = 0
srcwarp unspecified
surf = white
hemi = rh
trgsubject = s004
surfreg = sphere.reg
ProjFrac = 0.5
thickness = thickness
reshape = 0
interp = trilin
float2int = round
GetProjMax = 0
INFO: float2int code = 0
Done loading volume
Input reg is LTA
-------- original matrix -----------
 0.99642  -0.08434  -0.00543   1.17245;
 0.01606   0.12585   0.99192  -11.24874;
-0.08297  -0.98846   0.12675  -4.38525;
 0.00000   0.00000   0.00000   1.00000;
-------- original matrix -----------
Loading label /scratch/groups/lisik3/mcmahoneg/mri_data_anlys/subjects/s004/label/rh.cortex.label
Reading surface /scratch/groups/lisik3/mcmahoneg/mri_data_anlys/subjects/s004/surf/rh.white
Done reading source surface
Reading thickness /scratch/groups/lisik3/mcmahoneg/mri_data_anlys/subjects/s004/surf/rh.thickness
Done
Mapping Source Volume onto Source Subject Surface
 1 0.5 0.5 0.5
using old
Done mapping volume to surface
Number of source voxels hit = 12923
Masking with /scratch/groups/lisik3/mcmahoneg/mri_data_anlys/subjects/s004/label/rh.cortex.label
Writing to /scratch/groups/lisik3/mcmahoneg/mri_data_anlys/studies/cont_actions/unpackdata/s004/bold/022/fmcpr.sm5.self.rh.nii.gz
Dim: 126538 1 1
mris_fwhm --s s004 --hemi rh --smooth-only --i /scratch/groups/lisik3/mcmahoneg/mri_data_anlys/studies/cont_actions/unpackdata/s004/bold/022/fmcpr.sm5.self.rh.nii.gz --fwhm 5 --o /scratch/groups/lisik3/mcmahoneg/mri_data_anlys/studies/cont_actions/unpackdata/s004/bold/022/fmcpr.sm5.self.rh.nii.gz --mask /scratch/groups/lisik3/mcmahoneg/mri_data_anlys/studies/cont_actions/unpackdata/s004/bold/022/masks/brain.self.rh.nii.gz --no-detrend
s004 rh white
Number of vertices 126538
Number of faces    253072
Total area         86239.507812
GroupSurface 0
AvgVtxArea       0.681531
AvgVtxDist       0.903071
StdVtxDist       0.257383
Loading mask /scratch/groups/lisik3/mcmahoneg/mri_data_anlys/studies/cont_actions/unpackdata/s004/bold/022/masks/brain.self.rh.nii.gz
Found 118877 voxels in mask
Not Polynomial detrending
Smoothing input by fwhm=5.000000, gstd=2.123305, niters=14 
Only smoothing, so saving and exiting now

Thu Mar  5 17:24:02 EST 2020
rawfunc2surf-sess completed 
----------------------------------------
Started at Thu Mar 5 17:20:45 EST 2020
Ended   at Thu Mar  5 17:24:02 EST 2020
preproc-sess done
-------------------------------------------
1/1 /scratch/groups/lisik3/mcmahoneg/mri_data_anlys/studies/cont_actions/unpackdata/s004 
Thu Mar  5 17:24:02 EST 2020
anadir = /scratch/groups/lisik3/mcmahoneg/mri_data_anlys/studies/cont_actions/unpackdata/s004/bold/biomotion-surface-rh-sm5
    s004 Update needed
MLF is /tmp/selxavg3-sess-26855.m
------------------------------------------
% Thu Mar  5 17:24:02 EST 2020  
% /scratch/groups/lisik3/mcmahoneg/mri_data_anlys/studies/cont_actions/analysis  
%  biomotion-surface-rh-sm5  
which fast_selxavg3
which fast_ldanaflac
which MRIread
  
  
fast_selxavg3b('/scratch/groups/lisik3/mcmahoneg/mri_data_anlys/studies/cont_actions/unpackdata/s004/bold/biomotion-surface-rh-sm5/sxa3.config.txt')
if(~fast_fileexists('/tmp/selxavg3-sess-26855.ok')); quit; end
%--------------------------------
  
  
quit;
------------------------------------------
------------------------------------------
------- matlab output --------------------
MATLAB is selecting SOFTWARE OPENGL rendering.

                            < M A T L A B (R) >
                  Copyright 1984-2019 The MathWorks, Inc.
                  R2019a (9.6.0.1072779) 64-bit (glnxa64)
                               March 8, 2019

 
To get started, type doc.
For product information, visit www.mathworks.com.
 
>> >> >> >> /software/apps/freesurfer/6.0.0/fsfast/toolbox/fast_selxavg3.m
>> /software/apps/freesurfer/6.0.0/fsfast/toolbox/fast_ldanaflac.m
>> /software/apps/freesurfer/6.0.0/matlab/MRIread.m
>> >> >> starting fast_selxavg3b


#@# s004 ###############################
/scratch/groups/lisik3/mcmahoneg/mri_data_anlys/studies/cont_actions/unpackdata/s004
-------------------------
$Id: fast_selxavg3b.m,v 1.4 2016/05/04 22:16:47 greve Exp $
-------------------------
outtop = /scratch/groups/lisik3/mcmahoneg/mri_data_anlys/studies/cont_actions/unpackdata
Extension format = nii.gz
INFO: key nSliceGroups unrecognized, line 12, skipping
 1 bio_scrambled.mat
 2 bio_translation.mat
 3 fixation.mat
 4 motion_static.mat
Excluding 2 points
nruns = 2
autostimdur = 


outanadir = /scratch/groups/lisik3/mcmahoneg/mri_data_anlys/studies/cont_actions/unpackdata/s004/bold/biomotion-surface-rh-sm5
Excluding 2 points
Excluding 2 points
parfiles condition id list:  1  2  3  4 
Found 118877/126538 (93.9) voxels in mask 1
Creating Design Matrix
 ... creation time =  0.007 sec
DoMCFit = 1
ntptot = 422, nX = 18, DOF = 404
Saving X matrix to /scratch/groups/lisik3/mcmahoneg/mri_data_anlys/studies/cont_actions/unpackdata/s004/bold/biomotion-surface-rh-sm5/Xtmp.mat
XCond = 82.3713 (normalized)
Computing compensation for resdual AR1 bias
 1  -0.5  -0.499228    (t=0.028069)
 2  -0.25  -0.262423    (t=0.043571)
 3  0  -0.0291265    (t=0.057817)
 4  0.25  0.197051    (t=0.071519)
 5  0.5  0.407497    (t=0.090727)
AR1 Correction M: 0.0409457 1.09933
Computing contrast matrices
OLS Beta Pass 
  run 1    t= 0.0
reading data ... 1.67142
    Global Mean 78919.10
  run 2    t= 2.8
reading data ... 1.65684
    Global Mean 78711.90
Global In-Mask Mean = 78815.5 (70297.4)
Rescale Target = 100
RescaleFactor = 0.00126879
OLS Residual Pass 
  run 1    t= 0.0
reading data ... 1.67001
Saving rho1
  run 2    t= 4.6
reading data ... 1.66584
Saving rho1
Smoothing ACF
/software/apps/freesurfer/6.0.0/bin/mris_fwhm --mask /scratch/groups/lisik3/mcmahoneg/mri_data_anlys/studies/cont_actions/unpackdata/s004/bold/biomotion-surface-rh-sm5/mask.nii.gz --i /scratch/groups/lisik3/mcmahoneg/mri_data_anlys/studies/cont_actions/unpackdata/s004/bold/biomotion-surface-rh-sm5/rho1mn.nii.gz --o /scratch/groups/lisik3/mcmahoneg/mri_data_anlys/studies/cont_actions/unpackdata/s004/bold/biomotion-surface-rh-sm5/rho1mn.sm.nii.gz --fwhm 20.000000 --smooth-only --s s004 --hemi rh --sd /scratch/groups/lisik3/mcmahoneg/mri_data_anlys/subjects
s004 rh white
Number of vertices 126538
Number of faces    253072
Total area         86239.507812
GroupSurface 0
AvgVtxArea       0.681531
AvgVtxDist       0.903071
StdVtxDist       0.257383
Loading mask /scratch/groups/lisik3/mcmahoneg/mri_data_anlys/studies/cont_actions/unpackdata/s004/bold/biomotion-surface-rh-sm5/mask.nii.gz
Found 118877 voxels in mask
Not Polynomial detrending
Smoothing input by fwhm=20.000000, gstd=8.493218, niters=217 
Only smoothing, so saving and exiting now

Found 0 voxels with corrected AR1 > 0.90
Whitening
Computing whitening matrices
Alloc Sinv: 422 422 30 ...  done t = 0.002867 sec
  seg   1   3963  nrho1 = 0.226
  seg   2   3963  nrho1 = 0.286
  seg   3   3963  nrho1 = 0.323
  seg   4   3963  nrho1 = 0.362
  seg   5   3963  nrho1 = 0.399
  seg   6   3963  nrho1 = 0.435
  seg   7   3963  nrho1 = 0.465
  seg   8   3963  nrho1 = 0.487
  seg   9   3963  nrho1 = 0.506
  seg  10   3963  nrho1 = 0.522
  seg  11   3963  nrho1 = 0.535
  seg  12   3963  nrho1 = 0.546
  seg  13   3963  nrho1 = 0.556
  seg  14   3963  nrho1 = 0.567
  seg  15   3963  nrho1 = 0.579
  seg  16   3963  nrho1 = 0.590
  seg  17   3963  nrho1 = 0.600
  seg  18   3963  nrho1 = 0.609
  seg  19   3963  nrho1 = 0.619
  seg  20   3963  nrho1 = 0.629
  seg  21   3963  nrho1 = 0.638
  seg  22   3963  nrho1 = 0.648
  seg  23   3963  nrho1 = 0.658
  seg  24   3963  nrho1 = 0.668
  seg  25   3963  nrho1 = 0.678
  seg  26   3963  nrho1 = 0.688
  seg  27   3963  nrho1 = 0.700
  seg  28   3963  nrho1 = 0.713
  seg  29   3963  nrho1 = 0.728
  seg  30   3950  nrho1 = 0.753
GLS Beta Pass 
  run 1    t= 0.0
  run 2    t= 2.5
GLS Residual Pass 
  run 1    t= 0.0
  run 2    t=11.3
Found 7661 zero-valued voxels
Computing contrasts
Starting contrasts
bio_scrambled J=1 -------------
Saving efficiency 24.2037
Testing Motion Correction Parameters
 -2.01   1.74  -1.87  -0.07   0.87   0.87   0.56   0.45   0.42   4.94  -1.04  -2.75   2.82   0.86   0.56   0.45  -0.56  -0.45 
bio_translation J=1 -------------
Saving efficiency 24.186
Testing Motion Correction Parameters
 -0.63   1.86  -3.79  -0.41  -0.28   0.77   0.04   0.04  -0.16   3.40  -2.85  -3.81   3.61   0.99   0.04   0.04  -0.04  -0.04 
fixation J=1 -------------
Saving efficiency 70.7276
Testing Motion Correction Parameters
  0.15  -0.58  -0.09  -0.81  -1.19  -0.21   0.01   0.23  -0.47  -0.87  -0.12   0.10  -0.21   0.03   0.01   0.23  -0.01  -0.23 
motion_static J=1 -------------
Saving efficiency 33.2184
Testing Motion Correction Parameters
 -0.40  -1.47   1.06  -0.33   0.36  -1.43  -3.31  -4.38  -2.44  -1.11   1.10   1.43  -0.84  -1.02  -3.31  -4.38   3.31   4.38 
Saving h.dat to /scratch/groups/lisik3/mcmahoneg/mri_data_anlys/studies/cont_actions/unpackdata/s004/bold/biomotion-surface-rh-sm5/h.dat
cputime-min 0.531333
fast_selxavg3 done for /scratch/groups/lisik3/mcmahoneg/mri_data_anlys/studies/cont_actions/unpackdata/s004

ans =

     0

>> >> >> >> >> ------------------------------------------
Started at Thu Mar 5 17:20:44 EST 2020
Ended   at Thu Mar  5 17:25:26 EST 2020
 
selxavg3-sess completed
 
