selxavg3-sess log file
/software/apps/freesurfer/6.0.0/fsfast/bin/selxavg3-sess
-s s003 -df sessdir -analysis amodal-surface-lh-sm5 -svres
$Id: selxavg3-sess,v 1.68 2016/05/10 03:24:18 greve Exp $
uid=3996(emcmaho7@jhu.edu) gid=1405(lisik3) groups=1405(lisik3),1502(mbonner5)
/scratch/groups/lisik3/mcmahoneg/mri_data_anlys/studies/cont_actions/analysis
Linux compute0197 3.10.0-862.9.1.el7.x86_64 #1 SMP Mon Jul 16 16:29:36 UTC 2018 x86_64 x86_64 x86_64 GNU/Linux
Wed Mar  4 16:18:06 EST 2020
preproc-sess -s s003 -d /scratch/groups/lisik3/mcmahoneg/mri_data_anlys/studies/cont_actions/unpackdata -a amodal-surface-lh-sm5 -nolog
--------------------------------------------------------------
preproc-sess logfile is /dev/null
--------------------------------------------------------------
$Id: preproc-sess,v 1.64.2.1 2016/08/02 21:19:09 greve Exp $
emcmaho7@jhu.edu
setenv FREESURFER_HOME /software/apps/freesurfer/6.0.0
setenv SUBJECTS_DIR /scratch/groups/lisik3/mcmahoneg/mri_data_anlys/subjects
Linux compute0197 3.10.0-862.9.1.el7.x86_64 #1 SMP Mon Jul 16 16:29:36 UTC 2018 x86_64 x86_64 x86_64 GNU/Linux
/scratch/groups/lisik3/mcmahoneg/mri_data_anlys/studies/cont_actions/analysis
/software/apps/freesurfer/6.0.0/fsfast/bin/preproc-sess
-s s003 -d /scratch/groups/lisik3/mcmahoneg/mri_data_anlys/studies/cont_actions/unpackdata -a amodal-surface-lh-sm5 -nolog
Wed Mar  4 16:18:06 EST 2020
instem   f 
mc   1     f fmcpr 
stc  0     fmcpr
sm   0   
mask 1   brain
s003 Template -----------------------------
mktemplate-sess -s s003 -d /scratch/groups/lisik3/mcmahoneg/mri_data_anlys/studies/cont_actions/unpackdata -fsd bold -rlf amodal.rlf -nolog -update
 
Session: /scratch/groups/lisik3/mcmahoneg/mri_data_anlys/studies/cont_actions/unpackdata/s003 ----------------
Wed Mar  4 16:18:07 EST 2020
Detected input format at nii
s003 Update not needed
  Run: 008 ----------------
  Wed Mar  4 16:18:07 EST 2020
  s003 008 Update not needed
  Run: 017 ----------------
  Wed Mar  4 16:18:07 EST 2020
  s003 017 Update not needed
Wed Mar  4 16:18:07 EST 2020
mktemplate-sess completed 
s003 Registration -----------------------------
register-sess -s s003 -d /scratch/groups/lisik3/mcmahoneg/mri_data_anlys/studies/cont_actions/unpackdata -fsd bold -delete-dat -dof 6 -bold -rlf amodal.rlf -per-run -nolog -update -init-coreg
--------------------------------------------------------------
register-sess logfile is /dev/null
--------------------------------------------------------------
Wed Mar  4 16:18:07 EST 2020

setenv SUBJECTS_DIR /scratch/groups/lisik3/mcmahoneg/mri_data_anlys/subjects
cd /scratch/groups/lisik3/mcmahoneg/mri_data_anlys/studies/cont_actions/analysis
/software/apps/freesurfer/6.0.0/fsfast/bin/register-sess -s s003 -d /scratch/groups/lisik3/mcmahoneg/mri_data_anlys/studies/cont_actions/unpackdata -fsd bold -delete-dat -dof 6 -bold -rlf amodal.rlf -per-run -nolog -update -init-coreg

freesurfer-Linux-centos6_x86_64-stable-pub-v6.0.0-2beb96c
Linux compute0197 3.10.0-862.9.1.el7.x86_64 #1 SMP Mon Jul 16 16:29:36 UTC 2018 x86_64 x86_64 x86_64 GNU/Linux
 
Session: /scratch/groups/lisik3/mcmahoneg/mri_data_anlys/studies/cont_actions/unpackdata/s003 ----------------
Wed Mar  4 16:18:07 EST 2020
/scratch/groups/lisik3/mcmahoneg/mri_data_anlys/studies/cont_actions/unpackdata/s003
  Run: 008 ----------------
Wed Mar  4 16:18:07 EST 2020
Update not needed
  Run: 017 ----------------
Wed Mar  4 16:18:07 EST 2020
Update not needed
Wed Mar  4 16:18:07 EST 2020
register-sess completed 
s003 Mask ------------------------
mkbrainmask-sess -maskstem brain -fsd bold -s s003 -d /scratch/groups/lisik3/mcmahoneg/mri_data_anlys/studies/cont_actions/unpackdata -per-run -rlf amodal.rlf -nolog -update
------------------------------------------------
/scratch/groups/lisik3/mcmahoneg/mri_data_anlys/studies/cont_actions/unpackdata/s003 
Wed Mar  4 16:18:07 EST 2020
s003 Update not needed for session-level mask
s003 Update not needed for run 008 mask
s003 Update not needed for run 017 mask
s003 Update not needed for run 008 meanval
s003 Update not needed for run 017 meanval
Wed Mar  4 16:18:07 EST 2020
mkbrainmask-sess done
s003 MC -----------------------------
mc-sess -fstem f -fmcstem fmcpr -s s003 -d /scratch/groups/lisik3/mcmahoneg/mri_data_anlys/studies/cont_actions/unpackdata -fsd bold -rlf amodal.rlf -per-run -nolog -update
Logfile is /dev/null
-------------------------------------------
/scratch/groups/lisik3/mcmahoneg/mri_data_anlys/studies/cont_actions/unpackdata/s003 
RunList: 008 017
s003 008 Update not needed
s003 017 Update not needed


Wed Mar  4 16:18:07 EST 2020
mc-sess completed SUCCESSFULLY
s003 To Surface -----------------------------
rawfunc2surf-sess -fwhm 5 -s s003 -d /scratch/groups/lisik3/mcmahoneg/mri_data_anlys/studies/cont_actions/unpackdata -fsd bold -hemi lh -self -rlf amodal.rlf -nolog -update -per-run
instem fmcpr
outstem fmcpr.sm5.self.hemi
------------------------------ 
1/1 s003
  1/1 s003 008 lh ---------
    Wed Mar  4 16:18:07 EST 2020
/scratch/groups/lisik3/mcmahoneg/mri_data_anlys/studies/cont_actions/unpackdata/s003/bold/008/masks/brain.self.lh.pr.nii.gz does not need updating
  1/1 s003 017 lh ---------
    Wed Mar  4 16:18:07 EST 2020
/scratch/groups/lisik3/mcmahoneg/mri_data_anlys/studies/cont_actions/unpackdata/s003/bold/017/masks/brain.self.lh.pr.nii.gz does not need updating
/scratch/groups/lisik3/mcmahoneg/mri_data_anlys/studies/cont_actions/unpackdata/s003/bold/masks/brain.self.lh.pr.nii.gz does not need updating
  1/1 s003 008 lh ---------
    Wed Mar  4 16:18:07 EST 2020
    s003 008 Update not needed
  1/1 s003 017 lh ---------
    Wed Mar  4 16:18:07 EST 2020
    s003 017 Update not needed

Wed Mar  4 16:18:07 EST 2020
rawfunc2surf-sess completed 
----------------------------------------
Started at Wed Mar 4 16:18:06 EST 2020
Ended   at Wed Mar  4 16:18:07 EST 2020
preproc-sess done
-------------------------------------------
1/1 /scratch/groups/lisik3/mcmahoneg/mri_data_anlys/studies/cont_actions/unpackdata/s003 
Wed Mar  4 16:18:08 EST 2020
anadir = /scratch/groups/lisik3/mcmahoneg/mri_data_anlys/studies/cont_actions/unpackdata/s003/bold/amodal-surface-lh-sm5
    s003 Update not needed
MLF is /tmp/selxavg3-sess-19325.m
------------------------------------------
% Wed Mar  4 16:18:07 EST 2020  
% /scratch/groups/lisik3/mcmahoneg/mri_data_anlys/studies/cont_actions/analysis  
%  amodal-surface-lh-sm5  
which fast_selxavg3
which fast_ldanaflac
which MRIread
  
  
quit;
------------------------------------------
INFO: no data sets needed processing
