selxavg3-sess log file
/software/apps/freesurfer/6.0.0/fsfast/bin/selxavg3-sess
-s s003 -df sessdir -analysis biomotion-surface-lh-sm5 -svres
$Id: selxavg3-sess,v 1.68 2016/05/10 03:24:18 greve Exp $
uid=3996(emcmaho7@jhu.edu) gid=1405(lisik3) groups=1405(lisik3),1502(mbonner5)
/scratch/groups/lisik3/mcmahoneg/mri_data_anlys/studies/cont_actions/analysis
Linux compute0784 3.10.0-862.9.1.el7.x86_64 #1 SMP Mon Jul 16 16:29:36 UTC 2018 x86_64 x86_64 x86_64 GNU/Linux
Thu Mar  5 16:00:56 EST 2020
preproc-sess -s s003 -d /scratch/groups/lisik3/mcmahoneg/mri_data_anlys/studies/cont_actions/unpackdata -a biomotion-surface-lh-sm5 -nolog
--------------------------------------------------------------
preproc-sess logfile is /dev/null
--------------------------------------------------------------
$Id: preproc-sess,v 1.64.2.1 2016/08/02 21:19:09 greve Exp $
emcmaho7@jhu.edu
setenv FREESURFER_HOME /software/apps/freesurfer/6.0.0
setenv SUBJECTS_DIR /scratch/groups/lisik3/mcmahoneg/mri_data_anlys/subjects
Linux compute0784 3.10.0-862.9.1.el7.x86_64 #1 SMP Mon Jul 16 16:29:36 UTC 2018 x86_64 x86_64 x86_64 GNU/Linux
/scratch/groups/lisik3/mcmahoneg/mri_data_anlys/studies/cont_actions/analysis
/software/apps/freesurfer/6.0.0/fsfast/bin/preproc-sess
-s s003 -d /scratch/groups/lisik3/mcmahoneg/mri_data_anlys/studies/cont_actions/unpackdata -a biomotion-surface-lh-sm5 -nolog
Thu Mar  5 16:00:57 EST 2020
instem   f 
mc   1     f fmcpr 
stc  0     fmcpr
sm   0   
mask 1   brain
s003 Template -----------------------------
mktemplate-sess -s s003 -d /scratch/groups/lisik3/mcmahoneg/mri_data_anlys/studies/cont_actions/unpackdata -fsd bold -rlf biomotion.rlf -nolog -update
 
Session: /scratch/groups/lisik3/mcmahoneg/mri_data_anlys/studies/cont_actions/unpackdata/s003 ----------------
Thu Mar  5 16:00:57 EST 2020
Detected input format at nii
s003 Update not needed
  Run: 012 ----------------
  Thu Mar  5 16:00:57 EST 2020
  s003 012 Update not needed
  Run: 021 ----------------
  Thu Mar  5 16:00:57 EST 2020
  s003 021 Update not needed
Thu Mar  5 16:00:57 EST 2020
mktemplate-sess completed 
s003 Registration -----------------------------
register-sess -s s003 -d /scratch/groups/lisik3/mcmahoneg/mri_data_anlys/studies/cont_actions/unpackdata -fsd bold -delete-dat -dof 6 -bold -rlf biomotion.rlf -per-run -nolog -update -init-coreg
--------------------------------------------------------------
register-sess logfile is /dev/null
--------------------------------------------------------------
Thu Mar  5 16:00:57 EST 2020

setenv SUBJECTS_DIR /scratch/groups/lisik3/mcmahoneg/mri_data_anlys/subjects
cd /scratch/groups/lisik3/mcmahoneg/mri_data_anlys/studies/cont_actions/analysis
/software/apps/freesurfer/6.0.0/fsfast/bin/register-sess -s s003 -d /scratch/groups/lisik3/mcmahoneg/mri_data_anlys/studies/cont_actions/unpackdata -fsd bold -delete-dat -dof 6 -bold -rlf biomotion.rlf -per-run -nolog -update -init-coreg

freesurfer-Linux-centos6_x86_64-stable-pub-v6.0.0-2beb96c
Linux compute0784 3.10.0-862.9.1.el7.x86_64 #1 SMP Mon Jul 16 16:29:36 UTC 2018 x86_64 x86_64 x86_64 GNU/Linux
 
Session: /scratch/groups/lisik3/mcmahoneg/mri_data_anlys/studies/cont_actions/unpackdata/s003 ----------------
Thu Mar  5 16:00:57 EST 2020
/scratch/groups/lisik3/mcmahoneg/mri_data_anlys/studies/cont_actions/unpackdata/s003
  Run: 012 ----------------
Thu Mar  5 16:00:57 EST 2020
Update not needed
  Run: 021 ----------------
Thu Mar  5 16:00:57 EST 2020
Update not needed
Thu Mar  5 16:00:58 EST 2020
register-sess completed 
s003 Mask ------------------------
mkbrainmask-sess -maskstem brain -fsd bold -s s003 -d /scratch/groups/lisik3/mcmahoneg/mri_data_anlys/studies/cont_actions/unpackdata -per-run -rlf biomotion.rlf -nolog -update
------------------------------------------------
/scratch/groups/lisik3/mcmahoneg/mri_data_anlys/studies/cont_actions/unpackdata/s003 
Thu Mar  5 16:00:58 EST 2020
s003 Update not needed for session-level mask
s003 Update not needed for run 012 mask
s003 Update not needed for run 021 mask
s003 Update not needed for run 012 meanval
s003 Update not needed for run 021 meanval
Thu Mar  5 16:00:58 EST 2020
mkbrainmask-sess done
s003 MC -----------------------------
mc-sess -fstem f -fmcstem fmcpr -s s003 -d /scratch/groups/lisik3/mcmahoneg/mri_data_anlys/studies/cont_actions/unpackdata -fsd bold -rlf biomotion.rlf -per-run -nolog -update
Logfile is /dev/null
-------------------------------------------
/scratch/groups/lisik3/mcmahoneg/mri_data_anlys/studies/cont_actions/unpackdata/s003 
RunList: 012 021
s003 012 Update not needed
s003 021 Update not needed


Thu Mar  5 16:00:58 EST 2020
mc-sess completed SUCCESSFULLY
s003 To Surface -----------------------------
rawfunc2surf-sess -fwhm 5 -s s003 -d /scratch/groups/lisik3/mcmahoneg/mri_data_anlys/studies/cont_actions/unpackdata -fsd bold -hemi lh -self -rlf biomotion.rlf -nolog -update -per-run
instem fmcpr
outstem fmcpr.sm5.self.hemi
------------------------------ 
1/1 s003
  1/1 s003 012 lh ---------
    Thu Mar  5 16:00:58 EST 2020
/scratch/groups/lisik3/mcmahoneg/mri_data_anlys/studies/cont_actions/unpackdata/s003/bold/012/masks/brain.self.lh.pr.nii.gz does not need updating
  1/1 s003 021 lh ---------
    Thu Mar  5 16:00:58 EST 2020
/scratch/groups/lisik3/mcmahoneg/mri_data_anlys/studies/cont_actions/unpackdata/s003/bold/021/masks/brain.self.lh.pr.nii.gz does not need updating
/scratch/groups/lisik3/mcmahoneg/mri_data_anlys/studies/cont_actions/unpackdata/s003/bold/masks/brain.self.lh.pr.nii.gz does not need updating
  1/1 s003 012 lh ---------
    Thu Mar  5 16:00:58 EST 2020
    s003 012 Update not needed
  1/1 s003 021 lh ---------
    Thu Mar  5 16:00:58 EST 2020
    s003 021 Update not needed

Thu Mar  5 16:00:58 EST 2020
rawfunc2surf-sess completed 
----------------------------------------
Started at Thu Mar 5 16:00:57 EST 2020
Ended   at Thu Mar  5 16:00:58 EST 2020
preproc-sess done
-------------------------------------------
1/1 /scratch/groups/lisik3/mcmahoneg/mri_data_anlys/studies/cont_actions/unpackdata/s003 
Thu Mar  5 16:00:59 EST 2020
anadir = /scratch/groups/lisik3/mcmahoneg/mri_data_anlys/studies/cont_actions/unpackdata/s003/bold/biomotion-surface-lh-sm5
    s003 Update needed
MLF is /tmp/selxavg3-sess-312112.m
------------------------------------------
% Thu Mar  5 16:00:58 EST 2020  
% /scratch/groups/lisik3/mcmahoneg/mri_data_anlys/studies/cont_actions/analysis  
%  biomotion-surface-lh-sm5  
which fast_selxavg3
which fast_ldanaflac
which MRIread
  
  
fast_selxavg3b('/scratch/groups/lisik3/mcmahoneg/mri_data_anlys/studies/cont_actions/unpackdata/s003/bold/biomotion-surface-lh-sm5/sxa3.config.txt')
if(~fast_fileexists('/tmp/selxavg3-sess-312112.ok')); quit; end
%--------------------------------
  
  
quit;
------------------------------------------
------------------------------------------
------- matlab output --------------------
MATLAB is selecting SOFTWARE OPENGL rendering.

                            < M A T L A B (R) >
                  Copyright 1984-2019 The MathWorks, Inc.
                  R2019a (9.6.0.1072779) 64-bit (glnxa64)
                               March 8, 2019

 
To get started, type doc.
For product information, visit www.mathworks.com.
 
>> >> >> >> /software/apps/freesurfer/6.0.0/fsfast/toolbox/fast_selxavg3.m
>> /software/apps/freesurfer/6.0.0/fsfast/toolbox/fast_ldanaflac.m
>> /software/apps/freesurfer/6.0.0/matlab/MRIread.m
>> >> >> starting fast_selxavg3b


#@# s003 ###############################
/scratch/groups/lisik3/mcmahoneg/mri_data_anlys/studies/cont_actions/unpackdata/s003
-------------------------
$Id: fast_selxavg3b.m,v 1.4 2016/05/04 22:16:47 greve Exp $
-------------------------
outtop = /scratch/groups/lisik3/mcmahoneg/mri_data_anlys/studies/cont_actions/unpackdata
Extension format = nii.gz
INFO: key nSliceGroups unrecognized, line 12, skipping
 1 bio_scrambled.mat
 2 bio_translation.mat
 3 fixation.mat
 4 motion_static.mat
Excluding 2 points
nruns = 2
autostimdur = 


outanadir = /scratch/groups/lisik3/mcmahoneg/mri_data_anlys/studies/cont_actions/unpackdata/s003/bold/biomotion-surface-lh-sm5
Excluding 2 points
Excluding 2 points
parfiles condition id list:  1  2  3  4 
Found 138573/147546 (93.9) voxels in mask 1
Creating Design Matrix
 ... creation time =  0.005 sec
DoMCFit = 1
ntptot = 422, nX = 18, DOF = 404
Saving X matrix to /scratch/groups/lisik3/mcmahoneg/mri_data_anlys/studies/cont_actions/unpackdata/s003/bold/biomotion-surface-lh-sm5/Xtmp.mat
XCond = 49.4801 (normalized)
Computing compensation for resdual AR1 bias
 1  -0.5  -0.500196    (t=0.019001)
 2  -0.25  -0.262466    (t=0.028166)
 3  0  -0.028668    (t=0.035132)
 4  0.25  0.198044    (t=0.042103)
 5  0.5  0.410034    (t=0.052661)
AR1 Correction M: 0.0401498 1.09548
Computing contrast matrices
OLS Beta Pass 
  run 1    t= 0.0
reading data ... 1.55369
    Global Mean 201180.00
  run 2    t= 2.4
reading data ... 1.5532
    Global Mean 206587.00
Global In-Mask Mean = 203884 (191952)
Rescale Target = 100
RescaleFactor = 0.000490476
OLS Residual Pass 
  run 1    t= 0.0
reading data ... 1.5533
Saving rho1
  run 2    t= 3.7
reading data ... 1.55723
Saving rho1
Smoothing ACF
/software/apps/freesurfer/6.0.0/bin/mris_fwhm --mask /scratch/groups/lisik3/mcmahoneg/mri_data_anlys/studies/cont_actions/unpackdata/s003/bold/biomotion-surface-lh-sm5/mask.nii.gz --i /scratch/groups/lisik3/mcmahoneg/mri_data_anlys/studies/cont_actions/unpackdata/s003/bold/biomotion-surface-lh-sm5/rho1mn.nii.gz --o /scratch/groups/lisik3/mcmahoneg/mri_data_anlys/studies/cont_actions/unpackdata/s003/bold/biomotion-surface-lh-sm5/rho1mn.sm.nii.gz --fwhm 20.000000 --smooth-only --s s003 --hemi lh --sd /scratch/groups/lisik3/mcmahoneg/mri_data_anlys/subjects
s003 lh white
Number of vertices 147546
Number of faces    295088
Total area         100859.718750
GroupSurface 0
AvgVtxArea       0.683582
AvgVtxDist       0.903857
StdVtxDist       0.252471
Loading mask /scratch/groups/lisik3/mcmahoneg/mri_data_anlys/studies/cont_actions/unpackdata/s003/bold/biomotion-surface-lh-sm5/mask.nii.gz
Found 138573 voxels in mask
Not Polynomial detrending
Smoothing input by fwhm=20.000000, gstd=8.493218, niters=216 
Only smoothing, so saving and exiting now

Found 0 voxels with corrected AR1 > 0.90
Whitening
Computing whitening matrices
Alloc Sinv: 422 422 30 ...  done t = 0.002541 sec
  seg   1   4619  nrho1 = 0.186
  seg   2   4619  nrho1 = 0.272
  seg   3   4619  nrho1 = 0.325
  seg   4   4619  nrho1 = 0.362
  seg   5   4619  nrho1 = 0.402
  seg   6   4619  nrho1 = 0.437
  seg   7   4619  nrho1 = 0.458
  seg   8   4619  nrho1 = 0.472
  seg   9   4619  nrho1 = 0.484
  seg  10   4619  nrho1 = 0.495
  seg  11   4619  nrho1 = 0.506
  seg  12   4619  nrho1 = 0.516
  seg  13   4619  nrho1 = 0.529
  seg  14   4619  nrho1 = 0.541
  seg  15   4619  nrho1 = 0.554
  seg  16   4619  nrho1 = 0.565
  seg  17   4619  nrho1 = 0.575
  seg  18   4619  nrho1 = 0.584
  seg  19   4619  nrho1 = 0.592
  seg  20   4619  nrho1 = 0.601
  seg  21   4619  nrho1 = 0.609
  seg  22   4619  nrho1 = 0.617
  seg  23   4619  nrho1 = 0.625
  seg  24   4619  nrho1 = 0.634
  seg  25   4619  nrho1 = 0.644
  seg  26   4619  nrho1 = 0.654
  seg  27   4619  nrho1 = 0.665
  seg  28   4619  nrho1 = 0.680
  seg  29   4619  nrho1 = 0.698
  seg  30   4622  nrho1 = 0.728
GLS Beta Pass 
  run 1    t= 0.0
  run 2    t= 2.2
GLS Residual Pass 
  run 1    t= 0.0
  run 2    t=108.9
Found 8973 zero-valued voxels
Computing contrasts
Starting contrasts
bio_scrambled J=1 -------------
/scratch/groups/lisik3/mcmahoneg/mri_data_anlys/studies/cont_actions/unpackdata/s003/bold/biomotion-surface-lh-sm5/bio_scrambled exists, deleting
Saving efficiency 23.4506
Testing Motion Correction Parameters
 -1.21  -0.18   1.24   0.34  -0.10   0.35   0.26   0.38   0.63   1.16   1.58   1.68  -0.75   0.34   0.26   0.38  -0.26  -0.38 
bio_translation J=1 -------------
/scratch/groups/lisik3/mcmahoneg/mri_data_anlys/studies/cont_actions/unpackdata/s003/bold/biomotion-surface-lh-sm5/bio_translation exists, deleting
Saving efficiency 21.9471
Testing Motion Correction Parameters
  0.24   0.35   0.65   0.35  -1.35   0.61   0.42   0.90  -0.01  -0.14   0.24   0.11  -1.32   0.66   0.42   0.90  -0.42  -0.90 
fixation J=1 -------------
/scratch/groups/lisik3/mcmahoneg/mri_data_anlys/studies/cont_actions/unpackdata/s003/bold/biomotion-surface-lh-sm5/fixation exists, deleting
Saving efficiency 71.4707
Testing Motion Correction Parameters
 -0.20  -0.13  -0.10  -0.37  -0.06  -0.18  -0.51  -0.57  -0.13   0.17   0.02  -0.55   0.03  -0.13  -0.51  -0.57   0.51   0.57 
motion_static J=1 -------------
/scratch/groups/lisik3/mcmahoneg/mri_data_anlys/studies/cont_actions/unpackdata/s003/bold/biomotion-surface-lh-sm5/motion_static exists, deleting
Saving efficiency 36.7395
Testing Motion Correction Parameters
 -1.68   0.17   1.19   0.30   0.92   0.34  -0.50  -0.25   0.15   1.91   1.79   0.30  -0.08   0.34  -0.50  -0.25   0.50   0.25 
Saving h.dat to /scratch/groups/lisik3/mcmahoneg/mri_data_anlys/studies/cont_actions/unpackdata/s003/bold/biomotion-surface-lh-sm5/h.dat
cputime-min 0.388667
fast_selxavg3 done for /scratch/groups/lisik3/mcmahoneg/mri_data_anlys/studies/cont_actions/unpackdata/s003

ans =

     0

>> >> >> >> >> ------------------------------------------
Started at Thu Mar 5 16:00:56 EST 2020
Ended   at Thu Mar  5 16:07:14 EST 2020
 
selxavg3-sess completed
 
