selxavg3-sess log file
/software/apps/freesurfer/6.0.0/fsfast/bin/selxavg3-sess
-s s003 -df sessdir -analysis FBO-surface-rh-sm5 -svres
$Id: selxavg3-sess,v 1.68 2016/05/10 03:24:18 greve Exp $
uid=3996(emcmaho7@jhu.edu) gid=1405(lisik3) groups=1405(lisik3),1502(mbonner5)
/scratch/groups/lisik3/mcmahoneg/mri_data_anlys/studies/cont_actions/analysis
Linux compute0197 3.10.0-862.9.1.el7.x86_64 #1 SMP Mon Jul 16 16:29:36 UTC 2018 x86_64 x86_64 x86_64 GNU/Linux
Wed Mar  4 16:18:06 EST 2020
preproc-sess -s s003 -d /scratch/groups/lisik3/mcmahoneg/mri_data_anlys/studies/cont_actions/unpackdata -a FBO-surface-rh-sm5 -nolog
--------------------------------------------------------------
preproc-sess logfile is /dev/null
--------------------------------------------------------------
$Id: preproc-sess,v 1.64.2.1 2016/08/02 21:19:09 greve Exp $
emcmaho7@jhu.edu
setenv FREESURFER_HOME /software/apps/freesurfer/6.0.0
setenv SUBJECTS_DIR /scratch/groups/lisik3/mcmahoneg/mri_data_anlys/subjects
Linux compute0197 3.10.0-862.9.1.el7.x86_64 #1 SMP Mon Jul 16 16:29:36 UTC 2018 x86_64 x86_64 x86_64 GNU/Linux
/scratch/groups/lisik3/mcmahoneg/mri_data_anlys/studies/cont_actions/analysis
/software/apps/freesurfer/6.0.0/fsfast/bin/preproc-sess
-s s003 -d /scratch/groups/lisik3/mcmahoneg/mri_data_anlys/studies/cont_actions/unpackdata -a FBO-surface-rh-sm5 -nolog
Wed Mar  4 16:18:06 EST 2020
instem   f 
mc   1     f fmcpr 
stc  0     fmcpr
sm   0   
mask 1   brain
s003 Template -----------------------------
mktemplate-sess -s s003 -d /scratch/groups/lisik3/mcmahoneg/mri_data_anlys/studies/cont_actions/unpackdata -fsd bold -rlf FBO.rlf -nolog -update
 
Session: /scratch/groups/lisik3/mcmahoneg/mri_data_anlys/studies/cont_actions/unpackdata/s003 ----------------
Wed Mar  4 16:18:06 EST 2020
Detected input format at nii
s003 Update not needed
  Run: 007 ----------------
  Wed Mar  4 16:18:07 EST 2020
  s003 007 Update not needed
  Run: 016 ----------------
  Wed Mar  4 16:18:07 EST 2020
  s003 016 Update not needed
Wed Mar  4 16:18:07 EST 2020
mktemplate-sess completed 
s003 Registration -----------------------------
register-sess -s s003 -d /scratch/groups/lisik3/mcmahoneg/mri_data_anlys/studies/cont_actions/unpackdata -fsd bold -delete-dat -dof 6 -bold -rlf FBO.rlf -per-run -nolog -update -init-coreg
--------------------------------------------------------------
register-sess logfile is /dev/null
--------------------------------------------------------------
Wed Mar  4 16:18:07 EST 2020

setenv SUBJECTS_DIR /scratch/groups/lisik3/mcmahoneg/mri_data_anlys/subjects
cd /scratch/groups/lisik3/mcmahoneg/mri_data_anlys/studies/cont_actions/analysis
/software/apps/freesurfer/6.0.0/fsfast/bin/register-sess -s s003 -d /scratch/groups/lisik3/mcmahoneg/mri_data_anlys/studies/cont_actions/unpackdata -fsd bold -delete-dat -dof 6 -bold -rlf FBO.rlf -per-run -nolog -update -init-coreg

freesurfer-Linux-centos6_x86_64-stable-pub-v6.0.0-2beb96c
Linux compute0197 3.10.0-862.9.1.el7.x86_64 #1 SMP Mon Jul 16 16:29:36 UTC 2018 x86_64 x86_64 x86_64 GNU/Linux
 
Session: /scratch/groups/lisik3/mcmahoneg/mri_data_anlys/studies/cont_actions/unpackdata/s003 ----------------
Wed Mar  4 16:18:07 EST 2020
/scratch/groups/lisik3/mcmahoneg/mri_data_anlys/studies/cont_actions/unpackdata/s003
  Run: 007 ----------------
Wed Mar  4 16:18:07 EST 2020
Update not needed
  Run: 016 ----------------
Wed Mar  4 16:18:07 EST 2020
Update not needed
Wed Mar  4 16:18:07 EST 2020
register-sess completed 
s003 Mask ------------------------
mkbrainmask-sess -maskstem brain -fsd bold -s s003 -d /scratch/groups/lisik3/mcmahoneg/mri_data_anlys/studies/cont_actions/unpackdata -per-run -rlf FBO.rlf -nolog -update
------------------------------------------------
/scratch/groups/lisik3/mcmahoneg/mri_data_anlys/studies/cont_actions/unpackdata/s003 
Wed Mar  4 16:18:07 EST 2020
s003 Update not needed for session-level mask
s003 Update not needed for run 007 mask
s003 Update not needed for run 016 mask
s003 Update not needed for run 007 meanval
s003 Update not needed for run 016 meanval
Wed Mar  4 16:18:07 EST 2020
mkbrainmask-sess done
s003 MC -----------------------------
mc-sess -fstem f -fmcstem fmcpr -s s003 -d /scratch/groups/lisik3/mcmahoneg/mri_data_anlys/studies/cont_actions/unpackdata -fsd bold -rlf FBO.rlf -per-run -nolog -update
Logfile is /dev/null
-------------------------------------------
/scratch/groups/lisik3/mcmahoneg/mri_data_anlys/studies/cont_actions/unpackdata/s003 
RunList: 007 016
s003 007 Update not needed
s003 016 Update not needed


Wed Mar  4 16:18:07 EST 2020
mc-sess completed SUCCESSFULLY
s003 To Surface -----------------------------
rawfunc2surf-sess -fwhm 5 -s s003 -d /scratch/groups/lisik3/mcmahoneg/mri_data_anlys/studies/cont_actions/unpackdata -fsd bold -hemi rh -self -rlf FBO.rlf -nolog -update -per-run
instem fmcpr
outstem fmcpr.sm5.self.hemi
------------------------------ 
1/1 s003
  1/1 s003 007 rh ---------
    Wed Mar  4 16:18:07 EST 2020
mri_vol2surf --mov /scratch/groups/lisik3/mcmahoneg/mri_data_anlys/studies/cont_actions/unpackdata/s003/bold/007/masks/brain.nii.gz --reg /scratch/groups/lisik3/mcmahoneg/mri_data_anlys/studies/cont_actions/unpackdata/s003/bold/007/register.dof6.lta --trgsubject s003 --interp nearest --projfrac 0.5 --hemi rh --o /scratch/groups/lisik3/mcmahoneg/mri_data_anlys/studies/cont_actions/unpackdata/s003/bold/007/masks/brain.self.rh.pr.nii.gz --noreshape --cortex
srcvol = /scratch/groups/lisik3/mcmahoneg/mri_data_anlys/studies/cont_actions/unpackdata/s003/bold/007/masks/brain.nii.gz
srcreg = /scratch/groups/lisik3/mcmahoneg/mri_data_anlys/studies/cont_actions/unpackdata/s003/bold/007/register.dof6.lta
srcregold = 0
srcwarp unspecified
surf = white
hemi = rh
trgsubject = s003
surfreg = sphere.reg
ProjFrac = 0.5
thickness = thickness
reshape = 0
interp = nearest
float2int = round
GetProjMax = 0
INFO: float2int code = 0
INFO: changing type to float
Done loading volume
Input reg is LTA
-------- original matrix -----------
 0.99997   0.00610   0.00480   2.98293;
-0.00358  -0.18558   0.98262  -12.47279;
 0.00688  -0.98261  -0.18555  -2.64361;
 0.00000   0.00000   0.00000   1.00000;
-------- original matrix -----------
Loading label /scratch/groups/lisik3/mcmahoneg/mri_data_anlys/subjects/s003/label/rh.cortex.label
Reading surface /scratch/groups/lisik3/mcmahoneg/mri_data_anlys/subjects/s003/surf/rh.white
Done reading source surface
Reading thickness /scratch/groups/lisik3/mcmahoneg/mri_data_anlys/subjects/s003/surf/rh.thickness
Done
Mapping Source Volume onto Source Subject Surface
 1 0.5 0.5 0.5
using old
Done mapping volume to surface
Number of source voxels hit = 15402
Masking with /scratch/groups/lisik3/mcmahoneg/mri_data_anlys/subjects/s003/label/rh.cortex.label
Writing to /scratch/groups/lisik3/mcmahoneg/mri_data_anlys/studies/cont_actions/unpackdata/s003/bold/007/masks/brain.self.rh.pr.nii.gz
Dim: 147229 1 1
mri_binarize --i /scratch/groups/lisik3/mcmahoneg/mri_data_anlys/studies/cont_actions/unpackdata/s003/bold/007/masks/brain.self.rh.pr.nii.gz --min .00001 --o /scratch/groups/lisik3/mcmahoneg/mri_data_anlys/studies/cont_actions/unpackdata/s003/bold/007/masks/brain.self.rh.pr.nii.gz

$Id: mri_binarize.c,v 1.43 2016/06/09 20:46:21 greve Exp $
cwd /scratch/groups/lisik3/mcmahoneg/mri_data_anlys/studies/cont_actions/analysis
cmdline mri_binarize.bin --i /scratch/groups/lisik3/mcmahoneg/mri_data_anlys/studies/cont_actions/unpackdata/s003/bold/007/masks/brain.self.rh.pr.nii.gz --min .00001 --o /scratch/groups/lisik3/mcmahoneg/mri_data_anlys/studies/cont_actions/unpackdata/s003/bold/007/masks/brain.self.rh.pr.nii.gz 
sysname  Linux
hostname compute0197
machine  x86_64
user     emcmaho7@jhu.edu

input      /scratch/groups/lisik3/mcmahoneg/mri_data_anlys/studies/cont_actions/unpackdata/s003/bold/007/masks/brain.self.rh.pr.nii.gz
frame      0
nErode3d   0
nErode2d   0
output     /scratch/groups/lisik3/mcmahoneg/mri_data_anlys/studies/cont_actions/unpackdata/s003/bold/007/masks/brain.self.rh.pr.nii.gz
Binarizing based on threshold
min        1e-05
max        +infinity
binval        1
binvalnot     0
fstart = 0, fend = 0, nframes = 1
Found 138940 values in range
Counting number of voxels in first frame
Found 138940 voxels in final mask
Count: 138940 138940.000000 147229 94.369995
mri_binarize done
  1/1 s003 016 rh ---------
    Wed Mar  4 16:18:10 EST 2020
mri_vol2surf --mov /scratch/groups/lisik3/mcmahoneg/mri_data_anlys/studies/cont_actions/unpackdata/s003/bold/016/masks/brain.nii.gz --reg /scratch/groups/lisik3/mcmahoneg/mri_data_anlys/studies/cont_actions/unpackdata/s003/bold/016/register.dof6.lta --trgsubject s003 --interp nearest --projfrac 0.5 --hemi rh --o /scratch/groups/lisik3/mcmahoneg/mri_data_anlys/studies/cont_actions/unpackdata/s003/bold/016/masks/brain.self.rh.pr.nii.gz --noreshape --cortex
srcvol = /scratch/groups/lisik3/mcmahoneg/mri_data_anlys/studies/cont_actions/unpackdata/s003/bold/016/masks/brain.nii.gz
srcreg = /scratch/groups/lisik3/mcmahoneg/mri_data_anlys/studies/cont_actions/unpackdata/s003/bold/016/register.dof6.lta
srcregold = 0
srcwarp unspecified
surf = white
hemi = rh
trgsubject = s003
surfreg = sphere.reg
ProjFrac = 0.5
thickness = thickness
reshape = 0
interp = nearest
float2int = round
GetProjMax = 0
INFO: float2int code = 0
INFO: changing type to float
Done loading volume
Input reg is LTA
-------- original matrix -----------
 0.99995   0.00716   0.00745   2.95590;
-0.00598  -0.18655   0.98243  -14.34184;
 0.00843  -0.98242  -0.18650  -2.19818;
 0.00000   0.00000   0.00000   1.00000;
-------- original matrix -----------
Loading label /scratch/groups/lisik3/mcmahoneg/mri_data_anlys/subjects/s003/label/rh.cortex.label
Reading surface /scratch/groups/lisik3/mcmahoneg/mri_data_anlys/subjects/s003/surf/rh.white
Done reading source surface
Reading thickness /scratch/groups/lisik3/mcmahoneg/mri_data_anlys/subjects/s003/surf/rh.thickness
Done
Mapping Source Volume onto Source Subject Surface
 1 0.5 0.5 0.5
using old
Done mapping volume to surface
Number of source voxels hit = 15414
Masking with /scratch/groups/lisik3/mcmahoneg/mri_data_anlys/subjects/s003/label/rh.cortex.label
Writing to /scratch/groups/lisik3/mcmahoneg/mri_data_anlys/studies/cont_actions/unpackdata/s003/bold/016/masks/brain.self.rh.pr.nii.gz
Dim: 147229 1 1
mri_binarize --i /scratch/groups/lisik3/mcmahoneg/mri_data_anlys/studies/cont_actions/unpackdata/s003/bold/016/masks/brain.self.rh.pr.nii.gz --min .00001 --o /scratch/groups/lisik3/mcmahoneg/mri_data_anlys/studies/cont_actions/unpackdata/s003/bold/016/masks/brain.self.rh.pr.nii.gz

$Id: mri_binarize.c,v 1.43 2016/06/09 20:46:21 greve Exp $
cwd /scratch/groups/lisik3/mcmahoneg/mri_data_anlys/studies/cont_actions/analysis
cmdline mri_binarize.bin --i /scratch/groups/lisik3/mcmahoneg/mri_data_anlys/studies/cont_actions/unpackdata/s003/bold/016/masks/brain.self.rh.pr.nii.gz --min .00001 --o /scratch/groups/lisik3/mcmahoneg/mri_data_anlys/studies/cont_actions/unpackdata/s003/bold/016/masks/brain.self.rh.pr.nii.gz 
sysname  Linux
hostname compute0197
machine  x86_64
user     emcmaho7@jhu.edu

input      /scratch/groups/lisik3/mcmahoneg/mri_data_anlys/studies/cont_actions/unpackdata/s003/bold/016/masks/brain.self.rh.pr.nii.gz
frame      0
nErode3d   0
nErode2d   0
output     /scratch/groups/lisik3/mcmahoneg/mri_data_anlys/studies/cont_actions/unpackdata/s003/bold/016/masks/brain.self.rh.pr.nii.gz
Binarizing based on threshold
min        1e-05
max        +infinity
binval        1
binvalnot     0
fstart = 0, fend = 0, nframes = 1
Found 138701 values in range
Counting number of voxels in first frame
Found 138701 voxels in final mask
Count: 138701 138701.000000 147229 94.207663
mri_binarize done
mri_concat --o /scratch/groups/lisik3/mcmahoneg/mri_data_anlys/studies/cont_actions/unpackdata/s003/bold/masks/brain.self.rh.pr.nii.gz --mean /scratch/groups/lisik3/mcmahoneg/mri_data_anlys/studies/cont_actions/unpackdata/s003/bold/007/masks/brain.self.rh.pr.nii.gz /scratch/groups/lisik3/mcmahoneg/mri_data_anlys/studies/cont_actions/unpackdata/s003/bold/016/masks/brain.self.rh.pr.nii.gz
ninputs = 2
Checking inputs
nframestot = 2
Allocing output
Done allocing
nframes = 2
Computing mean across frames
Writing to /scratch/groups/lisik3/mcmahoneg/mri_data_anlys/studies/cont_actions/unpackdata/s003/bold/masks/brain.self.rh.pr.nii.gz
mri_binarize --i /scratch/groups/lisik3/mcmahoneg/mri_data_anlys/studies/cont_actions/unpackdata/s003/bold/masks/brain.self.rh.pr.nii.gz --min 10e-10 --o /scratch/groups/lisik3/mcmahoneg/mri_data_anlys/studies/cont_actions/unpackdata/s003/bold/masks/brain.self.rh.pr.nii.gz

$Id: mri_binarize.c,v 1.43 2016/06/09 20:46:21 greve Exp $
cwd /scratch/groups/lisik3/mcmahoneg/mri_data_anlys/studies/cont_actions/analysis
cmdline mri_binarize.bin --i /scratch/groups/lisik3/mcmahoneg/mri_data_anlys/studies/cont_actions/unpackdata/s003/bold/masks/brain.self.rh.pr.nii.gz --min 10e-10 --o /scratch/groups/lisik3/mcmahoneg/mri_data_anlys/studies/cont_actions/unpackdata/s003/bold/masks/brain.self.rh.pr.nii.gz 
sysname  Linux
hostname compute0197
machine  x86_64
user     emcmaho7@jhu.edu

input      /scratch/groups/lisik3/mcmahoneg/mri_data_anlys/studies/cont_actions/unpackdata/s003/bold/masks/brain.self.rh.pr.nii.gz
frame      0
nErode3d   0
nErode2d   0
output     /scratch/groups/lisik3/mcmahoneg/mri_data_anlys/studies/cont_actions/unpackdata/s003/bold/masks/brain.self.rh.pr.nii.gz
Binarizing based on threshold
min        1e-09
max        +infinity
binval        1
binvalnot     0
fstart = 0, fend = 0, nframes = 1
Found 138940 values in range
Counting number of voxels in first frame
Found 138940 voxels in final mask
Count: 138940 138940.000000 147229 94.369995
mri_binarize done
  1/1 s003 007 rh ---------
    Wed Mar  4 16:18:12 EST 2020
mri_vol2surf --mov /scratch/groups/lisik3/mcmahoneg/mri_data_anlys/studies/cont_actions/unpackdata/s003/bold/007/fmcpr.nii.gz --reg /scratch/groups/lisik3/mcmahoneg/mri_data_anlys/studies/cont_actions/unpackdata/s003/bold/007/register.dof6.lta --trgsubject s003 --interp trilin --projfrac 0.5 --hemi rh --o /scratch/groups/lisik3/mcmahoneg/mri_data_anlys/studies/cont_actions/unpackdata/s003/bold/007/fmcpr.sm5.self.rh.nii.gz --noreshape --cortex
srcvol = /scratch/groups/lisik3/mcmahoneg/mri_data_anlys/studies/cont_actions/unpackdata/s003/bold/007/fmcpr.nii.gz
srcreg = /scratch/groups/lisik3/mcmahoneg/mri_data_anlys/studies/cont_actions/unpackdata/s003/bold/007/register.dof6.lta
srcregold = 0
srcwarp unspecified
surf = white
hemi = rh
trgsubject = s003
surfreg = sphere.reg
ProjFrac = 0.5
thickness = thickness
reshape = 0
interp = trilin
float2int = round
GetProjMax = 0
INFO: float2int code = 0
Done loading volume
Input reg is LTA
-------- original matrix -----------
 0.99997   0.00610   0.00480   2.98293;
-0.00358  -0.18558   0.98262  -12.47279;
 0.00688  -0.98261  -0.18555  -2.64361;
 0.00000   0.00000   0.00000   1.00000;
-------- original matrix -----------
Loading label /scratch/groups/lisik3/mcmahoneg/mri_data_anlys/subjects/s003/label/rh.cortex.label
Reading surface /scratch/groups/lisik3/mcmahoneg/mri_data_anlys/subjects/s003/surf/rh.white
Done reading source surface
Reading thickness /scratch/groups/lisik3/mcmahoneg/mri_data_anlys/subjects/s003/surf/rh.thickness
Done
Mapping Source Volume onto Source Subject Surface
 1 0.5 0.5 0.5
using old
Done mapping volume to surface
Number of source voxels hit = 15402
Masking with /scratch/groups/lisik3/mcmahoneg/mri_data_anlys/subjects/s003/label/rh.cortex.label
Writing to /scratch/groups/lisik3/mcmahoneg/mri_data_anlys/studies/cont_actions/unpackdata/s003/bold/007/fmcpr.sm5.self.rh.nii.gz
Dim: 147229 1 1
mris_fwhm --s s003 --hemi rh --smooth-only --i /scratch/groups/lisik3/mcmahoneg/mri_data_anlys/studies/cont_actions/unpackdata/s003/bold/007/fmcpr.sm5.self.rh.nii.gz --fwhm 5 --o /scratch/groups/lisik3/mcmahoneg/mri_data_anlys/studies/cont_actions/unpackdata/s003/bold/007/fmcpr.sm5.self.rh.nii.gz --mask /scratch/groups/lisik3/mcmahoneg/mri_data_anlys/studies/cont_actions/unpackdata/s003/bold/007/masks/brain.self.rh.nii.gz --no-detrend
s003 rh white
Number of vertices 147229
Number of faces    294454
Total area         101110.984375
GroupSurface 0
AvgVtxArea       0.686760
AvgVtxDist       0.905864
StdVtxDist       0.252122
Loading mask /scratch/groups/lisik3/mcmahoneg/mri_data_anlys/studies/cont_actions/unpackdata/s003/bold/007/masks/brain.self.rh.nii.gz
Found 138940 voxels in mask
Not Polynomial detrending
Smoothing input by fwhm=5.000000, gstd=2.123305, niters=13 
Only smoothing, so saving and exiting now
  1/1 s003 016 rh ---------
    Wed Mar  4 16:18:42 EST 2020
mri_vol2surf --mov /scratch/groups/lisik3/mcmahoneg/mri_data_anlys/studies/cont_actions/unpackdata/s003/bold/016/fmcpr.nii.gz --reg /scratch/groups/lisik3/mcmahoneg/mri_data_anlys/studies/cont_actions/unpackdata/s003/bold/016/register.dof6.lta --trgsubject s003 --interp trilin --projfrac 0.5 --hemi rh --o /scratch/groups/lisik3/mcmahoneg/mri_data_anlys/studies/cont_actions/unpackdata/s003/bold/016/fmcpr.sm5.self.rh.nii.gz --noreshape --cortex
srcvol = /scratch/groups/lisik3/mcmahoneg/mri_data_anlys/studies/cont_actions/unpackdata/s003/bold/016/fmcpr.nii.gz
srcreg = /scratch/groups/lisik3/mcmahoneg/mri_data_anlys/studies/cont_actions/unpackdata/s003/bold/016/register.dof6.lta
srcregold = 0
srcwarp unspecified
surf = white
hemi = rh
trgsubject = s003
surfreg = sphere.reg
ProjFrac = 0.5
thickness = thickness
reshape = 0
interp = trilin
float2int = round
GetProjMax = 0
INFO: float2int code = 0
Done loading volume
Input reg is LTA
-------- original matrix -----------
 0.99995   0.00716   0.00745   2.95590;
-0.00598  -0.18655   0.98243  -14.34184;
 0.00843  -0.98242  -0.18650  -2.19818;
 0.00000   0.00000   0.00000   1.00000;
-------- original matrix -----------
Loading label /scratch/groups/lisik3/mcmahoneg/mri_data_anlys/subjects/s003/label/rh.cortex.label
Reading surface /scratch/groups/lisik3/mcmahoneg/mri_data_anlys/subjects/s003/surf/rh.white
Done reading source surface
Reading thickness /scratch/groups/lisik3/mcmahoneg/mri_data_anlys/subjects/s003/surf/rh.thickness
Done
Mapping Source Volume onto Source Subject Surface
 1 0.5 0.5 0.5
using old
Done mapping volume to surface
Number of source voxels hit = 15414
Masking with /scratch/groups/lisik3/mcmahoneg/mri_data_anlys/subjects/s003/label/rh.cortex.label
Writing to /scratch/groups/lisik3/mcmahoneg/mri_data_anlys/studies/cont_actions/unpackdata/s003/bold/016/fmcpr.sm5.self.rh.nii.gz
Dim: 147229 1 1
mris_fwhm --s s003 --hemi rh --smooth-only --i /scratch/groups/lisik3/mcmahoneg/mri_data_anlys/studies/cont_actions/unpackdata/s003/bold/016/fmcpr.sm5.self.rh.nii.gz --fwhm 5 --o /scratch/groups/lisik3/mcmahoneg/mri_data_anlys/studies/cont_actions/unpackdata/s003/bold/016/fmcpr.sm5.self.rh.nii.gz --mask /scratch/groups/lisik3/mcmahoneg/mri_data_anlys/studies/cont_actions/unpackdata/s003/bold/016/masks/brain.self.rh.nii.gz --no-detrend
s003 rh white
Number of vertices 147229
Number of faces    294454
Total area         101110.984375
GroupSurface 0
AvgVtxArea       0.686760
AvgVtxDist       0.905864
StdVtxDist       0.252122
Loading mask /scratch/groups/lisik3/mcmahoneg/mri_data_anlys/studies/cont_actions/unpackdata/s003/bold/016/masks/brain.self.rh.nii.gz
Found 138940 voxels in mask
Not Polynomial detrending
Smoothing input by fwhm=5.000000, gstd=2.123305, niters=13 
Only smoothing, so saving and exiting now

Wed Mar  4 16:19:12 EST 2020
rawfunc2surf-sess completed 
----------------------------------------
Started at Wed Mar 4 16:18:06 EST 2020
Ended   at Wed Mar  4 16:19:12 EST 2020
preproc-sess done
-------------------------------------------
1/1 /scratch/groups/lisik3/mcmahoneg/mri_data_anlys/studies/cont_actions/unpackdata/s003 
Wed Mar  4 16:19:12 EST 2020
anadir = /scratch/groups/lisik3/mcmahoneg/mri_data_anlys/studies/cont_actions/unpackdata/s003/bold/FBO-surface-rh-sm5
    s003 Update needed
MLF is /tmp/selxavg3-sess-19264.m
------------------------------------------
% Wed Mar  4 16:19:12 EST 2020  
% /scratch/groups/lisik3/mcmahoneg/mri_data_anlys/studies/cont_actions/analysis  
%  FBO-surface-rh-sm5  
which fast_selxavg3
which fast_ldanaflac
which MRIread
  
  
fast_selxavg3b('/scratch/groups/lisik3/mcmahoneg/mri_data_anlys/studies/cont_actions/unpackdata/s003/bold/FBO-surface-rh-sm5/sxa3.config.txt')
if(~fast_fileexists('/tmp/selxavg3-sess-19264.ok')); quit; end
%--------------------------------
  
  
quit;
------------------------------------------
------------------------------------------
------- matlab output --------------------
MATLAB is selecting SOFTWARE OPENGL rendering.

                            < M A T L A B (R) >
                  Copyright 1984-2019 The MathWorks, Inc.
                  R2019a (9.6.0.1072779) 64-bit (glnxa64)
                               March 8, 2019

 
To get started, type doc.
For product information, visit www.mathworks.com.
 
>> >> >> >> /software/apps/freesurfer/6.0.0/fsfast/toolbox/fast_selxavg3.m
>> /software/apps/freesurfer/6.0.0/fsfast/toolbox/fast_ldanaflac.m
>> /software/apps/freesurfer/6.0.0/matlab/MRIread.m
>> >> >> starting fast_selxavg3b


#@# s003 ###############################
/scratch/groups/lisik3/mcmahoneg/mri_data_anlys/studies/cont_actions/unpackdata/s003
-------------------------
$Id: fast_selxavg3b.m,v 1.4 2016/05/04 22:16:47 greve Exp $
-------------------------
outtop = /scratch/groups/lisik3/mcmahoneg/mri_data_anlys/studies/cont_actions/unpackdata
Extension format = nii.gz
INFO: key nSliceGroups unrecognized, line 12, skipping
 1 body_object.mat
 2 face_object.mat
 3 fixation.mat
 4 object_face.mat
Excluding 2 points
nruns = 2
autostimdur = 


outanadir = /scratch/groups/lisik3/mcmahoneg/mri_data_anlys/studies/cont_actions/unpackdata/s003/bold/FBO-surface-rh-sm5
Excluding 2 points
Excluding 2 points
parfiles condition id list:  1  2  3 
Found 138940/147229 (94.4) voxels in mask 1
Creating Design Matrix
 ... creation time =  0.006 sec
DoMCFit = 1
ntptot = 270, nX = 17, DOF = 253
Saving X matrix to /scratch/groups/lisik3/mcmahoneg/mri_data_anlys/studies/cont_actions/unpackdata/s003/bold/FBO-surface-rh-sm5/Xtmp.mat
XCond = 41.5568 (normalized)
Computing compensation for resdual AR1 bias
 1  -0.5  -0.48869    (t=0.015873)
 2  -0.25  -0.26046    (t=0.02114)
 3  0  -0.0364514    (t=0.024908)
 4  0.25  0.178541    (t=0.028586)
 5  0.5  0.373745    (t=0.036401)
AR1 Correction M: 0.0538625 1.15428
Computing contrast matrices
OLS Beta Pass 
  run 1    t= 0.0
reading data ... 1.2359
    Global Mean 203995.00
  run 2    t= 2.0
reading data ... 1.2324
    Global Mean 203731.00
Global In-Mask Mean = 203863 (187830)
Rescale Target = 100
RescaleFactor = 0.000490525
OLS Residual Pass 
  run 1    t= 0.0
reading data ... 1.23379
Saving rho1
  run 2    t= 3.3
reading data ... 1.29014
Saving rho1
Smoothing ACF
/software/apps/freesurfer/6.0.0/bin/mris_fwhm --mask /scratch/groups/lisik3/mcmahoneg/mri_data_anlys/studies/cont_actions/unpackdata/s003/bold/FBO-surface-rh-sm5/mask.nii.gz --i /scratch/groups/lisik3/mcmahoneg/mri_data_anlys/studies/cont_actions/unpackdata/s003/bold/FBO-surface-rh-sm5/rho1mn.nii.gz --o /scratch/groups/lisik3/mcmahoneg/mri_data_anlys/studies/cont_actions/unpackdata/s003/bold/FBO-surface-rh-sm5/rho1mn.sm.nii.gz --fwhm 20.000000 --smooth-only --s s003 --hemi rh --sd /scratch/groups/lisik3/mcmahoneg/mri_data_anlys/subjects
s003 rh white
Number of vertices 147229
Number of faces    294454
Total area         101110.984375
GroupSurface 0
AvgVtxArea       0.686760
AvgVtxDist       0.905864
StdVtxDist       0.252122
Loading mask /scratch/groups/lisik3/mcmahoneg/mri_data_anlys/studies/cont_actions/unpackdata/s003/bold/FBO-surface-rh-sm5/mask.nii.gz
Found 138940 voxels in mask
Not Polynomial detrending
Smoothing input by fwhm=20.000000, gstd=8.493218, niters=215 
Only smoothing, so saving and exiting now

Found 0 voxels with corrected AR1 > 0.90
Whitening
Computing whitening matrices
Alloc Sinv: 270 270 30 ...  done t = 0.002523 sec
  seg   1   4631  nrho1 = 0.063
  seg   2   4631  nrho1 = 0.159
  seg   3   4631  nrho1 = 0.233
  seg   4   4631  nrho1 = 0.318
  seg   5   4631  nrho1 = 0.383
  seg   6   4631  nrho1 = 0.430
  seg   7   4631  nrho1 = 0.462
  seg   8   4631  nrho1 = 0.488
  seg   9   4631  nrho1 = 0.511
  seg  10   4631  nrho1 = 0.531
  seg  11   4630  nrho1 = 0.550
  seg  12   4632  nrho1 = 0.565
  seg  13   4631  nrho1 = 0.580
  seg  14   4631  nrho1 = 0.592
  seg  15   4631  nrho1 = 0.603
  seg  16   4631  nrho1 = 0.613
  seg  17   4631  nrho1 = 0.623
  seg  18   4631  nrho1 = 0.634
  seg  19   4631  nrho1 = 0.645
  seg  20   4631  nrho1 = 0.656
  seg  21   4631  nrho1 = 0.667
  seg  22   4631  nrho1 = 0.678
  seg  23   4631  nrho1 = 0.689
  seg  24   4631  nrho1 = 0.701
  seg  25   4631  nrho1 = 0.712
  seg  26   4631  nrho1 = 0.725
  seg  27   4631  nrho1 = 0.741
  seg  28   4631  nrho1 = 0.763
  seg  29   4631  nrho1 = 0.790
  seg  30   4641  nrho1 = 0.840
GLS Beta Pass 
  run 1    t= 0.0
  run 2    t= 1.9
GLS Residual Pass 
  run 1    t= 0.0
  run 2    t= 8.2
Found 8289 zero-valued voxels
Computing contrasts
Starting contrasts
body_object J=1 -------------
Saving efficiency 99.0383
Testing Motion Correction Parameters
  0.36  -1.37   1.20  -1.62  -0.89  -0.86  -0.10   0.13  -0.60  -0.90   0.24   1.01  -1.52   0.07  -0.10   0.13   0.10  -0.13 
face_object J=1 -------------
Saving efficiency 96.6736
Testing Motion Correction Parameters
 -1.38   0.06   0.79   0.04  -0.72   0.94   0.03   0.11  -0.35   0.95   1.78  -0.08  -1.07   0.91   0.03   0.11  -0.03  -0.11 
fixation J=1 -------------
Saving efficiency 112.947
Testing Motion Correction Parameters
  2.20   0.08  -1.71   0.07   2.36  -3.33   1.06   3.15  -1.57  -1.27  -3.33  -0.09   2.94  -3.77   1.06   3.15  -1.06  -3.15 
object_face J=1 -------------
Saving efficiency 96.6736
Testing Motion Correction Parameters
  1.38  -0.06  -0.79  -0.04   0.72  -0.94  -0.03  -0.11   0.35  -0.95  -1.78   0.08   1.07  -0.91  -0.03  -0.11   0.03   0.11 
Saving h.dat to /scratch/groups/lisik3/mcmahoneg/mri_data_anlys/studies/cont_actions/unpackdata/s003/bold/FBO-surface-rh-sm5/h.dat
cputime-min 0.338000
fast_selxavg3 done for /scratch/groups/lisik3/mcmahoneg/mri_data_anlys/studies/cont_actions/unpackdata/s003

ans =

     0

>> >> >> >> >> ------------------------------------------
Started at Wed Mar 4 16:18:06 EST 2020
Ended   at Wed Mar  4 16:20:15 EST 2020
 
selxavg3-sess completed
 
