selxavg3-sess log file
/software/apps/freesurfer/6.0.0/fsfast/bin/selxavg3-sess
-s s001 -df sessdir -analysis FBO-surface-lh-sm5 -svres
$Id: selxavg3-sess,v 1.68 2016/05/10 03:24:18 greve Exp $
uid=3996(emcmaho7@jhu.edu) gid=1405(lisik3) groups=1405(lisik3),1502(mbonner5)
/scratch/groups/lisik3/mcmahoneg/mri_data_anlys/studies/cont_actions/analysis
Linux compute0199 3.10.0-862.9.1.el7.x86_64 #1 SMP Mon Jul 16 16:29:36 UTC 2018 x86_64 x86_64 x86_64 GNU/Linux
Thu Feb 20 14:57:27 EST 2020
preproc-sess -s s001 -d /scratch/groups/lisik3/mcmahoneg/mri_data_anlys/studies/cont_actions/unpackdata -a FBO-surface-lh-sm5 -nolog
--------------------------------------------------------------
preproc-sess logfile is /dev/null
--------------------------------------------------------------
$Id: preproc-sess,v 1.64.2.1 2016/08/02 21:19:09 greve Exp $
emcmaho7@jhu.edu
setenv FREESURFER_HOME /software/apps/freesurfer/6.0.0
setenv SUBJECTS_DIR /scratch/groups/lisik3/mcmahoneg/mri_data_anlys/subjects
Linux compute0199 3.10.0-862.9.1.el7.x86_64 #1 SMP Mon Jul 16 16:29:36 UTC 2018 x86_64 x86_64 x86_64 GNU/Linux
/scratch/groups/lisik3/mcmahoneg/mri_data_anlys/studies/cont_actions/analysis
/software/apps/freesurfer/6.0.0/fsfast/bin/preproc-sess
-s s001 -d /scratch/groups/lisik3/mcmahoneg/mri_data_anlys/studies/cont_actions/unpackdata -a FBO-surface-lh-sm5 -nolog
Thu Feb 20 14:57:28 EST 2020
instem   f 
mc   1     f fmcpr 
stc  0     fmcpr
sm   0   
mask 1   brain
s001 Template -----------------------------
mktemplate-sess -s s001 -d /scratch/groups/lisik3/mcmahoneg/mri_data_anlys/studies/cont_actions/unpackdata -fsd bold -rlf FBO.rlf -nolog -update
 
Session: /scratch/groups/lisik3/mcmahoneg/mri_data_anlys/studies/cont_actions/unpackdata/s001 ----------------
Thu Feb 20 14:57:28 EST 2020
Detected input format at nii
s001 Update not needed
  Run: 006 ----------------
  Thu Feb 20 14:57:28 EST 2020
  s001 006 Update not needed
  Run: 014 ----------------
  Thu Feb 20 14:57:28 EST 2020
  s001 014 Update not needed
Thu Feb 20 14:57:28 EST 2020
mktemplate-sess completed 
s001 Registration -----------------------------
register-sess -s s001 -d /scratch/groups/lisik3/mcmahoneg/mri_data_anlys/studies/cont_actions/unpackdata -fsd bold -delete-dat -dof 6 -bold -rlf FBO.rlf -per-run -nolog -update -init-coreg
--------------------------------------------------------------
register-sess logfile is /dev/null
--------------------------------------------------------------
Thu Feb 20 14:57:28 EST 2020

setenv SUBJECTS_DIR /scratch/groups/lisik3/mcmahoneg/mri_data_anlys/subjects
cd /scratch/groups/lisik3/mcmahoneg/mri_data_anlys/studies/cont_actions/analysis
/software/apps/freesurfer/6.0.0/fsfast/bin/register-sess -s s001 -d /scratch/groups/lisik3/mcmahoneg/mri_data_anlys/studies/cont_actions/unpackdata -fsd bold -delete-dat -dof 6 -bold -rlf FBO.rlf -per-run -nolog -update -init-coreg

freesurfer-Linux-centos6_x86_64-stable-pub-v6.0.0-2beb96c
Linux compute0199 3.10.0-862.9.1.el7.x86_64 #1 SMP Mon Jul 16 16:29:36 UTC 2018 x86_64 x86_64 x86_64 GNU/Linux
 
Session: /scratch/groups/lisik3/mcmahoneg/mri_data_anlys/studies/cont_actions/unpackdata/s001 ----------------
Thu Feb 20 14:57:28 EST 2020
/scratch/groups/lisik3/mcmahoneg/mri_data_anlys/studies/cont_actions/unpackdata/s001
  Run: 006 ----------------
Thu Feb 20 14:57:28 EST 2020
Update not needed
  Run: 014 ----------------
Thu Feb 20 14:57:28 EST 2020
Update not needed
Thu Feb 20 14:57:28 EST 2020
register-sess completed 
s001 Mask ------------------------
mkbrainmask-sess -maskstem brain -fsd bold -s s001 -d /scratch/groups/lisik3/mcmahoneg/mri_data_anlys/studies/cont_actions/unpackdata -per-run -rlf FBO.rlf -nolog -update
------------------------------------------------
/scratch/groups/lisik3/mcmahoneg/mri_data_anlys/studies/cont_actions/unpackdata/s001 
Thu Feb 20 14:57:28 EST 2020
s001 Update not needed for session-level mask
s001 Update not needed for run 006 mask
s001 Update not needed for run 014 mask
s001 Update not needed for run 006 meanval
s001 Update not needed for run 014 meanval
Thu Feb 20 14:57:28 EST 2020
mkbrainmask-sess done
s001 MC -----------------------------
mc-sess -fstem f -fmcstem fmcpr -s s001 -d /scratch/groups/lisik3/mcmahoneg/mri_data_anlys/studies/cont_actions/unpackdata -fsd bold -rlf FBO.rlf -per-run -nolog -update
Logfile is /dev/null
-------------------------------------------
/scratch/groups/lisik3/mcmahoneg/mri_data_anlys/studies/cont_actions/unpackdata/s001 
RunList: 006 014
s001 006 Update not needed
s001 014 Update not needed


Thu Feb 20 14:57:28 EST 2020
mc-sess completed SUCCESSFULLY
s001 To Surface -----------------------------
rawfunc2surf-sess -fwhm 0 -s s001 -d /scratch/groups/lisik3/mcmahoneg/mri_data_anlys/studies/cont_actions/unpackdata -fsd bold -hemi lh -self -rlf FBO.rlf -nolog -update -per-run
instem fmcpr
outstem fmcpr.sm0.self.hemi
------------------------------ 
1/1 s001
  1/1 s001 006 lh ---------
    Thu Feb 20 14:57:28 EST 2020
mri_vol2surf --mov /scratch/groups/lisik3/mcmahoneg/mri_data_anlys/studies/cont_actions/unpackdata/s001/bold/006/masks/brain.nii.gz --reg /scratch/groups/lisik3/mcmahoneg/mri_data_anlys/studies/cont_actions/unpackdata/s001/bold/006/register.dof6.lta --trgsubject s001 --interp nearest --projfrac 0.5 --hemi lh --o /scratch/groups/lisik3/mcmahoneg/mri_data_anlys/studies/cont_actions/unpackdata/s001/bold/006/masks/brain.self.lh.pr.nii.gz --noreshape --cortex
srcvol = /scratch/groups/lisik3/mcmahoneg/mri_data_anlys/studies/cont_actions/unpackdata/s001/bold/006/masks/brain.nii.gz
srcreg = /scratch/groups/lisik3/mcmahoneg/mri_data_anlys/studies/cont_actions/unpackdata/s001/bold/006/register.dof6.lta
srcregold = 0
srcwarp unspecified
surf = white
hemi = lh
trgsubject = s001
surfreg = sphere.reg
ProjFrac = 0.5
thickness = thickness
reshape = 0
interp = nearest
float2int = round
GetProjMax = 0
INFO: float2int code = 0
INFO: changing type to float
Done loading volume
Input reg is LTA
-------- original matrix -----------
 0.99874  -0.04998   0.00464   2.25769;
 0.00033   0.09897   0.99509  -19.49009;
-0.05019  -0.99383   0.09886  -3.04176;
 0.00000   0.00000   0.00000   1.00000;
-------- original matrix -----------
Loading label /scratch/groups/lisik3/mcmahoneg/mri_data_anlys/subjects/s001/label/lh.cortex.label
Reading surface /scratch/groups/lisik3/mcmahoneg/mri_data_anlys/subjects/s001/surf/lh.white
Done reading source surface
Reading thickness /scratch/groups/lisik3/mcmahoneg/mri_data_anlys/subjects/s001/surf/lh.thickness
Done
Mapping Source Volume onto Source Subject Surface
 1 0.5 0.5 0.5
using old
Done mapping volume to surface
Number of source voxels hit = 15053
Masking with /scratch/groups/lisik3/mcmahoneg/mri_data_anlys/subjects/s001/label/lh.cortex.label
Writing to /scratch/groups/lisik3/mcmahoneg/mri_data_anlys/studies/cont_actions/unpackdata/s001/bold/006/masks/brain.self.lh.pr.nii.gz
Dim: 145968 1 1
mri_binarize --i /scratch/groups/lisik3/mcmahoneg/mri_data_anlys/studies/cont_actions/unpackdata/s001/bold/006/masks/brain.self.lh.pr.nii.gz --min .00001 --o /scratch/groups/lisik3/mcmahoneg/mri_data_anlys/studies/cont_actions/unpackdata/s001/bold/006/masks/brain.self.lh.pr.nii.gz

$Id: mri_binarize.c,v 1.43 2016/06/09 20:46:21 greve Exp $
cwd /scratch/groups/lisik3/mcmahoneg/mri_data_anlys/studies/cont_actions/analysis
cmdline mri_binarize.bin --i /scratch/groups/lisik3/mcmahoneg/mri_data_anlys/studies/cont_actions/unpackdata/s001/bold/006/masks/brain.self.lh.pr.nii.gz --min .00001 --o /scratch/groups/lisik3/mcmahoneg/mri_data_anlys/studies/cont_actions/unpackdata/s001/bold/006/masks/brain.self.lh.pr.nii.gz 
sysname  Linux
hostname compute0199
machine  x86_64
user     emcmaho7@jhu.edu

input      /scratch/groups/lisik3/mcmahoneg/mri_data_anlys/studies/cont_actions/unpackdata/s001/bold/006/masks/brain.self.lh.pr.nii.gz
frame      0
nErode3d   0
nErode2d   0
output     /scratch/groups/lisik3/mcmahoneg/mri_data_anlys/studies/cont_actions/unpackdata/s001/bold/006/masks/brain.self.lh.pr.nii.gz
Binarizing based on threshold
min        1e-05
max        +infinity
binval        1
binvalnot     0
fstart = 0, fend = 0, nframes = 1
Found 137361 values in range
Counting number of voxels in first frame
Found 137361 voxels in final mask
Count: 137361 137361.000000 145968 94.103502
mri_binarize done
  1/1 s001 014 lh ---------
    Thu Feb 20 14:57:31 EST 2020
mri_vol2surf --mov /scratch/groups/lisik3/mcmahoneg/mri_data_anlys/studies/cont_actions/unpackdata/s001/bold/014/masks/brain.nii.gz --reg /scratch/groups/lisik3/mcmahoneg/mri_data_anlys/studies/cont_actions/unpackdata/s001/bold/014/register.dof6.lta --trgsubject s001 --interp nearest --projfrac 0.5 --hemi lh --o /scratch/groups/lisik3/mcmahoneg/mri_data_anlys/studies/cont_actions/unpackdata/s001/bold/014/masks/brain.self.lh.pr.nii.gz --noreshape --cortex
srcvol = /scratch/groups/lisik3/mcmahoneg/mri_data_anlys/studies/cont_actions/unpackdata/s001/bold/014/masks/brain.nii.gz
srcreg = /scratch/groups/lisik3/mcmahoneg/mri_data_anlys/studies/cont_actions/unpackdata/s001/bold/014/register.dof6.lta
srcregold = 0
srcwarp unspecified
surf = white
hemi = lh
trgsubject = s001
surfreg = sphere.reg
ProjFrac = 0.5
thickness = thickness
reshape = 0
interp = nearest
float2int = round
GetProjMax = 0
INFO: float2int code = 0
INFO: changing type to float
Done loading volume
Input reg is LTA
-------- original matrix -----------
 0.99871  -0.04863   0.01440   2.31454;
-0.00863   0.11669   0.99313  -19.78265;
-0.04998  -0.99198   0.11612  -1.39284;
 0.00000   0.00000   0.00000   1.00000;
-------- original matrix -----------
Loading label /scratch/groups/lisik3/mcmahoneg/mri_data_anlys/subjects/s001/label/lh.cortex.label
Reading surface /scratch/groups/lisik3/mcmahoneg/mri_data_anlys/subjects/s001/surf/lh.white
Done reading source surface
Reading thickness /scratch/groups/lisik3/mcmahoneg/mri_data_anlys/subjects/s001/surf/lh.thickness
Done
Mapping Source Volume onto Source Subject Surface
 1 0.5 0.5 0.5
using old
Done mapping volume to surface
Number of source voxels hit = 15090
Masking with /scratch/groups/lisik3/mcmahoneg/mri_data_anlys/subjects/s001/label/lh.cortex.label
Writing to /scratch/groups/lisik3/mcmahoneg/mri_data_anlys/studies/cont_actions/unpackdata/s001/bold/014/masks/brain.self.lh.pr.nii.gz
Dim: 145968 1 1
mri_binarize --i /scratch/groups/lisik3/mcmahoneg/mri_data_anlys/studies/cont_actions/unpackdata/s001/bold/014/masks/brain.self.lh.pr.nii.gz --min .00001 --o /scratch/groups/lisik3/mcmahoneg/mri_data_anlys/studies/cont_actions/unpackdata/s001/bold/014/masks/brain.self.lh.pr.nii.gz

$Id: mri_binarize.c,v 1.43 2016/06/09 20:46:21 greve Exp $
cwd /scratch/groups/lisik3/mcmahoneg/mri_data_anlys/studies/cont_actions/analysis
cmdline mri_binarize.bin --i /scratch/groups/lisik3/mcmahoneg/mri_data_anlys/studies/cont_actions/unpackdata/s001/bold/014/masks/brain.self.lh.pr.nii.gz --min .00001 --o /scratch/groups/lisik3/mcmahoneg/mri_data_anlys/studies/cont_actions/unpackdata/s001/bold/014/masks/brain.self.lh.pr.nii.gz 
sysname  Linux
hostname compute0199
machine  x86_64
user     emcmaho7@jhu.edu

input      /scratch/groups/lisik3/mcmahoneg/mri_data_anlys/studies/cont_actions/unpackdata/s001/bold/014/masks/brain.self.lh.pr.nii.gz
frame      0
nErode3d   0
nErode2d   0
output     /scratch/groups/lisik3/mcmahoneg/mri_data_anlys/studies/cont_actions/unpackdata/s001/bold/014/masks/brain.self.lh.pr.nii.gz
Binarizing based on threshold
min        1e-05
max        +infinity
binval        1
binvalnot     0
fstart = 0, fend = 0, nframes = 1
Found 137412 values in range
Counting number of voxels in first frame
Found 137412 voxels in final mask
Count: 137412 137412.000000 145968 94.138441
mri_binarize done
mri_concat --o /scratch/groups/lisik3/mcmahoneg/mri_data_anlys/studies/cont_actions/unpackdata/s001/bold/masks/brain.self.lh.pr.nii.gz --mean /scratch/groups/lisik3/mcmahoneg/mri_data_anlys/studies/cont_actions/unpackdata/s001/bold/006/masks/brain.self.lh.pr.nii.gz /scratch/groups/lisik3/mcmahoneg/mri_data_anlys/studies/cont_actions/unpackdata/s001/bold/014/masks/brain.self.lh.pr.nii.gz
ninputs = 2
Checking inputs
nframestot = 2
Allocing output
Done allocing
nframes = 2
Computing mean across frames
Writing to /scratch/groups/lisik3/mcmahoneg/mri_data_anlys/studies/cont_actions/unpackdata/s001/bold/masks/brain.self.lh.pr.nii.gz
mri_binarize --i /scratch/groups/lisik3/mcmahoneg/mri_data_anlys/studies/cont_actions/unpackdata/s001/bold/masks/brain.self.lh.pr.nii.gz --min 10e-10 --o /scratch/groups/lisik3/mcmahoneg/mri_data_anlys/studies/cont_actions/unpackdata/s001/bold/masks/brain.self.lh.pr.nii.gz

$Id: mri_binarize.c,v 1.43 2016/06/09 20:46:21 greve Exp $
cwd /scratch/groups/lisik3/mcmahoneg/mri_data_anlys/studies/cont_actions/analysis
cmdline mri_binarize.bin --i /scratch/groups/lisik3/mcmahoneg/mri_data_anlys/studies/cont_actions/unpackdata/s001/bold/masks/brain.self.lh.pr.nii.gz --min 10e-10 --o /scratch/groups/lisik3/mcmahoneg/mri_data_anlys/studies/cont_actions/unpackdata/s001/bold/masks/brain.self.lh.pr.nii.gz 
sysname  Linux
hostname compute0199
machine  x86_64
user     emcmaho7@jhu.edu

input      /scratch/groups/lisik3/mcmahoneg/mri_data_anlys/studies/cont_actions/unpackdata/s001/bold/masks/brain.self.lh.pr.nii.gz
frame      0
nErode3d   0
nErode2d   0
output     /scratch/groups/lisik3/mcmahoneg/mri_data_anlys/studies/cont_actions/unpackdata/s001/bold/masks/brain.self.lh.pr.nii.gz
Binarizing based on threshold
min        1e-09
max        +infinity
binval        1
binvalnot     0
fstart = 0, fend = 0, nframes = 1
Found 137412 values in range
Counting number of voxels in first frame
Found 137412 voxels in final mask
Count: 137412 137412.000000 145968 94.138441
mri_binarize done
  1/1 s001 006 lh ---------
    Thu Feb 20 14:57:33 EST 2020
mri_vol2surf --mov /scratch/groups/lisik3/mcmahoneg/mri_data_anlys/studies/cont_actions/unpackdata/s001/bold/006/fmcpr.nii.gz --reg /scratch/groups/lisik3/mcmahoneg/mri_data_anlys/studies/cont_actions/unpackdata/s001/bold/006/register.dof6.lta --trgsubject s001 --interp trilin --projfrac 0.5 --hemi lh --o /scratch/groups/lisik3/mcmahoneg/mri_data_anlys/studies/cont_actions/unpackdata/s001/bold/006/fmcpr.sm0.self.lh.nii.gz --noreshape --cortex
srcvol = /scratch/groups/lisik3/mcmahoneg/mri_data_anlys/studies/cont_actions/unpackdata/s001/bold/006/fmcpr.nii.gz
srcreg = /scratch/groups/lisik3/mcmahoneg/mri_data_anlys/studies/cont_actions/unpackdata/s001/bold/006/register.dof6.lta
srcregold = 0
srcwarp unspecified
surf = white
hemi = lh
trgsubject = s001
surfreg = sphere.reg
ProjFrac = 0.5
thickness = thickness
reshape = 0
interp = trilin
float2int = round
GetProjMax = 0
INFO: float2int code = 0
Done loading volume
Input reg is LTA
-------- original matrix -----------
 0.99874  -0.04998   0.00464   2.25769;
 0.00033   0.09897   0.99509  -19.49009;
-0.05019  -0.99383   0.09886  -3.04176;
 0.00000   0.00000   0.00000   1.00000;
-------- original matrix -----------
Loading label /scratch/groups/lisik3/mcmahoneg/mri_data_anlys/subjects/s001/label/lh.cortex.label
Reading surface /scratch/groups/lisik3/mcmahoneg/mri_data_anlys/subjects/s001/surf/lh.white
Done reading source surface
Reading thickness /scratch/groups/lisik3/mcmahoneg/mri_data_anlys/subjects/s001/surf/lh.thickness
Done
Mapping Source Volume onto Source Subject Surface
 1 0.5 0.5 0.5
using old
Done mapping volume to surface
Number of source voxels hit = 15053
Masking with /scratch/groups/lisik3/mcmahoneg/mri_data_anlys/subjects/s001/label/lh.cortex.label
Writing to /scratch/groups/lisik3/mcmahoneg/mri_data_anlys/studies/cont_actions/unpackdata/s001/bold/006/fmcpr.sm0.self.lh.nii.gz
Dim: 145968 1 1
  1/1 s001 014 lh ---------
    Thu Feb 20 14:57:43 EST 2020
mri_vol2surf --mov /scratch/groups/lisik3/mcmahoneg/mri_data_anlys/studies/cont_actions/unpackdata/s001/bold/014/fmcpr.nii.gz --reg /scratch/groups/lisik3/mcmahoneg/mri_data_anlys/studies/cont_actions/unpackdata/s001/bold/014/register.dof6.lta --trgsubject s001 --interp trilin --projfrac 0.5 --hemi lh --o /scratch/groups/lisik3/mcmahoneg/mri_data_anlys/studies/cont_actions/unpackdata/s001/bold/014/fmcpr.sm0.self.lh.nii.gz --noreshape --cortex
srcvol = /scratch/groups/lisik3/mcmahoneg/mri_data_anlys/studies/cont_actions/unpackdata/s001/bold/014/fmcpr.nii.gz
srcreg = /scratch/groups/lisik3/mcmahoneg/mri_data_anlys/studies/cont_actions/unpackdata/s001/bold/014/register.dof6.lta
srcregold = 0
srcwarp unspecified
surf = white
hemi = lh
trgsubject = s001
surfreg = sphere.reg
ProjFrac = 0.5
thickness = thickness
reshape = 0
interp = trilin
float2int = round
GetProjMax = 0
INFO: float2int code = 0
Done loading volume
Input reg is LTA
-------- original matrix -----------
 0.99871  -0.04863   0.01440   2.31454;
-0.00863   0.11669   0.99313  -19.78265;
-0.04998  -0.99198   0.11612  -1.39284;
 0.00000   0.00000   0.00000   1.00000;
-------- original matrix -----------
Loading label /scratch/groups/lisik3/mcmahoneg/mri_data_anlys/subjects/s001/label/lh.cortex.label
Reading surface /scratch/groups/lisik3/mcmahoneg/mri_data_anlys/subjects/s001/surf/lh.white
Done reading source surface
Reading thickness /scratch/groups/lisik3/mcmahoneg/mri_data_anlys/subjects/s001/surf/lh.thickness
Done
Mapping Source Volume onto Source Subject Surface
 1 0.5 0.5 0.5
using old
Done mapping volume to surface
Number of source voxels hit = 15090
Masking with /scratch/groups/lisik3/mcmahoneg/mri_data_anlys/subjects/s001/label/lh.cortex.label
Writing to /scratch/groups/lisik3/mcmahoneg/mri_data_anlys/studies/cont_actions/unpackdata/s001/bold/014/fmcpr.sm0.self.lh.nii.gz
Dim: 145968 1 1

Thu Feb 20 14:57:53 EST 2020
rawfunc2surf-sess completed 
----------------------------------------
Started at Thu Feb 20 14:57:28 EST 2020
Ended   at Thu Feb 20 14:57:53 EST 2020
preproc-sess done
-------------------------------------------
1/1 /scratch/groups/lisik3/mcmahoneg/mri_data_anlys/studies/cont_actions/unpackdata/s001 
Thu Feb 20 14:57:53 EST 2020
anadir = /scratch/groups/lisik3/mcmahoneg/mri_data_anlys/studies/cont_actions/unpackdata/s001/bold/FBO-surface-lh-sm5
    s001 Update needed
MLF is /tmp/selxavg3-sess-30724.m
------------------------------------------
% Thu Feb 20 14:57:53 EST 2020  
% /scratch/groups/lisik3/mcmahoneg/mri_data_anlys/studies/cont_actions/analysis  
%  FBO-surface-lh-sm5  
which fast_selxavg3
which fast_ldanaflac
which MRIread
  
  
fast_selxavg3b('/scratch/groups/lisik3/mcmahoneg/mri_data_anlys/studies/cont_actions/unpackdata/s001/bold/FBO-surface-lh-sm5/sxa3.config.txt')
if(~fast_fileexists('/tmp/selxavg3-sess-30724.ok')); quit; end
%--------------------------------
  
  
quit;
------------------------------------------
------------------------------------------
------- matlab output --------------------
MATLAB is selecting SOFTWARE OPENGL rendering.

                            < M A T L A B (R) >
                  Copyright 1984-2019 The MathWorks, Inc.
                  R2019a (9.6.0.1072779) 64-bit (glnxa64)
                               March 8, 2019

 
To get started, type doc.
For product information, visit www.mathworks.com.
 
>> >> >> >> /software/apps/freesurfer/6.0.0/fsfast/toolbox/fast_selxavg3.m
>> /software/apps/freesurfer/6.0.0/fsfast/toolbox/fast_ldanaflac.m
>> /software/apps/freesurfer/6.0.0/matlab/MRIread.m
>> >> >> starting fast_selxavg3b


#@# s001 ###############################
/scratch/groups/lisik3/mcmahoneg/mri_data_anlys/studies/cont_actions/unpackdata/s001
-------------------------
$Id: fast_selxavg3b.m,v 1.4 2016/05/04 22:16:47 greve Exp $
-------------------------
outtop = /scratch/groups/lisik3/mcmahoneg/mri_data_anlys/studies/cont_actions/unpackdata
Extension format = nii.gz
INFO: key nSliceGroups unrecognized, line 12, skipping
 1 body_object.mat
 2 face_object.mat
 3 fixation.mat
 4 object_face.mat
Excluding 2 points
nruns = 2
autostimdur = 


outanadir = /scratch/groups/lisik3/mcmahoneg/mri_data_anlys/studies/cont_actions/unpackdata/s001/bold/FBO-surface-lh-sm5
Excluding 2 points
Excluding 2 points
parfiles condition id list:  1  2  3 
ERROR: found 3 non-null conditions, expected 4
------------------------------------------
