selxavg3-sess log file
/software/apps/freesurfer/6.0.0/fsfast/bin/selxavg3-sess
-s s001 -df sessdir -analysis maintask-surface-lh-sm0 -svres -run-wise
$Id: selxavg3-sess,v 1.68 2016/05/10 03:24:18 greve Exp $
uid=3996(emcmaho7@jhu.edu) gid=1405(lisik3) groups=1405(lisik3),1502(mbonner5)
/scratch/groups/lisik3/mcmahoneg/mri_data_anlys/studies/cont_actions/analysis
Linux compute0200 3.10.0-862.9.1.el7.x86_64 #1 SMP Mon Jul 16 16:29:36 UTC 2018 x86_64 x86_64 x86_64 GNU/Linux
Thu Feb 27 09:52:56 EST 2020
preproc-sess -s s001 -d /scratch/groups/lisik3/mcmahoneg/mri_data_anlys/studies/cont_actions/unpackdata -a maintask-surface-lh-sm0 -nolog
--------------------------------------------------------------
preproc-sess logfile is /dev/null
--------------------------------------------------------------
$Id: preproc-sess,v 1.64.2.1 2016/08/02 21:19:09 greve Exp $
emcmaho7@jhu.edu
setenv FREESURFER_HOME /software/apps/freesurfer/6.0.0
setenv SUBJECTS_DIR /scratch/groups/lisik3/mcmahoneg/mri_data_anlys/subjects
Linux compute0200 3.10.0-862.9.1.el7.x86_64 #1 SMP Mon Jul 16 16:29:36 UTC 2018 x86_64 x86_64 x86_64 GNU/Linux
/scratch/groups/lisik3/mcmahoneg/mri_data_anlys/studies/cont_actions/analysis
/software/apps/freesurfer/6.0.0/fsfast/bin/preproc-sess
-s s001 -d /scratch/groups/lisik3/mcmahoneg/mri_data_anlys/studies/cont_actions/unpackdata -a maintask-surface-lh-sm0 -nolog
Thu Feb 27 09:52:57 EST 2020
instem   f 
mc   1     f fmc 
stc  0     fmc
sm   0   
mask 1   brain
s001 Template -----------------------------
mktemplate-sess -s s001 -d /scratch/groups/lisik3/mcmahoneg/mri_data_anlys/studies/cont_actions/unpackdata -fsd bold -rlf maintask.rlf -nolog -update
 
Session: /scratch/groups/lisik3/mcmahoneg/mri_data_anlys/studies/cont_actions/unpackdata/s001 ----------------
Thu Feb 27 09:52:57 EST 2020
Detected input format at nii
/scratch/groups/lisik3/mcmahoneg/mri_data_anlys/studies/cont_actions/analysis
mri_convert /scratch/groups/lisik3/mcmahoneg/mri_data_anlys/studies/cont_actions/unpackdata/s001/bold/003/f.nii /scratch/groups/lisik3/mcmahoneg/mri_data_anlys/studies/cont_actions/unpackdata/s001/bold/template.nii.gz --frame 0
mri_convert.bin /scratch/groups/lisik3/mcmahoneg/mri_data_anlys/studies/cont_actions/unpackdata/s001/bold/003/f.nii /scratch/groups/lisik3/mcmahoneg/mri_data_anlys/studies/cont_actions/unpackdata/s001/bold/template.nii.gz --frame 0 
$Id: mri_convert.c,v 1.226 2016/02/26 16:15:24 mreuter Exp $
reading from /scratch/groups/lisik3/mcmahoneg/mri_data_anlys/studies/cont_actions/unpackdata/s001/bold/003/f.nii...
TR=2000.00, TE=0.00, TI=0.00, flip angle=0.00
i_ras = (-0.99843, 0.0560047, -0.000214797)
j_ras = (0.0558209, 0.99483, -0.0848416)
k_ras = (0.00453784, 0.0847204, 0.996394)
keeping frame 0
writing to /scratch/groups/lisik3/mcmahoneg/mri_data_anlys/studies/cont_actions/unpackdata/s001/bold/template.nii.gz...
  Run: 003 ----------------
  Thu Feb 27 09:53:00 EST 2020
  s001 003 Update not needed
  Run: 004 ----------------
  Thu Feb 27 09:53:00 EST 2020
  s001 004 Update not needed
  Run: 007 ----------------
  Thu Feb 27 09:53:00 EST 2020
  s001 007 Update not needed
  Run: 008 ----------------
  Thu Feb 27 09:53:00 EST 2020
  s001 008 Update not needed
  Run: 011 ----------------
  Thu Feb 27 09:53:00 EST 2020
  s001 011 Update not needed
  Run: 012 ----------------
  Thu Feb 27 09:53:01 EST 2020
  s001 012 Update not needed
  Run: 015 ----------------
  Thu Feb 27 09:53:01 EST 2020
  s001 015 Update not needed
  Run: 016 ----------------
  Thu Feb 27 09:53:01 EST 2020
  s001 016 Update not needed
  Run: 019 ----------------
  Thu Feb 27 09:53:01 EST 2020
  s001 019 Update not needed
  Run: 020 ----------------
  Thu Feb 27 09:53:01 EST 2020
  s001 020 Update not needed
Thu Feb 27 09:53:01 EST 2020
mktemplate-sess completed 
s001 Registration -----------------------------
register-sess -s s001 -d /scratch/groups/lisik3/mcmahoneg/mri_data_anlys/studies/cont_actions/unpackdata -fsd bold -delete-dat -dof 6 -bold -rlf maintask.rlf -per-session -nolog -update -init-coreg
--------------------------------------------------------------
register-sess logfile is /dev/null
--------------------------------------------------------------
Thu Feb 27 09:53:01 EST 2020

setenv SUBJECTS_DIR /scratch/groups/lisik3/mcmahoneg/mri_data_anlys/subjects
cd /scratch/groups/lisik3/mcmahoneg/mri_data_anlys/studies/cont_actions/analysis
/software/apps/freesurfer/6.0.0/fsfast/bin/register-sess -s s001 -d /scratch/groups/lisik3/mcmahoneg/mri_data_anlys/studies/cont_actions/unpackdata -fsd bold -delete-dat -dof 6 -bold -rlf maintask.rlf -per-session -nolog -update -init-coreg

freesurfer-Linux-centos6_x86_64-stable-pub-v6.0.0-2beb96c
Linux compute0200 3.10.0-862.9.1.el7.x86_64 #1 SMP Mon Jul 16 16:29:36 UTC 2018 x86_64 x86_64 x86_64 GNU/Linux
 
Session: /scratch/groups/lisik3/mcmahoneg/mri_data_anlys/studies/cont_actions/unpackdata/s001 ----------------
Thu Feb 27 09:53:01 EST 2020
--------------------------------------
/scratch/groups/lisik3/mcmahoneg/mri_data_anlys/studies/cont_actions/unpackdata/s001
bbregister --s s001 --init-coreg --6 --bold --mov bold/template.nii.gz --reg bold/register.dof6.dat --lta bold/register.dof6.lta --init-reg-out bold/init.register.dof6.dat
tmp bold/tmp.bbregister.9752
mv: cannot move 'bold/register.dof6.dat.log' to 'bold/register.dof6.dat.log.old': No such file or directory
Log file is bold/register.dof6.dat.log
Thu Feb 27 09:53:01 EST 2020

setenv SUBJECTS_DIR /scratch/groups/lisik3/mcmahoneg/mri_data_anlys/subjects
cd /scratch/groups/lisik3/mcmahoneg/mri_data_anlys/studies/cont_actions/unpackdata/s001
/software/apps/freesurfer/6.0.0/bin/bbregister --s s001 --init-coreg --6 --bold --mov bold/template.nii.gz --reg bold/register.dof6.dat --lta bold/register.dof6.lta --init-reg-out bold/init.register.dof6.dat

$Id: bbregister,v 1.75 2016/05/10 20:02:28 greve Exp $
Linux compute0200 3.10.0-862.9.1.el7.x86_64 #1 SMP Mon Jul 16 16:29:36 UTC 2018 x86_64 x86_64 x86_64 GNU/Linux
FREESURFER_HOME /software/apps/freesurfer/6.0.0
mri_convert bold/template.nii.gz bold/tmp.bbregister.9752/template.nii
mri_convert.bin bold/template.nii.gz bold/tmp.bbregister.9752/template.nii 
$Id: mri_convert.c,v 1.226 2016/02/26 16:15:24 mreuter Exp $
reading from bold/template.nii.gz...
TR=2000.00, TE=0.00, TI=0.00, flip angle=0.00
i_ras = (-0.99843, 0.0560047, -0.000214797)
j_ras = (0.0558209, 0.99483, -0.0848416)
k_ras = (0.00453784, 0.0847204, 0.996394)
writing to bold/tmp.bbregister.9752/template.nii...
mri_coreg --s s001 --mov bold/tmp.bbregister.9752/template.nii --regdat bold/tmp.bbregister.9752/reg.init.dat --reg bold/tmp.bbregister.9752/mri_coreg.lta --nthreads 1 --dof 6 --sep 4 --ftol .0001 --linmintol .01

$Id: mri_coreg.c,v 1.27 2016/04/30 15:11:49 greve Exp $
cwd /scratch/groups/lisik3/mcmahoneg/mri_data_anlys/studies/cont_actions/unpackdata/s001
cmdline mri_coreg --s s001 --mov bold/tmp.bbregister.9752/template.nii --regdat bold/tmp.bbregister.9752/reg.init.dat --reg bold/tmp.bbregister.9752/mri_coreg.lta --nthreads 1 --dof 6 --sep 4 --ftol .0001 --linmintol .01 
sysname  Linux
hostname compute0200
machine  x86_64
user     emcmaho7@jhu.edu
dof    6
nsep    1
cras0    1
ftol    0.000100
linmintol    0.010000
bf       1
bflim    30.000000
bfnsamp    30
SmoothRef 0
SatPct    99.990000
MovOOB 0
optschema 1
Reading in mov bold/tmp.bbregister.9752/template.nii
Reading in ref /scratch/groups/lisik3/mcmahoneg/mri_data_anlys/subjects/s001/mri/brainmask.mgz
Reading in and applying refmask /scratch/groups/lisik3/mcmahoneg/mri_data_anlys/subjects/s001/mri/aparc+aseg.mgz
Setting cras translation parameters to align centers
Creating random numbers for coordinate dithering
Performing intensity dithering
Initial parameters -0.0564 -0.5063 17.9268  0.0000  0.0000  0.0000  1.0000  1.0000  1.0000  0.0000  0.0000  0.0000 
Separation list (1):  4   min = 4
DoSmoothing 1
DoCoordDither 1
DoIntensityDither 1
nitersmax 4
ftol 1.000e-04
linmintol 1.000e-02
SatPct 99.990000
Hist FWHM 7.000000 7.000000
nthreads 1
movsat = 170327.2656
mov gstd 1.4186 1.4186 0.9458
Smoothing mov
refsat = 119.0000
ref gstd 1.8914 1.8914 1.8914
Smoothing ref
COREGpreproc() done
Testing if mov and target overlap
Init cost   -1.0559759098
nhits = 85243 out of 16777216, Percent Overlap:  32.5
Initial  RefRAS-to-MovRAS
 1.00000   0.00000   0.00000  -0.05641;
 0.00000   1.00000   0.00000  -0.50630;
 0.00000   0.00000   1.00000   17.92677;
 0.00000   0.00000   0.00000   1.00000;
Initial  RefVox-to-MovVox
 0.36307   0.00008   0.02037  -9.39739;
-0.02030   0.03085   0.36176  -7.96941;
-0.00130  -0.28470   0.02421   49.87767;
 0.00000   0.00000   0.00000   1.00000;
sep = 4 -----------------------------------
COREGoptBruteForce() 30 1 30
Turning on MovOOB for BruteForce Search
#BF# sep= 4 iter=0 lim=30.0 delta=2.00  -0.05641   1.49370   5.92677   0.00000   2.00000   0.00000   -1.0438317
Turning  MovOOB back off after brute force search


---------------------------------
Init Powel Params dof = 6
Starting OpenPowel2(), sep = 4
InitialCost        -1.0714645386 
#@#  4  188  -0.05641 1.49370 5.92677 0.00000 2.00000 0.00000   -1.0714645
fs_powell::minimize
  nparams 6
  maxfev 4
  ftol   0.000100
  linmin_xtol_   0.010000
  powell nthiter 0: fret = -1.071465
#@#  4  195  -0.30385 1.49370 5.92677 0.00000 2.00000 0.00000   -1.0714886
#@#  4  200  -0.30385 -0.12434 5.92677 0.00000 2.00000 0.00000   -1.0716785
#@#  4  201  -0.30385 0.48544 5.92677 0.00000 2.00000 0.00000   -1.0718101
#@#  4  205  -0.30385 0.50933 5.92677 0.00000 2.00000 0.00000   -1.0718108
#@#  4  206  -0.30385 0.57291 5.92677 0.00000 2.00000 0.00000   -1.0718138
#@#  4  209  -0.30385 0.58291 5.92677 0.00000 2.00000 0.00000   -1.0718144
#@#  4  213  -0.30385 0.58291 4.30874 0.00000 2.00000 0.00000   -1.0724044
#@#  4  217  -0.30385 0.58291 4.54481 0.00000 2.00000 0.00000   -1.0724273
#@#  4  222  -0.30385 0.58291 4.54481 -1.61803 2.00000 0.00000   -1.0725625
#@#  4  223  -0.30385 0.58291 4.54481 -1.01885 2.00000 0.00000   -1.0726202
#@#  4  239  -0.30385 0.58291 4.54481 -1.01885 1.38197 0.00000   -1.0727174
#@#  4  241  -0.30385 0.58291 4.54481 -1.01885 1.31979 0.00000   -1.0727178
#@#  4  250  -0.30385 0.58291 4.54481 -1.01885 1.31979 -0.61803   -1.0727409
#@#  4  252  -0.30385 0.58291 4.54481 -1.01885 1.31979 -0.47794   -1.0727443
#@#  4  253  -0.30385 0.58291 4.54481 -1.01885 1.31979 -0.45502   -1.0727460
#@#  4  254  -0.30385 0.58291 4.54481 -1.01885 1.31979 -0.28122   -1.0727463
  powell nthiter 1: fret = -1.072746
#@#  4  267  0.07812 0.58291 4.54481 -1.01885 1.31979 -0.28122   -1.0728110
#@#  4  275  0.07812 0.96487 4.54481 -1.01885 1.31979 -0.28122   -1.0729160
#@#  4  277  0.07812 1.02725 4.54481 -1.01885 1.31979 -0.28122   -1.0729175
#@#  4  278  0.07812 1.01725 4.54481 -1.01885 1.31979 -0.28122   -1.0729176
#@#  4  284  0.07812 1.01725 3.92677 -1.01885 1.31979 -0.28122   -1.0729467
#@#  4  286  0.07812 1.01725 4.15028 -1.01885 1.31979 -0.28122   -1.0729594
#@#  4  295  0.07812 1.01725 4.15028 -1.63688 1.31979 -0.28122   -1.0729806
#@#  4  297  0.07812 1.01725 4.15028 -1.43944 1.31979 -0.28122   -1.0729963
#@#  4  305  0.07812 1.01725 4.15028 -1.43944 0.70176 -0.28122   -1.0730805
#@#  4  307  0.07812 1.01725 4.15028 -1.43944 0.81376 -0.28122   -1.0730823
#@#  4  312  0.07812 1.01725 4.15028 -1.43944 0.80014 -0.28122   -1.0730829
#@#  4  321  0.07812 1.01725 4.15028 -1.43944 0.80014 -0.24614   -1.0730841
#@#  4  326  0.46008 1.45160 3.75576 -1.86002 0.28050 -0.21106   -1.0731913
  powell nthiter 2: fret = -1.073084
Powell done niters total = 2
OptTimeSec 11.4 sec
OptTimeMin  0.19 min
nEvals 391
Final parameters   0.28325853   1.31689203   4.07078648  -1.67473900   0.60259837  -0.26536337 
Final cost   -1.073173271972287
 

---------------------------------
mri_coreg utimesec    67.444211
mri_coreg stimesec    0.406898
mri_coreg ru_maxrss   420980
mri_coreg ru_ixrss    0
mri_coreg ru_idrss    0
mri_coreg ru_isrss    0
mri_coreg ru_minflt   302751
mri_coreg ru_majflt   1
mri_coreg ru_nswap    0
mri_coreg ru_inblock  7416
mri_coreg ru_oublock  16
mri_coreg ru_msgsnd   0
mri_coreg ru_msgrcv   0
mri_coreg ru_nsignals 0
mri_coreg ru_nvcsw    98
mri_coreg ru_nivcsw   423
Final  RefRAS-to-MovRAS
 0.99993  -0.00463   0.01052   0.28326;
 0.00494   0.99956  -0.02922   1.31689;
-0.01038   0.02927   0.99952   4.07079;
 0.00000   0.00000   0.00000   1.00000;
Final  RefVox-to-MovVox
 0.36294   0.00449   0.02204  -10.37386;
-0.02240   0.04120   0.36060  -8.10655;
 0.00154  -0.28386   0.03252   44.45550;
 0.00000   0.00000   0.00000   1.00000;
Final parameters  0.2833  1.3169  4.0708 -1.6747  0.6026 -0.2654 
nhits = 85197 out of 16777216, Percent Overlap:  32.5
mri_coreg RunTimeSec 68.2 sec
To check run:
   tkregisterfv --mov bold/tmp.bbregister.9752/template.nii --targ /scratch/groups/lisik3/mcmahoneg/mri_data_anlys/subjects/s001/mri/brainmask.mgz --reg bold/tmp.bbregister.9752/mri_coreg.lta --s s001 --surfs 

mri_coreg done

mri_segreg --mov bold/tmp.bbregister.9752/template.nii --init-reg bold/tmp.bbregister.9752/reg.init.dat --out-reg bold/tmp.bbregister.9752/bbr.pass1.dat --subsamp-brute 100 --subsamp 100 --tol 1e-4 --tol1d 1e-3 --brute -4 4 4 --surf white --gm-proj-frac 0.5 --gm-gt-wm 0.5
$Id: mri_segreg.c,v 1.113 2016/05/10 03:23:20 greve Exp $
setenv SUBJECTS_DIR /scratch/groups/lisik3/mcmahoneg/mri_data_anlys/subjects
cd /scratch/groups/lisik3/mcmahoneg/mri_data_anlys/studies/cont_actions/unpackdata/s001
mri_segreg --mov bold/tmp.bbregister.9752/template.nii --init-reg bold/tmp.bbregister.9752/reg.init.dat --out-reg bold/tmp.bbregister.9752/bbr.pass1.dat --subsamp-brute 100 --subsamp 100 --tol 1e-4 --tol1d 1e-3 --brute -4 4 4 --surf white --gm-proj-frac 0.5 --gm-gt-wm 0.5 
sysname  Linux
hostname compute0200
machine  x86_64
user     emcmaho7@jhu.edu
movvol bold/tmp.bbregister.9752/template.nii
regfile bold/tmp.bbregister.9752/reg.init.dat
subject s001
dof 6
outregfile bold/tmp.bbregister.9752/bbr.pass1.dat
UseMask 0
UseLH 1
UseRH 1
nsubsamp 100
PenaltySign  -1
PenaltySlope 0.500000
PenaltyCenter 0.000000
surfname white
GMProjFrac 0.500000
WMProjAbs 2.000000
lhcostfile (null)
rhcostfile (null)
interp  trilinear (1)
frame  0
TolPowell 0.000100
nMaxItersPowell 36
n1dmin  3
Profile   0
Gdiag_no  -1
AddNoise  0 (0)
SynthSeed 1583600442
TransRandMax 0.000000
RotRandMax 0.000000
Translations 0.000000 0.000000 0.000000
Rotations   0.000000 0.000000 0.000000
Input reg
 0.99809  -0.06060   0.01235   1.43558;
-0.00538   0.11383   0.99349  -15.81641;
-0.06161  -0.99165   0.11329  -1.25298;
 0.00000   0.00000   0.00000   1.00000;

Loading mov
Projecting LH Surfs
Loading lh.white surf
Loading lh.thickness for GM
GM Proj: 1 0.500000 2.000000
WM Proj: 0 0.500000 2.000000
Projecting RH Surfs
Loading rh.white surf
Loading rh.thickness for GM
Projecting RH Surfs
Using lh.cortex.label
Using rh.cortex.label
Computing relative cost
 0  -25.0 -25.0 -25.0   1.033005
 1  -25.0 -25.0  25.0   1.042528
 2  -25.0  25.0 -25.0   1.090483
 3  -25.0  25.0  25.0   1.078531
 4   25.0 -25.0 -25.0   1.078740
 5   25.0 -25.0  25.0   1.028034
 6   25.0  25.0 -25.0   1.055348
 7   25.0  25.0  25.0   1.046707
REL:  8  0.885026    8.453377  1.056672 rel = 0.83756 
Initial costs ----------------
Number of surface hits 2744
WM  Intensity 74077.1752 +/- 16692.2044
Ctx Intensity 73936.1252 +/- 19093.9158
Pct Contrast     -1.5191 +/-  20.9174
Cost   0.8850
RelCost   0.8376


WARNING: initial G-W contrast is negative, but expecting positive.
If the mov data has a T1 contrast, re-run with --T1



------------------------------------
Brute force preopt -4 4 4, n = 729
     0  -4.0000  -4.0000  -4.0000  -4.0000  -4.0000  -4.0000      1.0111   1.0111  0.0
     1  -4.0000  -4.0000  -4.0000  -4.0000  -4.0000   0.0000      0.9659   0.9659  0.0
    10  -4.0000  -4.0000  -4.0000   0.0000  -4.0000   0.0000      0.9621   0.9621  0.0
    12  -4.0000  -4.0000  -4.0000   0.0000   0.0000  -4.0000      0.9165   0.9165  0.0
    30  -4.0000  -4.0000   0.0000  -4.0000   0.0000  -4.0000      0.9132   0.9132  0.0
    33  -4.0000  -4.0000   0.0000  -4.0000   4.0000  -4.0000      0.9055   0.9055  0.0
    43  -4.0000  -4.0000   0.0000   0.0000   4.0000   0.0000      0.8961   0.8961  0.0
   247   0.0000  -4.0000  -4.0000  -4.0000   0.0000   0.0000      0.7934   0.7934  0.0
   256   0.0000  -4.0000  -4.0000   0.0000   0.0000   0.0000      0.6328   0.6328  0.0
Brute Force --------------------------
Min cost was 0.632812
Number of iterations   729
Search time 1.168000 sec
Parameters at best (transmm, rotdeg)
  0.000  -4.000  -4.000  0.000  0.000  0.000 
--------------------------------------------

Starting Powell Minimization
Init Powel Params dof = 6
0 0
1 -4
2 -4
3 0
4 0
5 0
fs_powell::minimize
  nparams 6
  maxfev 36
  ftol   0.000100
  linmin_xtol_   0.001000
  powell nthiter 0: fret = 0.632812
   7  0.110 -4.000 -4.000  0.000  0.000  0.000   0.6316788907
   9  0.122 -4.000 -4.000  0.000  0.000  0.000   0.6316695389
  12  0.124 -4.000 -4.000  0.000  0.000  0.000   0.6316688631
  14  0.125 -4.000 -4.000  0.000  0.000  0.000   0.6316682922
  22  0.125 -4.142 -4.000  0.000  0.000  0.000   0.6294877268
  24  0.125 -4.147 -4.000  0.000  0.000  0.000   0.6294755145
  25  0.125 -4.153 -4.000  0.000  0.000  0.000   0.6294708371
  26  0.125 -4.152 -4.000  0.000  0.000  0.000   0.6294708182
  29  0.125 -4.152 -3.000  0.000  0.000  0.000   0.5555101068
  32  0.125 -4.152 -2.382  0.000  0.000  0.000   0.5448249312
  37  0.125 -4.152 -2.371  0.000  0.000  0.000   0.5447972732
  39  0.125 -4.152 -2.364  0.000  0.000  0.000   0.5447935255
  44  0.125 -4.152 -2.363 -1.618  0.000  0.000   0.5305619811
  45  0.125 -4.152 -2.363 -1.022  0.000  0.000   0.5227266669
  50  0.125 -4.152 -2.363 -1.021  0.000  0.000   0.5227230026
  51  0.125 -4.152 -2.363 -1.007  0.000  0.000   0.5227064771
  53  0.125 -4.152 -2.363 -1.009  0.000  0.000   0.5227060008
  59  0.125 -4.152 -2.363 -1.009 -0.618  0.000   0.5190189892
  61  0.125 -4.152 -2.363 -1.009 -0.408  0.000   0.5180990878
  62  0.125 -4.152 -2.363 -1.009 -0.427  0.000   0.5180569898
  63  0.125 -4.152 -2.363 -1.009 -0.449  0.000   0.5179884445
  66  0.125 -4.152 -2.363 -1.009 -0.454  0.000   0.5179817108
  69  0.125 -4.152 -2.363 -1.009 -0.455  0.000   0.5179817099
  71  0.125 -4.152 -2.363 -1.009 -0.455  1.000   0.5112544901
  75  0.125 -4.152 -2.363 -1.009 -0.455  0.618   0.5088623289
  77  0.125 -4.152 -2.363 -1.009 -0.455  0.620   0.5088611219
  78  0.125 -4.152 -2.363 -1.009 -0.455  0.628   0.5088598652
  80  0.125 -4.152 -2.363 -1.009 -0.455  0.626   0.5088587271
  81  0.125 -4.152 -2.363 -1.009 -0.455  0.625   0.5088585186
  powell nthiter 1: fret = 0.508859
  89  0.507 -4.152 -2.363 -1.009 -0.455  0.625   0.5059969723
  90  0.452 -4.152 -2.363 -1.009 -0.455  0.625   0.5057636149
  92  0.448 -4.152 -2.363 -1.009 -0.455  0.625   0.5057619277
  94  0.449 -4.152 -2.363 -1.009 -0.455  0.625   0.5057618984
 101  0.449 -3.770 -2.363 -1.009 -0.455  0.625   0.4985238251
 103  0.449 -3.839 -2.363 -1.009 -0.455  0.625   0.4980292228
 105  0.449 -3.825 -2.363 -1.009 -0.455  0.625   0.4979969730
 106  0.449 -3.826 -2.363 -1.009 -0.455  0.625   0.4979962187
 107  0.449 -3.827 -2.363 -1.009 -0.455  0.625   0.4979958260
 115  0.449 -3.827 -1.981 -1.009 -0.455  0.625   0.4897662571
 118  0.449 -3.827 -1.979 -1.009 -0.455  0.625   0.4897658987
 128  0.449 -3.827 -1.979 -1.006 -0.455  0.625   0.4897646749
 137  0.449 -3.827 -1.979 -1.006 -0.671  0.625   0.4893455608
 140  0.449 -3.827 -1.979 -1.006 -0.731  0.625   0.4892706268
 141  0.449 -3.827 -1.979 -1.006 -0.737  0.625   0.4892679723
 142  0.449 -3.827 -1.979 -1.006 -0.752  0.625   0.4892679325
 143  0.449 -3.827 -1.979 -1.006 -0.780  0.625   0.4892397723
 146  0.449 -3.827 -1.979 -1.006 -0.776  0.625   0.4892386152
 154  0.449 -3.827 -1.979 -1.006 -0.776  1.007   0.4861293730
 155  0.449 -3.827 -1.979 -1.006 -0.776  0.976   0.4860783108
 156  0.449 -3.827 -1.979 -1.006 -0.776  0.961   0.4860596104
 158  0.449 -3.827 -1.979 -1.006 -0.776  0.905   0.4860594178
 159  0.449 -3.827 -1.979 -1.006 -0.776  0.933   0.4860353497
 160  0.449 -3.827 -1.979 -1.006 -0.776  0.934   0.4860351875
 161  0.449 -3.827 -1.979 -1.006 -0.776  0.937   0.4860351178
  powell nthiter 2: fret = 0.486035
 172  0.456 -3.827 -1.979 -1.006 -0.776  0.937   0.4859185908
 173  0.534 -3.827 -1.979 -1.006 -0.776  0.937   0.4852393152
 176  0.529 -3.827 -1.979 -1.006 -0.776  0.937   0.4852365019
 177  0.528 -3.827 -1.979 -1.006 -0.776  0.937   0.4852364803
 185  0.528 -3.819 -1.979 -1.006 -0.776  0.937   0.4851855393
 186  0.528 -3.783 -1.979 -1.006 -0.776  0.937   0.4850898769
 187  0.528 -3.784 -1.979 -1.006 -0.776  0.937   0.4850882492
 197  0.528 -3.784 -1.978 -1.006 -0.776  0.937   0.4850878861
 198  0.528 -3.784 -1.976 -1.006 -0.776  0.937   0.4850875878
 207  0.528 -3.784 -1.976 -0.964 -0.776  0.937   0.4848736002
 209  0.528 -3.784 -1.976 -0.971 -0.776  0.937   0.4848691079
 218  0.528 -3.784 -1.976 -0.971 -0.762  0.937   0.4847635295
 219  0.528 -3.784 -1.976 -0.971 -0.720  0.937   0.4847139192
 221  0.528 -3.784 -1.976 -0.971 -0.736  0.937   0.4846856457
 224  0.528 -3.784 -1.976 -0.971 -0.738  0.937   0.4846846841
 233  0.528 -3.784 -1.976 -0.971 -0.737  0.945   0.4846316594
 234  0.528 -3.784 -1.976 -0.971 -0.737  1.001   0.4845702481
 236  0.528 -3.784 -1.976 -0.971 -0.737  0.980   0.4845412600
  powell nthiter 3: fret = 0.484541
 247  0.520 -3.784 -1.976 -0.971 -0.737  0.980   0.4845112543
 248  0.511 -3.784 -1.976 -0.971 -0.737  0.980   0.4844977739
 249  0.510 -3.784 -1.976 -0.971 -0.737  0.980   0.4844976303
 250  0.509 -3.784 -1.976 -0.971 -0.737  0.980   0.4844976300
 260  0.509 -3.785 -1.976 -0.971 -0.737  0.980   0.4844944812
 261  0.509 -3.792 -1.976 -0.971 -0.737  0.980   0.4844767414
 271  0.509 -3.792 -1.972 -0.971 -0.737  0.980   0.4844633344
 272  0.509 -3.792 -1.955 -0.971 -0.737  0.980   0.4844248220
 276  0.509 -3.792 -1.952 -0.971 -0.737  0.980   0.4844229204
 289  0.509 -3.792 -1.951 -0.968 -0.737  0.980   0.4844225845
 291  0.509 -3.792 -1.951 -0.969 -0.737  0.980   0.4844225712
 299  0.509 -3.792 -1.951 -0.969 -0.689  0.980   0.4843514870
 301  0.509 -3.792 -1.951 -0.969 -0.707  0.980   0.4843169715
 303  0.509 -3.792 -1.951 -0.969 -0.708  0.980   0.4843168622
 314  0.509 -3.792 -1.951 -0.969 -0.708  0.991   0.4843099950
 315  0.509 -3.792 -1.951 -0.969 -0.708  0.990   0.4843099689
 317  0.490 -3.800 -1.926 -0.968 -0.680  1.001   0.4842782219
 323  0.497 -3.797 -1.935 -0.969 -0.691  0.997   0.4842653512
 324  0.495 -3.798 -1.933 -0.969 -0.688  0.998   0.4842648792
 325  0.496 -3.798 -1.934 -0.969 -0.689  0.997   0.4842648299
 327  0.496 -3.797 -1.934 -0.969 -0.690  0.997   0.4842648153
  powell nthiter 4: fret = 0.484265
 350  0.496 -3.791 -1.934 -0.969 -0.690  0.997   0.4842615644
 351  0.496 -3.792 -1.934 -0.969 -0.690  0.997   0.4842615019
 361  0.496 -3.792 -1.933 -0.969 -0.690  0.997   0.4842610538
 371  0.496 -3.792 -1.933 -0.963 -0.690  0.997   0.4842597585
 372  0.496 -3.792 -1.933 -0.965 -0.690  0.997   0.4842595428
 382  0.496 -3.792 -1.933 -0.965 -0.690  0.996   0.4842593751
 383  0.496 -3.792 -1.933 -0.965 -0.690  0.995   0.4842592217
 393  0.494 -3.793 -1.930 -0.965 -0.687  0.996   0.4842577482
 397  0.494 -3.793 -1.930 -0.965 -0.686  0.996   0.4842576002
 400  0.494 -3.793 -1.930 -0.964 -0.686  0.996   0.4842575597
 403  0.494 -3.793 -1.930 -0.964 -0.686  0.996   0.4842575532
Powell done niters = 4
Computing relative cost
 0  -25.0 -25.0 -25.0   1.014391
 1  -25.0 -25.0  25.0   1.062283
 2  -25.0  25.0 -25.0   1.057982
 3  -25.0  25.0  25.0   1.037842
 4   25.0 -25.0 -25.0   1.083997
 5   25.0 -25.0  25.0   1.027578
 6   25.0  25.0 -25.0   1.063363
 7   25.0  25.0  25.0   1.074534
REL:  8  0.484258    8.421971  1.052746 rel = 0.459995 
Number of iterations     4
Min cost was 0.484258
Number of FunctionCalls   406
TolPowell 0.000100
nMaxItersPowell 36
OptimizationTime 0.661000 sec
Parameters at optimum (transmm)  0.49409 -3.79281 -1.92987
Parameters at optimum (rotdeg) -0.96449 -0.68632  0.99623 
Final costs ----------------
Number of surface hits 2741
WM  Intensity 68655.9330 +/- 17957.0581
Ctx Intensity 72450.4499 +/- 20903.3293
Pct Contrast      3.6122 +/-  23.2791
Cost   0.4843
RelCost   0.8376
Reg at min cost was 
 0.99871  -0.05038  -0.00611   2.21648;
 0.01095   0.09626   0.99530  -19.60052;
-0.04955  -0.99408   0.09669  -2.89917;
 0.00000   0.00000   0.00000   1.00000;

Writing optimal reg to bold/tmp.bbregister.9752/bbr.pass1.dat, type = 14 
Original Reg 
 0.99809  -0.06060   0.01235   1.43558;
-0.00538   0.11383   0.99349  -15.81641;
-0.06161  -0.99165   0.11329  -1.25298;
 0.00000   0.00000   0.00000   1.00000;

Original Reg - Optimal Reg
-0.00063  -0.01022   0.01846  -0.78090;
-0.01633   0.01757  -0.00181   3.78411;
-0.01206   0.00243   0.01660   1.64619;
 0.00000   0.00000   0.00000   0.00000;

Computing change in lh position
LH rmsDiffMean 4.775214
Computing change in rh position
Surface-RMS-Diff-mm 4.190456 0.943726 6.223465


WARNING: initial G-W contrast was negative, but expected positive.
If the mov data has a T1 contrast, re-run with --T1


mri_segreg done
mri_segreg --mov bold/tmp.bbregister.9752/template.nii --init-reg bold/tmp.bbregister.9752/bbr.pass1.dat --out-reg bold/register.dof6.dat --interp trilinear --wm-proj-abs 2 --tol 1e-8 --tol1d 1e-3 --c0 0 --mincost bold/register.dof6.dat.mincost --dof 6 --nmax 36 --param bold/register.dof6.dat.param --surf white --brute -0.1 0.1 0.1 --cur-reg bold/tmp.bbregister.9752/reg.curopt.dat --gm-proj-frac 0.5 --nsub 1 --gm-gt-wm 0.5
$Id: mri_segreg.c,v 1.113 2016/05/10 03:23:20 greve Exp $
setenv SUBJECTS_DIR /scratch/groups/lisik3/mcmahoneg/mri_data_anlys/subjects
cd /scratch/groups/lisik3/mcmahoneg/mri_data_anlys/studies/cont_actions/unpackdata/s001
mri_segreg --mov bold/tmp.bbregister.9752/template.nii --init-reg bold/tmp.bbregister.9752/bbr.pass1.dat --out-reg bold/register.dof6.dat --interp trilinear --wm-proj-abs 2 --tol 1e-8 --tol1d 1e-3 --c0 0 --mincost bold/register.dof6.dat.mincost --dof 6 --nmax 36 --param bold/register.dof6.dat.param --surf white --brute -0.1 0.1 0.1 --cur-reg bold/tmp.bbregister.9752/reg.curopt.dat --gm-proj-frac 0.5 --nsub 1 --gm-gt-wm 0.5 
sysname  Linux
hostname compute0200
machine  x86_64
user     emcmaho7@jhu.edu
movvol bold/tmp.bbregister.9752/template.nii
regfile bold/tmp.bbregister.9752/bbr.pass1.dat
subject s001
dof 6
outregfile bold/register.dof6.dat
UseMask 0
UseLH 1
UseRH 1
nsubsamp 1
PenaltySign  -1
PenaltySlope 0.500000
PenaltyCenter 0.000000
surfname white
GMProjFrac 0.500000
WMProjAbs 2.000000
lhcostfile (null)
rhcostfile (null)
interp  trilinear (1)
frame  0
TolPowell 0.000000
nMaxItersPowell 36
n1dmin  3
Profile   0
Gdiag_no  -1
AddNoise  0 (0)
SynthSeed 1583175234
TransRandMax 0.000000
RotRandMax 0.000000
Translations 0.000000 0.000000 0.000000
Rotations   0.000000 0.000000 0.000000
Input reg
 0.99871  -0.05038  -0.00611   2.21648;
 0.01095   0.09626   0.99530  -19.60052;
-0.04955  -0.99408   0.09669  -2.89917;
 0.00000   0.00000   0.00000   1.00000;

Loading mov
Projecting LH Surfs
Loading lh.white surf
Loading lh.thickness for GM
GM Proj: 1 0.500000 2.000000
WM Proj: 0 0.500000 2.000000
Projecting RH Surfs
Loading rh.white surf
Loading rh.thickness for GM
Projecting RH Surfs
Using lh.cortex.label
Using rh.cortex.label
Computing relative cost
 0  -25.0 -25.0 -25.0   1.034840
 1  -25.0 -25.0  25.0   1.068665
 2  -25.0  25.0 -25.0   1.071444
 3  -25.0  25.0  25.0   1.039418
 4   25.0 -25.0 -25.0   1.066141
 5   25.0 -25.0  25.0   1.042028
 6   25.0  25.0 -25.0   1.049099
 7   25.0  25.0  25.0   1.060032
REL:  8  0.510716    8.431666  1.053958 rel = 0.48457 
Initial costs ----------------
Number of surface hits 273347
WM  Intensity 68508.8946 +/- 18465.0391
Ctx Intensity 72143.1296 +/- 21483.9684
Pct Contrast      3.0305 +/-  23.5737
Cost   0.5107
RelCost   0.4846

------------------------------------
Brute force preopt -0.1 0.1 0.1, n = 729
     0  -0.1000  -0.1000  -0.1000  -0.1000  -0.1000  -0.1000      0.4894   0.4894  0.0
     3  -0.1000  -0.1000  -0.1000  -0.1000   0.0000  -0.1000      0.4874   0.4874  0.0
     6  -0.1000  -0.1000  -0.1000  -0.1000   0.1000  -0.1000      0.4869   0.4869  0.0
    12  -0.1000  -0.1000  -0.1000   0.0000   0.0000  -0.1000      0.4867   0.4867  0.0
    33  -0.1000  -0.1000   0.0000  -0.1000   0.1000  -0.1000      0.4865   0.4865  0.0
    39  -0.1000  -0.1000   0.0000   0.0000   0.0000  -0.1000      0.4865   0.4865  0.0
    40  -0.1000  -0.1000   0.0000   0.0000   0.0000   0.0000      0.4862   0.4862  0.0
    93  -0.1000   0.0000  -0.1000   0.0000   0.0000  -0.1000      0.4861   0.4861  0.0
    94  -0.1000   0.0000  -0.1000   0.0000   0.0000   0.0000      0.4861   0.4861  0.0
   111  -0.1000   0.0000   0.0000  -0.1000   0.0000  -0.1000      0.4861   0.4861  0.0
   114  -0.1000   0.0000   0.0000  -0.1000   0.1000  -0.1000      0.4855   0.4855  0.0
   121  -0.1000   0.0000   0.0000   0.0000   0.0000   0.0000      0.4854   0.4854  0.0
   283   0.0000  -0.1000   0.0000   0.0000   0.0000   0.0000      0.4852   0.4852  0.0
   337   0.0000   0.0000  -0.1000   0.0000   0.0000   0.0000      0.4851   0.4851  0.0
   363   0.0000   0.0000   0.0000   0.0000   0.0000  -0.1000      0.4848   0.4848  0.0
   364   0.0000   0.0000   0.0000   0.0000   0.0000   0.0000      0.4843   0.4843  0.0
Brute Force --------------------------
Min cost was 0.484258
Number of iterations   729
Search time 1.265000 sec
Parameters at best (transmm, rotdeg)
  0.000   0.000   0.000  0.000  0.000  0.000 
--------------------------------------------

Starting Powell Minimization
Init Powel Params dof = 6
0 0
1 0
2 0
3 0
4 0
5 0
fs_powell::minimize
  nparams 6
  maxfev 36
  ftol   0.000000
  linmin_xtol_   0.001000
  powell nthiter 0: fret = 0.510716
   7 -0.013  0.000  0.000  0.000  0.000  0.000   0.5107146631
   8 -0.008  0.000  0.000  0.000  0.000  0.000   0.5107133678
   9 -0.007  0.000  0.000  0.000  0.000  0.000   0.5107133599
  18 -0.007  0.011  0.000  0.000  0.000  0.000   0.5107059707
  27 -0.007  0.011 -0.045  0.000  0.000  0.000   0.5106075988
  37 -0.007  0.011 -0.044 -0.052  0.000  0.000   0.5105636595
  38 -0.007  0.011 -0.044 -0.041  0.000  0.000   0.5105605601
  48 -0.007  0.011 -0.044 -0.041 -0.032  0.000   0.5105584920
  50 -0.007  0.011 -0.044 -0.041 -0.017  0.000   0.5105480154
  59 -0.007  0.011 -0.044 -0.041 -0.017 -0.255   0.5089178298
  62 -0.007  0.011 -0.044 -0.041 -0.017 -0.264   0.5089166082
  63 -0.007  0.011 -0.044 -0.041 -0.017 -0.260   0.5089164448
  65 -0.007  0.011 -0.044 -0.041 -0.017 -0.262   0.5089164436
  powell nthiter 1: fret = 0.508916
  73 -0.036  0.011 -0.044 -0.041 -0.017 -0.262   0.5088739275
  83 -0.037 -0.012 -0.044 -0.041 -0.017 -0.262   0.5088605272
  85 -0.037 -0.013 -0.044 -0.041 -0.017 -0.262   0.5088561697
  99 -0.037 -0.013 -0.043 -0.041 -0.017 -0.262   0.5088560598
 108 -0.037 -0.013 -0.043 -0.043 -0.017 -0.262   0.5088554344
 109 -0.037 -0.013 -0.043 -0.045 -0.017 -0.262   0.5088553017
 117 -0.037 -0.013 -0.043 -0.045  0.080 -0.262   0.5086509868
 119 -0.037 -0.013 -0.043 -0.045  0.074 -0.262   0.5086491652
 128 -0.037 -0.013 -0.043 -0.045  0.074 -0.288   0.5086469525
 129 -0.037 -0.013 -0.043 -0.045  0.074 -0.277   0.5086427479
 132 -0.037 -0.013 -0.043 -0.045  0.074 -0.278   0.5086416140
 133 -0.037 -0.013 -0.043 -0.045  0.074 -0.279   0.5086410377
  powell nthiter 2: fret = 0.508641
 141 -0.059 -0.013 -0.043 -0.045  0.074 -0.279   0.5086207778
 143 -0.060 -0.013 -0.043 -0.045  0.074 -0.279   0.5086206927
 148 -0.061 -0.013 -0.043 -0.045  0.074 -0.279   0.5086206676
 166 -0.061 -0.013 -0.033 -0.045  0.074 -0.279   0.5086115481
 167 -0.061 -0.013 -0.028 -0.045  0.074 -0.279   0.5086102927
 168 -0.061 -0.013 -0.029 -0.045  0.074 -0.279   0.5086102591
 176 -0.061 -0.013 -0.029 -0.077  0.074 -0.279   0.5085976366
 177 -0.061 -0.013 -0.029 -0.068  0.074 -0.279   0.5085931778
 178 -0.061 -0.013 -0.029 -0.066  0.074 -0.279   0.5085930051
 187 -0.061 -0.013 -0.029 -0.065  0.094 -0.279   0.5085884293
 188 -0.061 -0.013 -0.029 -0.065  0.087 -0.279   0.5085881775
 189 -0.061 -0.013 -0.029 -0.065  0.090 -0.279   0.5085878468
 198 -0.061 -0.013 -0.029 -0.065  0.090 -0.298   0.5085851067
 205 -0.061 -0.013 -0.029 -0.065  0.090 -0.302   0.5085841891
  powell nthiter 3: fret = 0.508584
 216 -0.066 -0.013 -0.029 -0.065  0.090 -0.302   0.5085819578
 217 -0.070 -0.013 -0.029 -0.065  0.090 -0.302   0.5085817837
 218 -0.068 -0.013 -0.029 -0.065  0.090 -0.302   0.5085816052
 226 -0.068 -0.011 -0.029 -0.065  0.090 -0.302   0.5085771665
 227 -0.068  0.005 -0.029 -0.065  0.090 -0.302   0.5085671502
 231 -0.068  0.006 -0.029 -0.065  0.090 -0.302   0.5085670636
 239 -0.068  0.006 -0.025 -0.065  0.090 -0.302   0.5085646239
 240 -0.068  0.006 -0.021 -0.065  0.090 -0.302   0.5085635765
 242 -0.068  0.006 -0.018 -0.065  0.090 -0.302   0.5085635089
 244 -0.068  0.006 -0.019 -0.065  0.090 -0.302   0.5085634726
 253 -0.068  0.006 -0.019 -0.064  0.090 -0.302   0.5085634245
  powell nthiter 4: fret = 0.508563
 291 -0.068  0.008 -0.019 -0.064  0.090 -0.302   0.5085633096
  powell nthiter 5: fret = 0.508563
 340 -0.069  0.008 -0.019 -0.064  0.090 -0.302   0.5085633051
Powell done niters = 5
Computing relative cost
 0  -25.0 -25.0 -25.0   1.034641
 1  -25.0 -25.0  25.0   1.067335
 2  -25.0  25.0 -25.0   1.070001
 3  -25.0  25.0  25.0   1.039556
 4   25.0 -25.0 -25.0   1.066611
 5   25.0 -25.0  25.0   1.041224
 6   25.0  25.0 -25.0   1.049872
 7   25.0  25.0  25.0   1.060451
REL:  8  0.508563    8.429690  1.053711 rel = 0.48264 
Number of iterations     5
Min cost was 0.508563
Number of FunctionCalls   392
TolPowell 0.000000
nMaxItersPowell 36
OptimizationTime 45.354000 sec
Parameters at optimum (transmm) -0.06932  0.00768 -0.01942
Parameters at optimum (rotdeg) -0.06423  0.08957 -0.30241 
Final costs ----------------
Number of surface hits 273370
WM  Intensity 68480.9506 +/- 18494.3875
Ctx Intensity 72154.2097 +/- 21493.6347
Pct Contrast      3.0804 +/-  23.5289
Cost   0.5086
RelCost   0.4846
Reg at min cost was 
 0.99868  -0.05143  -0.00071   2.03916;
 0.00562   0.09542   0.99542  -19.60748;
-0.05112  -0.99411   0.09558  -2.90007;
 0.00000   0.00000   0.00000   1.00000;

Writing optimal reg to bold/register.dof6.dat, type = 14 
Original Reg 
 0.99871  -0.05038  -0.00611   2.21648;
 0.01095   0.09626   0.99530  -19.60052;
-0.04955  -0.99408   0.09669  -2.89917;
 0.00000   0.00000   0.00000   1.00000;

Original Reg - Optimal Reg
 0.00004   0.00105  -0.00540   0.17732;
 0.00533   0.00084  -0.00013   0.00696;
 0.00157   0.00003   0.00111   0.00091;
 0.00000   0.00000   0.00000   0.00000;

Computing change in lh position
LH rmsDiffMean 0.241225
Computing change in rh position
Surface-RMS-Diff-mm 0.243632 0.099536 0.495797
mri_segreg done
MinCost: 0.508563 68480.950586 72154.209700 3.080413 
tkregister2_cmdl --mov bold/template.nii.gz --reg bold/register.dof6.dat --noedit --ltaout bold/register.dof6.lta
tkregister_tcl /software/apps/freesurfer/6.0.0/tktools/tkregister2.tcl
INFO: no target volume specified, assuming FreeSurfer orig volume.
target  volume orig
movable volume bold/template.nii.gz
reg file       bold/register.dof6.dat
LoadVol        0
ZeroCRAS       0
$Id: tkregister2.c,v 1.132.2.1 2016/08/02 21:17:29 greve Exp $
Diagnostic Level -1
---- Input registration matrix --------
 0.99868  -0.05143  -0.00071   2.03916;
 0.00562   0.09542   0.99542  -19.60748;
-0.05112  -0.99411   0.09558  -2.90007;
 0.00000   0.00000   0.00000   1.00000;
float2int = 0
---------------------------------------
INFO: loading target /scratch/groups/lisik3/mcmahoneg/mri_data_anlys/subjects/s001/mri/orig.mgz
Ttarg: --------------------
-1.00000   0.00000   0.00000   128.00000;
 0.00000   0.00000   1.00000  -128.00000;
 0.00000  -1.00000   0.00000   128.00000;
 0.00000   0.00000   0.00000   1.00000;
INFO: loading movable bold/template.nii.gz
Tmov: --------------------
-2.75000   0.00000   0.00000   110.00000;
 0.00000   0.00000   3.49985  -59.49753;
 0.00000  -2.75000   0.00000   110.00000;
 0.00000   0.00000   0.00000   1.00000;
mkheaderreg = 0, float2int = 0
---- Input registration matrix --------
 0.99868  -0.05143  -0.00071   2.03916;
 0.00562   0.09542   0.99542  -19.60748;
-0.05112  -0.99411   0.09558  -2.90007;
 0.00000   0.00000   0.00000   1.00000;
Determinant 1
subject = s001
RegMat ---------------------------
 0.99868  -0.05143  -0.00071   2.03916;
 0.00562   0.09542   0.99542  -19.60748;
-0.05112  -0.99411   0.09558  -2.90007;
 0.00000   0.00000   0.00000   1.00000;
Cleaning up
 
Started at Thu Feb 27 09:53:01 EST 2020 
Ended   at Thu Feb 27 09:55:20 EST 2020
BBR-Run-Time-Sec 139
 
bbregister Done
To check results, run:
tkregisterfv --mov bold/template.nii.gz --reg bold/register.dof6.lta --surfs 
 
rm: cannot remove 'bold/register.dof6.dat': No such file or directory
Thu Feb 27 09:55:20 EST 2020
register-sess completed 
s001 Mask ------------------------
mkbrainmask-sess -maskstem brain -fsd bold -s s001 -d /scratch/groups/lisik3/mcmahoneg/mri_data_anlys/studies/cont_actions/unpackdata -per-session -rlf maintask.rlf -nolog -update
------------------------------------------------
/scratch/groups/lisik3/mcmahoneg/mri_data_anlys/studies/cont_actions/unpackdata/s001 
Thu Feb 27 09:55:20 EST 2020
mkbrainmask -i template.nii.gz -o masks/brain.nii.gz -reg /scratch/groups/lisik3/mcmahoneg/mri_data_anlys/studies/cont_actions/unpackdata/s001/bold/register.dof6.lta -ndil 1 -nerode 0
Thu Feb 27 09:55:21 EST 2020

setenv SUBJECTS_DIR /scratch/groups/lisik3/mcmahoneg/mri_data_anlys/subjects
cd /scratch/groups/lisik3/mcmahoneg/mri_data_anlys/studies/cont_actions/unpackdata/s001/bold
/software/apps/freesurfer/6.0.0/fsfast/bin/mkbrainmask -i template.nii.gz -o masks/brain.nii.gz -reg /scratch/groups/lisik3/mcmahoneg/mri_data_anlys/studies/cont_actions/unpackdata/s001/bold/register.dof6.lta -ndil 1 -nerode 0

freesurfer-Linux-centos6_x86_64-stable-pub-v6.0.0-2beb96c
$Id: mkbrainmask,v 1.17 2015/12/10 22:51:30 zkaufman Exp $
Linux compute0200 3.10.0-862.9.1.el7.x86_64 #1 SMP Mon Jul 16 16:29:36 UTC 2018 x86_64 x86_64 x86_64 GNU/Linux
mri_vol2vol --mov template.nii.gz --reg /scratch/groups/lisik3/mcmahoneg/mri_data_anlys/studies/cont_actions/unpackdata/s001/bold/register.dof6.lta --inv --interp nearest --o masks/brain.nii.gz --targ /scratch/groups/lisik3/mcmahoneg/mri_data_anlys/subjects/s001/mri/aparc+aseg.mgz
regio_read_register: loading lta

Matrix from regfile:
 0.99868  -0.05143  -0.00071   2.03914;
 0.00562   0.09542   0.99542  -19.60750;
-0.05112  -0.99411   0.09558  -2.90005;
 0.00000   0.00000   0.00000   1.00000;

movvol template.nii.gz
targvol /scratch/groups/lisik3/mcmahoneg/mri_data_anlys/subjects/s001/mri/aparc+aseg.mgz
outvol masks/brain.nii.gz
regfile /scratch/groups/lisik3/mcmahoneg/mri_data_anlys/studies/cont_actions/unpackdata/s001/bold/register.dof6.lta
invert 1
tal    0
talres 2
regheader 0
noresample 0
interp  nearest (0)
precision  float (3)
Gdiag_no  -1
Synth      0
SynthSeed  1583157464

Invert!
Inverting registration

Final tkRAS-to-tkRAS Matrix is:
 0.99868   0.00562  -0.05112  -2.07453;
-0.05143   0.09542  -0.99411  -0.90717;
-0.00071   0.99542   0.09558   19.79635;
 0.00000   0.00000   0.00000   1.00000;


Vox2Vox Matrix is:
 2.74636  -0.14059  -0.01967   26.17796;
-0.00195   0.26285  -3.48383   156.99257;
 0.14142   2.73380   0.33395   6.40683;
 0.00000   0.00000   0.00000   1.00000;

Resampling
Output registration matrix is identity

mri_vol2vol done
mri_binarize --i masks/brain.nii.gz --o masks/brain.nii.gz --min 0.5

$Id: mri_binarize.c,v 1.43 2016/06/09 20:46:21 greve Exp $
cwd /scratch/groups/lisik3/mcmahoneg/mri_data_anlys/studies/cont_actions/unpackdata/s001/bold
cmdline mri_binarize.bin --i masks/brain.nii.gz --o masks/brain.nii.gz --min 0.5 
sysname  Linux
hostname compute0200
machine  x86_64
user     emcmaho7@jhu.edu

input      masks/brain.nii.gz
frame      0
nErode3d   0
nErode2d   0
output     masks/brain.nii.gz
Binarizing based on threshold
min        0.5
max        +infinity
binval        1
binvalnot     0
fstart = 0, fend = 0, nframes = 1
Found 41153 values in range
Counting number of voxels in first frame
Found 41153 voxels in final mask
Count: 41153 1089223.178221 217600 18.912224
mri_binarize done
Diliating 1
mri_binarize --i masks/brain.nii.gz --min 0.5 --dilate 1 --o masks/brain.nii.gz

$Id: mri_binarize.c,v 1.43 2016/06/09 20:46:21 greve Exp $
cwd /scratch/groups/lisik3/mcmahoneg/mri_data_anlys/studies/cont_actions/unpackdata/s001/bold
cmdline mri_binarize.bin --i masks/brain.nii.gz --min 0.5 --dilate 1 --o masks/brain.nii.gz 
sysname  Linux
hostname compute0200
machine  x86_64
user     emcmaho7@jhu.edu

input      masks/brain.nii.gz
frame      0
nErode3d   0
nErode2d   0
output     masks/brain.nii.gz
Binarizing based on threshold
min        0.5
max        +infinity
binval        1
binvalnot     0
fstart = 0, fend = 0, nframes = 1
Found 41153 values in range
Dilating 1 voxels in 3d
Counting number of voxels in first frame
Found 59280 voxels in final mask
Count: 59280 1569002.259979 217600 27.242647
mri_binarize done
 
Started at Thu Feb 27 09:55:21 EST 2020 
Ended   at Thu Feb 27 09:55:25 EST 2020
Mkbrainmask-Run-Time-Sec 4
 
mkbrainmask Done
mri_binarize --i masks/brain.nii.gz --min 0.5 --zero-edges --erode 3 --o masks/brain.e3.nii.gz

$Id: mri_binarize.c,v 1.43 2016/06/09 20:46:21 greve Exp $
cwd /scratch/groups/lisik3/mcmahoneg/mri_data_anlys/studies/cont_actions/unpackdata/s001/bold
cmdline mri_binarize.bin --i masks/brain.nii.gz --min 0.5 --zero-edges --erode 3 --o masks/brain.e3.nii.gz 
sysname  Linux
hostname compute0200
machine  x86_64
user     emcmaho7@jhu.edu

input      masks/brain.nii.gz
frame      0
nErode3d   3
nErode2d   0
output     masks/brain.e3.nii.gz
Binarizing based on threshold
min        0.5
max        +infinity
binval        1
binvalnot     0
fstart = 0, fend = 0, nframes = 1
Found 58064 values in range
Eroding 3 voxels in 3d
Counting number of voxels in first frame
Found 27213 voxels in final mask
Count: 27213 720264.144751 217600 12.505974
mri_binarize done
meanval --i 003/f.nii --m masks/brain.e3.nii.gz --o 003/global.meanval.dat --avgwf 003/global.waveform.dat
Thu Feb 27 09:55:25 EST 2020

setenv SUBJECTS_DIR /scratch/groups/lisik3/mcmahoneg/mri_data_anlys/subjects
cd /scratch/groups/lisik3/mcmahoneg/mri_data_anlys/studies/cont_actions/unpackdata/s001/bold
/software/apps/freesurfer/6.0.0/bin/meanval --i 003/f.nii --m masks/brain.e3.nii.gz --o 003/global.meanval.dat --avgwf 003/global.waveform.dat

freesurfer-Linux-centos6_x86_64-stable-pub-v6.0.0-2beb96c
Linux compute0200 3.10.0-862.9.1.el7.x86_64 #1 SMP Mon Jul 16 16:29:36 UTC 2018 x86_64 x86_64 x86_64 GNU/Linux
mri_segstats --seg masks/brain.e3.nii.gz --id 1 --sum /scratch/groups/lisik3/mcmahoneg/mri_data_anlys/studies/cont_actions/unpackdata/s001/bold/003/tmpdir.meanval.10677/blah.10677 --in 003/f.nii --sfavg 003/global.meanval.dat --avgwf 003/global.waveform.dat

$Id: mri_segstats.c,v 1.121 2016/05/31 17:27:11 greve Exp $
cwd 
cmdline mri_segstats --seg masks/brain.e3.nii.gz --id 1 --sum /scratch/groups/lisik3/mcmahoneg/mri_data_anlys/studies/cont_actions/unpackdata/s001/bold/003/tmpdir.meanval.10677/blah.10677 --in 003/f.nii --sfavg 003/global.meanval.dat --avgwf 003/global.waveform.dat 
sysname  Linux
hostname compute0200
machine  x86_64
user     emcmaho7@jhu.edu
UseRobust  0
Loading masks/brain.e3.nii.gz
Loading 003/f.nii
Voxel Volume is 26.4676 mm^3
Generating list of segmentation ids
Found   1 segmentations
Computing statistics for each segmentation

Reporting on   1 segmentations
Using PrintSegStat
Computing spatial average of each frame
  0
Writing to 003/global.meanval.dat
0 83122.9
Writing to 003/global.waveform.dat
mri_segstats done
meanval --i 004/f.nii --m masks/brain.e3.nii.gz --o 004/global.meanval.dat --avgwf 004/global.waveform.dat
Thu Feb 27 09:55:27 EST 2020

setenv SUBJECTS_DIR /scratch/groups/lisik3/mcmahoneg/mri_data_anlys/subjects
cd /scratch/groups/lisik3/mcmahoneg/mri_data_anlys/studies/cont_actions/unpackdata/s001/bold
/software/apps/freesurfer/6.0.0/bin/meanval --i 004/f.nii --m masks/brain.e3.nii.gz --o 004/global.meanval.dat --avgwf 004/global.waveform.dat

freesurfer-Linux-centos6_x86_64-stable-pub-v6.0.0-2beb96c
Linux compute0200 3.10.0-862.9.1.el7.x86_64 #1 SMP Mon Jul 16 16:29:36 UTC 2018 x86_64 x86_64 x86_64 GNU/Linux
mri_segstats --seg masks/brain.e3.nii.gz --id 1 --sum /scratch/groups/lisik3/mcmahoneg/mri_data_anlys/studies/cont_actions/unpackdata/s001/bold/004/tmpdir.meanval.10771/blah.10771 --in 004/f.nii --sfavg 004/global.meanval.dat --avgwf 004/global.waveform.dat

$Id: mri_segstats.c,v 1.121 2016/05/31 17:27:11 greve Exp $
cwd 
cmdline mri_segstats --seg masks/brain.e3.nii.gz --id 1 --sum /scratch/groups/lisik3/mcmahoneg/mri_data_anlys/studies/cont_actions/unpackdata/s001/bold/004/tmpdir.meanval.10771/blah.10771 --in 004/f.nii --sfavg 004/global.meanval.dat --avgwf 004/global.waveform.dat 
sysname  Linux
hostname compute0200
machine  x86_64
user     emcmaho7@jhu.edu
UseRobust  0
Loading masks/brain.e3.nii.gz
Loading 004/f.nii
Voxel Volume is 26.4676 mm^3
Generating list of segmentation ids
Found   1 segmentations
Computing statistics for each segmentation

Reporting on   1 segmentations
Using PrintSegStat
Computing spatial average of each frame
  0
Writing to 004/global.meanval.dat
0 83689.9
Writing to 004/global.waveform.dat
mri_segstats done
meanval --i 007/f.nii --m masks/brain.e3.nii.gz --o 007/global.meanval.dat --avgwf 007/global.waveform.dat
Thu Feb 27 09:55:29 EST 2020

setenv SUBJECTS_DIR /scratch/groups/lisik3/mcmahoneg/mri_data_anlys/subjects
cd /scratch/groups/lisik3/mcmahoneg/mri_data_anlys/studies/cont_actions/unpackdata/s001/bold
/software/apps/freesurfer/6.0.0/bin/meanval --i 007/f.nii --m masks/brain.e3.nii.gz --o 007/global.meanval.dat --avgwf 007/global.waveform.dat

freesurfer-Linux-centos6_x86_64-stable-pub-v6.0.0-2beb96c
Linux compute0200 3.10.0-862.9.1.el7.x86_64 #1 SMP Mon Jul 16 16:29:36 UTC 2018 x86_64 x86_64 x86_64 GNU/Linux
mri_segstats --seg masks/brain.e3.nii.gz --id 1 --sum /scratch/groups/lisik3/mcmahoneg/mri_data_anlys/studies/cont_actions/unpackdata/s001/bold/007/tmpdir.meanval.10863/blah.10863 --in 007/f.nii --sfavg 007/global.meanval.dat --avgwf 007/global.waveform.dat

$Id: mri_segstats.c,v 1.121 2016/05/31 17:27:11 greve Exp $
cwd 
cmdline mri_segstats --seg masks/brain.e3.nii.gz --id 1 --sum /scratch/groups/lisik3/mcmahoneg/mri_data_anlys/studies/cont_actions/unpackdata/s001/bold/007/tmpdir.meanval.10863/blah.10863 --in 007/f.nii --sfavg 007/global.meanval.dat --avgwf 007/global.waveform.dat 
sysname  Linux
hostname compute0200
machine  x86_64
user     emcmaho7@jhu.edu
UseRobust  0
Loading masks/brain.e3.nii.gz
Loading 007/f.nii
Voxel Volume is 26.4676 mm^3
Generating list of segmentation ids
Found   1 segmentations
Computing statistics for each segmentation

Reporting on   1 segmentations
Using PrintSegStat
Computing spatial average of each frame
  0
Writing to 007/global.meanval.dat
0 83847.9
Writing to 007/global.waveform.dat
mri_segstats done
meanval --i 008/f.nii --m masks/brain.e3.nii.gz --o 008/global.meanval.dat --avgwf 008/global.waveform.dat
Thu Feb 27 09:55:32 EST 2020

setenv SUBJECTS_DIR /scratch/groups/lisik3/mcmahoneg/mri_data_anlys/subjects
cd /scratch/groups/lisik3/mcmahoneg/mri_data_anlys/studies/cont_actions/unpackdata/s001/bold
/software/apps/freesurfer/6.0.0/bin/meanval --i 008/f.nii --m masks/brain.e3.nii.gz --o 008/global.meanval.dat --avgwf 008/global.waveform.dat

freesurfer-Linux-centos6_x86_64-stable-pub-v6.0.0-2beb96c
Linux compute0200 3.10.0-862.9.1.el7.x86_64 #1 SMP Mon Jul 16 16:29:36 UTC 2018 x86_64 x86_64 x86_64 GNU/Linux
mri_segstats --seg masks/brain.e3.nii.gz --id 1 --sum /scratch/groups/lisik3/mcmahoneg/mri_data_anlys/studies/cont_actions/unpackdata/s001/bold/008/tmpdir.meanval.11017/blah.11017 --in 008/f.nii --sfavg 008/global.meanval.dat --avgwf 008/global.waveform.dat

$Id: mri_segstats.c,v 1.121 2016/05/31 17:27:11 greve Exp $
cwd 
cmdline mri_segstats --seg masks/brain.e3.nii.gz --id 1 --sum /scratch/groups/lisik3/mcmahoneg/mri_data_anlys/studies/cont_actions/unpackdata/s001/bold/008/tmpdir.meanval.11017/blah.11017 --in 008/f.nii --sfavg 008/global.meanval.dat --avgwf 008/global.waveform.dat 
sysname  Linux
hostname compute0200
machine  x86_64
user     emcmaho7@jhu.edu
UseRobust  0
Loading masks/brain.e3.nii.gz
Loading 008/f.nii
Voxel Volume is 26.4676 mm^3
Generating list of segmentation ids
Found   1 segmentations
Computing statistics for each segmentation

Reporting on   1 segmentations
Using PrintSegStat
Computing spatial average of each frame
  0
Writing to 008/global.meanval.dat
0 83716.1
Writing to 008/global.waveform.dat
mri_segstats done
meanval --i 011/f.nii --m masks/brain.e3.nii.gz --o 011/global.meanval.dat --avgwf 011/global.waveform.dat
Thu Feb 27 09:55:34 EST 2020

setenv SUBJECTS_DIR /scratch/groups/lisik3/mcmahoneg/mri_data_anlys/subjects
cd /scratch/groups/lisik3/mcmahoneg/mri_data_anlys/studies/cont_actions/unpackdata/s001/bold
/software/apps/freesurfer/6.0.0/bin/meanval --i 011/f.nii --m masks/brain.e3.nii.gz --o 011/global.meanval.dat --avgwf 011/global.waveform.dat

freesurfer-Linux-centos6_x86_64-stable-pub-v6.0.0-2beb96c
Linux compute0200 3.10.0-862.9.1.el7.x86_64 #1 SMP Mon Jul 16 16:29:36 UTC 2018 x86_64 x86_64 x86_64 GNU/Linux
mri_segstats --seg masks/brain.e3.nii.gz --id 1 --sum /scratch/groups/lisik3/mcmahoneg/mri_data_anlys/studies/cont_actions/unpackdata/s001/bold/011/tmpdir.meanval.11112/blah.11112 --in 011/f.nii --sfavg 011/global.meanval.dat --avgwf 011/global.waveform.dat

$Id: mri_segstats.c,v 1.121 2016/05/31 17:27:11 greve Exp $
cwd 
cmdline mri_segstats --seg masks/brain.e3.nii.gz --id 1 --sum /scratch/groups/lisik3/mcmahoneg/mri_data_anlys/studies/cont_actions/unpackdata/s001/bold/011/tmpdir.meanval.11112/blah.11112 --in 011/f.nii --sfavg 011/global.meanval.dat --avgwf 011/global.waveform.dat 
sysname  Linux
hostname compute0200
machine  x86_64
user     emcmaho7@jhu.edu
UseRobust  0
Loading masks/brain.e3.nii.gz
Loading 011/f.nii
Voxel Volume is 26.4676 mm^3
Generating list of segmentation ids
Found   1 segmentations
Computing statistics for each segmentation

Reporting on   1 segmentations
Using PrintSegStat
Computing spatial average of each frame
  0
Writing to 011/global.meanval.dat
0 82340.8
Writing to 011/global.waveform.dat
mri_segstats done
meanval --i 012/f.nii --m masks/brain.e3.nii.gz --o 012/global.meanval.dat --avgwf 012/global.waveform.dat
Thu Feb 27 09:55:37 EST 2020

setenv SUBJECTS_DIR /scratch/groups/lisik3/mcmahoneg/mri_data_anlys/subjects
cd /scratch/groups/lisik3/mcmahoneg/mri_data_anlys/studies/cont_actions/unpackdata/s001/bold
/software/apps/freesurfer/6.0.0/bin/meanval --i 012/f.nii --m masks/brain.e3.nii.gz --o 012/global.meanval.dat --avgwf 012/global.waveform.dat

freesurfer-Linux-centos6_x86_64-stable-pub-v6.0.0-2beb96c
Linux compute0200 3.10.0-862.9.1.el7.x86_64 #1 SMP Mon Jul 16 16:29:36 UTC 2018 x86_64 x86_64 x86_64 GNU/Linux
mri_segstats --seg masks/brain.e3.nii.gz --id 1 --sum /scratch/groups/lisik3/mcmahoneg/mri_data_anlys/studies/cont_actions/unpackdata/s001/bold/012/tmpdir.meanval.11175/blah.11175 --in 012/f.nii --sfavg 012/global.meanval.dat --avgwf 012/global.waveform.dat

$Id: mri_segstats.c,v 1.121 2016/05/31 17:27:11 greve Exp $
cwd 
cmdline mri_segstats --seg masks/brain.e3.nii.gz --id 1 --sum /scratch/groups/lisik3/mcmahoneg/mri_data_anlys/studies/cont_actions/unpackdata/s001/bold/012/tmpdir.meanval.11175/blah.11175 --in 012/f.nii --sfavg 012/global.meanval.dat --avgwf 012/global.waveform.dat 
sysname  Linux
hostname compute0200
machine  x86_64
user     emcmaho7@jhu.edu
UseRobust  0
Loading masks/brain.e3.nii.gz
Loading 012/f.nii
Voxel Volume is 26.4676 mm^3
Generating list of segmentation ids
Found   1 segmentations
Computing statistics for each segmentation

Reporting on   1 segmentations
Using PrintSegStat
Computing spatial average of each frame
  0
Writing to 012/global.meanval.dat
0 82184.6
Writing to 012/global.waveform.dat
mri_segstats done
meanval --i 015/f.nii --m masks/brain.e3.nii.gz --o 015/global.meanval.dat --avgwf 015/global.waveform.dat
Thu Feb 27 09:55:39 EST 2020

setenv SUBJECTS_DIR /scratch/groups/lisik3/mcmahoneg/mri_data_anlys/subjects
cd /scratch/groups/lisik3/mcmahoneg/mri_data_anlys/studies/cont_actions/unpackdata/s001/bold
/software/apps/freesurfer/6.0.0/bin/meanval --i 015/f.nii --m masks/brain.e3.nii.gz --o 015/global.meanval.dat --avgwf 015/global.waveform.dat

freesurfer-Linux-centos6_x86_64-stable-pub-v6.0.0-2beb96c
Linux compute0200 3.10.0-862.9.1.el7.x86_64 #1 SMP Mon Jul 16 16:29:36 UTC 2018 x86_64 x86_64 x86_64 GNU/Linux
mri_segstats --seg masks/brain.e3.nii.gz --id 1 --sum /scratch/groups/lisik3/mcmahoneg/mri_data_anlys/studies/cont_actions/unpackdata/s001/bold/015/tmpdir.meanval.11270/blah.11270 --in 015/f.nii --sfavg 015/global.meanval.dat --avgwf 015/global.waveform.dat

$Id: mri_segstats.c,v 1.121 2016/05/31 17:27:11 greve Exp $
cwd 
cmdline mri_segstats --seg masks/brain.e3.nii.gz --id 1 --sum /scratch/groups/lisik3/mcmahoneg/mri_data_anlys/studies/cont_actions/unpackdata/s001/bold/015/tmpdir.meanval.11270/blah.11270 --in 015/f.nii --sfavg 015/global.meanval.dat --avgwf 015/global.waveform.dat 
sysname  Linux
hostname compute0200
machine  x86_64
user     emcmaho7@jhu.edu
UseRobust  0
Loading masks/brain.e3.nii.gz
Loading 015/f.nii
Voxel Volume is 26.4676 mm^3
Generating list of segmentation ids
Found   1 segmentations
Computing statistics for each segmentation

Reporting on   1 segmentations
Using PrintSegStat
Computing spatial average of each frame
  0
Writing to 015/global.meanval.dat
0 81662.8
Writing to 015/global.waveform.dat
mri_segstats done
meanval --i 016/f.nii --m masks/brain.e3.nii.gz --o 016/global.meanval.dat --avgwf 016/global.waveform.dat
Thu Feb 27 09:55:41 EST 2020

setenv SUBJECTS_DIR /scratch/groups/lisik3/mcmahoneg/mri_data_anlys/subjects
cd /scratch/groups/lisik3/mcmahoneg/mri_data_anlys/studies/cont_actions/unpackdata/s001/bold
/software/apps/freesurfer/6.0.0/bin/meanval --i 016/f.nii --m masks/brain.e3.nii.gz --o 016/global.meanval.dat --avgwf 016/global.waveform.dat

freesurfer-Linux-centos6_x86_64-stable-pub-v6.0.0-2beb96c
Linux compute0200 3.10.0-862.9.1.el7.x86_64 #1 SMP Mon Jul 16 16:29:36 UTC 2018 x86_64 x86_64 x86_64 GNU/Linux
mri_segstats --seg masks/brain.e3.nii.gz --id 1 --sum /scratch/groups/lisik3/mcmahoneg/mri_data_anlys/studies/cont_actions/unpackdata/s001/bold/016/tmpdir.meanval.11365/blah.11365 --in 016/f.nii --sfavg 016/global.meanval.dat --avgwf 016/global.waveform.dat

$Id: mri_segstats.c,v 1.121 2016/05/31 17:27:11 greve Exp $
cwd 
cmdline mri_segstats --seg masks/brain.e3.nii.gz --id 1 --sum /scratch/groups/lisik3/mcmahoneg/mri_data_anlys/studies/cont_actions/unpackdata/s001/bold/016/tmpdir.meanval.11365/blah.11365 --in 016/f.nii --sfavg 016/global.meanval.dat --avgwf 016/global.waveform.dat 
sysname  Linux
hostname compute0200
machine  x86_64
user     emcmaho7@jhu.edu
UseRobust  0
Loading masks/brain.e3.nii.gz
Loading 016/f.nii
Voxel Volume is 26.4676 mm^3
Generating list of segmentation ids
Found   1 segmentations
Computing statistics for each segmentation

Reporting on   1 segmentations
Using PrintSegStat
Computing spatial average of each frame
  0
Writing to 016/global.meanval.dat
0 81753.9
Writing to 016/global.waveform.dat
mri_segstats done
meanval --i 019/f.nii --m masks/brain.e3.nii.gz --o 019/global.meanval.dat --avgwf 019/global.waveform.dat
Thu Feb 27 09:55:44 EST 2020

setenv SUBJECTS_DIR /scratch/groups/lisik3/mcmahoneg/mri_data_anlys/subjects
cd /scratch/groups/lisik3/mcmahoneg/mri_data_anlys/studies/cont_actions/unpackdata/s001/bold
/software/apps/freesurfer/6.0.0/bin/meanval --i 019/f.nii --m masks/brain.e3.nii.gz --o 019/global.meanval.dat --avgwf 019/global.waveform.dat

freesurfer-Linux-centos6_x86_64-stable-pub-v6.0.0-2beb96c
Linux compute0200 3.10.0-862.9.1.el7.x86_64 #1 SMP Mon Jul 16 16:29:36 UTC 2018 x86_64 x86_64 x86_64 GNU/Linux
mri_segstats --seg masks/brain.e3.nii.gz --id 1 --sum /scratch/groups/lisik3/mcmahoneg/mri_data_anlys/studies/cont_actions/unpackdata/s001/bold/019/tmpdir.meanval.11462/blah.11462 --in 019/f.nii --sfavg 019/global.meanval.dat --avgwf 019/global.waveform.dat

$Id: mri_segstats.c,v 1.121 2016/05/31 17:27:11 greve Exp $
cwd 
cmdline mri_segstats --seg masks/brain.e3.nii.gz --id 1 --sum /scratch/groups/lisik3/mcmahoneg/mri_data_anlys/studies/cont_actions/unpackdata/s001/bold/019/tmpdir.meanval.11462/blah.11462 --in 019/f.nii --sfavg 019/global.meanval.dat --avgwf 019/global.waveform.dat 
sysname  Linux
hostname compute0200
machine  x86_64
user     emcmaho7@jhu.edu
UseRobust  0
Loading masks/brain.e3.nii.gz
Loading 019/f.nii
Voxel Volume is 26.4676 mm^3
Generating list of segmentation ids
Found   1 segmentations
Computing statistics for each segmentation

Reporting on   1 segmentations
Using PrintSegStat
Computing spatial average of each frame
  0
Writing to 019/global.meanval.dat
0 81888.1
Writing to 019/global.waveform.dat
mri_segstats done
meanval --i 020/f.nii --m masks/brain.e3.nii.gz --o 020/global.meanval.dat --avgwf 020/global.waveform.dat
Thu Feb 27 09:55:46 EST 2020

setenv SUBJECTS_DIR /scratch/groups/lisik3/mcmahoneg/mri_data_anlys/subjects
cd /scratch/groups/lisik3/mcmahoneg/mri_data_anlys/studies/cont_actions/unpackdata/s001/bold
/software/apps/freesurfer/6.0.0/bin/meanval --i 020/f.nii --m masks/brain.e3.nii.gz --o 020/global.meanval.dat --avgwf 020/global.waveform.dat

freesurfer-Linux-centos6_x86_64-stable-pub-v6.0.0-2beb96c
Linux compute0200 3.10.0-862.9.1.el7.x86_64 #1 SMP Mon Jul 16 16:29:36 UTC 2018 x86_64 x86_64 x86_64 GNU/Linux
mri_segstats --seg masks/brain.e3.nii.gz --id 1 --sum /scratch/groups/lisik3/mcmahoneg/mri_data_anlys/studies/cont_actions/unpackdata/s001/bold/020/tmpdir.meanval.11555/blah.11555 --in 020/f.nii --sfavg 020/global.meanval.dat --avgwf 020/global.waveform.dat

$Id: mri_segstats.c,v 1.121 2016/05/31 17:27:11 greve Exp $
cwd 
cmdline mri_segstats --seg masks/brain.e3.nii.gz --id 1 --sum /scratch/groups/lisik3/mcmahoneg/mri_data_anlys/studies/cont_actions/unpackdata/s001/bold/020/tmpdir.meanval.11555/blah.11555 --in 020/f.nii --sfavg 020/global.meanval.dat --avgwf 020/global.waveform.dat 
sysname  Linux
hostname compute0200
machine  x86_64
user     emcmaho7@jhu.edu
UseRobust  0
Loading masks/brain.e3.nii.gz
Loading 020/f.nii
Voxel Volume is 26.4676 mm^3
Generating list of segmentation ids
Found   1 segmentations
Computing statistics for each segmentation

Reporting on   1 segmentations
Using PrintSegStat
Computing spatial average of each frame
  0
Writing to 020/global.meanval.dat
0 81493.5
Writing to 020/global.waveform.dat
mri_segstats done
Thu Feb 27 09:55:48 EST 2020
mkbrainmask-sess done
s001 MC -----------------------------
mc-sess -fstem f -fmcstem fmc -s s001 -d /scratch/groups/lisik3/mcmahoneg/mri_data_anlys/studies/cont_actions/unpackdata -fsd bold -rlf maintask.rlf -per-session -nolog -update
Logfile is /dev/null
-------------------------------------------
/scratch/groups/lisik3/mcmahoneg/mri_data_anlys/studies/cont_actions/unpackdata/s001 
RunList: 003 004 007 008 011 012 015 016 019 020
  ------- ************************** -----------
  ------- Motion Correcting Run 003 -----------
  ------- ************************** -----------
sess = s001
Thu Feb 27 09:55:48 EST 2020
mc-afni2 --i 003/f.nii --t template.nii.gz --o 003/fmc.nii.gz --mcdat 003/fmc.mcdat
/scratch/groups/lisik3/mcmahoneg/mri_data_anlys/studies/cont_actions/unpackdata/s001/bold
mri_info --nframes --o /tmp/mriinfo.11753 template.nii.gz
log file is 003/fmc.nii.gz.mclog
mcdat file is 003/fmc.mcdat
tmp dir is 003/tmp.mc-afni2.11753
#@# --------------------------------
/scratch/groups/lisik3/mcmahoneg/mri_data_anlys/studies/cont_actions/unpackdata/s001/bold
mri_convert template.nii.gz 003/tmp.mc-afni2.11753/tempvol.nii.gz --nskip 0 --ndrop 0 -odt float
mri_convert.bin template.nii.gz 003/tmp.mc-afni2.11753/tempvol.nii.gz --nskip 0 --ndrop 0 -odt float 
nskip = 0
ndrop = 0
$Id: mri_convert.c,v 1.226 2016/02/26 16:15:24 mreuter Exp $
reading from template.nii.gz...
TR=2000.00, TE=0.00, TI=0.00, flip angle=0.00
i_ras = (-0.99843, 0.0560047, -0.000214797)
j_ras = (0.0558209, 0.99483, -0.0848416)
k_ras = (0.00453784, 0.0847204, 0.996394)
writing to 003/tmp.mc-afni2.11753/tempvol.nii.gz...
#@# --------------------------------
/scratch/groups/lisik3/mcmahoneg/mri_data_anlys/studies/cont_actions/unpackdata/s001/bold
mri_convert 003/f.nii 003/tmp.mc-afni2.11753/invol.nii.gz -odt float
mri_convert.bin 003/f.nii 003/tmp.mc-afni2.11753/invol.nii.gz -odt float 
$Id: mri_convert.c,v 1.226 2016/02/26 16:15:24 mreuter Exp $
reading from 003/f.nii...
TR=2000.00, TE=0.00, TI=0.00, flip angle=0.00
i_ras = (-0.99843, 0.0560047, -0.000214797)
j_ras = (0.0558209, 0.99483, -0.0848416)
k_ras = (0.00453784, 0.0847204, 0.996394)
writing to 003/tmp.mc-afni2.11753/invol.nii.gz...
#@# --------------------------------
/scratch/groups/lisik3/mcmahoneg/mri_data_anlys/studies/cont_actions/unpackdata/s001/bold
3dvolreg.afni -verbose -dfile 003/fmc.mcdat -1Dmatrix_save 003/fmc.mat -base 003/tmp.mc-afni2.11753/tempvol.nii.gz -prefix 003/tmp.mc-afni2.11753/outvol.nii.gz 003/tmp.mc-afni2.11753/invol.nii.gz
++ 3dvolreg: AFNI version=AFNI_2011_12_21_1014 (Aug 29 2012) [64-bit]
++ Authored by: RW Cox
*+ WARNING:   If you are performing spatial transformations on an oblique dset, 
  such as 003/tmp.mc-afni2.11753/tempvol.nii.gz,
  or viewing/combining it with volumes of differing obliquity,
  you should consider running: 
     3dWarp -deoblique 
  on this and  other oblique datasets in the same session.
 See 3dWarp -help for details.
++ Oblique dataset:003/tmp.mc-afni2.11753/tempvol.nii.gz is 5.828908 degrees from plumb.
++ Reading in base dataset 003/tmp.mc-afni2.11753/tempvol.nii.gz
++ Oblique dataset:003/tmp.mc-afni2.11753/invol.nii.gz is 5.828908 degrees from plumb.
++ Reading input dataset 003/tmp.mc-afni2.11753/invol.nii.gz
++ Edging: x=4 y=4 z=2
++ Creating mask for -maxdisp
 + Automask has 49760 voxels
 + 6579 voxels left in -maxdisp mask after erosion
++ Initializing alignment base
++ Starting final pass on 118 sub-bricks: 0..1..2..3..4..5..6..7..8..9..10..11..12..13..14..15..16..17..18..19..20..21..22..23..24..25..26..27..28..29..30..31..32..33..34..35..36..37..38..39..40..41..42..43..44..45..46..47..48..49..50..51..52..53..54..55..56..57..58..59..60..61..62..63..64..65..66..67..68..69..70..71..72..73..74..75..76..77..78..79..80..81..82..83..84..85..86..87..88..89..90..91..92..93..94..95..96..97..98..99..100..101..102..103..104..105..106..107..108..109..110..111..112..113..114..115..116..117..
++ CPU time for realignment=0 s  [=0 s/sub-brick]
++ Min : roll=-0.026  pitch=-0.015  yaw=-0.002  dS=-0.045  dL=-0.010  dP=-0.043
++ Mean: roll=-0.002  pitch=+0.018  yaw=+0.055  dS=-0.008  dL=+0.027  dP=+0.009
++ Max : roll=+0.019  pitch=+0.053  yaw=+0.104  dS=+0.023  dL=+0.075  dP=+0.072
++ Max displacements (mm) for each sub-brick:
 0.00 0.05 0.03 0.03 0.05 0.07 0.06 0.05 0.07 0.06 0.05 0.06 0.06 0.05 0.05 0.08 0.04 0.06 0.05 0.05 0.05 0.04 0.06 0.04 0.05 0.06 0.07 0.04 0.06 0.04 0.06 0.05 0.05 0.05 0.06 0.07 0.08 0.07 0.07 0.08 0.08 0.08 0.07 0.09 0.09 0.08 0.10 0.09 0.09 0.09 0.09 0.09 0.09 0.11 0.09 0.10 0.12 0.10 0.09 0.12 0.10 0.08 0.10 0.12 0.10 0.10 0.11 0.10 0.11 0.11 0.10 0.11 0.13 0.13 0.09 0.11 0.10 0.10 0.11 0.15 0.12 0.11 0.13 0.12 0.11 0.14 0.14 0.12 0.14 0.13 0.11 0.13 0.12 0.14 0.16 0.14 0.13 0.15 0.15 0.13 0.16 0.15 0.15 0.17 0.15 0.17 0.18 0.17 0.18 0.19 0.18 0.19 0.20 0.18 0.19 0.18 0.18 0.19
++ Max displacement in automask = 0.20 (mm) at sub-brick 112
++ Wrote dataset to disk in 003/tmp.mc-afni2.11753/outvol.nii.gz
** Warning: overwriting file 003/fmc.mcdat
#@# --------------------------------
/scratch/groups/lisik3/mcmahoneg/mri_data_anlys/studies/cont_actions/unpackdata/s001/bold
mri_convert 003/tmp.mc-afni2.11753/outvol.nii.gz 003/fmc.nii.gz --in_like template.nii.gz
mri_convert.bin 003/tmp.mc-afni2.11753/outvol.nii.gz 003/fmc.nii.gz --in_like template.nii.gz 
reading info from template.nii.gz...
$Id: mri_convert.c,v 1.226 2016/02/26 16:15:24 mreuter Exp $
reading from 003/tmp.mc-afni2.11753/outvol.nii.gz...
TR=2000.00, TE=0.00, TI=0.00, flip angle=0.00
INFO: frames are not the same
i_ras = (-0.99843, 0.0560047, -0.000214797)
j_ras = (0.0558209, 0.99483, -0.0848416)
k_ras = (0.00453784, 0.0847204, 0.996394)
writing to 003/fmc.nii.gz...
... cleaning up ....
Thu Feb 27 09:56:23 EST 2020
mc-afni2 done
INFO: Making external regressor from mc params
mcdat2mcextreg --i 003/fmc.mcdat --o 003/mcextreg
Thu Feb 27 09:56:23 EST 2020

setenv SUBJECTS_DIR /scratch/groups/lisik3/mcmahoneg/mri_data_anlys/subjects
cd /scratch/groups/lisik3/mcmahoneg/mri_data_anlys/studies/cont_actions/unpackdata/s001/bold
/software/apps/freesurfer/6.0.0/fsfast/bin/mcdat2mcextreg --i 003/fmc.mcdat --o 003/mcextreg

freesurfer-Linux-centos6_x86_64-stable-pub-v6.0.0-2beb96c
Linux compute0200 3.10.0-862.9.1.el7.x86_64 #1 SMP Mon Jul 16 16:29:36 UTC 2018 x86_64 x86_64 x86_64 GNU/Linux
mri_glmfit --table /scratch/groups/lisik3/mcmahoneg/mri_data_anlys/studies/cont_actions/unpackdata/s001/bold/003/tmpdir.mcdat2extreg.12088/table.dat --glmdir /scratch/groups/lisik3/mcmahoneg/mri_data_anlys/studies/cont_actions/unpackdata/s001/bold/003/tmpdir.mcdat2extreg.12088/glm --osgm --y-out /scratch/groups/lisik3/mcmahoneg/mri_data_anlys/studies/cont_actions/unpackdata/s001/bold/003/tmpdir.mcdat2extreg.12088/y.out.nii --pca

$Id: mri_glmfit.c,v 1.241.2.4 2016/12/08 22:02:40 zkaufman Exp $
cwd /scratch/groups/lisik3/mcmahoneg/mri_data_anlys/studies/cont_actions/unpackdata/s001/bold
cmdline mri_glmfit.bin --table /scratch/groups/lisik3/mcmahoneg/mri_data_anlys/studies/cont_actions/unpackdata/s001/bold/003/tmpdir.mcdat2extreg.12088/table.dat --glmdir /scratch/groups/lisik3/mcmahoneg/mri_data_anlys/studies/cont_actions/unpackdata/s001/bold/003/tmpdir.mcdat2extreg.12088/glm --osgm --y-out /scratch/groups/lisik3/mcmahoneg/mri_data_anlys/studies/cont_actions/unpackdata/s001/bold/003/tmpdir.mcdat2extreg.12088/y.out.nii --pca 
sysname  Linux
hostname compute0200
machine  x86_64
user     emcmaho7@jhu.edu
FixVertexAreaFlag = 1
UseMaskWithSmoothing     1
OneSampleGroupMean 1
y    /scratch/groups/lisik3/mcmahoneg/mri_data_anlys/studies/cont_actions/unpackdata/s001/bold/003/tmpdir.mcdat2extreg.12088/table.dat
logyflag 0
usedti  0
glmdir /scratch/groups/lisik3/mcmahoneg/mri_data_anlys/studies/cont_actions/unpackdata/s001/bold/003/tmpdir.mcdat2extreg.12088/glm
IllCondOK 0
ReScaleX 1
DoFFx 0
Creating output directory /scratch/groups/lisik3/mcmahoneg/mri_data_anlys/studies/cont_actions/unpackdata/s001/bold/003/tmpdir.mcdat2extreg.12088/glm
Loading y from /scratch/groups/lisik3/mcmahoneg/mri_data_anlys/studies/cont_actions/unpackdata/s001/bold/003/tmpdir.mcdat2extreg.12088/table.dat
Found 6 data colums
Found 118 data rows
Saving design matrix to /scratch/groups/lisik3/mcmahoneg/mri_data_anlys/studies/cont_actions/unpackdata/s001/bold/003/tmpdir.mcdat2extreg.12088/glm/Xg.dat
Computing normalized matrix
Normalized matrix condition is 1
Matrix condition is 1
search space = 6.000000
DOF = 117
Starting fit and test
Fit completed in 0 minutes
Writing results
  osgm
    maxvox sig=40.6781  F=438.942  at  index 2 0 0    seed=1583127693
Measure:MC                        osgm 
Tx                                 -1.870 
Ty                                 22.311 
Tz                                 40.678 
Rx                                 -8.775 
Ry                                 28.562 
Rz                                  3.192 
Computing PCA (118)
mri_glmfit done
ninputs = 1
Checking inputs
nframestot = 118
Allocing output
Done allocing
nframes = 118
Computing PCA
Writing to /scratch/groups/lisik3/mcmahoneg/mri_data_anlys/studies/cont_actions/unpackdata/s001/bold/003/tmpdir.mcdat2extreg.12088/pca.nii
mcdat2mcextreg done
  ------- ************************** -----------
  ------- Motion Correcting Run 004 -----------
  ------- ************************** -----------
sess = s001
Thu Feb 27 09:56:23 EST 2020
mc-afni2 --i 004/f.nii --t template.nii.gz --o 004/fmc.nii.gz --mcdat 004/fmc.mcdat
/scratch/groups/lisik3/mcmahoneg/mri_data_anlys/studies/cont_actions/unpackdata/s001/bold
mri_info --nframes --o /tmp/mriinfo.12179 template.nii.gz
log file is 004/fmc.nii.gz.mclog
mcdat file is 004/fmc.mcdat
tmp dir is 004/tmp.mc-afni2.12179
#@# --------------------------------
/scratch/groups/lisik3/mcmahoneg/mri_data_anlys/studies/cont_actions/unpackdata/s001/bold
mri_convert template.nii.gz 004/tmp.mc-afni2.12179/tempvol.nii.gz --nskip 0 --ndrop 0 -odt float
mri_convert.bin template.nii.gz 004/tmp.mc-afni2.12179/tempvol.nii.gz --nskip 0 --ndrop 0 -odt float 
nskip = 0
ndrop = 0
$Id: mri_convert.c,v 1.226 2016/02/26 16:15:24 mreuter Exp $
reading from template.nii.gz...
TR=2000.00, TE=0.00, TI=0.00, flip angle=0.00
i_ras = (-0.99843, 0.0560047, -0.000214797)
j_ras = (0.0558209, 0.99483, -0.0848416)
k_ras = (0.00453784, 0.0847204, 0.996394)
writing to 004/tmp.mc-afni2.12179/tempvol.nii.gz...
#@# --------------------------------
/scratch/groups/lisik3/mcmahoneg/mri_data_anlys/studies/cont_actions/unpackdata/s001/bold
mri_convert 004/f.nii 004/tmp.mc-afni2.12179/invol.nii.gz -odt float
mri_convert.bin 004/f.nii 004/tmp.mc-afni2.12179/invol.nii.gz -odt float 
$Id: mri_convert.c,v 1.226 2016/02/26 16:15:24 mreuter Exp $
reading from 004/f.nii...
TR=2000.00, TE=0.00, TI=0.00, flip angle=0.00
i_ras = (-0.99843, 0.0560047, -0.000214797)
j_ras = (0.0558209, 0.99483, -0.0848416)
k_ras = (0.00453784, 0.0847204, 0.996394)
writing to 004/tmp.mc-afni2.12179/invol.nii.gz...
#@# --------------------------------
/scratch/groups/lisik3/mcmahoneg/mri_data_anlys/studies/cont_actions/unpackdata/s001/bold
3dvolreg.afni -verbose -dfile 004/fmc.mcdat -1Dmatrix_save 004/fmc.mat -base 004/tmp.mc-afni2.12179/tempvol.nii.gz -prefix 004/tmp.mc-afni2.12179/outvol.nii.gz 004/tmp.mc-afni2.12179/invol.nii.gz
++ 3dvolreg: AFNI version=AFNI_2011_12_21_1014 (Aug 29 2012) [64-bit]
++ Authored by: RW Cox
*+ WARNING:   If you are performing spatial transformations on an oblique dset, 
  such as 004/tmp.mc-afni2.12179/tempvol.nii.gz,
  or viewing/combining it with volumes of differing obliquity,
  you should consider running: 
     3dWarp -deoblique 
  on this and  other oblique datasets in the same session.
 See 3dWarp -help for details.
++ Oblique dataset:004/tmp.mc-afni2.12179/tempvol.nii.gz is 5.828908 degrees from plumb.
++ Reading in base dataset 004/tmp.mc-afni2.12179/tempvol.nii.gz
++ Oblique dataset:004/tmp.mc-afni2.12179/invol.nii.gz is 5.828908 degrees from plumb.
++ Reading input dataset 004/tmp.mc-afni2.12179/invol.nii.gz
++ Edging: x=4 y=4 z=2
++ Creating mask for -maxdisp
 + Automask has 49714 voxels
 + 6553 voxels left in -maxdisp mask after erosion
++ Initializing alignment base
++ Starting final pass on 118 sub-bricks: 0..1..2..3..4..5..6..7..8..9..10..11..12..13..14..15..16..17..18..19..20..21..22..23..24..25..26..27..28..29..30..31..32..33..34..35..36..37..38..39..40..41..42..43..44..45..46..47..48..49..50..51..52..53..54..55..56..57..58..59..60..61..62..63..64..65..66..67..68..69..70..71..72..73..74..75..76..77..78..79..80..81..82..83..84..85..86..87..88..89..90..91..92..93..94..95..96..97..98..99..100..101..102..103..104..105..106..107..108..109..110..111..112..113..114..115..116..117..
++ CPU time for realignment=0 s  [=0 s/sub-brick]
++ Min : roll=-0.028  pitch=+0.110  yaw=+0.148  dS=-0.101  dL=+0.103  dP=+0.013
++ Mean: roll=-0.009  pitch=+0.168  yaw=+0.201  dS=-0.067  dL=+0.128  dP=+0.157
++ Max : roll=+0.040  pitch=+0.227  yaw=+0.229  dS=-0.042  dL=+0.165  dP=+0.354
++ Max displacements (mm) for each sub-brick:
 0.41 0.40 0.43 0.40 0.38 0.41 0.41 0.36 0.42 0.43 0.41 0.42 0.45 0.40 0.43 0.47 0.39 0.42 0.44 0.39 0.44 0.48 0.45 0.47 0.49 0.46 0.43 0.47 0.46 0.43 0.49 0.50 0.44 0.48 0.48 0.43 0.50 0.48 0.46 0.53 0.55 0.44 0.46 0.51 0.43 0.48 0.49 0.43 0.48 0.49 0.49 0.49 0.52 0.47 0.47 0.51 0.48 0.42 0.46 0.45 0.44 0.51 0.54 0.46 0.49 0.53 0.49 0.50 0.51 0.46 0.51 0.53 0.44 0.49 0.51 0.43 0.46 0.49 0.45 0.47 0.51 0.49 0.46 0.52 0.48 0.47 0.54 0.48 0.52 0.52 0.47 0.52 0.49 0.51 0.55 0.48 0.53 0.50 0.49 0.53 0.50 0.54 0.57 0.51 0.54 0.54 0.52 0.54 0.56 0.56 0.54 0.57 0.57 0.55 0.60 0.56 0.58 0.60
++ Max displacement in automask = 0.60 (mm) at sub-brick 117
++ Wrote dataset to disk in 004/tmp.mc-afni2.12179/outvol.nii.gz
** Warning: overwriting file 004/fmc.mcdat
#@# --------------------------------
/scratch/groups/lisik3/mcmahoneg/mri_data_anlys/studies/cont_actions/unpackdata/s001/bold
mri_convert 004/tmp.mc-afni2.12179/outvol.nii.gz 004/fmc.nii.gz --in_like template.nii.gz
mri_convert.bin 004/tmp.mc-afni2.12179/outvol.nii.gz 004/fmc.nii.gz --in_like template.nii.gz 
reading info from template.nii.gz...
$Id: mri_convert.c,v 1.226 2016/02/26 16:15:24 mreuter Exp $
reading from 004/tmp.mc-afni2.12179/outvol.nii.gz...
TR=2000.00, TE=0.00, TI=0.00, flip angle=0.00
INFO: frames are not the same
i_ras = (-0.99843, 0.0560047, -0.000214797)
j_ras = (0.0558209, 0.99483, -0.0848416)
k_ras = (0.00453784, 0.0847204, 0.996394)
writing to 004/fmc.nii.gz...
... cleaning up ....
Thu Feb 27 09:56:56 EST 2020
mc-afni2 done
INFO: Making external regressor from mc params
mcdat2mcextreg --i 004/fmc.mcdat --o 004/mcextreg
Thu Feb 27 09:56:56 EST 2020

setenv SUBJECTS_DIR /scratch/groups/lisik3/mcmahoneg/mri_data_anlys/subjects
cd /scratch/groups/lisik3/mcmahoneg/mri_data_anlys/studies/cont_actions/unpackdata/s001/bold
/software/apps/freesurfer/6.0.0/fsfast/bin/mcdat2mcextreg --i 004/fmc.mcdat --o 004/mcextreg

freesurfer-Linux-centos6_x86_64-stable-pub-v6.0.0-2beb96c
Linux compute0200 3.10.0-862.9.1.el7.x86_64 #1 SMP Mon Jul 16 16:29:36 UTC 2018 x86_64 x86_64 x86_64 GNU/Linux
mri_glmfit --table /scratch/groups/lisik3/mcmahoneg/mri_data_anlys/studies/cont_actions/unpackdata/s001/bold/004/tmpdir.mcdat2extreg.12351/table.dat --glmdir /scratch/groups/lisik3/mcmahoneg/mri_data_anlys/studies/cont_actions/unpackdata/s001/bold/004/tmpdir.mcdat2extreg.12351/glm --osgm --y-out /scratch/groups/lisik3/mcmahoneg/mri_data_anlys/studies/cont_actions/unpackdata/s001/bold/004/tmpdir.mcdat2extreg.12351/y.out.nii --pca

$Id: mri_glmfit.c,v 1.241.2.4 2016/12/08 22:02:40 zkaufman Exp $
cwd /scratch/groups/lisik3/mcmahoneg/mri_data_anlys/studies/cont_actions/unpackdata/s001/bold
cmdline mri_glmfit.bin --table /scratch/groups/lisik3/mcmahoneg/mri_data_anlys/studies/cont_actions/unpackdata/s001/bold/004/tmpdir.mcdat2extreg.12351/table.dat --glmdir /scratch/groups/lisik3/mcmahoneg/mri_data_anlys/studies/cont_actions/unpackdata/s001/bold/004/tmpdir.mcdat2extreg.12351/glm --osgm --y-out /scratch/groups/lisik3/mcmahoneg/mri_data_anlys/studies/cont_actions/unpackdata/s001/bold/004/tmpdir.mcdat2extreg.12351/y.out.nii --pca 
sysname  Linux
hostname compute0200
machine  x86_64
user     emcmaho7@jhu.edu
FixVertexAreaFlag = 1
UseMaskWithSmoothing     1
OneSampleGroupMean 1
y    /scratch/groups/lisik3/mcmahoneg/mri_data_anlys/studies/cont_actions/unpackdata/s001/bold/004/tmpdir.mcdat2extreg.12351/table.dat
logyflag 0
usedti  0
glmdir /scratch/groups/lisik3/mcmahoneg/mri_data_anlys/studies/cont_actions/unpackdata/s001/bold/004/tmpdir.mcdat2extreg.12351/glm
IllCondOK 0
ReScaleX 1
DoFFx 0
Creating output directory /scratch/groups/lisik3/mcmahoneg/mri_data_anlys/studies/cont_actions/unpackdata/s001/bold/004/tmpdir.mcdat2extreg.12351/glm
Loading y from /scratch/groups/lisik3/mcmahoneg/mri_data_anlys/studies/cont_actions/unpackdata/s001/bold/004/tmpdir.mcdat2extreg.12351/table.dat
Found 6 data colums
Found 118 data rows
Saving design matrix to /scratch/groups/lisik3/mcmahoneg/mri_data_anlys/studies/cont_actions/unpackdata/s001/bold/004/tmpdir.mcdat2extreg.12351/glm/Xg.dat
Computing normalized matrix
Normalized matrix condition is 1
Matrix condition is 1
search space = 6.000000
DOF = 117
Starting fit and test
Fit completed in 0 minutes
Writing results
  osgm
    maxvox sig=1e+10  F=3523.3  at  index 1 0 0    seed=1583089794
Measure:MC                        osgm 
Tx                                -12.479 
Ty                                10000000000.000 
Tz                                10000000000.000 
Rx                                -10000000000.000 
Ry                                10000000000.000 
Rz                                 37.491 
Computing PCA (118)
mri_glmfit done
ninputs = 1
Checking inputs
nframestot = 118
Allocing output
Done allocing
nframes = 118
Computing PCA
Writing to /scratch/groups/lisik3/mcmahoneg/mri_data_anlys/studies/cont_actions/unpackdata/s001/bold/004/tmpdir.mcdat2extreg.12351/pca.nii
mcdat2mcextreg done
  ------- ************************** -----------
  ------- Motion Correcting Run 007 -----------
  ------- ************************** -----------
sess = s001
Thu Feb 27 09:56:56 EST 2020
mc-afni2 --i 007/f.nii --t template.nii.gz --o 007/fmc.nii.gz --mcdat 007/fmc.mcdat
/scratch/groups/lisik3/mcmahoneg/mri_data_anlys/studies/cont_actions/unpackdata/s001/bold
mri_info --nframes --o /tmp/mriinfo.12422 template.nii.gz
log file is 007/fmc.nii.gz.mclog
mcdat file is 007/fmc.mcdat
tmp dir is 007/tmp.mc-afni2.12422
#@# --------------------------------
/scratch/groups/lisik3/mcmahoneg/mri_data_anlys/studies/cont_actions/unpackdata/s001/bold
mri_convert template.nii.gz 007/tmp.mc-afni2.12422/tempvol.nii.gz --nskip 0 --ndrop 0 -odt float
mri_convert.bin template.nii.gz 007/tmp.mc-afni2.12422/tempvol.nii.gz --nskip 0 --ndrop 0 -odt float 
nskip = 0
ndrop = 0
$Id: mri_convert.c,v 1.226 2016/02/26 16:15:24 mreuter Exp $
reading from template.nii.gz...
TR=2000.00, TE=0.00, TI=0.00, flip angle=0.00
i_ras = (-0.99843, 0.0560047, -0.000214797)
j_ras = (0.0558209, 0.99483, -0.0848416)
k_ras = (0.00453784, 0.0847204, 0.996394)
writing to 007/tmp.mc-afni2.12422/tempvol.nii.gz...
#@# --------------------------------
/scratch/groups/lisik3/mcmahoneg/mri_data_anlys/studies/cont_actions/unpackdata/s001/bold
mri_convert 007/f.nii 007/tmp.mc-afni2.12422/invol.nii.gz -odt float
mri_convert.bin 007/f.nii 007/tmp.mc-afni2.12422/invol.nii.gz -odt float 
$Id: mri_convert.c,v 1.226 2016/02/26 16:15:24 mreuter Exp $
reading from 007/f.nii...
TR=2000.00, TE=0.00, TI=0.00, flip angle=0.00
i_ras = (-0.99843, 0.0560047, -0.000214797)
j_ras = (0.0558209, 0.99483, -0.0848416)
k_ras = (0.00453784, 0.0847204, 0.996394)
writing to 007/tmp.mc-afni2.12422/invol.nii.gz...
#@# --------------------------------
/scratch/groups/lisik3/mcmahoneg/mri_data_anlys/studies/cont_actions/unpackdata/s001/bold
3dvolreg.afni -verbose -dfile 007/fmc.mcdat -1Dmatrix_save 007/fmc.mat -base 007/tmp.mc-afni2.12422/tempvol.nii.gz -prefix 007/tmp.mc-afni2.12422/outvol.nii.gz 007/tmp.mc-afni2.12422/invol.nii.gz
++ 3dvolreg: AFNI version=AFNI_2011_12_21_1014 (Aug 29 2012) [64-bit]
++ Authored by: RW Cox
*+ WARNING:   If you are performing spatial transformations on an oblique dset, 
  such as 007/tmp.mc-afni2.12422/tempvol.nii.gz,
  or viewing/combining it with volumes of differing obliquity,
  you should consider running: 
     3dWarp -deoblique 
  on this and  other oblique datasets in the same session.
 See 3dWarp -help for details.
++ Oblique dataset:007/tmp.mc-afni2.12422/tempvol.nii.gz is 5.828908 degrees from plumb.
++ Reading in base dataset 007/tmp.mc-afni2.12422/tempvol.nii.gz
++ Oblique dataset:007/tmp.mc-afni2.12422/invol.nii.gz is 5.828908 degrees from plumb.
++ Reading input dataset 007/tmp.mc-afni2.12422/invol.nii.gz
++ Edging: x=4 y=4 z=2
++ Creating mask for -maxdisp
 + Automask has 49678 voxels
 + 6544 voxels left in -maxdisp mask after erosion
++ Initializing alignment base
++ Starting final pass on 118 sub-bricks: 0..1..2..3..4..5..6..7..8..9..10..11..12..13..14..15..16..17..18..19..20..21..22..23..24..25..26..27..28..29..30..31..32..33..34..35..36..37..38..39..40..41..42..43..44..45..46..47..48..49..50..51..52..53..54..55..56..57..58..59..60..61..62..63..64..65..66..67..68..69..70..71..72..73..74..75..76..77..78..79..80..81..82..83..84..85..86..87..88..89..90..91..92..93..94..95..96..97..98..99..100..101..102..103..104..105..106..107..108..109..110..111..112..113..114..115..116..117..
++ CPU time for realignment=0 s  [=0 s/sub-brick]
++ Min : roll=+0.041  pitch=+0.720  yaw=+0.233  dS=-0.126  dL=+0.290  dP=-0.649
++ Mean: roll=+0.064  pitch=+0.769  yaw=+0.263  dS=-0.077  dL=+0.365  dP=-0.480
++ Max : roll=+0.079  pitch=+0.868  yaw=+0.283  dS=-0.044  dL=+0.414  dP=-0.285
++ Max displacements (mm) for each sub-brick:
 1.64 1.58 1.63 1.59 1.57 1.63 1.57 1.59 1.59 1.54 1.58 1.55 1.53 1.55 1.50 1.54 1.52 1.50 1.54 1.51 1.50 1.54 1.49 1.52 1.54 1.48 1.53 1.48 1.48 1.53 1.49 1.49 1.49 1.48 1.50 1.45 1.47 1.51 1.48 1.48 1.46 1.42 1.48 1.44 1.43 1.46 1.42 1.45 1.44 1.41 1.45 1.45 1.41 1.46 1.41 1.45 1.42 1.42 1.43 1.40 1.43 1.43 1.41 1.46 1.39 1.44 1.43 1.42 1.44 1.39 1.43 1.41 1.41 1.45 1.38 1.40 1.41 1.37 1.42 1.39 1.38 1.43 1.38 1.38 1.43 1.35 1.38 1.38 1.36 1.41 1.38 1.37 1.39 1.35 1.43 1.35 1.35 1.37 1.33 1.38 1.31 1.35 1.35 1.29 1.36 1.36 1.32 1.35 1.29 1.34 1.29 1.34 1.33 1.32 1.38 1.32 1.37 1.32
++ Max displacement in automask = 1.64 (mm) at sub-brick 0
++ Wrote dataset to disk in 007/tmp.mc-afni2.12422/outvol.nii.gz
** Warning: overwriting file 007/fmc.mcdat
#@# --------------------------------
/scratch/groups/lisik3/mcmahoneg/mri_data_anlys/studies/cont_actions/unpackdata/s001/bold
mri_convert 007/tmp.mc-afni2.12422/outvol.nii.gz 007/fmc.nii.gz --in_like template.nii.gz
mri_convert.bin 007/tmp.mc-afni2.12422/outvol.nii.gz 007/fmc.nii.gz --in_like template.nii.gz 
reading info from template.nii.gz...
$Id: mri_convert.c,v 1.226 2016/02/26 16:15:24 mreuter Exp $
reading from 007/tmp.mc-afni2.12422/outvol.nii.gz...
TR=2000.00, TE=0.00, TI=0.00, flip angle=0.00
INFO: frames are not the same
i_ras = (-0.99843, 0.0560047, -0.000214797)
j_ras = (0.0558209, 0.99483, -0.0848416)
k_ras = (0.00453784, 0.0847204, 0.996394)
writing to 007/fmc.nii.gz...
... cleaning up ....
Thu Feb 27 09:57:31 EST 2020
mc-afni2 done
INFO: Making external regressor from mc params
mcdat2mcextreg --i 007/fmc.mcdat --o 007/mcextreg
Thu Feb 27 09:57:31 EST 2020

setenv SUBJECTS_DIR /scratch/groups/lisik3/mcmahoneg/mri_data_anlys/subjects
cd /scratch/groups/lisik3/mcmahoneg/mri_data_anlys/studies/cont_actions/unpackdata/s001/bold
/software/apps/freesurfer/6.0.0/fsfast/bin/mcdat2mcextreg --i 007/fmc.mcdat --o 007/mcextreg

freesurfer-Linux-centos6_x86_64-stable-pub-v6.0.0-2beb96c
Linux compute0200 3.10.0-862.9.1.el7.x86_64 #1 SMP Mon Jul 16 16:29:36 UTC 2018 x86_64 x86_64 x86_64 GNU/Linux
mri_glmfit --table /scratch/groups/lisik3/mcmahoneg/mri_data_anlys/studies/cont_actions/unpackdata/s001/bold/007/tmpdir.mcdat2extreg.12870/table.dat --glmdir /scratch/groups/lisik3/mcmahoneg/mri_data_anlys/studies/cont_actions/unpackdata/s001/bold/007/tmpdir.mcdat2extreg.12870/glm --osgm --y-out /scratch/groups/lisik3/mcmahoneg/mri_data_anlys/studies/cont_actions/unpackdata/s001/bold/007/tmpdir.mcdat2extreg.12870/y.out.nii --pca

$Id: mri_glmfit.c,v 1.241.2.4 2016/12/08 22:02:40 zkaufman Exp $
cwd /scratch/groups/lisik3/mcmahoneg/mri_data_anlys/studies/cont_actions/unpackdata/s001/bold
cmdline mri_glmfit.bin --table /scratch/groups/lisik3/mcmahoneg/mri_data_anlys/studies/cont_actions/unpackdata/s001/bold/007/tmpdir.mcdat2extreg.12870/table.dat --glmdir /scratch/groups/lisik3/mcmahoneg/mri_data_anlys/studies/cont_actions/unpackdata/s001/bold/007/tmpdir.mcdat2extreg.12870/glm --osgm --y-out /scratch/groups/lisik3/mcmahoneg/mri_data_anlys/studies/cont_actions/unpackdata/s001/bold/007/tmpdir.mcdat2extreg.12870/y.out.nii --pca 
sysname  Linux
hostname compute0200
machine  x86_64
user     emcmaho7@jhu.edu
FixVertexAreaFlag = 1
UseMaskWithSmoothing     1
OneSampleGroupMean 1
y    /scratch/groups/lisik3/mcmahoneg/mri_data_anlys/studies/cont_actions/unpackdata/s001/bold/007/tmpdir.mcdat2extreg.12870/table.dat
logyflag 0
usedti  0
glmdir /scratch/groups/lisik3/mcmahoneg/mri_data_anlys/studies/cont_actions/unpackdata/s001/bold/007/tmpdir.mcdat2extreg.12870/glm
IllCondOK 0
ReScaleX 1
DoFFx 0
Creating output directory /scratch/groups/lisik3/mcmahoneg/mri_data_anlys/studies/cont_actions/unpackdata/s001/bold/007/tmpdir.mcdat2extreg.12870/glm
Loading y from /scratch/groups/lisik3/mcmahoneg/mri_data_anlys/studies/cont_actions/unpackdata/s001/bold/007/tmpdir.mcdat2extreg.12870/table.dat
Found 6 data colums
Found 118 data rows
Saving design matrix to /scratch/groups/lisik3/mcmahoneg/mri_data_anlys/studies/cont_actions/unpackdata/s001/bold/007/tmpdir.mcdat2extreg.12870/glm/Xg.dat
Computing normalized matrix
Normalized matrix condition is 1
Matrix condition is 1
search space = 6.000000
DOF = 117
Starting fit and test
Fit completed in 0 minutes
Writing results
  osgm
    maxvox sig=1e+10  F=6949.52  at  index 0 0 0    seed=1583670350
Measure:MC                        osgm 
Tx                                10000000000.000 
Ty                                10000000000.000 
Tz                                10000000000.000 
Rx                                -10000000000.000 
Ry                                10000000000.000 
Rz                                -10000000000.000 
Computing PCA (118)
mri_glmfit done
ninputs = 1
Checking inputs
nframestot = 118
Allocing output
Done allocing
nframes = 118
Computing PCA
Writing to /scratch/groups/lisik3/mcmahoneg/mri_data_anlys/studies/cont_actions/unpackdata/s001/bold/007/tmpdir.mcdat2extreg.12870/pca.nii
mcdat2mcextreg done
  ------- ************************** -----------
  ------- Motion Correcting Run 008 -----------
  ------- ************************** -----------
sess = s001
Thu Feb 27 09:57:32 EST 2020
mc-afni2 --i 008/f.nii --t template.nii.gz --o 008/fmc.nii.gz --mcdat 008/fmc.mcdat
/scratch/groups/lisik3/mcmahoneg/mri_data_anlys/studies/cont_actions/unpackdata/s001/bold
mri_info --nframes --o /tmp/mriinfo.12964 template.nii.gz
log file is 008/fmc.nii.gz.mclog
mcdat file is 008/fmc.mcdat
tmp dir is 008/tmp.mc-afni2.12964
#@# --------------------------------
/scratch/groups/lisik3/mcmahoneg/mri_data_anlys/studies/cont_actions/unpackdata/s001/bold
mri_convert template.nii.gz 008/tmp.mc-afni2.12964/tempvol.nii.gz --nskip 0 --ndrop 0 -odt float
mri_convert.bin template.nii.gz 008/tmp.mc-afni2.12964/tempvol.nii.gz --nskip 0 --ndrop 0 -odt float 
nskip = 0
ndrop = 0
$Id: mri_convert.c,v 1.226 2016/02/26 16:15:24 mreuter Exp $
reading from template.nii.gz...
TR=2000.00, TE=0.00, TI=0.00, flip angle=0.00
i_ras = (-0.99843, 0.0560047, -0.000214797)
j_ras = (0.0558209, 0.99483, -0.0848416)
k_ras = (0.00453784, 0.0847204, 0.996394)
writing to 008/tmp.mc-afni2.12964/tempvol.nii.gz...
#@# --------------------------------
/scratch/groups/lisik3/mcmahoneg/mri_data_anlys/studies/cont_actions/unpackdata/s001/bold
mri_convert 008/f.nii 008/tmp.mc-afni2.12964/invol.nii.gz -odt float
mri_convert.bin 008/f.nii 008/tmp.mc-afni2.12964/invol.nii.gz -odt float 
$Id: mri_convert.c,v 1.226 2016/02/26 16:15:24 mreuter Exp $
reading from 008/f.nii...
TR=2000.00, TE=0.00, TI=0.00, flip angle=0.00
i_ras = (-0.99843, 0.0560047, -0.000214797)
j_ras = (0.0558209, 0.99483, -0.0848416)
k_ras = (0.00453784, 0.0847204, 0.996394)
writing to 008/tmp.mc-afni2.12964/invol.nii.gz...
#@# --------------------------------
/scratch/groups/lisik3/mcmahoneg/mri_data_anlys/studies/cont_actions/unpackdata/s001/bold
3dvolreg.afni -verbose -dfile 008/fmc.mcdat -1Dmatrix_save 008/fmc.mat -base 008/tmp.mc-afni2.12964/tempvol.nii.gz -prefix 008/tmp.mc-afni2.12964/outvol.nii.gz 008/tmp.mc-afni2.12964/invol.nii.gz
++ 3dvolreg: AFNI version=AFNI_2011_12_21_1014 (Aug 29 2012) [64-bit]
++ Authored by: RW Cox
*+ WARNING:   If you are performing spatial transformations on an oblique dset, 
  such as 008/tmp.mc-afni2.12964/tempvol.nii.gz,
  or viewing/combining it with volumes of differing obliquity,
  you should consider running: 
     3dWarp -deoblique 
  on this and  other oblique datasets in the same session.
 See 3dWarp -help for details.
++ Oblique dataset:008/tmp.mc-afni2.12964/tempvol.nii.gz is 5.828908 degrees from plumb.
++ Reading in base dataset 008/tmp.mc-afni2.12964/tempvol.nii.gz
++ Oblique dataset:008/tmp.mc-afni2.12964/invol.nii.gz is 5.828908 degrees from plumb.
++ Reading input dataset 008/tmp.mc-afni2.12964/invol.nii.gz
++ Edging: x=4 y=4 z=2
++ Creating mask for -maxdisp
 + Automask has 49631 voxels
 + 6536 voxels left in -maxdisp mask after erosion
++ Initializing alignment base
++ Starting final pass on 118 sub-bricks: 0..1..2..3..4..5..6..7..8..9..10..11..12..13..14..15..16..17..18..19..20..21..22..23..24..25..26..27..28..29..30..31..32..33..34..35..36..37..38..39..40..41..42..43..44..45..46..47..48..49..50..51..52..53..54..55..56..57..58..59..60..61..62..63..64..65..66..67..68..69..70..71..72..73..74..75..76..77..78..79..80..81..82..83..84..85..86..87..88..89..90..91..92..93..94..95..96..97..98..99..100..101..102..103..104..105..106..107..108..109..110..111..112..113..114..115..116..117..
++ CPU time for realignment=0 s  [=0 s/sub-brick]
++ Min : roll=-0.031  pitch=+0.356  yaw=+0.154  dS=-0.077  dL=+0.253  dP=-0.704
++ Mean: roll=-0.014  pitch=+0.561  yaw=+0.187  dS=-0.009  dL=+0.293  dP=-0.445
++ Max : roll=+0.033  pitch=+0.733  yaw=+0.273  dS=+0.045  dL=+0.347  dP=-0.136
++ Max displacements (mm) for each sub-brick:
 1.49 1.44 1.51 1.46 1.41 1.46 1.40 1.42 1.42 1.35 1.39 1.37 1.36 1.42 1.38 1.38 1.39 1.33 1.35 1.31 1.24 1.28 1.28 1.28 1.32 1.29 1.29 1.27 1.27 1.31 1.28 1.26 1.28 1.26 1.26 1.25 1.22 1.24 1.20 1.22 1.19 1.17 1.21 1.19 1.16 1.19 1.16 1.14 1.19 1.14 1.16 1.18 1.14 1.18 1.12 1.12 1.12 1.12 1.14 1.08 1.11 1.13 1.10 1.12 1.07 1.06 1.06 1.06 1.09 1.06 1.10 1.03 1.03 1.05 1.02 1.06 1.04 1.01 1.04 1.02 1.07 1.00 1.04 0.99 0.91 0.84 0.82 0.81 0.82 0.88 0.83 0.88 0.81 0.83 0.85 0.81 0.85 0.79 0.87 0.94 0.85 0.95 0.90 0.93 0.91 0.90 0.89 0.88 0.88 0.84 0.88 1.02 0.92 0.92 0.83 0.84 0.81 0.83
++ Max displacement in automask = 1.51 (mm) at sub-brick 2
++ Wrote dataset to disk in 008/tmp.mc-afni2.12964/outvol.nii.gz
** Warning: overwriting file 008/fmc.mcdat
#@# --------------------------------
/scratch/groups/lisik3/mcmahoneg/mri_data_anlys/studies/cont_actions/unpackdata/s001/bold
mri_convert 008/tmp.mc-afni2.12964/outvol.nii.gz 008/fmc.nii.gz --in_like template.nii.gz
mri_convert.bin 008/tmp.mc-afni2.12964/outvol.nii.gz 008/fmc.nii.gz --in_like template.nii.gz 
reading info from template.nii.gz...
$Id: mri_convert.c,v 1.226 2016/02/26 16:15:24 mreuter Exp $
reading from 008/tmp.mc-afni2.12964/outvol.nii.gz...
TR=2000.00, TE=0.00, TI=0.00, flip angle=0.00
INFO: frames are not the same
i_ras = (-0.99843, 0.0560047, -0.000214797)
j_ras = (0.0558209, 0.99483, -0.0848416)
k_ras = (0.00453784, 0.0847204, 0.996394)
writing to 008/fmc.nii.gz...
... cleaning up ....
Thu Feb 27 09:58:06 EST 2020
mc-afni2 done
INFO: Making external regressor from mc params
mcdat2mcextreg --i 008/fmc.mcdat --o 008/mcextreg
Thu Feb 27 09:58:06 EST 2020

setenv SUBJECTS_DIR /scratch/groups/lisik3/mcmahoneg/mri_data_anlys/subjects
cd /scratch/groups/lisik3/mcmahoneg/mri_data_anlys/studies/cont_actions/unpackdata/s001/bold
/software/apps/freesurfer/6.0.0/fsfast/bin/mcdat2mcextreg --i 008/fmc.mcdat --o 008/mcextreg

freesurfer-Linux-centos6_x86_64-stable-pub-v6.0.0-2beb96c
Linux compute0200 3.10.0-862.9.1.el7.x86_64 #1 SMP Mon Jul 16 16:29:36 UTC 2018 x86_64 x86_64 x86_64 GNU/Linux
cat: 008/fmc.mcdat: No such file or directory
mri_glmfit --table /scratch/groups/lisik3/mcmahoneg/mri_data_anlys/studies/cont_actions/unpackdata/s001/bold/008/tmpdir.mcdat2extreg.13326/table.dat --glmdir /scratch/groups/lisik3/mcmahoneg/mri_data_anlys/studies/cont_actions/unpackdata/s001/bold/008/tmpdir.mcdat2extreg.13326/glm --osgm --y-out /scratch/groups/lisik3/mcmahoneg/mri_data_anlys/studies/cont_actions/unpackdata/s001/bold/008/tmpdir.mcdat2extreg.13326/y.out.nii --pca

$Id: mri_glmfit.c,v 1.241.2.4 2016/12/08 22:02:40 zkaufman Exp $
cwd /scratch/groups/lisik3/mcmahoneg/mri_data_anlys/studies/cont_actions/unpackdata/s001/bold
cmdline mri_glmfit.bin --table /scratch/groups/lisik3/mcmahoneg/mri_data_anlys/studies/cont_actions/unpackdata/s001/bold/008/tmpdir.mcdat2extreg.13326/table.dat --glmdir /scratch/groups/lisik3/mcmahoneg/mri_data_anlys/studies/cont_actions/unpackdata/s001/bold/008/tmpdir.mcdat2extreg.13326/glm --osgm --y-out /scratch/groups/lisik3/mcmahoneg/mri_data_anlys/studies/cont_actions/unpackdata/s001/bold/008/tmpdir.mcdat2extreg.13326/y.out.nii --pca 
sysname  Linux
hostname compute0200
machine  x86_64
user     emcmaho7@jhu.edu
FixVertexAreaFlag = 1
UseMaskWithSmoothing     1
OneSampleGroupMean 1
y    /scratch/groups/lisik3/mcmahoneg/mri_data_anlys/studies/cont_actions/unpackdata/s001/bold/008/tmpdir.mcdat2extreg.13326/table.dat
logyflag 0
usedti  0
glmdir /scratch/groups/lisik3/mcmahoneg/mri_data_anlys/studies/cont_actions/unpackdata/s001/bold/008/tmpdir.mcdat2extreg.13326/glm
IllCondOK 0
ReScaleX 1
DoFFx 0
Creating output directory /scratch/groups/lisik3/mcmahoneg/mri_data_anlys/studies/cont_actions/unpackdata/s001/bold/008/tmpdir.mcdat2extreg.13326/glm
Loading y from /scratch/groups/lisik3/mcmahoneg/mri_data_anlys/studies/cont_actions/unpackdata/s001/bold/008/tmpdir.mcdat2extreg.13326/table.dat
Found 6 data colums
Found 0 data rows
Saving design matrix to /scratch/groups/lisik3/mcmahoneg/mri_data_anlys/studies/cont_actions/unpackdata/s001/bold/008/tmpdir.mcdat2extreg.13326/glm/Xg.dat
Computing normalized matrix
Normalized matrix condition is 1e+10
Design matrix ------------------
--------------------------------
ERROR: matrix is ill-conditioned or badly scaled, condno = 1e+10
--------------------------------
Possible problem with experimental design:
Check for duplicate entries and/or lack of range of
continuous variables within a class.
If you seek help with this problem, make sure to send:
  1. Your command line:
    mri_glmfit.bin --table /scratch/groups/lisik3/mcmahoneg/mri_data_anlys/studies/cont_actions/unpackdata/s001/bold/008/tmpdir.mcdat2extreg.13326/table.dat --glmdir /scratch/groups/lisik3/mcmahoneg/mri_data_anlys/studies/cont_actions/unpackdata/s001/bold/008/tmpdir.mcdat2extreg.13326/glm --osgm --y-out /scratch/groups/lisik3/mcmahoneg/mri_data_anlys/studies/cont_actions/unpackdata/s001/bold/008/tmpdir.mcdat2extreg.13326/y.out.nii --pca 
  2. The FSGD file (if using one)
  3. And the design matrix above
Attempting to diagnose further 
SumSq: Min=0.000000 (col 1), Max=0.000000 (col 0)
Column 1,  all values are 0
