selxavg3-sess log file
/software/apps/freesurfer/6.0.0/fsfast/bin/selxavg3-sess
-s s001 -df sessdir -analysis FBO-surface-rh-sm5 -svres
$Id: selxavg3-sess,v 1.68 2016/05/10 03:24:18 greve Exp $
uid=3996(emcmaho7@jhu.edu) gid=1405(lisik3) groups=1405(lisik3),1502(mbonner5)
/scratch/groups/lisik3/mcmahoneg/mri_data_anlys/studies/cont_actions/analysis
Linux bc-login02 3.10.0-862.9.1.el7.x86_64 #1 SMP Mon Jul 16 16:29:36 UTC 2018 x86_64 x86_64 x86_64 GNU/Linux
Fri Feb 21 13:40:24 EST 2020
preproc-sess -s s001 -d /scratch/groups/lisik3/mcmahoneg/mri_data_anlys/studies/cont_actions/unpackdata -a FBO-surface-rh-sm5 -nolog
--------------------------------------------------------------
preproc-sess logfile is /dev/null
--------------------------------------------------------------
$Id: preproc-sess,v 1.64.2.1 2016/08/02 21:19:09 greve Exp $
emcmaho7@jhu.edu
setenv FREESURFER_HOME /software/apps/freesurfer/6.0.0
setenv SUBJECTS_DIR /scratch/groups/lisik3/mcmahoneg/mri_data_anlys/subjects
Linux bc-login02 3.10.0-862.9.1.el7.x86_64 #1 SMP Mon Jul 16 16:29:36 UTC 2018 x86_64 x86_64 x86_64 GNU/Linux
/scratch/groups/lisik3/mcmahoneg/mri_data_anlys/studies/cont_actions/analysis
/software/apps/freesurfer/6.0.0/fsfast/bin/preproc-sess
-s s001 -d /scratch/groups/lisik3/mcmahoneg/mri_data_anlys/studies/cont_actions/unpackdata -a FBO-surface-rh-sm5 -nolog
Fri Feb 21 13:40:25 EST 2020
instem   f 
mc   1     f fmcpr 
stc  0     fmcpr
sm   0   
mask 1   brain
s001 Template -----------------------------
mktemplate-sess -s s001 -d /scratch/groups/lisik3/mcmahoneg/mri_data_anlys/studies/cont_actions/unpackdata -fsd bold -rlf FBO.rlf -nolog -update
 
Session: /scratch/groups/lisik3/mcmahoneg/mri_data_anlys/studies/cont_actions/unpackdata/s001 ----------------
Fri Feb 21 13:40:25 EST 2020
Detected input format at nii
s001 Update not needed
  Run: 006 ----------------
  Fri Feb 21 13:40:25 EST 2020
  s001 006 Update not needed
  Run: 014 ----------------
  Fri Feb 21 13:40:25 EST 2020
  s001 014 Update not needed
Fri Feb 21 13:40:25 EST 2020
mktemplate-sess completed 
s001 Registration -----------------------------
register-sess -s s001 -d /scratch/groups/lisik3/mcmahoneg/mri_data_anlys/studies/cont_actions/unpackdata -fsd bold -delete-dat -dof 6 -bold -rlf FBO.rlf -per-run -nolog -update -init-coreg
--------------------------------------------------------------
register-sess logfile is /dev/null
--------------------------------------------------------------
Fri Feb 21 13:40:25 EST 2020

setenv SUBJECTS_DIR /scratch/groups/lisik3/mcmahoneg/mri_data_anlys/subjects
cd /scratch/groups/lisik3/mcmahoneg/mri_data_anlys/studies/cont_actions/analysis
/software/apps/freesurfer/6.0.0/fsfast/bin/register-sess -s s001 -d /scratch/groups/lisik3/mcmahoneg/mri_data_anlys/studies/cont_actions/unpackdata -fsd bold -delete-dat -dof 6 -bold -rlf FBO.rlf -per-run -nolog -update -init-coreg

freesurfer-Linux-centos6_x86_64-stable-pub-v6.0.0-2beb96c
Linux bc-login02 3.10.0-862.9.1.el7.x86_64 #1 SMP Mon Jul 16 16:29:36 UTC 2018 x86_64 x86_64 x86_64 GNU/Linux
 
Session: /scratch/groups/lisik3/mcmahoneg/mri_data_anlys/studies/cont_actions/unpackdata/s001 ----------------
Fri Feb 21 13:40:25 EST 2020
/scratch/groups/lisik3/mcmahoneg/mri_data_anlys/studies/cont_actions/unpackdata/s001
  Run: 006 ----------------
Fri Feb 21 13:40:25 EST 2020
Update not needed
  Run: 014 ----------------
Fri Feb 21 13:40:25 EST 2020
Update not needed
Fri Feb 21 13:40:25 EST 2020
register-sess completed 
s001 Mask ------------------------
mkbrainmask-sess -maskstem brain -fsd bold -s s001 -d /scratch/groups/lisik3/mcmahoneg/mri_data_anlys/studies/cont_actions/unpackdata -per-run -rlf FBO.rlf -nolog -update
------------------------------------------------
/scratch/groups/lisik3/mcmahoneg/mri_data_anlys/studies/cont_actions/unpackdata/s001 
Fri Feb 21 13:40:25 EST 2020
mkbrainmask -i template.nii.gz -o masks/brain.nii.gz -reg /scratch/groups/lisik3/mcmahoneg/mri_data_anlys/studies/cont_actions/unpackdata/s001/bold/register.dof6.lta -ndil 1 -nerode 0
Fri Feb 21 13:40:25 EST 2020

setenv SUBJECTS_DIR /scratch/groups/lisik3/mcmahoneg/mri_data_anlys/subjects
cd /scratch/groups/lisik3/mcmahoneg/mri_data_anlys/studies/cont_actions/unpackdata/s001/bold
/software/apps/freesurfer/6.0.0/fsfast/bin/mkbrainmask -i template.nii.gz -o masks/brain.nii.gz -reg /scratch/groups/lisik3/mcmahoneg/mri_data_anlys/studies/cont_actions/unpackdata/s001/bold/register.dof6.lta -ndil 1 -nerode 0

freesurfer-Linux-centos6_x86_64-stable-pub-v6.0.0-2beb96c
$Id: mkbrainmask,v 1.17 2015/12/10 22:51:30 zkaufman Exp $
Linux bc-login02 3.10.0-862.9.1.el7.x86_64 #1 SMP Mon Jul 16 16:29:36 UTC 2018 x86_64 x86_64 x86_64 GNU/Linux
mri_vol2vol --mov template.nii.gz --reg /scratch/groups/lisik3/mcmahoneg/mri_data_anlys/studies/cont_actions/unpackdata/s001/bold/register.dof6.lta --inv --interp nearest --o masks/brain.nii.gz --targ /scratch/groups/lisik3/mcmahoneg/mri_data_anlys/subjects/s001/mri/aparc+aseg.mgz
regio_read_register: loading lta

Matrix from regfile:
 0.99884  -0.04737   0.00919   2.25487;
-0.00373   0.11398   0.99348  -19.76952;
-0.04811  -0.99235   0.11367  -1.51253;
 0.00000   0.00000   0.00000   1.00000;
