selxavg3-sess log file
/software/apps/freesurfer/6.0.0/fsfast/bin/selxavg3-sess
-s s002 -df sessdir -analysis FBO-surface-rh-sm5 -svres
$Id: selxavg3-sess,v 1.68 2016/05/10 03:24:18 greve Exp $
uid=3996(emcmaho7@jhu.edu) gid=1405(lisik3) groups=1405(lisik3),1502(mbonner5)
/scratch/groups/lisik3/mcmahoneg/mri_data_anlys/studies/cont_actions/analysis
Linux compute0196 3.10.0-862.9.1.el7.x86_64 #1 SMP Mon Jul 16 16:29:36 UTC 2018 x86_64 x86_64 x86_64 GNU/Linux
Wed Mar  4 14:00:58 EST 2020
preproc-sess -s s002 -d /scratch/groups/lisik3/mcmahoneg/mri_data_anlys/studies/cont_actions/unpackdata -a FBO-surface-rh-sm5 -nolog
--------------------------------------------------------------
preproc-sess logfile is /dev/null
--------------------------------------------------------------
$Id: preproc-sess,v 1.64.2.1 2016/08/02 21:19:09 greve Exp $
emcmaho7@jhu.edu
setenv FREESURFER_HOME /software/apps/freesurfer/6.0.0
setenv SUBJECTS_DIR /scratch/groups/lisik3/mcmahoneg/mri_data_anlys/subjects
Linux compute0196 3.10.0-862.9.1.el7.x86_64 #1 SMP Mon Jul 16 16:29:36 UTC 2018 x86_64 x86_64 x86_64 GNU/Linux
/scratch/groups/lisik3/mcmahoneg/mri_data_anlys/studies/cont_actions/analysis
/software/apps/freesurfer/6.0.0/fsfast/bin/preproc-sess
-s s002 -d /scratch/groups/lisik3/mcmahoneg/mri_data_anlys/studies/cont_actions/unpackdata -a FBO-surface-rh-sm5 -nolog
Wed Mar  4 14:00:59 EST 2020
instem   f 
mc   1     f fmcpr 
stc  0     fmcpr
sm   0   
mask 1   brain
s002 Template -----------------------------
mktemplate-sess -s s002 -d /scratch/groups/lisik3/mcmahoneg/mri_data_anlys/studies/cont_actions/unpackdata -fsd bold -rlf FBO.rlf -nolog -update
 
Session: /scratch/groups/lisik3/mcmahoneg/mri_data_anlys/studies/cont_actions/unpackdata/s002 ----------------
Wed Mar  4 14:00:59 EST 2020
Detected input format at nii
s002 Update not needed
  Run: 008 ----------------
  Wed Mar  4 14:00:59 EST 2020
  s002 008 Update not needed
Wed Mar  4 14:00:59 EST 2020
mktemplate-sess completed 
s002 Registration -----------------------------
register-sess -s s002 -d /scratch/groups/lisik3/mcmahoneg/mri_data_anlys/studies/cont_actions/unpackdata -fsd bold -delete-dat -dof 6 -bold -rlf FBO.rlf -per-run -nolog -update -init-coreg
--------------------------------------------------------------
register-sess logfile is /dev/null
--------------------------------------------------------------
Wed Mar  4 14:00:59 EST 2020

setenv SUBJECTS_DIR /scratch/groups/lisik3/mcmahoneg/mri_data_anlys/subjects
cd /scratch/groups/lisik3/mcmahoneg/mri_data_anlys/studies/cont_actions/analysis
/software/apps/freesurfer/6.0.0/fsfast/bin/register-sess -s s002 -d /scratch/groups/lisik3/mcmahoneg/mri_data_anlys/studies/cont_actions/unpackdata -fsd bold -delete-dat -dof 6 -bold -rlf FBO.rlf -per-run -nolog -update -init-coreg

freesurfer-Linux-centos6_x86_64-stable-pub-v6.0.0-2beb96c
Linux compute0196 3.10.0-862.9.1.el7.x86_64 #1 SMP Mon Jul 16 16:29:36 UTC 2018 x86_64 x86_64 x86_64 GNU/Linux
 
Session: /scratch/groups/lisik3/mcmahoneg/mri_data_anlys/studies/cont_actions/unpackdata/s002 ----------------
Wed Mar  4 14:00:59 EST 2020
/scratch/groups/lisik3/mcmahoneg/mri_data_anlys/studies/cont_actions/unpackdata/s002
  Run: 008 ----------------
Wed Mar  4 14:00:59 EST 2020
Update not needed
Wed Mar  4 14:00:59 EST 2020
register-sess completed 
s002 Mask ------------------------
mkbrainmask-sess -maskstem brain -fsd bold -s s002 -d /scratch/groups/lisik3/mcmahoneg/mri_data_anlys/studies/cont_actions/unpackdata -per-run -rlf FBO.rlf -nolog -update
------------------------------------------------
/scratch/groups/lisik3/mcmahoneg/mri_data_anlys/studies/cont_actions/unpackdata/s002 
Wed Mar  4 14:00:59 EST 2020
s002 Update not needed for session-level mask
s002 Update not needed for run 008 mask
s002 Update not needed for run 008 meanval
Wed Mar  4 14:01:00 EST 2020
mkbrainmask-sess done
s002 MC -----------------------------
mc-sess -fstem f -fmcstem fmcpr -s s002 -d /scratch/groups/lisik3/mcmahoneg/mri_data_anlys/studies/cont_actions/unpackdata -fsd bold -rlf FBO.rlf -per-run -nolog -update
Logfile is /dev/null
-------------------------------------------
/scratch/groups/lisik3/mcmahoneg/mri_data_anlys/studies/cont_actions/unpackdata/s002 
RunList: 008
s002 008 Update not needed


Wed Mar  4 14:01:00 EST 2020
mc-sess completed SUCCESSFULLY
s002 To Surface -----------------------------
rawfunc2surf-sess -fwhm 5 -s s002 -d /scratch/groups/lisik3/mcmahoneg/mri_data_anlys/studies/cont_actions/unpackdata -fsd bold -hemi rh -self -rlf FBO.rlf -nolog -update -per-run
instem fmcpr
outstem fmcpr.sm5.self.hemi
------------------------------ 
1/1 s002
  1/1 s002 008 rh ---------
    Wed Mar  4 14:01:01 EST 2020
mri_vol2surf --mov /scratch/groups/lisik3/mcmahoneg/mri_data_anlys/studies/cont_actions/unpackdata/s002/bold/008/masks/brain.nii.gz --reg /scratch/groups/lisik3/mcmahoneg/mri_data_anlys/studies/cont_actions/unpackdata/s002/bold/008/register.dof6.lta --trgsubject s002 --interp nearest --projfrac 0.5 --hemi rh --o /scratch/groups/lisik3/mcmahoneg/mri_data_anlys/studies/cont_actions/unpackdata/s002/bold/008/masks/brain.self.rh.pr.nii.gz --noreshape --cortex
srcvol = /scratch/groups/lisik3/mcmahoneg/mri_data_anlys/studies/cont_actions/unpackdata/s002/bold/008/masks/brain.nii.gz
srcreg = /scratch/groups/lisik3/mcmahoneg/mri_data_anlys/studies/cont_actions/unpackdata/s002/bold/008/register.dof6.lta
srcregold = 0
srcwarp unspecified
surf = white
hemi = rh
trgsubject = s002
surfreg = sphere.reg
ProjFrac = 0.5
thickness = thickness
reshape = 0
interp = nearest
float2int = round
GetProjMax = 0
INFO: float2int code = 0
INFO: changing type to float
Done loading volume
Input reg is LTA
-------- original matrix -----------
 0.99993   0.01119   0.00237   2.11876;
-0.00079  -0.13924   0.99026  -17.32553;
 0.01141  -0.99019  -0.13923  -1.06152;
 0.00000   0.00000   0.00000   1.00000;
-------- original matrix -----------
Loading label /scratch/groups/lisik3/mcmahoneg/mri_data_anlys/subjects/s002/label/rh.cortex.label
Reading surface /scratch/groups/lisik3/mcmahoneg/mri_data_anlys/subjects/s002/surf/rh.white
Done reading source surface
Reading thickness /scratch/groups/lisik3/mcmahoneg/mri_data_anlys/subjects/s002/surf/rh.thickness
Done
Mapping Source Volume onto Source Subject Surface
 1 0.5 0.5 0.5
using old
Done mapping volume to surface
Number of source voxels hit = 14622
Masking with /scratch/groups/lisik3/mcmahoneg/mri_data_anlys/subjects/s002/label/rh.cortex.label
Writing to /scratch/groups/lisik3/mcmahoneg/mri_data_anlys/studies/cont_actions/unpackdata/s002/bold/008/masks/brain.self.rh.pr.nii.gz
Dim: 141533 1 1
mri_binarize --i /scratch/groups/lisik3/mcmahoneg/mri_data_anlys/studies/cont_actions/unpackdata/s002/bold/008/masks/brain.self.rh.pr.nii.gz --min .00001 --o /scratch/groups/lisik3/mcmahoneg/mri_data_anlys/studies/cont_actions/unpackdata/s002/bold/008/masks/brain.self.rh.pr.nii.gz

$Id: mri_binarize.c,v 1.43 2016/06/09 20:46:21 greve Exp $
cwd /scratch/groups/lisik3/mcmahoneg/mri_data_anlys/studies/cont_actions/analysis
cmdline mri_binarize.bin --i /scratch/groups/lisik3/mcmahoneg/mri_data_anlys/studies/cont_actions/unpackdata/s002/bold/008/masks/brain.self.rh.pr.nii.gz --min .00001 --o /scratch/groups/lisik3/mcmahoneg/mri_data_anlys/studies/cont_actions/unpackdata/s002/bold/008/masks/brain.self.rh.pr.nii.gz 
sysname  Linux
hostname compute0196
machine  x86_64
user     emcmaho7@jhu.edu

input      /scratch/groups/lisik3/mcmahoneg/mri_data_anlys/studies/cont_actions/unpackdata/s002/bold/008/masks/brain.self.rh.pr.nii.gz
frame      0
nErode3d   0
nErode2d   0
output     /scratch/groups/lisik3/mcmahoneg/mri_data_anlys/studies/cont_actions/unpackdata/s002/bold/008/masks/brain.self.rh.pr.nii.gz
Binarizing based on threshold
min        1e-05
max        +infinity
binval        1
binvalnot     0
fstart = 0, fend = 0, nframes = 1
Found 134191 values in range
Counting number of voxels in first frame
Found 134191 voxels in final mask
Count: 134191 134191.000000 141533 94.812517
mri_binarize done
mri_concat --o /scratch/groups/lisik3/mcmahoneg/mri_data_anlys/studies/cont_actions/unpackdata/s002/bold/masks/brain.self.rh.pr.nii.gz --mean /scratch/groups/lisik3/mcmahoneg/mri_data_anlys/studies/cont_actions/unpackdata/s002/bold/008/masks/brain.self.rh.pr.nii.gz
ninputs = 1
Checking inputs
nframestot = 1
Allocing output
Done allocing
nframes = 1
Computing mean across frames
Writing to /scratch/groups/lisik3/mcmahoneg/mri_data_anlys/studies/cont_actions/unpackdata/s002/bold/masks/brain.self.rh.pr.nii.gz
mri_binarize --i /scratch/groups/lisik3/mcmahoneg/mri_data_anlys/studies/cont_actions/unpackdata/s002/bold/masks/brain.self.rh.pr.nii.gz --min 10e-10 --o /scratch/groups/lisik3/mcmahoneg/mri_data_anlys/studies/cont_actions/unpackdata/s002/bold/masks/brain.self.rh.pr.nii.gz

$Id: mri_binarize.c,v 1.43 2016/06/09 20:46:21 greve Exp $
cwd /scratch/groups/lisik3/mcmahoneg/mri_data_anlys/studies/cont_actions/analysis
cmdline mri_binarize.bin --i /scratch/groups/lisik3/mcmahoneg/mri_data_anlys/studies/cont_actions/unpackdata/s002/bold/masks/brain.self.rh.pr.nii.gz --min 10e-10 --o /scratch/groups/lisik3/mcmahoneg/mri_data_anlys/studies/cont_actions/unpackdata/s002/bold/masks/brain.self.rh.pr.nii.gz 
sysname  Linux
hostname compute0196
machine  x86_64
user     emcmaho7@jhu.edu

input      /scratch/groups/lisik3/mcmahoneg/mri_data_anlys/studies/cont_actions/unpackdata/s002/bold/masks/brain.self.rh.pr.nii.gz
frame      0
nErode3d   0
nErode2d   0
output     /scratch/groups/lisik3/mcmahoneg/mri_data_anlys/studies/cont_actions/unpackdata/s002/bold/masks/brain.self.rh.pr.nii.gz
Binarizing based on threshold
min        1e-09
max        +infinity
binval        1
binvalnot     0
fstart = 0, fend = 0, nframes = 1
Found 134191 values in range
Counting number of voxels in first frame
Found 134191 voxels in final mask
Count: 134191 134191.000000 141533 94.812517
mri_binarize done
  1/1 s002 008 rh ---------
    Wed Mar  4 14:01:03 EST 2020
mri_vol2surf --mov /scratch/groups/lisik3/mcmahoneg/mri_data_anlys/studies/cont_actions/unpackdata/s002/bold/008/fmcpr.nii.gz --reg /scratch/groups/lisik3/mcmahoneg/mri_data_anlys/studies/cont_actions/unpackdata/s002/bold/008/register.dof6.lta --trgsubject s002 --interp trilin --projfrac 0.5 --hemi rh --o /scratch/groups/lisik3/mcmahoneg/mri_data_anlys/studies/cont_actions/unpackdata/s002/bold/008/fmcpr.sm5.self.rh.nii.gz --noreshape --cortex
srcvol = /scratch/groups/lisik3/mcmahoneg/mri_data_anlys/studies/cont_actions/unpackdata/s002/bold/008/fmcpr.nii.gz
srcreg = /scratch/groups/lisik3/mcmahoneg/mri_data_anlys/studies/cont_actions/unpackdata/s002/bold/008/register.dof6.lta
srcregold = 0
srcwarp unspecified
surf = white
hemi = rh
trgsubject = s002
surfreg = sphere.reg
ProjFrac = 0.5
thickness = thickness
reshape = 0
interp = trilin
float2int = round
GetProjMax = 0
INFO: float2int code = 0
Done loading volume
Input reg is LTA
-------- original matrix -----------
 0.99993   0.01119   0.00237   2.11876;
-0.00079  -0.13924   0.99026  -17.32553;
 0.01141  -0.99019  -0.13923  -1.06152;
 0.00000   0.00000   0.00000   1.00000;
-------- original matrix -----------
Loading label /scratch/groups/lisik3/mcmahoneg/mri_data_anlys/subjects/s002/label/rh.cortex.label
Reading surface /scratch/groups/lisik3/mcmahoneg/mri_data_anlys/subjects/s002/surf/rh.white
Done reading source surface
Reading thickness /scratch/groups/lisik3/mcmahoneg/mri_data_anlys/subjects/s002/surf/rh.thickness
Done
Mapping Source Volume onto Source Subject Surface
 1 0.5 0.5 0.5
using old
Done mapping volume to surface
Number of source voxels hit = 14622
Masking with /scratch/groups/lisik3/mcmahoneg/mri_data_anlys/subjects/s002/label/rh.cortex.label
Writing to /scratch/groups/lisik3/mcmahoneg/mri_data_anlys/studies/cont_actions/unpackdata/s002/bold/008/fmcpr.sm5.self.rh.nii.gz
Dim: 141533 1 1
mris_fwhm --s s002 --hemi rh --smooth-only --i /scratch/groups/lisik3/mcmahoneg/mri_data_anlys/studies/cont_actions/unpackdata/s002/bold/008/fmcpr.sm5.self.rh.nii.gz --fwhm 5 --o /scratch/groups/lisik3/mcmahoneg/mri_data_anlys/studies/cont_actions/unpackdata/s002/bold/008/fmcpr.sm5.self.rh.nii.gz --mask /scratch/groups/lisik3/mcmahoneg/mri_data_anlys/studies/cont_actions/unpackdata/s002/bold/008/masks/brain.self.rh.nii.gz --no-detrend
s002 rh white
Number of vertices 141533
Number of faces    283062
Total area         97791.976562
GroupSurface 0
AvgVtxArea       0.690948
AvgVtxDist       0.908704
StdVtxDist       0.255933
Loading mask /scratch/groups/lisik3/mcmahoneg/mri_data_anlys/studies/cont_actions/unpackdata/s002/bold/008/masks/brain.self.rh.nii.gz
Found 134191 voxels in mask
Not Polynomial detrending
Smoothing input by fwhm=5.000000, gstd=2.123305, niters=13 
Only smoothing, so saving and exiting now

Wed Mar  4 14:01:31 EST 2020
rawfunc2surf-sess completed 
----------------------------------------
Started at Wed Mar 4 14:00:59 EST 2020
Ended   at Wed Mar  4 14:01:31 EST 2020
preproc-sess done
-------------------------------------------
1/1 /scratch/groups/lisik3/mcmahoneg/mri_data_anlys/studies/cont_actions/unpackdata/s002 
Wed Mar  4 14:01:31 EST 2020
anadir = /scratch/groups/lisik3/mcmahoneg/mri_data_anlys/studies/cont_actions/unpackdata/s002/bold/FBO-surface-rh-sm5
    s002 Update needed
MLF is /tmp/selxavg3-sess-4036.m
------------------------------------------
% Wed Mar  4 14:01:31 EST 2020  
% /scratch/groups/lisik3/mcmahoneg/mri_data_anlys/studies/cont_actions/analysis  
%  FBO-surface-rh-sm5  
which fast_selxavg3
which fast_ldanaflac
which MRIread
  
  
fast_selxavg3b('/scratch/groups/lisik3/mcmahoneg/mri_data_anlys/studies/cont_actions/unpackdata/s002/bold/FBO-surface-rh-sm5/sxa3.config.txt')
if(~fast_fileexists('/tmp/selxavg3-sess-4036.ok')); quit; end
%--------------------------------
  
  
quit;
------------------------------------------
------------------------------------------
------- matlab output --------------------
MATLAB is selecting SOFTWARE OPENGL rendering.

                            < M A T L A B (R) >
                  Copyright 1984-2019 The MathWorks, Inc.
                  R2019a (9.6.0.1072779) 64-bit (glnxa64)
                               March 8, 2019

 
To get started, type doc.
For product information, visit www.mathworks.com.
 
>> >> >> >> /software/apps/freesurfer/6.0.0/fsfast/toolbox/fast_selxavg3.m
>> /software/apps/freesurfer/6.0.0/fsfast/toolbox/fast_ldanaflac.m
>> /software/apps/freesurfer/6.0.0/matlab/MRIread.m
>> >> >> starting fast_selxavg3b


#@# s002 ###############################
/scratch/groups/lisik3/mcmahoneg/mri_data_anlys/studies/cont_actions/unpackdata/s002
-------------------------
$Id: fast_selxavg3b.m,v 1.4 2016/05/04 22:16:47 greve Exp $
-------------------------
outtop = /scratch/groups/lisik3/mcmahoneg/mri_data_anlys/studies/cont_actions/unpackdata
Extension format = nii.gz
INFO: key nSliceGroups unrecognized, line 12, skipping
 1 body_object.mat
 2 face_object.mat
 3 fixation.mat
 4 object_face.mat
Excluding 2 points
nruns = 1
autostimdur = 


outanadir = /scratch/groups/lisik3/mcmahoneg/mri_data_anlys/studies/cont_actions/unpackdata/s002/bold/FBO-surface-rh-sm5
Excluding 2 points
parfiles condition id list:  1  2  3 
Found 134191/141533 (94.8) voxels in mask 1
Creating Design Matrix
 ... creation time =  0.022 sec
DoMCFit = 1
ntptot = 135, nX = 10, DOF = 125
Saving X matrix to /scratch/groups/lisik3/mcmahoneg/mri_data_anlys/studies/cont_actions/unpackdata/s002/bold/FBO-surface-rh-sm5/Xtmp.mat
XCond = 246.341 (normalized)
Computing compensation for resdual AR1 bias
 1  -0.5  -0.504369    (t=0.013815)
 2  -0.25  -0.274527    (t=0.015429)
 3  0  -0.0522268    (t=0.017339)
 4  0.25  0.156979    (t=0.018549)
 5  0.5  0.338719    (t=0.023685)
AR1 Correction M: 0.0790387 1.17819
Computing contrast matrices
OLS Beta Pass 
  run 1    t= 0.0
reading data ... 1.18577
    Global Mean 122110.00
Global In-Mask Mean = 122110 (114514)
Rescale Target = 100
RescaleFactor = 0.000818934
OLS Residual Pass 
  run 1    t= 0.0
reading data ... 1.23438
Saving rho1
Smoothing ACF
/software/apps/freesurfer/6.0.0/bin/mris_fwhm --mask /scratch/groups/lisik3/mcmahoneg/mri_data_anlys/studies/cont_actions/unpackdata/s002/bold/FBO-surface-rh-sm5/mask.nii.gz --i /scratch/groups/lisik3/mcmahoneg/mri_data_anlys/studies/cont_actions/unpackdata/s002/bold/FBO-surface-rh-sm5/rho1mn.nii.gz --o /scratch/groups/lisik3/mcmahoneg/mri_data_anlys/studies/cont_actions/unpackdata/s002/bold/FBO-surface-rh-sm5/rho1mn.sm.nii.gz --fwhm 20.000000 --smooth-only --s s002 --hemi rh --sd /scratch/groups/lisik3/mcmahoneg/mri_data_anlys/subjects
s002 rh white
Number of vertices 141533
Number of faces    283062
Total area         97791.976562
GroupSurface 0
AvgVtxArea       0.690948
AvgVtxDist       0.908704
StdVtxDist       0.255933
Loading mask /scratch/groups/lisik3/mcmahoneg/mri_data_anlys/studies/cont_actions/unpackdata/s002/bold/FBO-surface-rh-sm5/mask.nii.gz
Found 134191 voxels in mask
Not Polynomial detrending
Smoothing input by fwhm=20.000000, gstd=8.493218, niters=214 
Only smoothing, so saving and exiting now

Found 0 voxels with corrected AR1 > 0.90
Whitening
Computing whitening matrices
Alloc Sinv: 135 135 30 ...  done t = 0.004458 sec
  seg   1   4473  nrho1 = 0.136
  seg   2   4473  nrho1 = 0.194
  seg   3   4473  nrho1 = 0.242
  seg   4   4473  nrho1 = 0.284
  seg   5   4473  nrho1 = 0.310
  seg   6   4473  nrho1 = 0.331
  seg   7   4473  nrho1 = 0.351
  seg   8   4473  nrho1 = 0.370
  seg   9   4473  nrho1 = 0.386
  seg  10   4473  nrho1 = 0.400
  seg  11   4473  nrho1 = 0.414
  seg  12   4473  nrho1 = 0.428
  seg  13   4473  nrho1 = 0.440
  seg  14   4473  nrho1 = 0.452
  seg  15   4473  nrho1 = 0.463
  seg  16   4473  nrho1 = 0.473
  seg  17   4473  nrho1 = 0.482
  seg  18   4473  nrho1 = 0.492
  seg  19   4473  nrho1 = 0.500
  seg  20   4473  nrho1 = 0.508
  seg  21   4473  nrho1 = 0.517
  seg  22   4473  nrho1 = 0.526
  seg  23   4473  nrho1 = 0.535
  seg  24   4473  nrho1 = 0.545
  seg  25   4473  nrho1 = 0.555
  seg  26   4473  nrho1 = 0.567
  seg  27   4473  nrho1 = 0.581
  seg  28   4473  nrho1 = 0.595
  seg  29   4473  nrho1 = 0.609
  seg  30   4474  nrho1 = 0.647
GLS Beta Pass 
  run 1    t= 0.0
GLS Residual Pass 
  run 1    t= 0.0
Found 7342 zero-valued voxels
Computing contrasts
Starting contrasts
body_object J=1 -------------
Saving efficiency 48.447
Testing Motion Correction Parameters
  2.96   0.95  -1.16   0.34   2.41   1.58  -0.23  -0.24   0.44  -1.52  -2.32  -0.84   2.66   2.84  -0.23  -0.24   0.23   0.24 
face_object J=1 -------------
Saving efficiency 50.9748
Testing Motion Correction Parameters
  1.76   2.97  -0.07   1.39   3.56   3.64  -0.29  -0.39  -0.02  -0.26  -0.92  -1.14   1.99   5.38  -0.29  -0.39   0.29   0.39 
fixation J=1 -------------
Saving efficiency 44.7058
Testing Motion Correction Parameters
 -2.75  -0.31   1.21  -0.44  -0.04  -0.73   2.04   2.42   2.65   1.82   2.23  -0.42  -0.69  -0.88   2.04   2.42  -2.04  -2.42 
object_face J=1 -------------
Saving efficiency 50.9748
Testing Motion Correction Parameters
 -1.76  -2.97   0.07  -1.39  -3.56  -3.64   0.29   0.39   0.02   0.26   0.92   1.14  -1.99  -5.38   0.29   0.39  -0.29  -0.39 
Saving h.dat to /scratch/groups/lisik3/mcmahoneg/mri_data_anlys/studies/cont_actions/unpackdata/s002/bold/FBO-surface-rh-sm5/h.dat
cputime-min 0.158000
fast_selxavg3 done for /scratch/groups/lisik3/mcmahoneg/mri_data_anlys/studies/cont_actions/unpackdata/s002

ans =

     0

>> >> >> >> >> ------------------------------------------
Started at Wed Mar 4 14:00:58 EST 2020
Ended   at Wed Mar  4 14:02:12 EST 2020
 
selxavg3-sess completed
 
