selxavg3-sess log file
/software/apps/freesurfer/6.0.0/fsfast/bin/selxavg3-sess
-s s002 -df sessdir -analysis psts-surface-rh-sm5 -svres
$Id: selxavg3-sess,v 1.68 2016/05/10 03:24:18 greve Exp $
uid=3996(emcmaho7@jhu.edu) gid=1405(lisik3) groups=1405(lisik3),1502(mbonner5)
/scratch/groups/lisik3/mcmahoneg/mri_data_anlys/studies/cont_actions/analysis
Linux compute0196 3.10.0-862.9.1.el7.x86_64 #1 SMP Mon Jul 16 16:29:36 UTC 2018 x86_64 x86_64 x86_64 GNU/Linux
Wed Mar  4 14:37:45 EST 2020
preproc-sess -s s002 -d /scratch/groups/lisik3/mcmahoneg/mri_data_anlys/studies/cont_actions/unpackdata -a psts-surface-rh-sm5 -nolog
--------------------------------------------------------------
preproc-sess logfile is /dev/null
--------------------------------------------------------------
$Id: preproc-sess,v 1.64.2.1 2016/08/02 21:19:09 greve Exp $
emcmaho7@jhu.edu
setenv FREESURFER_HOME /software/apps/freesurfer/6.0.0
setenv SUBJECTS_DIR /scratch/groups/lisik3/mcmahoneg/mri_data_anlys/subjects
Linux compute0196 3.10.0-862.9.1.el7.x86_64 #1 SMP Mon Jul 16 16:29:36 UTC 2018 x86_64 x86_64 x86_64 GNU/Linux
/scratch/groups/lisik3/mcmahoneg/mri_data_anlys/studies/cont_actions/analysis
/software/apps/freesurfer/6.0.0/fsfast/bin/preproc-sess
-s s002 -d /scratch/groups/lisik3/mcmahoneg/mri_data_anlys/studies/cont_actions/unpackdata -a psts-surface-rh-sm5 -nolog
Wed Mar  4 14:37:46 EST 2020
instem   f 
mc   1     f fmcpr 
stc  0     fmcpr
sm   0   
mask 1   brain
s002 Template -----------------------------
mktemplate-sess -s s002 -d /scratch/groups/lisik3/mcmahoneg/mri_data_anlys/studies/cont_actions/unpackdata -fsd bold -rlf psts.rlf -nolog -update
 
Session: /scratch/groups/lisik3/mcmahoneg/mri_data_anlys/studies/cont_actions/unpackdata/s002 ----------------
Wed Mar  4 14:37:46 EST 2020
Detected input format at nii
s002 Update not needed
  Run: 007 ----------------
  Wed Mar  4 14:37:46 EST 2020
  s002 007 Update not needed
  Run: 012 ----------------
  Wed Mar  4 14:37:46 EST 2020
  s002 012 Update not needed
  Run: 018 ----------------
  Wed Mar  4 14:37:46 EST 2020
  s002 018 Update not needed
Wed Mar  4 14:37:46 EST 2020
mktemplate-sess completed 
s002 Registration -----------------------------
register-sess -s s002 -d /scratch/groups/lisik3/mcmahoneg/mri_data_anlys/studies/cont_actions/unpackdata -fsd bold -delete-dat -dof 6 -bold -rlf psts.rlf -per-run -nolog -update -init-coreg
--------------------------------------------------------------
register-sess logfile is /dev/null
--------------------------------------------------------------
Wed Mar  4 14:37:46 EST 2020

setenv SUBJECTS_DIR /scratch/groups/lisik3/mcmahoneg/mri_data_anlys/subjects
cd /scratch/groups/lisik3/mcmahoneg/mri_data_anlys/studies/cont_actions/analysis
/software/apps/freesurfer/6.0.0/fsfast/bin/register-sess -s s002 -d /scratch/groups/lisik3/mcmahoneg/mri_data_anlys/studies/cont_actions/unpackdata -fsd bold -delete-dat -dof 6 -bold -rlf psts.rlf -per-run -nolog -update -init-coreg

freesurfer-Linux-centos6_x86_64-stable-pub-v6.0.0-2beb96c
Linux compute0196 3.10.0-862.9.1.el7.x86_64 #1 SMP Mon Jul 16 16:29:36 UTC 2018 x86_64 x86_64 x86_64 GNU/Linux
 
Session: /scratch/groups/lisik3/mcmahoneg/mri_data_anlys/studies/cont_actions/unpackdata/s002 ----------------
Wed Mar  4 14:37:46 EST 2020
/scratch/groups/lisik3/mcmahoneg/mri_data_anlys/studies/cont_actions/unpackdata/s002
  Run: 007 ----------------
Wed Mar  4 14:37:46 EST 2020
Update not needed
  Run: 012 ----------------
Wed Mar  4 14:37:46 EST 2020
Update not needed
  Run: 018 ----------------
Wed Mar  4 14:37:46 EST 2020
Update not needed
Wed Mar  4 14:37:46 EST 2020
register-sess completed 
s002 Mask ------------------------
mkbrainmask-sess -maskstem brain -fsd bold -s s002 -d /scratch/groups/lisik3/mcmahoneg/mri_data_anlys/studies/cont_actions/unpackdata -per-run -rlf psts.rlf -nolog -update
------------------------------------------------
/scratch/groups/lisik3/mcmahoneg/mri_data_anlys/studies/cont_actions/unpackdata/s002 
Wed Mar  4 14:37:46 EST 2020
s002 Update not needed for session-level mask
s002 Update not needed for run 007 mask
s002 Update not needed for run 012 mask
s002 Update not needed for run 018 mask
s002 Update not needed for run 007 meanval
s002 Update not needed for run 012 meanval
s002 Update not needed for run 018 meanval
Wed Mar  4 14:37:47 EST 2020
mkbrainmask-sess done
s002 MC -----------------------------
mc-sess -fstem f -fmcstem fmcpr -s s002 -d /scratch/groups/lisik3/mcmahoneg/mri_data_anlys/studies/cont_actions/unpackdata -fsd bold -rlf psts.rlf -per-run -nolog -update
Logfile is /dev/null
-------------------------------------------
/scratch/groups/lisik3/mcmahoneg/mri_data_anlys/studies/cont_actions/unpackdata/s002 
RunList: 007 012 018
s002 007 Update not needed
s002 012 Update not needed
s002 018 Update not needed


Wed Mar  4 14:37:47 EST 2020
mc-sess completed SUCCESSFULLY
s002 To Surface -----------------------------
rawfunc2surf-sess -fwhm 5 -s s002 -d /scratch/groups/lisik3/mcmahoneg/mri_data_anlys/studies/cont_actions/unpackdata -fsd bold -hemi rh -self -rlf psts.rlf -nolog -update -per-run
instem fmcpr
outstem fmcpr.sm5.self.hemi
------------------------------ 
1/1 s002
  1/1 s002 007 rh ---------
    Wed Mar  4 14:37:47 EST 2020
mri_vol2surf --mov /scratch/groups/lisik3/mcmahoneg/mri_data_anlys/studies/cont_actions/unpackdata/s002/bold/007/masks/brain.nii.gz --reg /scratch/groups/lisik3/mcmahoneg/mri_data_anlys/studies/cont_actions/unpackdata/s002/bold/007/register.dof6.lta --trgsubject s002 --interp nearest --projfrac 0.5 --hemi rh --o /scratch/groups/lisik3/mcmahoneg/mri_data_anlys/studies/cont_actions/unpackdata/s002/bold/007/masks/brain.self.rh.pr.nii.gz --noreshape --cortex
srcvol = /scratch/groups/lisik3/mcmahoneg/mri_data_anlys/studies/cont_actions/unpackdata/s002/bold/007/masks/brain.nii.gz
srcreg = /scratch/groups/lisik3/mcmahoneg/mri_data_anlys/studies/cont_actions/unpackdata/s002/bold/007/register.dof6.lta
srcregold = 0
srcwarp unspecified
surf = white
hemi = rh
trgsubject = s002
surfreg = sphere.reg
ProjFrac = 0.5
thickness = thickness
reshape = 0
interp = nearest
float2int = round
GetProjMax = 0
INFO: float2int code = 0
INFO: changing type to float
Done loading volume
Input reg is LTA
-------- original matrix -----------
 0.99998   0.00584  -0.00221   2.00727;
 0.00310  -0.15748   0.98752  -17.31561;
 0.00542  -0.98751  -0.15749  -1.00053;
 0.00000   0.00000   0.00000   1.00000;
-------- original matrix -----------
Loading label /scratch/groups/lisik3/mcmahoneg/mri_data_anlys/subjects/s002/label/rh.cortex.label
Reading surface /scratch/groups/lisik3/mcmahoneg/mri_data_anlys/subjects/s002/surf/rh.white
Done reading source surface
Reading thickness /scratch/groups/lisik3/mcmahoneg/mri_data_anlys/subjects/s002/surf/rh.thickness
Done
Mapping Source Volume onto Source Subject Surface
 1 0.5 0.5 0.5
using old
Done mapping volume to surface
Number of source voxels hit = 14578
Masking with /scratch/groups/lisik3/mcmahoneg/mri_data_anlys/subjects/s002/label/rh.cortex.label
Writing to /scratch/groups/lisik3/mcmahoneg/mri_data_anlys/studies/cont_actions/unpackdata/s002/bold/007/masks/brain.self.rh.pr.nii.gz
Dim: 141533 1 1
mri_binarize --i /scratch/groups/lisik3/mcmahoneg/mri_data_anlys/studies/cont_actions/unpackdata/s002/bold/007/masks/brain.self.rh.pr.nii.gz --min .00001 --o /scratch/groups/lisik3/mcmahoneg/mri_data_anlys/studies/cont_actions/unpackdata/s002/bold/007/masks/brain.self.rh.pr.nii.gz

$Id: mri_binarize.c,v 1.43 2016/06/09 20:46:21 greve Exp $
cwd /scratch/groups/lisik3/mcmahoneg/mri_data_anlys/studies/cont_actions/analysis
cmdline mri_binarize.bin --i /scratch/groups/lisik3/mcmahoneg/mri_data_anlys/studies/cont_actions/unpackdata/s002/bold/007/masks/brain.self.rh.pr.nii.gz --min .00001 --o /scratch/groups/lisik3/mcmahoneg/mri_data_anlys/studies/cont_actions/unpackdata/s002/bold/007/masks/brain.self.rh.pr.nii.gz 
sysname  Linux
hostname compute0196
machine  x86_64
user     emcmaho7@jhu.edu

input      /scratch/groups/lisik3/mcmahoneg/mri_data_anlys/studies/cont_actions/unpackdata/s002/bold/007/masks/brain.self.rh.pr.nii.gz
frame      0
nErode3d   0
nErode2d   0
output     /scratch/groups/lisik3/mcmahoneg/mri_data_anlys/studies/cont_actions/unpackdata/s002/bold/007/masks/brain.self.rh.pr.nii.gz
Binarizing based on threshold
min        1e-05
max        +infinity
binval        1
binvalnot     0
fstart = 0, fend = 0, nframes = 1
Found 134191 values in range
Counting number of voxels in first frame
Found 134191 voxels in final mask
Count: 134191 134191.000000 141533 94.812517
mri_binarize done
  1/1 s002 012 rh ---------
    Wed Mar  4 14:37:49 EST 2020
mri_vol2surf --mov /scratch/groups/lisik3/mcmahoneg/mri_data_anlys/studies/cont_actions/unpackdata/s002/bold/012/masks/brain.nii.gz --reg /scratch/groups/lisik3/mcmahoneg/mri_data_anlys/studies/cont_actions/unpackdata/s002/bold/012/register.dof6.lta --trgsubject s002 --interp nearest --projfrac 0.5 --hemi rh --o /scratch/groups/lisik3/mcmahoneg/mri_data_anlys/studies/cont_actions/unpackdata/s002/bold/012/masks/brain.self.rh.pr.nii.gz --noreshape --cortex
srcvol = /scratch/groups/lisik3/mcmahoneg/mri_data_anlys/studies/cont_actions/unpackdata/s002/bold/012/masks/brain.nii.gz
srcreg = /scratch/groups/lisik3/mcmahoneg/mri_data_anlys/studies/cont_actions/unpackdata/s002/bold/012/register.dof6.lta
srcregold = 0
srcwarp unspecified
surf = white
hemi = rh
trgsubject = s002
surfreg = sphere.reg
ProjFrac = 0.5
thickness = thickness
reshape = 0
interp = nearest
float2int = round
GetProjMax = 0
INFO: float2int code = 0
INFO: changing type to float
Done loading volume
Input reg is LTA
-------- original matrix -----------
 0.99993   0.00628  -0.00995   1.98534;
 0.01071  -0.13682   0.99054  -15.34967;
 0.00486  -0.99058  -0.13688  -1.68378;
 0.00000   0.00000   0.00000   1.00000;
-------- original matrix -----------
Loading label /scratch/groups/lisik3/mcmahoneg/mri_data_anlys/subjects/s002/label/rh.cortex.label
Reading surface /scratch/groups/lisik3/mcmahoneg/mri_data_anlys/subjects/s002/surf/rh.white
Done reading source surface
Reading thickness /scratch/groups/lisik3/mcmahoneg/mri_data_anlys/subjects/s002/surf/rh.thickness
Done
Mapping Source Volume onto Source Subject Surface
 1 0.5 0.5 0.5
using old
Done mapping volume to surface
Number of source voxels hit = 14618
Masking with /scratch/groups/lisik3/mcmahoneg/mri_data_anlys/subjects/s002/label/rh.cortex.label
Writing to /scratch/groups/lisik3/mcmahoneg/mri_data_anlys/studies/cont_actions/unpackdata/s002/bold/012/masks/brain.self.rh.pr.nii.gz
Dim: 141533 1 1
mri_binarize --i /scratch/groups/lisik3/mcmahoneg/mri_data_anlys/studies/cont_actions/unpackdata/s002/bold/012/masks/brain.self.rh.pr.nii.gz --min .00001 --o /scratch/groups/lisik3/mcmahoneg/mri_data_anlys/studies/cont_actions/unpackdata/s002/bold/012/masks/brain.self.rh.pr.nii.gz

$Id: mri_binarize.c,v 1.43 2016/06/09 20:46:21 greve Exp $
cwd /scratch/groups/lisik3/mcmahoneg/mri_data_anlys/studies/cont_actions/analysis
cmdline mri_binarize.bin --i /scratch/groups/lisik3/mcmahoneg/mri_data_anlys/studies/cont_actions/unpackdata/s002/bold/012/masks/brain.self.rh.pr.nii.gz --min .00001 --o /scratch/groups/lisik3/mcmahoneg/mri_data_anlys/studies/cont_actions/unpackdata/s002/bold/012/masks/brain.self.rh.pr.nii.gz 
sysname  Linux
hostname compute0196
machine  x86_64
user     emcmaho7@jhu.edu

input      /scratch/groups/lisik3/mcmahoneg/mri_data_anlys/studies/cont_actions/unpackdata/s002/bold/012/masks/brain.self.rh.pr.nii.gz
frame      0
nErode3d   0
nErode2d   0
output     /scratch/groups/lisik3/mcmahoneg/mri_data_anlys/studies/cont_actions/unpackdata/s002/bold/012/masks/brain.self.rh.pr.nii.gz
Binarizing based on threshold
min        1e-05
max        +infinity
binval        1
binvalnot     0
fstart = 0, fend = 0, nframes = 1
Found 134191 values in range
Counting number of voxels in first frame
Found 134191 voxels in final mask
Count: 134191 134191.000000 141533 94.812517
mri_binarize done
  1/1 s002 018 rh ---------
    Wed Mar  4 14:37:51 EST 2020
mri_vol2surf --mov /scratch/groups/lisik3/mcmahoneg/mri_data_anlys/studies/cont_actions/unpackdata/s002/bold/018/masks/brain.nii.gz --reg /scratch/groups/lisik3/mcmahoneg/mri_data_anlys/studies/cont_actions/unpackdata/s002/bold/018/register.dof6.lta --trgsubject s002 --interp nearest --projfrac 0.5 --hemi rh --o /scratch/groups/lisik3/mcmahoneg/mri_data_anlys/studies/cont_actions/unpackdata/s002/bold/018/masks/brain.self.rh.pr.nii.gz --noreshape --cortex
srcvol = /scratch/groups/lisik3/mcmahoneg/mri_data_anlys/studies/cont_actions/unpackdata/s002/bold/018/masks/brain.nii.gz
srcreg = /scratch/groups/lisik3/mcmahoneg/mri_data_anlys/studies/cont_actions/unpackdata/s002/bold/018/register.dof6.lta
srcregold = 0
srcwarp unspecified
surf = white
hemi = rh
trgsubject = s002
surfreg = sphere.reg
ProjFrac = 0.5
thickness = thickness
reshape = 0
interp = nearest
float2int = round
GetProjMax = 0
INFO: float2int code = 0
INFO: changing type to float
Done loading volume
Input reg is LTA
-------- original matrix -----------
 0.99943  -0.00685  -0.03319   1.53561;
 0.03166  -0.16103   0.98644  -15.04776;
-0.01210  -0.98693  -0.16072  -2.04913;
 0.00000   0.00000   0.00000   1.00000;
-------- original matrix -----------
Loading label /scratch/groups/lisik3/mcmahoneg/mri_data_anlys/subjects/s002/label/rh.cortex.label
Reading surface /scratch/groups/lisik3/mcmahoneg/mri_data_anlys/subjects/s002/surf/rh.white
Done reading source surface
Reading thickness /scratch/groups/lisik3/mcmahoneg/mri_data_anlys/subjects/s002/surf/rh.thickness
Done
Mapping Source Volume onto Source Subject Surface
 1 0.5 0.5 0.5
using old
Done mapping volume to surface
Number of source voxels hit = 14542
Masking with /scratch/groups/lisik3/mcmahoneg/mri_data_anlys/subjects/s002/label/rh.cortex.label
Writing to /scratch/groups/lisik3/mcmahoneg/mri_data_anlys/studies/cont_actions/unpackdata/s002/bold/018/masks/brain.self.rh.pr.nii.gz
Dim: 141533 1 1
mri_binarize --i /scratch/groups/lisik3/mcmahoneg/mri_data_anlys/studies/cont_actions/unpackdata/s002/bold/018/masks/brain.self.rh.pr.nii.gz --min .00001 --o /scratch/groups/lisik3/mcmahoneg/mri_data_anlys/studies/cont_actions/unpackdata/s002/bold/018/masks/brain.self.rh.pr.nii.gz

$Id: mri_binarize.c,v 1.43 2016/06/09 20:46:21 greve Exp $
cwd /scratch/groups/lisik3/mcmahoneg/mri_data_anlys/studies/cont_actions/analysis
cmdline mri_binarize.bin --i /scratch/groups/lisik3/mcmahoneg/mri_data_anlys/studies/cont_actions/unpackdata/s002/bold/018/masks/brain.self.rh.pr.nii.gz --min .00001 --o /scratch/groups/lisik3/mcmahoneg/mri_data_anlys/studies/cont_actions/unpackdata/s002/bold/018/masks/brain.self.rh.pr.nii.gz 
sysname  Linux
hostname compute0196
machine  x86_64
user     emcmaho7@jhu.edu

input      /scratch/groups/lisik3/mcmahoneg/mri_data_anlys/studies/cont_actions/unpackdata/s002/bold/018/masks/brain.self.rh.pr.nii.gz
frame      0
nErode3d   0
nErode2d   0
output     /scratch/groups/lisik3/mcmahoneg/mri_data_anlys/studies/cont_actions/unpackdata/s002/bold/018/masks/brain.self.rh.pr.nii.gz
Binarizing based on threshold
min        1e-05
max        +infinity
binval        1
binvalnot     0
fstart = 0, fend = 0, nframes = 1
Found 134191 values in range
Counting number of voxels in first frame
Found 134191 voxels in final mask
Count: 134191 134191.000000 141533 94.812517
mri_binarize done
mri_concat --o /scratch/groups/lisik3/mcmahoneg/mri_data_anlys/studies/cont_actions/unpackdata/s002/bold/masks/brain.self.rh.pr.nii.gz --mean /scratch/groups/lisik3/mcmahoneg/mri_data_anlys/studies/cont_actions/unpackdata/s002/bold/007/masks/brain.self.rh.pr.nii.gz /scratch/groups/lisik3/mcmahoneg/mri_data_anlys/studies/cont_actions/unpackdata/s002/bold/012/masks/brain.self.rh.pr.nii.gz /scratch/groups/lisik3/mcmahoneg/mri_data_anlys/studies/cont_actions/unpackdata/s002/bold/018/masks/brain.self.rh.pr.nii.gz
ninputs = 3
Checking inputs
nframestot = 3
Allocing output
Done allocing
nframes = 3
Computing mean across frames
Writing to /scratch/groups/lisik3/mcmahoneg/mri_data_anlys/studies/cont_actions/unpackdata/s002/bold/masks/brain.self.rh.pr.nii.gz
mri_binarize --i /scratch/groups/lisik3/mcmahoneg/mri_data_anlys/studies/cont_actions/unpackdata/s002/bold/masks/brain.self.rh.pr.nii.gz --min 10e-10 --o /scratch/groups/lisik3/mcmahoneg/mri_data_anlys/studies/cont_actions/unpackdata/s002/bold/masks/brain.self.rh.pr.nii.gz

$Id: mri_binarize.c,v 1.43 2016/06/09 20:46:21 greve Exp $
cwd /scratch/groups/lisik3/mcmahoneg/mri_data_anlys/studies/cont_actions/analysis
cmdline mri_binarize.bin --i /scratch/groups/lisik3/mcmahoneg/mri_data_anlys/studies/cont_actions/unpackdata/s002/bold/masks/brain.self.rh.pr.nii.gz --min 10e-10 --o /scratch/groups/lisik3/mcmahoneg/mri_data_anlys/studies/cont_actions/unpackdata/s002/bold/masks/brain.self.rh.pr.nii.gz 
sysname  Linux
hostname compute0196
machine  x86_64
user     emcmaho7@jhu.edu

input      /scratch/groups/lisik3/mcmahoneg/mri_data_anlys/studies/cont_actions/unpackdata/s002/bold/masks/brain.self.rh.pr.nii.gz
frame      0
nErode3d   0
nErode2d   0
output     /scratch/groups/lisik3/mcmahoneg/mri_data_anlys/studies/cont_actions/unpackdata/s002/bold/masks/brain.self.rh.pr.nii.gz
Binarizing based on threshold
min        1e-09
max        +infinity
binval        1
binvalnot     0
fstart = 0, fend = 0, nframes = 1
Found 134191 values in range
Counting number of voxels in first frame
Found 134191 voxels in final mask
Count: 134191 134191.000000 141533 94.812517
mri_binarize done
  1/1 s002 007 rh ---------
    Wed Mar  4 14:37:53 EST 2020
mri_vol2surf --mov /scratch/groups/lisik3/mcmahoneg/mri_data_anlys/studies/cont_actions/unpackdata/s002/bold/007/fmcpr.nii.gz --reg /scratch/groups/lisik3/mcmahoneg/mri_data_anlys/studies/cont_actions/unpackdata/s002/bold/007/register.dof6.lta --trgsubject s002 --interp trilin --projfrac 0.5 --hemi rh --o /scratch/groups/lisik3/mcmahoneg/mri_data_anlys/studies/cont_actions/unpackdata/s002/bold/007/fmcpr.sm5.self.rh.nii.gz --noreshape --cortex
srcvol = /scratch/groups/lisik3/mcmahoneg/mri_data_anlys/studies/cont_actions/unpackdata/s002/bold/007/fmcpr.nii.gz
srcreg = /scratch/groups/lisik3/mcmahoneg/mri_data_anlys/studies/cont_actions/unpackdata/s002/bold/007/register.dof6.lta
srcregold = 0
srcwarp unspecified
surf = white
hemi = rh
trgsubject = s002
surfreg = sphere.reg
ProjFrac = 0.5
thickness = thickness
reshape = 0
interp = trilin
float2int = round
GetProjMax = 0
INFO: float2int code = 0
Done loading volume
Input reg is LTA
-------- original matrix -----------
 0.99998   0.00584  -0.00221   2.00727;
 0.00310  -0.15748   0.98752  -17.31561;
 0.00542  -0.98751  -0.15749  -1.00053;
 0.00000   0.00000   0.00000   1.00000;
-------- original matrix -----------
Loading label /scratch/groups/lisik3/mcmahoneg/mri_data_anlys/subjects/s002/label/rh.cortex.label
Reading surface /scratch/groups/lisik3/mcmahoneg/mri_data_anlys/subjects/s002/surf/rh.white
Done reading source surface
Reading thickness /scratch/groups/lisik3/mcmahoneg/mri_data_anlys/subjects/s002/surf/rh.thickness
Done
Mapping Source Volume onto Source Subject Surface
 1 0.5 0.5 0.5
using old
Done mapping volume to surface
Number of source voxels hit = 14578
Masking with /scratch/groups/lisik3/mcmahoneg/mri_data_anlys/subjects/s002/label/rh.cortex.label
Writing to /scratch/groups/lisik3/mcmahoneg/mri_data_anlys/studies/cont_actions/unpackdata/s002/bold/007/fmcpr.sm5.self.rh.nii.gz
Dim: 141533 1 1
mris_fwhm --s s002 --hemi rh --smooth-only --i /scratch/groups/lisik3/mcmahoneg/mri_data_anlys/studies/cont_actions/unpackdata/s002/bold/007/fmcpr.sm5.self.rh.nii.gz --fwhm 5 --o /scratch/groups/lisik3/mcmahoneg/mri_data_anlys/studies/cont_actions/unpackdata/s002/bold/007/fmcpr.sm5.self.rh.nii.gz --mask /scratch/groups/lisik3/mcmahoneg/mri_data_anlys/studies/cont_actions/unpackdata/s002/bold/007/masks/brain.self.rh.nii.gz --no-detrend
s002 rh white
Number of vertices 141533
Number of faces    283062
Total area         97791.976562
GroupSurface 0
AvgVtxArea       0.690948
AvgVtxDist       0.908704
StdVtxDist       0.255933
Loading mask /scratch/groups/lisik3/mcmahoneg/mri_data_anlys/studies/cont_actions/unpackdata/s002/bold/007/masks/brain.self.rh.nii.gz
Found 134191 voxels in mask
Not Polynomial detrending
Smoothing input by fwhm=5.000000, gstd=2.123305, niters=13 
Only smoothing, so saving and exiting now
  1/1 s002 012 rh ---------
    Wed Mar  4 14:38:11 EST 2020
mri_vol2surf --mov /scratch/groups/lisik3/mcmahoneg/mri_data_anlys/studies/cont_actions/unpackdata/s002/bold/012/fmcpr.nii.gz --reg /scratch/groups/lisik3/mcmahoneg/mri_data_anlys/studies/cont_actions/unpackdata/s002/bold/012/register.dof6.lta --trgsubject s002 --interp trilin --projfrac 0.5 --hemi rh --o /scratch/groups/lisik3/mcmahoneg/mri_data_anlys/studies/cont_actions/unpackdata/s002/bold/012/fmcpr.sm5.self.rh.nii.gz --noreshape --cortex
srcvol = /scratch/groups/lisik3/mcmahoneg/mri_data_anlys/studies/cont_actions/unpackdata/s002/bold/012/fmcpr.nii.gz
srcreg = /scratch/groups/lisik3/mcmahoneg/mri_data_anlys/studies/cont_actions/unpackdata/s002/bold/012/register.dof6.lta
srcregold = 0
srcwarp unspecified
surf = white
hemi = rh
trgsubject = s002
surfreg = sphere.reg
ProjFrac = 0.5
thickness = thickness
reshape = 0
interp = trilin
float2int = round
GetProjMax = 0
INFO: float2int code = 0
Done loading volume
Input reg is LTA
-------- original matrix -----------
 0.99993   0.00628  -0.00995   1.98534;
 0.01071  -0.13682   0.99054  -15.34967;
 0.00486  -0.99058  -0.13688  -1.68378;
 0.00000   0.00000   0.00000   1.00000;
-------- original matrix -----------
Loading label /scratch/groups/lisik3/mcmahoneg/mri_data_anlys/subjects/s002/label/rh.cortex.label
Reading surface /scratch/groups/lisik3/mcmahoneg/mri_data_anlys/subjects/s002/surf/rh.white
Done reading source surface
Reading thickness /scratch/groups/lisik3/mcmahoneg/mri_data_anlys/subjects/s002/surf/rh.thickness
Done
Mapping Source Volume onto Source Subject Surface
 1 0.5 0.5 0.5
using old
Done mapping volume to surface
Number of source voxels hit = 14618
Masking with /scratch/groups/lisik3/mcmahoneg/mri_data_anlys/subjects/s002/label/rh.cortex.label
Writing to /scratch/groups/lisik3/mcmahoneg/mri_data_anlys/studies/cont_actions/unpackdata/s002/bold/012/fmcpr.sm5.self.rh.nii.gz
Dim: 141533 1 1
mris_fwhm --s s002 --hemi rh --smooth-only --i /scratch/groups/lisik3/mcmahoneg/mri_data_anlys/studies/cont_actions/unpackdata/s002/bold/012/fmcpr.sm5.self.rh.nii.gz --fwhm 5 --o /scratch/groups/lisik3/mcmahoneg/mri_data_anlys/studies/cont_actions/unpackdata/s002/bold/012/fmcpr.sm5.self.rh.nii.gz --mask /scratch/groups/lisik3/mcmahoneg/mri_data_anlys/studies/cont_actions/unpackdata/s002/bold/012/masks/brain.self.rh.nii.gz --no-detrend
s002 rh white
Number of vertices 141533
Number of faces    283062
Total area         97791.976562
GroupSurface 0
AvgVtxArea       0.690948
AvgVtxDist       0.908704
StdVtxDist       0.255933
Loading mask /scratch/groups/lisik3/mcmahoneg/mri_data_anlys/studies/cont_actions/unpackdata/s002/bold/012/masks/brain.self.rh.nii.gz
Found 134191 voxels in mask
Not Polynomial detrending
Smoothing input by fwhm=5.000000, gstd=2.123305, niters=13 
Only smoothing, so saving and exiting now
  1/1 s002 018 rh ---------
    Wed Mar  4 14:38:29 EST 2020
mri_vol2surf --mov /scratch/groups/lisik3/mcmahoneg/mri_data_anlys/studies/cont_actions/unpackdata/s002/bold/018/fmcpr.nii.gz --reg /scratch/groups/lisik3/mcmahoneg/mri_data_anlys/studies/cont_actions/unpackdata/s002/bold/018/register.dof6.lta --trgsubject s002 --interp trilin --projfrac 0.5 --hemi rh --o /scratch/groups/lisik3/mcmahoneg/mri_data_anlys/studies/cont_actions/unpackdata/s002/bold/018/fmcpr.sm5.self.rh.nii.gz --noreshape --cortex
srcvol = /scratch/groups/lisik3/mcmahoneg/mri_data_anlys/studies/cont_actions/unpackdata/s002/bold/018/fmcpr.nii.gz
srcreg = /scratch/groups/lisik3/mcmahoneg/mri_data_anlys/studies/cont_actions/unpackdata/s002/bold/018/register.dof6.lta
srcregold = 0
srcwarp unspecified
surf = white
hemi = rh
trgsubject = s002
surfreg = sphere.reg
ProjFrac = 0.5
thickness = thickness
reshape = 0
interp = trilin
float2int = round
GetProjMax = 0
INFO: float2int code = 0
Done loading volume
Input reg is LTA
-------- original matrix -----------
 0.99943  -0.00685  -0.03319   1.53561;
 0.03166  -0.16103   0.98644  -15.04776;
-0.01210  -0.98693  -0.16072  -2.04913;
 0.00000   0.00000   0.00000   1.00000;
-------- original matrix -----------
Loading label /scratch/groups/lisik3/mcmahoneg/mri_data_anlys/subjects/s002/label/rh.cortex.label
Reading surface /scratch/groups/lisik3/mcmahoneg/mri_data_anlys/subjects/s002/surf/rh.white
Done reading source surface
Reading thickness /scratch/groups/lisik3/mcmahoneg/mri_data_anlys/subjects/s002/surf/rh.thickness
Done
Mapping Source Volume onto Source Subject Surface
 1 0.5 0.5 0.5
using old
Done mapping volume to surface
Number of source voxels hit = 14542
Masking with /scratch/groups/lisik3/mcmahoneg/mri_data_anlys/subjects/s002/label/rh.cortex.label
Writing to /scratch/groups/lisik3/mcmahoneg/mri_data_anlys/studies/cont_actions/unpackdata/s002/bold/018/fmcpr.sm5.self.rh.nii.gz
Dim: 141533 1 1
mris_fwhm --s s002 --hemi rh --smooth-only --i /scratch/groups/lisik3/mcmahoneg/mri_data_anlys/studies/cont_actions/unpackdata/s002/bold/018/fmcpr.sm5.self.rh.nii.gz --fwhm 5 --o /scratch/groups/lisik3/mcmahoneg/mri_data_anlys/studies/cont_actions/unpackdata/s002/bold/018/fmcpr.sm5.self.rh.nii.gz --mask /scratch/groups/lisik3/mcmahoneg/mri_data_anlys/studies/cont_actions/unpackdata/s002/bold/018/masks/brain.self.rh.nii.gz --no-detrend
s002 rh white
Number of vertices 141533
Number of faces    283062
Total area         97791.976562
GroupSurface 0
AvgVtxArea       0.690948
AvgVtxDist       0.908704
StdVtxDist       0.255933
Loading mask /scratch/groups/lisik3/mcmahoneg/mri_data_anlys/studies/cont_actions/unpackdata/s002/bold/018/masks/brain.self.rh.nii.gz
Found 134191 voxels in mask
Not Polynomial detrending
Smoothing input by fwhm=5.000000, gstd=2.123305, niters=13 
Only smoothing, so saving and exiting now

Wed Mar  4 14:38:47 EST 2020
rawfunc2surf-sess completed 
----------------------------------------
Started at Wed Mar 4 14:37:46 EST 2020
Ended   at Wed Mar  4 14:38:47 EST 2020
preproc-sess done
-------------------------------------------
1/1 /scratch/groups/lisik3/mcmahoneg/mri_data_anlys/studies/cont_actions/unpackdata/s002 
Wed Mar  4 14:38:47 EST 2020
anadir = /scratch/groups/lisik3/mcmahoneg/mri_data_anlys/studies/cont_actions/unpackdata/s002/bold/psts-surface-rh-sm5
    s002 Update needed
MLF is /tmp/selxavg3-sess-12557.m
------------------------------------------
% Wed Mar  4 14:38:47 EST 2020  
% /scratch/groups/lisik3/mcmahoneg/mri_data_anlys/studies/cont_actions/analysis  
%  psts-surface-rh-sm5  
which fast_selxavg3
which fast_ldanaflac
which MRIread
  
  
fast_selxavg3b('/scratch/groups/lisik3/mcmahoneg/mri_data_anlys/studies/cont_actions/unpackdata/s002/bold/psts-surface-rh-sm5/sxa3.config.txt')
if(~fast_fileexists('/tmp/selxavg3-sess-12557.ok')); quit; end
%--------------------------------
  
  
quit;
------------------------------------------
------------------------------------------
------- matlab output --------------------
MATLAB is selecting SOFTWARE OPENGL rendering.

                            < M A T L A B (R) >
                  Copyright 1984-2019 The MathWorks, Inc.
                  R2019a (9.6.0.1072779) 64-bit (glnxa64)
                               March 8, 2019

 
To get started, type doc.
For product information, visit www.mathworks.com.
 
>> >> >> >> /software/apps/freesurfer/6.0.0/fsfast/toolbox/fast_selxavg3.m
>> /software/apps/freesurfer/6.0.0/fsfast/toolbox/fast_ldanaflac.m
>> /software/apps/freesurfer/6.0.0/matlab/MRIread.m
>> >> >> starting fast_selxavg3b


#@# s002 ###############################
/scratch/groups/lisik3/mcmahoneg/mri_data_anlys/studies/cont_actions/unpackdata/s002
-------------------------
$Id: fast_selxavg3b.m,v 1.4 2016/05/04 22:16:47 greve Exp $
-------------------------
outtop = /scratch/groups/lisik3/mcmahoneg/mri_data_anlys/studies/cont_actions/unpackdata
Extension format = nii.gz
INFO: key nSliceGroups unrecognized, line 12, skipping
 1 fixation.mat
 2 interaction.mat
Excluding 2 points
nruns = 3
autostimdur = 


outanadir = /scratch/groups/lisik3/mcmahoneg/mri_data_anlys/studies/cont_actions/unpackdata/s002/bold/psts-surface-rh-sm5
Excluding 2 points
Excluding 2 points
Excluding 2 points
parfiles condition id list:  1  2 
Found 134191/141533 (94.8) voxels in mask 1
Creating Design Matrix
 ... creation time =  0.006 sec
DoMCFit = 1
ntptot = 240, nX = 23, DOF = 217
Saving X matrix to /scratch/groups/lisik3/mcmahoneg/mri_data_anlys/studies/cont_actions/unpackdata/s002/bold/psts-surface-rh-sm5/Xtmp.mat
XCond = 118.011 (normalized)
Computing compensation for resdual AR1 bias
 1  -0.5  -0.485741    (t=0.014643)
 2  -0.25  -0.265774    (t=0.018117)
 3  0  -0.0534981    (t=0.020883)
 4  0.25  0.14549    (t=0.023601)
 5  0.5  0.317401    (t=0.030353)
AR1 Correction M: 0.0846008 1.23641
Computing contrast matrices
OLS Beta Pass 
  run 1    t= 0.0
reading data ... 0.711365
    Global Mean 122217.00
  run 2    t= 1.2
reading data ... 0.712024
    Global Mean 121335.00
  run 3    t= 1.2
reading data ... 0.713646
    Global Mean 113122.00
Global In-Mask Mean = 118891 (112018)
Rescale Target = 100
RescaleFactor = 0.000841104
OLS Residual Pass 
  run 1    t= 0.0
reading data ... 0.710538
Saving rho1
  run 2    t= 2.0
reading data ... 0.71317
Saving rho1
  run 3    t= 2.0
reading data ... 0.712425
Saving rho1
Smoothing ACF
/software/apps/freesurfer/6.0.0/bin/mris_fwhm --mask /scratch/groups/lisik3/mcmahoneg/mri_data_anlys/studies/cont_actions/unpackdata/s002/bold/psts-surface-rh-sm5/mask.nii.gz --i /scratch/groups/lisik3/mcmahoneg/mri_data_anlys/studies/cont_actions/unpackdata/s002/bold/psts-surface-rh-sm5/rho1mn.nii.gz --o /scratch/groups/lisik3/mcmahoneg/mri_data_anlys/studies/cont_actions/unpackdata/s002/bold/psts-surface-rh-sm5/rho1mn.sm.nii.gz --fwhm 20.000000 --smooth-only --s s002 --hemi rh --sd /scratch/groups/lisik3/mcmahoneg/mri_data_anlys/subjects
s002 rh white
Number of vertices 141533
Number of faces    283062
Total area         97791.976562
GroupSurface 0
AvgVtxArea       0.690948
AvgVtxDist       0.908704
StdVtxDist       0.255933
Loading mask /scratch/groups/lisik3/mcmahoneg/mri_data_anlys/studies/cont_actions/unpackdata/s002/bold/psts-surface-rh-sm5/mask.nii.gz
Found 134191 voxels in mask
Not Polynomial detrending
Smoothing input by fwhm=20.000000, gstd=8.493218, niters=214 
Only smoothing, so saving and exiting now

Found 0 voxels with corrected AR1 > 0.90
Whitening
Computing whitening matrices
Alloc Sinv: 240 240 30 ...  done t = 0.002465 sec
  seg   1   4473  nrho1 = 0.154
  seg   2   4473  nrho1 = 0.201
  seg   3   4473  nrho1 = 0.268
  seg   4   4473  nrho1 = 0.332
  seg   5   4473  nrho1 = 0.371
  seg   6   4473  nrho1 = 0.398
  seg   7   4473  nrho1 = 0.413
  seg   8   4473  nrho1 = 0.425
  seg   9   4473  nrho1 = 0.437
  seg  10   4473  nrho1 = 0.450
  seg  11   4473  nrho1 = 0.460
  seg  12   4473  nrho1 = 0.471
  seg  13   4473  nrho1 = 0.482
  seg  14   4473  nrho1 = 0.493
  seg  15   4473  nrho1 = 0.502
  seg  16   4473  nrho1 = 0.512
  seg  17   4473  nrho1 = 0.523
  seg  18   4473  nrho1 = 0.532
  seg  19   4473  nrho1 = 0.542
  seg  20   4473  nrho1 = 0.551
  seg  21   4473  nrho1 = 0.560
  seg  22   4473  nrho1 = 0.567
  seg  23   4473  nrho1 = 0.574
  seg  24   4473  nrho1 = 0.581
  seg  25   4473  nrho1 = 0.590
  seg  26   4473  nrho1 = 0.600
  seg  27   4473  nrho1 = 0.610
  seg  28   4473  nrho1 = 0.622
  seg  29   4473  nrho1 = 0.638
  seg  30   4474  nrho1 = 0.671
GLS Beta Pass 
  run 1    t= 0.0
  run 2    t= 1.1
  run 3    t= 2.2
GLS Residual Pass 
  run 1    t= 0.0
  run 2    t= 4.6
  run 3    t= 9.2
Found 7342 zero-valued voxels
Computing contrasts
Starting contrasts
fixation J=1 -------------
Saving efficiency 21.7563
Testing Motion Correction Parameters
  2.32   3.68  -0.21  -0.14   1.73   1.13  -0.17  -0.02  -0.96  -1.56  -1.75  -0.79   1.14   1.07  -0.17  -0.02   0.17   0.02 
interaction J=1 -------------
Saving efficiency 35.6452
Testing Motion Correction Parameters
  1.25   1.33  -0.09   0.05   3.04   3.39  -0.06  -0.00   0.56  -0.98  -0.89  -0.18   1.52   2.20  -0.06  -0.00   0.06   0.00 
Saving h.dat to /scratch/groups/lisik3/mcmahoneg/mri_data_anlys/studies/cont_actions/unpackdata/s002/bold/psts-surface-rh-sm5/h.dat
cputime-min 0.244000
fast_selxavg3 done for /scratch/groups/lisik3/mcmahoneg/mri_data_anlys/studies/cont_actions/unpackdata/s002

ans =

     0

>> >> >> >> >> ------------------------------------------
Started at Wed Mar 4 14:37:45 EST 2020
Ended   at Wed Mar  4 14:39:40 EST 2020
 
selxavg3-sess completed
 
