selxavg3-sess log file
/software/apps/freesurfer/6.0.0/fsfast/bin/selxavg3-sess
-s s002 -df sessdir -analysis maintask-surface-rh-sm0 -svres -run-wise
$Id: selxavg3-sess,v 1.68 2016/05/10 03:24:18 greve Exp $
uid=3996(emcmaho7@jhu.edu) gid=1405(lisik3) groups=1405(lisik3),1502(mbonner5)
/scratch/groups/lisik3/mcmahoneg/mri_data_anlys/studies/cont_actions/analysis
Linux compute0197 3.10.0-862.9.1.el7.x86_64 #1 SMP Mon Jul 16 16:29:36 UTC 2018 x86_64 x86_64 x86_64 GNU/Linux
Wed Mar  4 14:00:58 EST 2020
preproc-sess -s s002 -d /scratch/groups/lisik3/mcmahoneg/mri_data_anlys/studies/cont_actions/unpackdata -a maintask-surface-rh-sm0 -nolog
--------------------------------------------------------------
preproc-sess logfile is /dev/null
--------------------------------------------------------------
$Id: preproc-sess,v 1.64.2.1 2016/08/02 21:19:09 greve Exp $
emcmaho7@jhu.edu
setenv FREESURFER_HOME /software/apps/freesurfer/6.0.0
setenv SUBJECTS_DIR /scratch/groups/lisik3/mcmahoneg/mri_data_anlys/subjects
Linux compute0197 3.10.0-862.9.1.el7.x86_64 #1 SMP Mon Jul 16 16:29:36 UTC 2018 x86_64 x86_64 x86_64 GNU/Linux
/scratch/groups/lisik3/mcmahoneg/mri_data_anlys/studies/cont_actions/analysis
/software/apps/freesurfer/6.0.0/fsfast/bin/preproc-sess
-s s002 -d /scratch/groups/lisik3/mcmahoneg/mri_data_anlys/studies/cont_actions/unpackdata -a maintask-surface-rh-sm0 -nolog
Wed Mar  4 14:00:59 EST 2020
instem   f 
mc   1     f fmc 
stc  0     fmc
sm   0   
mask 1   brain
s002 Template -----------------------------
mktemplate-sess -s s002 -d /scratch/groups/lisik3/mcmahoneg/mri_data_anlys/studies/cont_actions/unpackdata -fsd bold -rlf maintask.rlf -nolog -update
 
Session: /scratch/groups/lisik3/mcmahoneg/mri_data_anlys/studies/cont_actions/unpackdata/s002 ----------------
Wed Mar  4 14:00:59 EST 2020
Detected input format at nii
s002 Update not needed
  Run: 003 ----------------
  Wed Mar  4 14:00:59 EST 2020
  s002 003 Update not needed
  Run: 004 ----------------
  Wed Mar  4 14:00:59 EST 2020
  s002 004 Update not needed
  Run: 005 ----------------
  Wed Mar  4 14:00:59 EST 2020
  s002 005 Update not needed
  Run: 006 ----------------
  Wed Mar  4 14:00:59 EST 2020
  s002 006 Update not needed
  Run: 010 ----------------
  Wed Mar  4 14:00:59 EST 2020
  s002 010 Update not needed
  Run: 011 ----------------
  Wed Mar  4 14:00:59 EST 2020
  s002 011 Update not needed
  Run: 016 ----------------
  Wed Mar  4 14:00:59 EST 2020
  s002 016 Update not needed
  Run: 017 ----------------
  Wed Mar  4 14:00:59 EST 2020
  s002 017 Update not needed
  Run: 020 ----------------
  Wed Mar  4 14:00:59 EST 2020
  s002 020 Update not needed
  Run: 021 ----------------
  Wed Mar  4 14:00:59 EST 2020
  s002 021 Update not needed
Wed Mar  4 14:00:59 EST 2020
mktemplate-sess completed 
s002 Registration -----------------------------
register-sess -s s002 -d /scratch/groups/lisik3/mcmahoneg/mri_data_anlys/studies/cont_actions/unpackdata -fsd bold -delete-dat -dof 6 -bold -rlf maintask.rlf -per-session -nolog -update -init-coreg
--------------------------------------------------------------
register-sess logfile is /dev/null
--------------------------------------------------------------
Wed Mar  4 14:00:59 EST 2020

setenv SUBJECTS_DIR /scratch/groups/lisik3/mcmahoneg/mri_data_anlys/subjects
cd /scratch/groups/lisik3/mcmahoneg/mri_data_anlys/studies/cont_actions/analysis
/software/apps/freesurfer/6.0.0/fsfast/bin/register-sess -s s002 -d /scratch/groups/lisik3/mcmahoneg/mri_data_anlys/studies/cont_actions/unpackdata -fsd bold -delete-dat -dof 6 -bold -rlf maintask.rlf -per-session -nolog -update -init-coreg

freesurfer-Linux-centos6_x86_64-stable-pub-v6.0.0-2beb96c
Linux compute0197 3.10.0-862.9.1.el7.x86_64 #1 SMP Mon Jul 16 16:29:36 UTC 2018 x86_64 x86_64 x86_64 GNU/Linux
 
Session: /scratch/groups/lisik3/mcmahoneg/mri_data_anlys/studies/cont_actions/unpackdata/s002 ----------------
Wed Mar  4 14:00:59 EST 2020
/scratch/groups/lisik3/mcmahoneg/mri_data_anlys/studies/cont_actions/unpackdata/s002
Wed Mar  4 14:00:59 EST 2020
register-sess completed 
s002 Mask ------------------------
mkbrainmask-sess -maskstem brain -fsd bold -s s002 -d /scratch/groups/lisik3/mcmahoneg/mri_data_anlys/studies/cont_actions/unpackdata -per-session -rlf maintask.rlf -nolog -update
------------------------------------------------
/scratch/groups/lisik3/mcmahoneg/mri_data_anlys/studies/cont_actions/unpackdata/s002 
Wed Mar  4 14:00:59 EST 2020
s002 Update not needed for session-level mask
s002 Update not needed for run 003 meanval
s002 Update not needed for run 004 meanval
s002 Update not needed for run 005 meanval
s002 Update not needed for run 006 meanval
s002 Update not needed for run 010 meanval
s002 Update not needed for run 011 meanval
s002 Update not needed for run 016 meanval
s002 Update not needed for run 017 meanval
s002 Update not needed for run 020 meanval
s002 Update not needed for run 021 meanval
Wed Mar  4 14:01:00 EST 2020
mkbrainmask-sess done
s002 MC -----------------------------
mc-sess -fstem f -fmcstem fmc -s s002 -d /scratch/groups/lisik3/mcmahoneg/mri_data_anlys/studies/cont_actions/unpackdata -fsd bold -rlf maintask.rlf -per-session -nolog -update
Logfile is /dev/null
-------------------------------------------
/scratch/groups/lisik3/mcmahoneg/mri_data_anlys/studies/cont_actions/unpackdata/s002 
RunList: 003 004 005 006 010 011 016 017 020 021
s002 003 Update not needed
s002 004 Update not needed
s002 005 Update not needed
s002 006 Update not needed
s002 010 Update not needed
s002 011 Update not needed
s002 016 Update not needed
s002 017 Update not needed
s002 020 Update not needed
s002 021 Update not needed


Wed Mar  4 14:01:00 EST 2020
mc-sess completed SUCCESSFULLY
s002 To Surface -----------------------------
rawfunc2surf-sess -fwhm 0 -s s002 -d /scratch/groups/lisik3/mcmahoneg/mri_data_anlys/studies/cont_actions/unpackdata -fsd bold -hemi rh -self -rlf maintask.rlf -nolog -update -per-session
instem fmc
outstem fmc.sm0.self.hemi
------------------------------ 
1/1 s002
mri_vol2surf --mov /scratch/groups/lisik3/mcmahoneg/mri_data_anlys/studies/cont_actions/unpackdata/s002/bold/masks/brain.nii.gz --reg /scratch/groups/lisik3/mcmahoneg/mri_data_anlys/studies/cont_actions/unpackdata/s002/bold/register.dof6.lta --trgsubject s002 --interp nearest --projfrac 0.5 --hemi rh --o /scratch/groups/lisik3/mcmahoneg/mri_data_anlys/studies/cont_actions/unpackdata/s002/bold/masks/brain.self.rh.nii.gz --noreshape --cortex
srcvol = /scratch/groups/lisik3/mcmahoneg/mri_data_anlys/studies/cont_actions/unpackdata/s002/bold/masks/brain.nii.gz
srcreg = /scratch/groups/lisik3/mcmahoneg/mri_data_anlys/studies/cont_actions/unpackdata/s002/bold/register.dof6.lta
srcregold = 0
srcwarp unspecified
surf = white
hemi = rh
trgsubject = s002
surfreg = sphere.reg
ProjFrac = 0.5
thickness = thickness
reshape = 0
interp = nearest
float2int = round
GetProjMax = 0
INFO: float2int code = 0
INFO: changing type to float
Done loading volume
Input reg is LTA
-------- original matrix -----------
 0.99994  -0.00087  -0.01100   1.53689;
 0.01070  -0.16771   0.98578  -14.96082;
-0.00270  -0.98584  -0.16769  -2.30842;
 0.00000   0.00000   0.00000   1.00000;
-------- original matrix -----------
Loading label /scratch/groups/lisik3/mcmahoneg/mri_data_anlys/subjects/s002/label/rh.cortex.label
Reading surface /scratch/groups/lisik3/mcmahoneg/mri_data_anlys/subjects/s002/surf/rh.white
Done reading source surface
Reading thickness /scratch/groups/lisik3/mcmahoneg/mri_data_anlys/subjects/s002/surf/rh.thickness
Done
Mapping Source Volume onto Source Subject Surface
 1 0.5 0.5 0.5
using old
Done mapping volume to surface
Number of source voxels hit = 14532
Masking with /scratch/groups/lisik3/mcmahoneg/mri_data_anlys/subjects/s002/label/rh.cortex.label
Writing to /scratch/groups/lisik3/mcmahoneg/mri_data_anlys/studies/cont_actions/unpackdata/s002/bold/masks/brain.self.rh.nii.gz
Dim: 141533 1 1
mri_binarize --i /scratch/groups/lisik3/mcmahoneg/mri_data_anlys/studies/cont_actions/unpackdata/s002/bold/masks/brain.self.rh.nii.gz --min .00001 --o /scratch/groups/lisik3/mcmahoneg/mri_data_anlys/studies/cont_actions/unpackdata/s002/bold/masks/brain.self.rh.nii.gz

$Id: mri_binarize.c,v 1.43 2016/06/09 20:46:21 greve Exp $
cwd /scratch/groups/lisik3/mcmahoneg/mri_data_anlys/studies/cont_actions/analysis
cmdline mri_binarize.bin --i /scratch/groups/lisik3/mcmahoneg/mri_data_anlys/studies/cont_actions/unpackdata/s002/bold/masks/brain.self.rh.nii.gz --min .00001 --o /scratch/groups/lisik3/mcmahoneg/mri_data_anlys/studies/cont_actions/unpackdata/s002/bold/masks/brain.self.rh.nii.gz 
sysname  Linux
hostname compute0197
machine  x86_64
user     emcmaho7@jhu.edu

input      /scratch/groups/lisik3/mcmahoneg/mri_data_anlys/studies/cont_actions/unpackdata/s002/bold/masks/brain.self.rh.nii.gz
frame      0
nErode3d   0
nErode2d   0
output     /scratch/groups/lisik3/mcmahoneg/mri_data_anlys/studies/cont_actions/unpackdata/s002/bold/masks/brain.self.rh.nii.gz
Binarizing based on threshold
min        1e-05
max        +infinity
binval        1
binvalnot     0
fstart = 0, fend = 0, nframes = 1
Found 134191 values in range
Counting number of voxels in first frame
Found 134191 voxels in final mask
Count: 134191 134191.000000 141533 94.812517
mri_binarize done
  1/1 s002 003 rh ---------
    Wed Mar  4 14:01:03 EST 2020
mri_vol2surf --mov /scratch/groups/lisik3/mcmahoneg/mri_data_anlys/studies/cont_actions/unpackdata/s002/bold/003/fmc.nii.gz --reg /scratch/groups/lisik3/mcmahoneg/mri_data_anlys/studies/cont_actions/unpackdata/s002/bold/register.dof6.lta --trgsubject s002 --interp trilin --projfrac 0.5 --hemi rh --o /scratch/groups/lisik3/mcmahoneg/mri_data_anlys/studies/cont_actions/unpackdata/s002/bold/003/fmc.sm0.self.rh.nii.gz --noreshape --cortex
srcvol = /scratch/groups/lisik3/mcmahoneg/mri_data_anlys/studies/cont_actions/unpackdata/s002/bold/003/fmc.nii.gz
srcreg = /scratch/groups/lisik3/mcmahoneg/mri_data_anlys/studies/cont_actions/unpackdata/s002/bold/register.dof6.lta
srcregold = 0
srcwarp unspecified
surf = white
hemi = rh
trgsubject = s002
surfreg = sphere.reg
ProjFrac = 0.5
thickness = thickness
reshape = 0
interp = trilin
float2int = round
GetProjMax = 0
INFO: float2int code = 0
Done loading volume
Input reg is LTA
-------- original matrix -----------
 0.99994  -0.00087  -0.01100   1.53689;
 0.01070  -0.16771   0.98578  -14.96082;
-0.00270  -0.98584  -0.16769  -2.30842;
 0.00000   0.00000   0.00000   1.00000;
-------- original matrix -----------
Loading label /scratch/groups/lisik3/mcmahoneg/mri_data_anlys/subjects/s002/label/rh.cortex.label
Reading surface /scratch/groups/lisik3/mcmahoneg/mri_data_anlys/subjects/s002/surf/rh.white
Done reading source surface
Reading thickness /scratch/groups/lisik3/mcmahoneg/mri_data_anlys/subjects/s002/surf/rh.thickness
Done
Mapping Source Volume onto Source Subject Surface
 1 0.5 0.5 0.5
using old
Done mapping volume to surface
Number of source voxels hit = 14532
Masking with /scratch/groups/lisik3/mcmahoneg/mri_data_anlys/subjects/s002/label/rh.cortex.label
Writing to /scratch/groups/lisik3/mcmahoneg/mri_data_anlys/studies/cont_actions/unpackdata/s002/bold/003/fmc.sm0.self.rh.nii.gz
Dim: 141533 1 1
  1/1 s002 004 rh ---------
    Wed Mar  4 14:01:12 EST 2020
mri_vol2surf --mov /scratch/groups/lisik3/mcmahoneg/mri_data_anlys/studies/cont_actions/unpackdata/s002/bold/004/fmc.nii.gz --reg /scratch/groups/lisik3/mcmahoneg/mri_data_anlys/studies/cont_actions/unpackdata/s002/bold/register.dof6.lta --trgsubject s002 --interp trilin --projfrac 0.5 --hemi rh --o /scratch/groups/lisik3/mcmahoneg/mri_data_anlys/studies/cont_actions/unpackdata/s002/bold/004/fmc.sm0.self.rh.nii.gz --noreshape --cortex
srcvol = /scratch/groups/lisik3/mcmahoneg/mri_data_anlys/studies/cont_actions/unpackdata/s002/bold/004/fmc.nii.gz
srcreg = /scratch/groups/lisik3/mcmahoneg/mri_data_anlys/studies/cont_actions/unpackdata/s002/bold/register.dof6.lta
srcregold = 0
srcwarp unspecified
surf = white
hemi = rh
trgsubject = s002
surfreg = sphere.reg
ProjFrac = 0.5
thickness = thickness
reshape = 0
interp = trilin
float2int = round
GetProjMax = 0
INFO: float2int code = 0
Done loading volume
Input reg is LTA
-------- original matrix -----------
 0.99994  -0.00087  -0.01100   1.53689;
 0.01070  -0.16771   0.98578  -14.96082;
-0.00270  -0.98584  -0.16769  -2.30842;
 0.00000   0.00000   0.00000   1.00000;
-------- original matrix -----------
Loading label /scratch/groups/lisik3/mcmahoneg/mri_data_anlys/subjects/s002/label/rh.cortex.label
Reading surface /scratch/groups/lisik3/mcmahoneg/mri_data_anlys/subjects/s002/surf/rh.white
Done reading source surface
Reading thickness /scratch/groups/lisik3/mcmahoneg/mri_data_anlys/subjects/s002/surf/rh.thickness
Done
Mapping Source Volume onto Source Subject Surface
 1 0.5 0.5 0.5
using old
Done mapping volume to surface
Number of source voxels hit = 14532
Masking with /scratch/groups/lisik3/mcmahoneg/mri_data_anlys/subjects/s002/label/rh.cortex.label
Writing to /scratch/groups/lisik3/mcmahoneg/mri_data_anlys/studies/cont_actions/unpackdata/s002/bold/004/fmc.sm0.self.rh.nii.gz
Dim: 141533 1 1
  1/1 s002 005 rh ---------
    Wed Mar  4 14:01:21 EST 2020
mri_vol2surf --mov /scratch/groups/lisik3/mcmahoneg/mri_data_anlys/studies/cont_actions/unpackdata/s002/bold/005/fmc.nii.gz --reg /scratch/groups/lisik3/mcmahoneg/mri_data_anlys/studies/cont_actions/unpackdata/s002/bold/register.dof6.lta --trgsubject s002 --interp trilin --projfrac 0.5 --hemi rh --o /scratch/groups/lisik3/mcmahoneg/mri_data_anlys/studies/cont_actions/unpackdata/s002/bold/005/fmc.sm0.self.rh.nii.gz --noreshape --cortex
srcvol = /scratch/groups/lisik3/mcmahoneg/mri_data_anlys/studies/cont_actions/unpackdata/s002/bold/005/fmc.nii.gz
srcreg = /scratch/groups/lisik3/mcmahoneg/mri_data_anlys/studies/cont_actions/unpackdata/s002/bold/register.dof6.lta
srcregold = 0
srcwarp unspecified
surf = white
hemi = rh
trgsubject = s002
surfreg = sphere.reg
ProjFrac = 0.5
thickness = thickness
reshape = 0
interp = trilin
float2int = round
GetProjMax = 0
INFO: float2int code = 0
Done loading volume
Input reg is LTA
-------- original matrix -----------
 0.99994  -0.00087  -0.01100   1.53689;
 0.01070  -0.16771   0.98578  -14.96082;
-0.00270  -0.98584  -0.16769  -2.30842;
 0.00000   0.00000   0.00000   1.00000;
-------- original matrix -----------
Loading label /scratch/groups/lisik3/mcmahoneg/mri_data_anlys/subjects/s002/label/rh.cortex.label
Reading surface /scratch/groups/lisik3/mcmahoneg/mri_data_anlys/subjects/s002/surf/rh.white
Done reading source surface
Reading thickness /scratch/groups/lisik3/mcmahoneg/mri_data_anlys/subjects/s002/surf/rh.thickness
Done
Mapping Source Volume onto Source Subject Surface
 1 0.5 0.5 0.5
using old
Done mapping volume to surface
Number of source voxels hit = 14532
Masking with /scratch/groups/lisik3/mcmahoneg/mri_data_anlys/subjects/s002/label/rh.cortex.label
Writing to /scratch/groups/lisik3/mcmahoneg/mri_data_anlys/studies/cont_actions/unpackdata/s002/bold/005/fmc.sm0.self.rh.nii.gz
Dim: 141533 1 1
  1/1 s002 006 rh ---------
    Wed Mar  4 14:01:30 EST 2020
mri_vol2surf --mov /scratch/groups/lisik3/mcmahoneg/mri_data_anlys/studies/cont_actions/unpackdata/s002/bold/006/fmc.nii.gz --reg /scratch/groups/lisik3/mcmahoneg/mri_data_anlys/studies/cont_actions/unpackdata/s002/bold/register.dof6.lta --trgsubject s002 --interp trilin --projfrac 0.5 --hemi rh --o /scratch/groups/lisik3/mcmahoneg/mri_data_anlys/studies/cont_actions/unpackdata/s002/bold/006/fmc.sm0.self.rh.nii.gz --noreshape --cortex
srcvol = /scratch/groups/lisik3/mcmahoneg/mri_data_anlys/studies/cont_actions/unpackdata/s002/bold/006/fmc.nii.gz
srcreg = /scratch/groups/lisik3/mcmahoneg/mri_data_anlys/studies/cont_actions/unpackdata/s002/bold/register.dof6.lta
srcregold = 0
srcwarp unspecified
surf = white
hemi = rh
trgsubject = s002
surfreg = sphere.reg
ProjFrac = 0.5
thickness = thickness
reshape = 0
interp = trilin
float2int = round
GetProjMax = 0
INFO: float2int code = 0
Done loading volume
Input reg is LTA
-------- original matrix -----------
 0.99994  -0.00087  -0.01100   1.53689;
 0.01070  -0.16771   0.98578  -14.96082;
-0.00270  -0.98584  -0.16769  -2.30842;
 0.00000   0.00000   0.00000   1.00000;
-------- original matrix -----------
Loading label /scratch/groups/lisik3/mcmahoneg/mri_data_anlys/subjects/s002/label/rh.cortex.label
Reading surface /scratch/groups/lisik3/mcmahoneg/mri_data_anlys/subjects/s002/surf/rh.white
Done reading source surface
Reading thickness /scratch/groups/lisik3/mcmahoneg/mri_data_anlys/subjects/s002/surf/rh.thickness
Done
Mapping Source Volume onto Source Subject Surface
 1 0.5 0.5 0.5
using old
Done mapping volume to surface
Number of source voxels hit = 14532
Masking with /scratch/groups/lisik3/mcmahoneg/mri_data_anlys/subjects/s002/label/rh.cortex.label
Writing to /scratch/groups/lisik3/mcmahoneg/mri_data_anlys/studies/cont_actions/unpackdata/s002/bold/006/fmc.sm0.self.rh.nii.gz
Dim: 141533 1 1
  1/1 s002 010 rh ---------
    Wed Mar  4 14:01:40 EST 2020
mri_vol2surf --mov /scratch/groups/lisik3/mcmahoneg/mri_data_anlys/studies/cont_actions/unpackdata/s002/bold/010/fmc.nii.gz --reg /scratch/groups/lisik3/mcmahoneg/mri_data_anlys/studies/cont_actions/unpackdata/s002/bold/register.dof6.lta --trgsubject s002 --interp trilin --projfrac 0.5 --hemi rh --o /scratch/groups/lisik3/mcmahoneg/mri_data_anlys/studies/cont_actions/unpackdata/s002/bold/010/fmc.sm0.self.rh.nii.gz --noreshape --cortex
srcvol = /scratch/groups/lisik3/mcmahoneg/mri_data_anlys/studies/cont_actions/unpackdata/s002/bold/010/fmc.nii.gz
srcreg = /scratch/groups/lisik3/mcmahoneg/mri_data_anlys/studies/cont_actions/unpackdata/s002/bold/register.dof6.lta
srcregold = 0
srcwarp unspecified
surf = white
hemi = rh
trgsubject = s002
surfreg = sphere.reg
ProjFrac = 0.5
thickness = thickness
reshape = 0
interp = trilin
float2int = round
GetProjMax = 0
INFO: float2int code = 0
Done loading volume
Input reg is LTA
-------- original matrix -----------
 0.99994  -0.00087  -0.01100   1.53689;
 0.01070  -0.16771   0.98578  -14.96082;
-0.00270  -0.98584  -0.16769  -2.30842;
 0.00000   0.00000   0.00000   1.00000;
-------- original matrix -----------
Loading label /scratch/groups/lisik3/mcmahoneg/mri_data_anlys/subjects/s002/label/rh.cortex.label
Reading surface /scratch/groups/lisik3/mcmahoneg/mri_data_anlys/subjects/s002/surf/rh.white
Done reading source surface
Reading thickness /scratch/groups/lisik3/mcmahoneg/mri_data_anlys/subjects/s002/surf/rh.thickness
Done
Mapping Source Volume onto Source Subject Surface
 1 0.5 0.5 0.5
using old
Done mapping volume to surface
Number of source voxels hit = 14532
Masking with /scratch/groups/lisik3/mcmahoneg/mri_data_anlys/subjects/s002/label/rh.cortex.label
Writing to /scratch/groups/lisik3/mcmahoneg/mri_data_anlys/studies/cont_actions/unpackdata/s002/bold/010/fmc.sm0.self.rh.nii.gz
Dim: 141533 1 1
  1/1 s002 011 rh ---------
    Wed Mar  4 14:01:49 EST 2020
mri_vol2surf --mov /scratch/groups/lisik3/mcmahoneg/mri_data_anlys/studies/cont_actions/unpackdata/s002/bold/011/fmc.nii.gz --reg /scratch/groups/lisik3/mcmahoneg/mri_data_anlys/studies/cont_actions/unpackdata/s002/bold/register.dof6.lta --trgsubject s002 --interp trilin --projfrac 0.5 --hemi rh --o /scratch/groups/lisik3/mcmahoneg/mri_data_anlys/studies/cont_actions/unpackdata/s002/bold/011/fmc.sm0.self.rh.nii.gz --noreshape --cortex
srcvol = /scratch/groups/lisik3/mcmahoneg/mri_data_anlys/studies/cont_actions/unpackdata/s002/bold/011/fmc.nii.gz
srcreg = /scratch/groups/lisik3/mcmahoneg/mri_data_anlys/studies/cont_actions/unpackdata/s002/bold/register.dof6.lta
srcregold = 0
srcwarp unspecified
surf = white
hemi = rh
trgsubject = s002
surfreg = sphere.reg
ProjFrac = 0.5
thickness = thickness
reshape = 0
interp = trilin
float2int = round
GetProjMax = 0
INFO: float2int code = 0
Done loading volume
Input reg is LTA
-------- original matrix -----------
 0.99994  -0.00087  -0.01100   1.53689;
 0.01070  -0.16771   0.98578  -14.96082;
-0.00270  -0.98584  -0.16769  -2.30842;
 0.00000   0.00000   0.00000   1.00000;
-------- original matrix -----------
Loading label /scratch/groups/lisik3/mcmahoneg/mri_data_anlys/subjects/s002/label/rh.cortex.label
Reading surface /scratch/groups/lisik3/mcmahoneg/mri_data_anlys/subjects/s002/surf/rh.white
Done reading source surface
Reading thickness /scratch/groups/lisik3/mcmahoneg/mri_data_anlys/subjects/s002/surf/rh.thickness
Done
Mapping Source Volume onto Source Subject Surface
 1 0.5 0.5 0.5
using old
Done mapping volume to surface
Number of source voxels hit = 14532
Masking with /scratch/groups/lisik3/mcmahoneg/mri_data_anlys/subjects/s002/label/rh.cortex.label
Writing to /scratch/groups/lisik3/mcmahoneg/mri_data_anlys/studies/cont_actions/unpackdata/s002/bold/011/fmc.sm0.self.rh.nii.gz
Dim: 141533 1 1
  1/1 s002 016 rh ---------
    Wed Mar  4 14:01:59 EST 2020
mri_vol2surf --mov /scratch/groups/lisik3/mcmahoneg/mri_data_anlys/studies/cont_actions/unpackdata/s002/bold/016/fmc.nii.gz --reg /scratch/groups/lisik3/mcmahoneg/mri_data_anlys/studies/cont_actions/unpackdata/s002/bold/register.dof6.lta --trgsubject s002 --interp trilin --projfrac 0.5 --hemi rh --o /scratch/groups/lisik3/mcmahoneg/mri_data_anlys/studies/cont_actions/unpackdata/s002/bold/016/fmc.sm0.self.rh.nii.gz --noreshape --cortex
srcvol = /scratch/groups/lisik3/mcmahoneg/mri_data_anlys/studies/cont_actions/unpackdata/s002/bold/016/fmc.nii.gz
srcreg = /scratch/groups/lisik3/mcmahoneg/mri_data_anlys/studies/cont_actions/unpackdata/s002/bold/register.dof6.lta
srcregold = 0
srcwarp unspecified
surf = white
hemi = rh
trgsubject = s002
surfreg = sphere.reg
ProjFrac = 0.5
thickness = thickness
reshape = 0
interp = trilin
float2int = round
GetProjMax = 0
INFO: float2int code = 0
Done loading volume
Input reg is LTA
-------- original matrix -----------
 0.99994  -0.00087  -0.01100   1.53689;
 0.01070  -0.16771   0.98578  -14.96082;
-0.00270  -0.98584  -0.16769  -2.30842;
 0.00000   0.00000   0.00000   1.00000;
-------- original matrix -----------
Loading label /scratch/groups/lisik3/mcmahoneg/mri_data_anlys/subjects/s002/label/rh.cortex.label
Reading surface /scratch/groups/lisik3/mcmahoneg/mri_data_anlys/subjects/s002/surf/rh.white
Done reading source surface
Reading thickness /scratch/groups/lisik3/mcmahoneg/mri_data_anlys/subjects/s002/surf/rh.thickness
Done
Mapping Source Volume onto Source Subject Surface
 1 0.5 0.5 0.5
using old
Done mapping volume to surface
Number of source voxels hit = 14532
Masking with /scratch/groups/lisik3/mcmahoneg/mri_data_anlys/subjects/s002/label/rh.cortex.label
Writing to /scratch/groups/lisik3/mcmahoneg/mri_data_anlys/studies/cont_actions/unpackdata/s002/bold/016/fmc.sm0.self.rh.nii.gz
Dim: 141533 1 1
  1/1 s002 017 rh ---------
    Wed Mar  4 14:02:08 EST 2020
mri_vol2surf --mov /scratch/groups/lisik3/mcmahoneg/mri_data_anlys/studies/cont_actions/unpackdata/s002/bold/017/fmc.nii.gz --reg /scratch/groups/lisik3/mcmahoneg/mri_data_anlys/studies/cont_actions/unpackdata/s002/bold/register.dof6.lta --trgsubject s002 --interp trilin --projfrac 0.5 --hemi rh --o /scratch/groups/lisik3/mcmahoneg/mri_data_anlys/studies/cont_actions/unpackdata/s002/bold/017/fmc.sm0.self.rh.nii.gz --noreshape --cortex
srcvol = /scratch/groups/lisik3/mcmahoneg/mri_data_anlys/studies/cont_actions/unpackdata/s002/bold/017/fmc.nii.gz
srcreg = /scratch/groups/lisik3/mcmahoneg/mri_data_anlys/studies/cont_actions/unpackdata/s002/bold/register.dof6.lta
srcregold = 0
srcwarp unspecified
surf = white
hemi = rh
trgsubject = s002
surfreg = sphere.reg
ProjFrac = 0.5
thickness = thickness
reshape = 0
interp = trilin
float2int = round
GetProjMax = 0
INFO: float2int code = 0
Done loading volume
Input reg is LTA
-------- original matrix -----------
 0.99994  -0.00087  -0.01100   1.53689;
 0.01070  -0.16771   0.98578  -14.96082;
-0.00270  -0.98584  -0.16769  -2.30842;
 0.00000   0.00000   0.00000   1.00000;
-------- original matrix -----------
Loading label /scratch/groups/lisik3/mcmahoneg/mri_data_anlys/subjects/s002/label/rh.cortex.label
Reading surface /scratch/groups/lisik3/mcmahoneg/mri_data_anlys/subjects/s002/surf/rh.white
Done reading source surface
Reading thickness /scratch/groups/lisik3/mcmahoneg/mri_data_anlys/subjects/s002/surf/rh.thickness
Done
Mapping Source Volume onto Source Subject Surface
 1 0.5 0.5 0.5
using old
Done mapping volume to surface
Number of source voxels hit = 14532
Masking with /scratch/groups/lisik3/mcmahoneg/mri_data_anlys/subjects/s002/label/rh.cortex.label
Writing to /scratch/groups/lisik3/mcmahoneg/mri_data_anlys/studies/cont_actions/unpackdata/s002/bold/017/fmc.sm0.self.rh.nii.gz
Dim: 141533 1 1
  1/1 s002 020 rh ---------
    Wed Mar  4 14:02:18 EST 2020
mri_vol2surf --mov /scratch/groups/lisik3/mcmahoneg/mri_data_anlys/studies/cont_actions/unpackdata/s002/bold/020/fmc.nii.gz --reg /scratch/groups/lisik3/mcmahoneg/mri_data_anlys/studies/cont_actions/unpackdata/s002/bold/register.dof6.lta --trgsubject s002 --interp trilin --projfrac 0.5 --hemi rh --o /scratch/groups/lisik3/mcmahoneg/mri_data_anlys/studies/cont_actions/unpackdata/s002/bold/020/fmc.sm0.self.rh.nii.gz --noreshape --cortex
srcvol = /scratch/groups/lisik3/mcmahoneg/mri_data_anlys/studies/cont_actions/unpackdata/s002/bold/020/fmc.nii.gz
srcreg = /scratch/groups/lisik3/mcmahoneg/mri_data_anlys/studies/cont_actions/unpackdata/s002/bold/register.dof6.lta
srcregold = 0
srcwarp unspecified
surf = white
hemi = rh
trgsubject = s002
surfreg = sphere.reg
ProjFrac = 0.5
thickness = thickness
reshape = 0
interp = trilin
float2int = round
GetProjMax = 0
INFO: float2int code = 0
Done loading volume
Input reg is LTA
-------- original matrix -----------
 0.99994  -0.00087  -0.01100   1.53689;
 0.01070  -0.16771   0.98578  -14.96082;
-0.00270  -0.98584  -0.16769  -2.30842;
 0.00000   0.00000   0.00000   1.00000;
-------- original matrix -----------
Loading label /scratch/groups/lisik3/mcmahoneg/mri_data_anlys/subjects/s002/label/rh.cortex.label
Reading surface /scratch/groups/lisik3/mcmahoneg/mri_data_anlys/subjects/s002/surf/rh.white
Done reading source surface
Reading thickness /scratch/groups/lisik3/mcmahoneg/mri_data_anlys/subjects/s002/surf/rh.thickness
Done
Mapping Source Volume onto Source Subject Surface
 1 0.5 0.5 0.5
using old
Done mapping volume to surface
Number of source voxels hit = 14532
Masking with /scratch/groups/lisik3/mcmahoneg/mri_data_anlys/subjects/s002/label/rh.cortex.label
Writing to /scratch/groups/lisik3/mcmahoneg/mri_data_anlys/studies/cont_actions/unpackdata/s002/bold/020/fmc.sm0.self.rh.nii.gz
Dim: 141533 1 1
  1/1 s002 021 rh ---------
    Wed Mar  4 14:02:28 EST 2020
mri_vol2surf --mov /scratch/groups/lisik3/mcmahoneg/mri_data_anlys/studies/cont_actions/unpackdata/s002/bold/021/fmc.nii.gz --reg /scratch/groups/lisik3/mcmahoneg/mri_data_anlys/studies/cont_actions/unpackdata/s002/bold/register.dof6.lta --trgsubject s002 --interp trilin --projfrac 0.5 --hemi rh --o /scratch/groups/lisik3/mcmahoneg/mri_data_anlys/studies/cont_actions/unpackdata/s002/bold/021/fmc.sm0.self.rh.nii.gz --noreshape --cortex
srcvol = /scratch/groups/lisik3/mcmahoneg/mri_data_anlys/studies/cont_actions/unpackdata/s002/bold/021/fmc.nii.gz
srcreg = /scratch/groups/lisik3/mcmahoneg/mri_data_anlys/studies/cont_actions/unpackdata/s002/bold/register.dof6.lta
srcregold = 0
srcwarp unspecified
surf = white
hemi = rh
trgsubject = s002
surfreg = sphere.reg
ProjFrac = 0.5
thickness = thickness
reshape = 0
interp = trilin
float2int = round
GetProjMax = 0
INFO: float2int code = 0
Done loading volume
Input reg is LTA
-------- original matrix -----------
 0.99994  -0.00087  -0.01100   1.53689;
 0.01070  -0.16771   0.98578  -14.96082;
-0.00270  -0.98584  -0.16769  -2.30842;
 0.00000   0.00000   0.00000   1.00000;
-------- original matrix -----------
Loading label /scratch/groups/lisik3/mcmahoneg/mri_data_anlys/subjects/s002/label/rh.cortex.label
Reading surface /scratch/groups/lisik3/mcmahoneg/mri_data_anlys/subjects/s002/surf/rh.white
Done reading source surface
Reading thickness /scratch/groups/lisik3/mcmahoneg/mri_data_anlys/subjects/s002/surf/rh.thickness
Done
Mapping Source Volume onto Source Subject Surface
 1 0.5 0.5 0.5
using old
Done mapping volume to surface
Number of source voxels hit = 14532
Masking with /scratch/groups/lisik3/mcmahoneg/mri_data_anlys/subjects/s002/label/rh.cortex.label
Writing to /scratch/groups/lisik3/mcmahoneg/mri_data_anlys/studies/cont_actions/unpackdata/s002/bold/021/fmc.sm0.self.rh.nii.gz
Dim: 141533 1 1

Wed Mar  4 14:02:37 EST 2020
rawfunc2surf-sess completed 
----------------------------------------
Started at Wed Mar 4 14:00:59 EST 2020
Ended   at Wed Mar  4 14:02:37 EST 2020
preproc-sess done
-------------------------------------------
1/1 /scratch/groups/lisik3/mcmahoneg/mri_data_anlys/studies/cont_actions/unpackdata/s002 
Wed Mar  4 14:02:38 EST 2020
anadir = /scratch/groups/lisik3/mcmahoneg/mri_data_anlys/studies/cont_actions/unpackdata/s002/bold/maintask-surface-rh-sm0
    s002 Update needed
MLF is /tmp/selxavg3-sess-26472.m
------------------------------------------
% Wed Mar  4 14:02:37 EST 2020  
% /scratch/groups/lisik3/mcmahoneg/mri_data_anlys/studies/cont_actions/analysis  
%  maintask-surface-rh-sm0  
which fast_selxavg3
which fast_ldanaflac
which MRIread
  
  
fast_selxavg3b('/scratch/groups/lisik3/mcmahoneg/mri_data_anlys/studies/cont_actions/unpackdata/s002/bold/maintask-surface-rh-sm0/sxa3.config.txt')
if(~fast_fileexists('/tmp/selxavg3-sess-26472.ok')); quit; end
%--------------------------------
  
  
quit;
------------------------------------------
------------------------------------------
------- matlab output --------------------
MATLAB is selecting SOFTWARE OPENGL rendering.

                            < M A T L A B (R) >
                  Copyright 1984-2019 The MathWorks, Inc.
                  R2019a (9.6.0.1072779) 64-bit (glnxa64)
                               March 8, 2019

 
To get started, type doc.
For product information, visit www.mathworks.com.
 
>> >> >> >> /software/apps/freesurfer/6.0.0/fsfast/toolbox/fast_selxavg3.m
>> /software/apps/freesurfer/6.0.0/fsfast/toolbox/fast_ldanaflac.m
>> /software/apps/freesurfer/6.0.0/matlab/MRIread.m
>> >> >> starting fast_selxavg3b


#@# s002 ###############################
/scratch/groups/lisik3/mcmahoneg/mri_data_anlys/studies/cont_actions/unpackdata/s002
-------------------------
$Id: fast_selxavg3b.m,v 1.4 2016/05/04 22:16:47 greve Exp $
-------------------------
outtop = /scratch/groups/lisik3/mcmahoneg/mri_data_anlys/studies/cont_actions/unpackdata
Extension format = nii.gz
INFO: key nSliceGroups unrecognized, line 12, skipping
 1 fixation.mat
Excluding 2 points
nruns = 10
autostimdur = 


outanadir = /scratch/groups/lisik3/mcmahoneg/mri_data_anlys/studies/cont_actions/unpackdata/s002/bold/maintask-surface-rh-sm0/pr003
Excluding 2 points
parfiles condition id list:  1  2  3  4 
Found 134191/141533 (94.8) voxels in mask 1
Creating Design Matrix
 ... creation time =  0.003 sec
DoMCFit = 1
ntptot = 118, nX = 11, DOF = 107
Saving X matrix to /scratch/groups/lisik3/mcmahoneg/mri_data_anlys/studies/cont_actions/unpackdata/s002/bold/maintask-surface-rh-sm0/pr003/Xtmp.mat
XCond = 675.053 (normalized)
Computing compensation for resdual AR1 bias
 1  -0.5  -0.499136    (t=0.013234)
 2  -0.25  -0.273119    (t=0.014995)
 3  0  -0.0563855    (t=0.016818)
 4  0.25  0.14694    (t=0.017851)
 5  0.5  0.32563    (t=0.02306)
AR1 Correction M: 0.0858523 1.20555
Computing contrast matrices
OLS Beta Pass 
  run 1    t= 0.0
reading data ... 1.03805
    Global Mean 121275.00
Global In-Mask Mean = 121275 (114145)
Rescale Target = 100
RescaleFactor = 0.000824572
OLS Residual Pass 
  run 1    t= 0.0
reading data ... 1.07384
Saving rho1
Smoothing ACF
/software/apps/freesurfer/6.0.0/bin/mris_fwhm --mask /scratch/groups/lisik3/mcmahoneg/mri_data_anlys/studies/cont_actions/unpackdata/s002/bold/maintask-surface-rh-sm0/pr003/mask.nii.gz --i /scratch/groups/lisik3/mcmahoneg/mri_data_anlys/studies/cont_actions/unpackdata/s002/bold/maintask-surface-rh-sm0/pr003/rho1mn.nii.gz --o /scratch/groups/lisik3/mcmahoneg/mri_data_anlys/studies/cont_actions/unpackdata/s002/bold/maintask-surface-rh-sm0/pr003/rho1mn.sm.nii.gz --fwhm 20.000000 --smooth-only --s s002 --hemi rh --sd /scratch/groups/lisik3/mcmahoneg/mri_data_anlys/subjects
s002 rh white
Number of vertices 141533
Number of faces    283062
Total area         97791.976562
GroupSurface 0
AvgVtxArea       0.690948
AvgVtxDist       0.908704
StdVtxDist       0.255933
Loading mask /scratch/groups/lisik3/mcmahoneg/mri_data_anlys/studies/cont_actions/unpackdata/s002/bold/maintask-surface-rh-sm0/pr003/mask.nii.gz
Found 134191 voxels in mask
Not Polynomial detrending
Smoothing input by fwhm=20.000000, gstd=8.493218, niters=214 
Only smoothing, so saving and exiting now

Found 0 voxels with corrected AR1 > 0.90
Whitening
Computing whitening matrices
Alloc Sinv: 118 118 30 ...  done t = 0.003992 sec
  seg   1   4473  nrho1 = 0.083
  seg   2   4473  nrho1 = 0.118
  seg   3   4473  nrho1 = 0.165
  seg   4   4473  nrho1 = 0.204
  seg   5   4473  nrho1 = 0.230
  seg   6   4473  nrho1 = 0.246
  seg   7   4473  nrho1 = 0.261
  seg   8   4473  nrho1 = 0.273
  seg   9   4473  nrho1 = 0.287
  seg  10   4473  nrho1 = 0.300
  seg  11   4473  nrho1 = 0.314
  seg  12   4473  nrho1 = 0.325
  seg  13   4473  nrho1 = 0.335
  seg  14   4473  nrho1 = 0.345
  seg  15   4473  nrho1 = 0.355
  seg  16   4473  nrho1 = 0.365
  seg  17   4473  nrho1 = 0.376
  seg  18   4473  nrho1 = 0.388
  seg  19   4473  nrho1 = 0.399
  seg  20   4473  nrho1 = 0.409
  seg  21   4473  nrho1 = 0.417
  seg  22   4473  nrho1 = 0.427
  seg  23   4473  nrho1 = 0.436
  seg  24   4473  nrho1 = 0.446
  seg  25   4473  nrho1 = 0.458
  seg  26   4473  nrho1 = 0.471
  seg  27   4473  nrho1 = 0.485
  seg  28   4473  nrho1 = 0.501
  seg  29   4473  nrho1 = 0.519
  seg  30   4474  nrho1 = 0.568
GLS Beta Pass 
  run 1    t= 0.0
GLS Residual Pass 
  run 1    t= 0.0
Found 7342 zero-valued voxels
Computing contrasts
Starting contrasts
fixation J=1 -------------
Saving efficiency 12.3433
Testing Motion Correction Parameters
  0.24   0.52  -0.27  -0.21  -0.49  -0.10   0.26   0.23   0.48  -0.16  -0.34  -0.25   0.06   0.27   0.26   0.23  -0.26  -0.23 
Saving h.dat to /scratch/groups/lisik3/mcmahoneg/mri_data_anlys/studies/cont_actions/unpackdata/s002/bold/maintask-surface-rh-sm0/pr003/h.dat


outanadir = /scratch/groups/lisik3/mcmahoneg/mri_data_anlys/studies/cont_actions/unpackdata/s002/bold/maintask-surface-rh-sm0/pr004
Excluding 2 points
parfiles condition id list:  1  2  3  4 
Found 134191/141533 (94.8) voxels in mask 1
Creating Design Matrix
 ... creation time =  0.001 sec
DoMCFit = 1
ntptot = 118, nX = 11, DOF = 107
Saving X matrix to /scratch/groups/lisik3/mcmahoneg/mri_data_anlys/studies/cont_actions/unpackdata/s002/bold/maintask-surface-rh-sm0/pr004/Xtmp.mat
XCond = 815.881 (normalized)
Computing compensation for resdual AR1 bias
 1  -0.5  -0.498456    (t=0.002113)
 2  -0.25  -0.274666    (t=0.003507)
 3  0  -0.0586297    (t=0.004119)
 4  0.25  0.144387    (t=0.004652)
 5  0.5  0.323475    (t=0.005188)
AR1 Correction M: 0.0880374 1.20967
Computing contrast matrices
OLS Beta Pass 
  run 2    t= 0.0
reading data ... 0.99881
    Global Mean 121724.00
Global In-Mask Mean = 121724 (114565)
Rescale Target = 100
RescaleFactor = 0.000821531
OLS Residual Pass 
  run 2    t= 0.0
reading data ... 1.00497
Saving rho1
Smoothing ACF
/software/apps/freesurfer/6.0.0/bin/mris_fwhm --mask /scratch/groups/lisik3/mcmahoneg/mri_data_anlys/studies/cont_actions/unpackdata/s002/bold/maintask-surface-rh-sm0/pr004/mask.nii.gz --i /scratch/groups/lisik3/mcmahoneg/mri_data_anlys/studies/cont_actions/unpackdata/s002/bold/maintask-surface-rh-sm0/pr004/rho1mn.nii.gz --o /scratch/groups/lisik3/mcmahoneg/mri_data_anlys/studies/cont_actions/unpackdata/s002/bold/maintask-surface-rh-sm0/pr004/rho1mn.sm.nii.gz --fwhm 20.000000 --smooth-only --s s002 --hemi rh --sd /scratch/groups/lisik3/mcmahoneg/mri_data_anlys/subjects
s002 rh white
Number of vertices 141533
Number of faces    283062
Total area         97791.976562
GroupSurface 0
AvgVtxArea       0.690948
AvgVtxDist       0.908704
StdVtxDist       0.255933
Loading mask /scratch/groups/lisik3/mcmahoneg/mri_data_anlys/studies/cont_actions/unpackdata/s002/bold/maintask-surface-rh-sm0/pr004/mask.nii.gz
Found 134191 voxels in mask
Not Polynomial detrending
Smoothing input by fwhm=20.000000, gstd=8.493218, niters=214 
Only smoothing, so saving and exiting now

Found 0 voxels with corrected AR1 > 0.90
Whitening
Computing whitening matrices
Alloc Sinv: 118 118 30 ...  done t = 0.002798 sec
  seg   1   4473  nrho1 = 0.082
  seg   2   4473  nrho1 = 0.108
  seg   3   4473  nrho1 = 0.133
  seg   4   4473  nrho1 = 0.154
  seg   5   4473  nrho1 = 0.168
  seg   6   4473  nrho1 = 0.177
  seg   7   4473  nrho1 = 0.186
  seg   8   4473  nrho1 = 0.193
  seg   9   4473  nrho1 = 0.199
  seg  10   4473  nrho1 = 0.204
  seg  11   4473  nrho1 = 0.209
  seg  12   4473  nrho1 = 0.214
  seg  13   4473  nrho1 = 0.220
  seg  14   4473  nrho1 = 0.225
  seg  15   4473  nrho1 = 0.230
  seg  16   4473  nrho1 = 0.234
  seg  17   4473  nrho1 = 0.239
  seg  18   4473  nrho1 = 0.243
  seg  19   4473  nrho1 = 0.247
  seg  20   4473  nrho1 = 0.251
  seg  21   4473  nrho1 = 0.256
  seg  22   4473  nrho1 = 0.261
  seg  23   4473  nrho1 = 0.265
  seg  24   4473  nrho1 = 0.271
  seg  25   4473  nrho1 = 0.278
  seg  26   4473  nrho1 = 0.288
  seg  27   4473  nrho1 = 0.297
  seg  28   4473  nrho1 = 0.306
  seg  29   4473  nrho1 = 0.317
  seg  30   4474  nrho1 = 0.336
GLS Beta Pass 
  run 2    t= 0.0
GLS Residual Pass 
  run 2    t= 0.0
Found 7342 zero-valued voxels
Computing contrasts
Starting contrasts
fixation J=1 -------------
Saving efficiency 15.9887
Testing Motion Correction Parameters
  0.00   0.33  -0.05   1.05   0.62   0.74   0.48   0.51  -0.19   0.13  -0.07   1.07   0.29  -0.94   0.48   0.51  -0.48  -0.51 
Saving h.dat to /scratch/groups/lisik3/mcmahoneg/mri_data_anlys/studies/cont_actions/unpackdata/s002/bold/maintask-surface-rh-sm0/pr004/h.dat


outanadir = /scratch/groups/lisik3/mcmahoneg/mri_data_anlys/studies/cont_actions/unpackdata/s002/bold/maintask-surface-rh-sm0/pr005
Excluding 2 points
parfiles condition id list:  1  2  3  4 
Found 134191/141533 (94.8) voxels in mask 1
Creating Design Matrix
 ... creation time =  0.001 sec
DoMCFit = 1
ntptot = 131, nX = 11, DOF = 120
Saving X matrix to /scratch/groups/lisik3/mcmahoneg/mri_data_anlys/studies/cont_actions/unpackdata/s002/bold/maintask-surface-rh-sm0/pr005/Xtmp.mat
XCond = 89.1766 (normalized)
Computing compensation for resdual AR1 bias
 1  -0.5  -0.505715    (t=0.000832)
 2  -0.25  -0.277154    (t=0.00172)
 3  0  -0.0567481    (t=0.002401)
 4  0.25  0.150888    (t=0.003071)
 5  0.5  0.33468    (t=0.003744)
AR1 Correction M: 0.0837987 1.18343
Computing contrast matrices
OLS Beta Pass 
  run 3    t= 0.0
reading data ... 1.12392
    Global Mean 122696.00
Global In-Mask Mean = 122696 (115332)
Rescale Target = 100
RescaleFactor = 0.000815022
OLS Residual Pass 
  run 3    t= 0.0
reading data ... 1.12546
Saving rho1
Smoothing ACF
/software/apps/freesurfer/6.0.0/bin/mris_fwhm --mask /scratch/groups/lisik3/mcmahoneg/mri_data_anlys/studies/cont_actions/unpackdata/s002/bold/maintask-surface-rh-sm0/pr005/mask.nii.gz --i /scratch/groups/lisik3/mcmahoneg/mri_data_anlys/studies/cont_actions/unpackdata/s002/bold/maintask-surface-rh-sm0/pr005/rho1mn.nii.gz --o /scratch/groups/lisik3/mcmahoneg/mri_data_anlys/studies/cont_actions/unpackdata/s002/bold/maintask-surface-rh-sm0/pr005/rho1mn.sm.nii.gz --fwhm 20.000000 --smooth-only --s s002 --hemi rh --sd /scratch/groups/lisik3/mcmahoneg/mri_data_anlys/subjects
s002 rh white
Number of vertices 141533
Number of faces    283062
Total area         97791.976562
GroupSurface 0
AvgVtxArea       0.690948
AvgVtxDist       0.908704
StdVtxDist       0.255933
Loading mask /scratch/groups/lisik3/mcmahoneg/mri_data_anlys/studies/cont_actions/unpackdata/s002/bold/maintask-surface-rh-sm0/pr005/mask.nii.gz
Found 134191 voxels in mask
Not Polynomial detrending
Smoothing input by fwhm=20.000000, gstd=8.493218, niters=214 
Only smoothing, so saving and exiting now

Found 0 voxels with corrected AR1 > 0.90
Whitening
Computing whitening matrices
Alloc Sinv: 131 131 30 ...  done t = 0.00304 sec
  seg   1   4473  nrho1 = 0.098
  seg   2   4473  nrho1 = 0.113
  seg   3   4473  nrho1 = 0.125
  seg   4   4473  nrho1 = 0.134
  seg   5   4473  nrho1 = 0.142
  seg   6   4473  nrho1 = 0.150
  seg   7   4472  nrho1 = 0.157
  seg   8   4474  nrho1 = 0.162
  seg   9   4473  nrho1 = 0.166
  seg  10   4473  nrho1 = 0.171
  seg  11   4473  nrho1 = 0.175
  seg  12   4473  nrho1 = 0.179
  seg  13   4473  nrho1 = 0.182
  seg  14   4473  nrho1 = 0.186
  seg  15   4473  nrho1 = 0.189
  seg  16   4473  nrho1 = 0.192
  seg  17   4473  nrho1 = 0.195
  seg  18   4473  nrho1 = 0.197
  seg  19   4473  nrho1 = 0.200
  seg  20   4473  nrho1 = 0.203
  seg  21   4473  nrho1 = 0.206
  seg  22   4473  nrho1 = 0.209
  seg  23   4473  nrho1 = 0.213
  seg  24   4473  nrho1 = 0.216
  seg  25   4473  nrho1 = 0.220
  seg  26   4473  nrho1 = 0.226
  seg  27   4473  nrho1 = 0.233
  seg  28   4473  nrho1 = 0.241
  seg  29   4473  nrho1 = 0.249
  seg  30   4474  nrho1 = 0.270
GLS Beta Pass 
  run 3    t= 0.0
GLS Residual Pass 
  run 3    t= 0.0
Found 7342 zero-valued voxels
Computing contrasts
Starting contrasts
fixation J=1 -------------
Saving efficiency 18.1827
Testing Motion Correction Parameters
 -0.01   0.14   0.11  -0.20   0.27   0.15   0.08  -0.08  -0.20   0.19   0.08  -0.15   0.06   0.16   0.08  -0.08  -0.08   0.08 
Saving h.dat to /scratch/groups/lisik3/mcmahoneg/mri_data_anlys/studies/cont_actions/unpackdata/s002/bold/maintask-surface-rh-sm0/pr005/h.dat


outanadir = /scratch/groups/lisik3/mcmahoneg/mri_data_anlys/studies/cont_actions/unpackdata/s002/bold/maintask-surface-rh-sm0/pr006
Excluding 2 points
parfiles condition id list:  1  2  3  4 
Found 134191/141533 (94.8) voxels in mask 1
Creating Design Matrix
 ... creation time =  0.001 sec
DoMCFit = 1
ntptot = 131, nX = 11, DOF = 120
Saving X matrix to /scratch/groups/lisik3/mcmahoneg/mri_data_anlys/studies/cont_actions/unpackdata/s002/bold/maintask-surface-rh-sm0/pr006/Xtmp.mat
XCond = 163.903 (normalized)
Computing compensation for resdual AR1 bias
 1  -0.5  -0.506865    (t=0.000859)
 2  -0.25  -0.277882    (t=0.001841)
 3  0  -0.0567303    (t=0.002498)
 4  0.25  0.151898    (t=0.003152)
 5  0.5  0.337463    (t=0.003809)
AR1 Correction M: 0.0829727 1.1782
Computing contrast matrices
OLS Beta Pass 
  run 4    t= 0.0
reading data ... 1.12607
    Global Mean 122584.00
Global In-Mask Mean = 122584 (114625)
Rescale Target = 100
RescaleFactor = 0.000815767
OLS Residual Pass 
  run 4    t= 0.0
reading data ... 1.16579
Saving rho1
Smoothing ACF
/software/apps/freesurfer/6.0.0/bin/mris_fwhm --mask /scratch/groups/lisik3/mcmahoneg/mri_data_anlys/studies/cont_actions/unpackdata/s002/bold/maintask-surface-rh-sm0/pr006/mask.nii.gz --i /scratch/groups/lisik3/mcmahoneg/mri_data_anlys/studies/cont_actions/unpackdata/s002/bold/maintask-surface-rh-sm0/pr006/rho1mn.nii.gz --o /scratch/groups/lisik3/mcmahoneg/mri_data_anlys/studies/cont_actions/unpackdata/s002/bold/maintask-surface-rh-sm0/pr006/rho1mn.sm.nii.gz --fwhm 20.000000 --smooth-only --s s002 --hemi rh --sd /scratch/groups/lisik3/mcmahoneg/mri_data_anlys/subjects
s002 rh white
Number of vertices 141533
Number of faces    283062
Total area         97791.976562
GroupSurface 0
AvgVtxArea       0.690948
AvgVtxDist       0.908704
StdVtxDist       0.255933
Loading mask /scratch/groups/lisik3/mcmahoneg/mri_data_anlys/studies/cont_actions/unpackdata/s002/bold/maintask-surface-rh-sm0/pr006/mask.nii.gz
Found 134191 voxels in mask
Not Polynomial detrending
Smoothing input by fwhm=20.000000, gstd=8.493218, niters=214 
Only smoothing, so saving and exiting now

Found 0 voxels with corrected AR1 > 0.90
Whitening
Computing whitening matrices
Alloc Sinv: 131 131 30 ...  done t = 0.002812 sec
  seg   1   4473  nrho1 = 0.102
  seg   2   4473  nrho1 = 0.115
  seg   3   4473  nrho1 = 0.129
  seg   4   4473  nrho1 = 0.142
  seg   5   4473  nrho1 = 0.148
  seg   6   4473  nrho1 = 0.152
  seg   7   4473  nrho1 = 0.156
  seg   8   4473  nrho1 = 0.159
  seg   9   4473  nrho1 = 0.162
  seg  10   4473  nrho1 = 0.165
  seg  11   4473  nrho1 = 0.168
  seg  12   4473  nrho1 = 0.170
  seg  13   4473  nrho1 = 0.173
  seg  14   4473  nrho1 = 0.175
  seg  15   4473  nrho1 = 0.178
  seg  16   4473  nrho1 = 0.180
  seg  17   4473  nrho1 = 0.182
  seg  18   4473  nrho1 = 0.184
  seg  19   4473  nrho1 = 0.185
  seg  20   4473  nrho1 = 0.187
  seg  21   4473  nrho1 = 0.189
  seg  22   4473  nrho1 = 0.192
  seg  23   4473  nrho1 = 0.194
  seg  24   4473  nrho1 = 0.197
  seg  25   4473  nrho1 = 0.200
  seg  26   4473  nrho1 = 0.203
  seg  27   4473  nrho1 = 0.207
  seg  28   4473  nrho1 = 0.212
  seg  29   4473  nrho1 = 0.217
  seg  30   4474  nrho1 = 0.224
GLS Beta Pass 
  run 4    t= 0.0
GLS Residual Pass 
  run 4    t= 0.0
Found 7342 zero-valued voxels
Computing contrasts
Starting contrasts
fixation J=1 -------------
Saving efficiency 17.5676
Testing Motion Correction Parameters
  1.10  -1.60   1.07  -0.73  -1.33  -0.93   0.14   0.31   0.11  -1.76  -0.21   1.87  -2.79  -0.77   0.14   0.31  -0.14  -0.31 
Saving h.dat to /scratch/groups/lisik3/mcmahoneg/mri_data_anlys/studies/cont_actions/unpackdata/s002/bold/maintask-surface-rh-sm0/pr006/h.dat


outanadir = /scratch/groups/lisik3/mcmahoneg/mri_data_anlys/studies/cont_actions/unpackdata/s002/bold/maintask-surface-rh-sm0/pr010
Excluding 2 points
parfiles condition id list:  1  2  3  4 
Found 134191/141533 (94.8) voxels in mask 1
Creating Design Matrix
 ... creation time =  0.005 sec
DoMCFit = 1
ntptot = 131, nX = 11, DOF = 120
Saving X matrix to /scratch/groups/lisik3/mcmahoneg/mri_data_anlys/studies/cont_actions/unpackdata/s002/bold/maintask-surface-rh-sm0/pr010/Xtmp.mat
XCond = 112.025 (normalized)
Computing compensation for resdual AR1 bias
 1  -0.5  -0.500039    (t=0.001123)
 2  -0.25  -0.273009    (t=0.001992)
 3  0  -0.0532476    (t=0.002702)
 4  0.25  0.154826    (t=0.003381)
 5  0.5  0.341453    (t=0.00406)
AR1 Correction M: 0.078062 1.1827
Computing contrast matrices
OLS Beta Pass 
  run 5    t= 0.0
reading data ... 1.12935
    Global Mean 121661.00
Global In-Mask Mean = 121661 (114046)
Rescale Target = 100
RescaleFactor = 0.000821956
OLS Residual Pass 
  run 5    t= 0.0
reading data ... 1.12714
Saving rho1
Smoothing ACF
/software/apps/freesurfer/6.0.0/bin/mris_fwhm --mask /scratch/groups/lisik3/mcmahoneg/mri_data_anlys/studies/cont_actions/unpackdata/s002/bold/maintask-surface-rh-sm0/pr010/mask.nii.gz --i /scratch/groups/lisik3/mcmahoneg/mri_data_anlys/studies/cont_actions/unpackdata/s002/bold/maintask-surface-rh-sm0/pr010/rho1mn.nii.gz --o /scratch/groups/lisik3/mcmahoneg/mri_data_anlys/studies/cont_actions/unpackdata/s002/bold/maintask-surface-rh-sm0/pr010/rho1mn.sm.nii.gz --fwhm 20.000000 --smooth-only --s s002 --hemi rh --sd /scratch/groups/lisik3/mcmahoneg/mri_data_anlys/subjects
s002 rh white
Number of vertices 141533
Number of faces    283062
Total area         97791.976562
GroupSurface 0
AvgVtxArea       0.690948
AvgVtxDist       0.908704
StdVtxDist       0.255933
Loading mask /scratch/groups/lisik3/mcmahoneg/mri_data_anlys/studies/cont_actions/unpackdata/s002/bold/maintask-surface-rh-sm0/pr010/mask.nii.gz
Found 134191 voxels in mask
Not Polynomial detrending
Smoothing input by fwhm=20.000000, gstd=8.493218, niters=214 
Only smoothing, so saving and exiting now

Found 0 voxels with corrected AR1 > 0.90
Whitening
Computing whitening matrices
Alloc Sinv: 131 131 30 ...  done t = 0.003866 sec
  seg   1   4473  nrho1 = 0.082
  seg   2   4473  nrho1 = 0.093
  seg   3   4473  nrho1 = 0.103
  seg   4   4473  nrho1 = 0.109
  seg   5   4473  nrho1 = 0.114
  seg   6   4473  nrho1 = 0.117
  seg   7   4473  nrho1 = 0.120
  seg   8   4473  nrho1 = 0.123
  seg   9   4473  nrho1 = 0.126
  seg  10   4473  nrho1 = 0.128
  seg  11   4473  nrho1 = 0.130
  seg  12   4473  nrho1 = 0.132
  seg  13   4473  nrho1 = 0.134
  seg  14   4473  nrho1 = 0.136
  seg  15   4473  nrho1 = 0.138
  seg  16   4473  nrho1 = 0.140
  seg  17   4473  nrho1 = 0.142
  seg  18   4473  nrho1 = 0.144
  seg  19   4473  nrho1 = 0.146
  seg  20   4473  nrho1 = 0.148
  seg  21   4473  nrho1 = 0.150
  seg  22   4473  nrho1 = 0.152
  seg  23   4473  nrho1 = 0.154
  seg  24   4473  nrho1 = 0.156
  seg  25   4473  nrho1 = 0.159
  seg  26   4473  nrho1 = 0.162
  seg  27   4473  nrho1 = 0.166
  seg  28   4473  nrho1 = 0.171
  seg  29   4473  nrho1 = 0.177
  seg  30   4474  nrho1 = 0.190
GLS Beta Pass 
  run 5    t= 0.0
GLS Residual Pass 
  run 5    t= 0.0
Found 7342 zero-valued voxels
Computing contrasts
Starting contrasts
fixation J=1 -------------
Saving efficiency 19.0156
Testing Motion Correction Parameters
  0.04  -0.78  -1.14  -2.07   3.86  -3.00   0.11   0.02   1.81  -0.34  -1.45   0.05   2.67  -1.17   0.11   0.02  -0.11  -0.02 
Saving h.dat to /scratch/groups/lisik3/mcmahoneg/mri_data_anlys/studies/cont_actions/unpackdata/s002/bold/maintask-surface-rh-sm0/pr010/h.dat


outanadir = /scratch/groups/lisik3/mcmahoneg/mri_data_anlys/studies/cont_actions/unpackdata/s002/bold/maintask-surface-rh-sm0/pr011
Excluding 2 points
parfiles condition id list:  1  2  3  4 
Found 134191/141533 (94.8) voxels in mask 1
Creating Design Matrix
 ... creation time =  0.001 sec
DoMCFit = 1
ntptot = 131, nX = 11, DOF = 120
Saving X matrix to /scratch/groups/lisik3/mcmahoneg/mri_data_anlys/studies/cont_actions/unpackdata/s002/bold/maintask-surface-rh-sm0/pr011/Xtmp.mat
XCond = 171.747 (normalized)
Computing compensation for resdual AR1 bias
 1  -0.5  -0.500491    (t=0.000774)
 2  -0.25  -0.273226    (t=0.001617)
 3  0  -0.0538583    (t=0.00227)
 4  0.25  0.153124    (t=0.002933)
 5  0.5  0.337116    (t=0.003582)
AR1 Correction M: 0.0801271 1.18765
Computing contrast matrices
OLS Beta Pass 
  run 6    t= 0.0
reading data ... 1.12941
    Global Mean 121558.00
Global In-Mask Mean = 121558 (114203)
Rescale Target = 100
RescaleFactor = 0.000822653
OLS Residual Pass 
  run 6    t= 0.0
reading data ... 1.12843
Saving rho1
Smoothing ACF
/software/apps/freesurfer/6.0.0/bin/mris_fwhm --mask /scratch/groups/lisik3/mcmahoneg/mri_data_anlys/studies/cont_actions/unpackdata/s002/bold/maintask-surface-rh-sm0/pr011/mask.nii.gz --i /scratch/groups/lisik3/mcmahoneg/mri_data_anlys/studies/cont_actions/unpackdata/s002/bold/maintask-surface-rh-sm0/pr011/rho1mn.nii.gz --o /scratch/groups/lisik3/mcmahoneg/mri_data_anlys/studies/cont_actions/unpackdata/s002/bold/maintask-surface-rh-sm0/pr011/rho1mn.sm.nii.gz --fwhm 20.000000 --smooth-only --s s002 --hemi rh --sd /scratch/groups/lisik3/mcmahoneg/mri_data_anlys/subjects
s002 rh white
Number of vertices 141533
Number of faces    283062
Total area         97791.976562
GroupSurface 0
AvgVtxArea       0.690948
AvgVtxDist       0.908704
StdVtxDist       0.255933
Loading mask /scratch/groups/lisik3/mcmahoneg/mri_data_anlys/studies/cont_actions/unpackdata/s002/bold/maintask-surface-rh-sm0/pr011/mask.nii.gz
Found 134191 voxels in mask
Not Polynomial detrending
Smoothing input by fwhm=20.000000, gstd=8.493218, niters=214 
Only smoothing, so saving and exiting now

Found 0 voxels with corrected AR1 > 0.90
Whitening
Computing whitening matrices
Alloc Sinv: 131 131 30 ...  done t = 0.002777 sec
  seg   1   4473  nrho1 = 0.082
  seg   2   4473  nrho1 = 0.088
  seg   3   4473  nrho1 = 0.094
  seg   4   4473  nrho1 = 0.101
  seg   5   4473  nrho1 = 0.105
  seg   6   4473  nrho1 = 0.108
  seg   7   4473  nrho1 = 0.110
  seg   8   4473  nrho1 = 0.113
  seg   9   4473  nrho1 = 0.115
  seg  10   4473  nrho1 = 0.116
  seg  11   4473  nrho1 = 0.118
  seg  12   4473  nrho1 = 0.119
  seg  13   4473  nrho1 = 0.121
  seg  14   4473  nrho1 = 0.122
  seg  15   4473  nrho1 = 0.123
  seg  16   4473  nrho1 = 0.124
  seg  17   4473  nrho1 = 0.125
  seg  18   4473  nrho1 = 0.127
  seg  19   4473  nrho1 = 0.128
  seg  20   4473  nrho1 = 0.129
  seg  21   4473  nrho1 = 0.130
  seg  22   4473  nrho1 = 0.131
  seg  23   4473  nrho1 = 0.132
  seg  24   4472  nrho1 = 0.133
  seg  25   4474  nrho1 = 0.135
  seg  26   4473  nrho1 = 0.136
  seg  27   4473  nrho1 = 0.138
  seg  28   4473  nrho1 = 0.140
  seg  29   4473  nrho1 = 0.143
  seg  30   4474  nrho1 = 0.147
GLS Beta Pass 
  run 6    t= 0.0
GLS Residual Pass 
  run 6    t= 0.0
Found 7342 zero-valued voxels
Computing contrasts
Starting contrasts
fixation J=1 -------------
Saving efficiency 17.3859
Testing Motion Correction Parameters
  0.83  -0.06  -0.32   0.10  -0.51   0.49   0.27   0.02  -0.31  -0.78  -0.74   0.09   0.12   0.14   0.27   0.02  -0.27  -0.02 
Saving h.dat to /scratch/groups/lisik3/mcmahoneg/mri_data_anlys/studies/cont_actions/unpackdata/s002/bold/maintask-surface-rh-sm0/pr011/h.dat


outanadir = /scratch/groups/lisik3/mcmahoneg/mri_data_anlys/studies/cont_actions/unpackdata/s002/bold/maintask-surface-rh-sm0/pr016
Excluding 2 points
parfiles condition id list:  1  2  3  4 
Found 134191/141533 (94.8) voxels in mask 1
Creating Design Matrix
 ... creation time =  0.000 sec
DoMCFit = 1
ntptot = 131, nX = 11, DOF = 120
Saving X matrix to /scratch/groups/lisik3/mcmahoneg/mri_data_anlys/studies/cont_actions/unpackdata/s002/bold/maintask-surface-rh-sm0/pr016/Xtmp.mat
XCond = 152.828 (normalized)
Computing compensation for resdual AR1 bias
 1  -0.5  -0.49779    (t=0.000824)
 2  -0.25  -0.270835    (t=0.0017)
 3  0  -0.0512201    (t=0.002375)
 4  0.25  0.157404    (t=0.00306)
 5  0.5  0.346301    (t=0.003729)
AR1 Correction M: 0.0745947 1.17977
Computing contrast matrices
OLS Beta Pass 
  run 7    t= 0.0
reading data ... 1.13541
    Global Mean 113229.00
Global In-Mask Mean = 113229 (107010)
Rescale Target = 100
RescaleFactor = 0.000883166
OLS Residual Pass 
  run 7    t= 0.0
reading data ... 1.12666
Saving rho1
Smoothing ACF
/software/apps/freesurfer/6.0.0/bin/mris_fwhm --mask /scratch/groups/lisik3/mcmahoneg/mri_data_anlys/studies/cont_actions/unpackdata/s002/bold/maintask-surface-rh-sm0/pr016/mask.nii.gz --i /scratch/groups/lisik3/mcmahoneg/mri_data_anlys/studies/cont_actions/unpackdata/s002/bold/maintask-surface-rh-sm0/pr016/rho1mn.nii.gz --o /scratch/groups/lisik3/mcmahoneg/mri_data_anlys/studies/cont_actions/unpackdata/s002/bold/maintask-surface-rh-sm0/pr016/rho1mn.sm.nii.gz --fwhm 20.000000 --smooth-only --s s002 --hemi rh --sd /scratch/groups/lisik3/mcmahoneg/mri_data_anlys/subjects
s002 rh white
Number of vertices 141533
Number of faces    283062
Total area         97791.976562
GroupSurface 0
AvgVtxArea       0.690948
AvgVtxDist       0.908704
StdVtxDist       0.255933
Loading mask /scratch/groups/lisik3/mcmahoneg/mri_data_anlys/studies/cont_actions/unpackdata/s002/bold/maintask-surface-rh-sm0/pr016/mask.nii.gz
Found 134191 voxels in mask
Not Polynomial detrending
Smoothing input by fwhm=20.000000, gstd=8.493218, niters=214 
Only smoothing, so saving and exiting now

Found 0 voxels with corrected AR1 > 0.90
Whitening
Computing whitening matrices
Alloc Sinv: 131 131 30 ...  done t = 0.002682 sec
  seg   1   4473  nrho1 = 0.081
  seg   2   4473  nrho1 = 0.090
  seg   3   4473  nrho1 = 0.096
  seg   4   4473  nrho1 = 0.100
  seg   5   4473  nrho1 = 0.104
  seg   6   4473  nrho1 = 0.107
  seg   7   4473  nrho1 = 0.109
  seg   8   4473  nrho1 = 0.112
  seg   9   4473  nrho1 = 0.114
  seg  10   4473  nrho1 = 0.116
  seg  11   4473  nrho1 = 0.118
  seg  12   4473  nrho1 = 0.120
  seg  13   4473  nrho1 = 0.121
  seg  14   4473  nrho1 = 0.123
  seg  15   4473  nrho1 = 0.124
  seg  16   4473  nrho1 = 0.125
  seg  17   4473  nrho1 = 0.127
  seg  18   4473  nrho1 = 0.129
  seg  19   4473  nrho1 = 0.131
  seg  20   4473  nrho1 = 0.132
  seg  21   4473  nrho1 = 0.133
  seg  22   4473  nrho1 = 0.135
  seg  23   4473  nrho1 = 0.136
  seg  24   4473  nrho1 = 0.138
  seg  25   4473  nrho1 = 0.139
  seg  26   4473  nrho1 = 0.141
  seg  27   4473  nrho1 = 0.142
  seg  28   4473  nrho1 = 0.144
  seg  29   4473  nrho1 = 0.147
  seg  30   4474  nrho1 = 0.152
GLS Beta Pass 
  run 7    t= 0.0
GLS Residual Pass 
  run 7    t= 0.0
Found 7342 zero-valued voxels
Computing contrasts
Starting contrasts
fixation J=1 -------------
Saving efficiency 16.2851
Testing Motion Correction Parameters
  0.48   0.90  -0.42   0.08  -0.18  -0.66  -0.94  -1.13   0.13  -0.29  -0.45  -0.17   0.09  -0.55  -0.94  -1.13   0.94   1.13 
Saving h.dat to /scratch/groups/lisik3/mcmahoneg/mri_data_anlys/studies/cont_actions/unpackdata/s002/bold/maintask-surface-rh-sm0/pr016/h.dat


outanadir = /scratch/groups/lisik3/mcmahoneg/mri_data_anlys/studies/cont_actions/unpackdata/s002/bold/maintask-surface-rh-sm0/pr017
Excluding 2 points
parfiles condition id list:  1  2  3  4 
Found 134191/141533 (94.8) voxels in mask 1
Creating Design Matrix
 ... creation time =  0.000 sec
DoMCFit = 1
ntptot = 131, nX = 11, DOF = 120
Saving X matrix to /scratch/groups/lisik3/mcmahoneg/mri_data_anlys/studies/cont_actions/unpackdata/s002/bold/maintask-surface-rh-sm0/pr017/Xtmp.mat
XCond = 141.633 (normalized)
Computing compensation for resdual AR1 bias
 1  -0.5  -0.505456    (t=0.000748)
 2  -0.25  -0.276547    (t=0.001605)
 3  0  -0.0555902    (t=0.002253)
 4  0.25  0.15338    (t=0.002909)
 5  0.5  0.340842    (t=0.003551)
AR1 Correction M: 0.0807687 1.17611
Computing contrast matrices
OLS Beta Pass 
  run 8    t= 0.0
reading data ... 1.13157
    Global Mean 113403.00
Global In-Mask Mean = 113403 (106939)
Rescale Target = 100
RescaleFactor = 0.000881811
OLS Residual Pass 
  run 8    t= 0.0
reading data ... 1.13006
Saving rho1
Smoothing ACF
/software/apps/freesurfer/6.0.0/bin/mris_fwhm --mask /scratch/groups/lisik3/mcmahoneg/mri_data_anlys/studies/cont_actions/unpackdata/s002/bold/maintask-surface-rh-sm0/pr017/mask.nii.gz --i /scratch/groups/lisik3/mcmahoneg/mri_data_anlys/studies/cont_actions/unpackdata/s002/bold/maintask-surface-rh-sm0/pr017/rho1mn.nii.gz --o /scratch/groups/lisik3/mcmahoneg/mri_data_anlys/studies/cont_actions/unpackdata/s002/bold/maintask-surface-rh-sm0/pr017/rho1mn.sm.nii.gz --fwhm 20.000000 --smooth-only --s s002 --hemi rh --sd /scratch/groups/lisik3/mcmahoneg/mri_data_anlys/subjects
s002 rh white
Number of vertices 141533
Number of faces    283062
Total area         97791.976562
GroupSurface 0
AvgVtxArea       0.690948
AvgVtxDist       0.908704
StdVtxDist       0.255933
Loading mask /scratch/groups/lisik3/mcmahoneg/mri_data_anlys/studies/cont_actions/unpackdata/s002/bold/maintask-surface-rh-sm0/pr017/mask.nii.gz
Found 134191 voxels in mask
Not Polynomial detrending
Smoothing input by fwhm=20.000000, gstd=8.493218, niters=214 
Only smoothing, so saving and exiting now

Found 0 voxels with corrected AR1 > 0.90
Whitening
Computing whitening matrices
Alloc Sinv: 131 131 30 ...  done t = 0.002687 sec
  seg   1   4473  nrho1 = 0.089
  seg   2   4473  nrho1 = 0.098
  seg   3   4473  nrho1 = 0.104
  seg   4   4473  nrho1 = 0.108
  seg   5   4473  nrho1 = 0.112
  seg   6   4473  nrho1 = 0.114
  seg   7   4473  nrho1 = 0.116
  seg   8   4473  nrho1 = 0.118
  seg   9   4473  nrho1 = 0.120
  seg  10   4473  nrho1 = 0.121
  seg  11   4473  nrho1 = 0.123
  seg  12   4473  nrho1 = 0.124
  seg  13   4473  nrho1 = 0.126
  seg  14   4473  nrho1 = 0.128
  seg  15   4473  nrho1 = 0.129
  seg  16   4473  nrho1 = 0.130
  seg  17   4473  nrho1 = 0.131
  seg  18   4473  nrho1 = 0.133
  seg  19   4473  nrho1 = 0.134
  seg  20   4473  nrho1 = 0.135
  seg  21   4473  nrho1 = 0.136
  seg  22   4473  nrho1 = 0.136
  seg  23   4473  nrho1 = 0.137
  seg  24   4473  nrho1 = 0.138
  seg  25   4473  nrho1 = 0.139
  seg  26   4473  nrho1 = 0.141
  seg  27   4473  nrho1 = 0.143
  seg  28   4473  nrho1 = 0.146
  seg  29   4473  nrho1 = 0.150
  seg  30   4474  nrho1 = 0.155
GLS Beta Pass 
  run 8    t= 0.0
GLS Residual Pass 
  run 8    t= 0.0
Found 7342 zero-valued voxels
Computing contrasts
Starting contrasts
fixation J=1 -------------
Saving efficiency 15.6837
Testing Motion Correction Parameters
 -1.54  -1.05   2.04  -0.80  -0.19  -1.28  -2.12  -2.02  -0.19   0.90   1.86  -0.54  -0.61  -0.01  -2.12  -2.02   2.12   2.02 
Saving h.dat to /scratch/groups/lisik3/mcmahoneg/mri_data_anlys/studies/cont_actions/unpackdata/s002/bold/maintask-surface-rh-sm0/pr017/h.dat


outanadir = /scratch/groups/lisik3/mcmahoneg/mri_data_anlys/studies/cont_actions/unpackdata/s002/bold/maintask-surface-rh-sm0/pr020
Excluding 2 points
parfiles condition id list:  1  2  3  4 
Found 134191/141533 (94.8) voxels in mask 1
Creating Design Matrix
 ... creation time =  0.000 sec
DoMCFit = 1
ntptot = 131, nX = 11, DOF = 120
Saving X matrix to /scratch/groups/lisik3/mcmahoneg/mri_data_anlys/studies/cont_actions/unpackdata/s002/bold/maintask-surface-rh-sm0/pr020/Xtmp.mat
XCond = 570.666 (normalized)
Computing compensation for resdual AR1 bias
 1  -0.5  -0.501549    (t=0.00076)
 2  -0.25  -0.273452    (t=0.001473)
 3  0  -0.0528427    (t=0.002128)
 4  0.25  0.156228    (t=0.002779)
 5  0.5  0.344173    (t=0.003433)
AR1 Correction M: 0.0770798 1.17699
Computing contrast matrices
OLS Beta Pass 
  run 9    t= 0.0
reading data ... 1.12464
    Global Mean 113896.00
Global In-Mask Mean = 113896 (107423)
Rescale Target = 100
RescaleFactor = 0.000877994
OLS Residual Pass 
  run 9    t= 0.0
reading data ... 1.12842
Saving rho1
Smoothing ACF
/software/apps/freesurfer/6.0.0/bin/mris_fwhm --mask /scratch/groups/lisik3/mcmahoneg/mri_data_anlys/studies/cont_actions/unpackdata/s002/bold/maintask-surface-rh-sm0/pr020/mask.nii.gz --i /scratch/groups/lisik3/mcmahoneg/mri_data_anlys/studies/cont_actions/unpackdata/s002/bold/maintask-surface-rh-sm0/pr020/rho1mn.nii.gz --o /scratch/groups/lisik3/mcmahoneg/mri_data_anlys/studies/cont_actions/unpackdata/s002/bold/maintask-surface-rh-sm0/pr020/rho1mn.sm.nii.gz --fwhm 20.000000 --smooth-only --s s002 --hemi rh --sd /scratch/groups/lisik3/mcmahoneg/mri_data_anlys/subjects
s002 rh white
Number of vertices 141533
Number of faces    283062
Total area         97791.976562
GroupSurface 0
AvgVtxArea       0.690948
AvgVtxDist       0.908704
StdVtxDist       0.255933
Loading mask /scratch/groups/lisik3/mcmahoneg/mri_data_anlys/studies/cont_actions/unpackdata/s002/bold/maintask-surface-rh-sm0/pr020/mask.nii.gz
Found 134191 voxels in mask
Not Polynomial detrending
Smoothing input by fwhm=20.000000, gstd=8.493218, niters=214 
Only smoothing, so saving and exiting now

Found 0 voxels with corrected AR1 > 0.90
Whitening
Computing whitening matrices
Alloc Sinv: 131 131 30 ...  done t = 0.002692 sec
  seg   1   4473  nrho1 = 0.081
  seg   2   4473  nrho1 = 0.086
  seg   3   4473  nrho1 = 0.091
  seg   4   4473  nrho1 = 0.095
  seg   5   4473  nrho1 = 0.097
  seg   6   4473  nrho1 = 0.100
  seg   7   4473  nrho1 = 0.102
  seg   8   4473  nrho1 = 0.104
  seg   9   4473  nrho1 = 0.105
  seg  10   4473  nrho1 = 0.106
  seg  11   4473  nrho1 = 0.107
  seg  12   4473  nrho1 = 0.108
  seg  13   4473  nrho1 = 0.109
  seg  14   4473  nrho1 = 0.110
  seg  15   4473  nrho1 = 0.111
  seg  16   4473  nrho1 = 0.113
  seg  17   4473  nrho1 = 0.114
  seg  18   4473  nrho1 = 0.116
  seg  19   4473  nrho1 = 0.117
  seg  20   4473  nrho1 = 0.118
  seg  21   4473  nrho1 = 0.119
  seg  22   4473  nrho1 = 0.121
  seg  23   4473  nrho1 = 0.121
  seg  24   4473  nrho1 = 0.122
  seg  25   4473  nrho1 = 0.123
  seg  26   4473  nrho1 = 0.124
  seg  27   4473  nrho1 = 0.125
  seg  28   4473  nrho1 = 0.126
  seg  29   4473  nrho1 = 0.128
  seg  30   4474  nrho1 = 0.133
GLS Beta Pass 
  run 9    t= 0.0
GLS Residual Pass 
  run 9    t= 0.0
Found 7342 zero-valued voxels
Computing contrasts
Starting contrasts
fixation J=1 -------------
Saving efficiency 17.6848
Testing Motion Correction Parameters
 -0.34  -0.49   0.03  -0.24   0.17  -0.36   0.31   0.18  -0.34   0.26   0.20  -0.18   0.09   0.01   0.31   0.18  -0.31  -0.18 
Saving h.dat to /scratch/groups/lisik3/mcmahoneg/mri_data_anlys/studies/cont_actions/unpackdata/s002/bold/maintask-surface-rh-sm0/pr020/h.dat


outanadir = /scratch/groups/lisik3/mcmahoneg/mri_data_anlys/studies/cont_actions/unpackdata/s002/bold/maintask-surface-rh-sm0/pr021
Excluding 2 points
parfiles condition id list:  1  2  3  4 
Found 134191/141533 (94.8) voxels in mask 1
Creating Design Matrix
 ... creation time =  0.000 sec
DoMCFit = 1
ntptot = 131, nX = 11, DOF = 120
Saving X matrix to /scratch/groups/lisik3/mcmahoneg/mri_data_anlys/studies/cont_actions/unpackdata/s002/bold/maintask-surface-rh-sm0/pr021/Xtmp.mat
XCond = 108.779 (normalized)
Computing compensation for resdual AR1 bias
 1  -0.5  -0.49987    (t=0.000761)
 2  -0.25  -0.272855    (t=0.001604)
 3  0  -0.0526097    (t=0.002402)
 4  0.25  0.156072    (t=0.003064)
 5  0.5  0.343271    (t=0.003721)
AR1 Correction M: 0.0769531 1.18029
Computing contrast matrices
OLS Beta Pass 
  run 10    t= 0.0
reading data ... 1.1251
    Global Mean 114041.00
Global In-Mask Mean = 114041 (107478)
Rescale Target = 100
RescaleFactor = 0.000876878
OLS Residual Pass 
  run 10    t= 0.0
reading data ... 1.12897
Saving rho1
Smoothing ACF
/software/apps/freesurfer/6.0.0/bin/mris_fwhm --mask /scratch/groups/lisik3/mcmahoneg/mri_data_anlys/studies/cont_actions/unpackdata/s002/bold/maintask-surface-rh-sm0/pr021/mask.nii.gz --i /scratch/groups/lisik3/mcmahoneg/mri_data_anlys/studies/cont_actions/unpackdata/s002/bold/maintask-surface-rh-sm0/pr021/rho1mn.nii.gz --o /scratch/groups/lisik3/mcmahoneg/mri_data_anlys/studies/cont_actions/unpackdata/s002/bold/maintask-surface-rh-sm0/pr021/rho1mn.sm.nii.gz --fwhm 20.000000 --smooth-only --s s002 --hemi rh --sd /scratch/groups/lisik3/mcmahoneg/mri_data_anlys/subjects
s002 rh white
Number of vertices 141533
Number of faces    283062
Total area         97791.976562
GroupSurface 0
AvgVtxArea       0.690948
AvgVtxDist       0.908704
StdVtxDist       0.255933
Loading mask /scratch/groups/lisik3/mcmahoneg/mri_data_anlys/studies/cont_actions/unpackdata/s002/bold/maintask-surface-rh-sm0/pr021/mask.nii.gz
Found 134191 voxels in mask
Not Polynomial detrending
Smoothing input by fwhm=20.000000, gstd=8.493218, niters=214 
Only smoothing, so saving and exiting now

Found 0 voxels with corrected AR1 > 0.90
Whitening
Computing whitening matrices
Alloc Sinv: 131 131 30 ...  done t = 0.002799 sec
  seg   1   4473  nrho1 = 0.081
  seg   2   4473  nrho1 = 0.087
  seg   3   4473  nrho1 = 0.093
  seg   4   4473  nrho1 = 0.097
  seg   5   4473  nrho1 = 0.100
  seg   6   4473  nrho1 = 0.103
  seg   7   4473  nrho1 = 0.105
  seg   8   4473  nrho1 = 0.107
  seg   9   4473  nrho1 = 0.108
  seg  10   4473  nrho1 = 0.110
  seg  11   4473  nrho1 = 0.112
  seg  12   4473  nrho1 = 0.114
  seg  13   4473  nrho1 = 0.116
  seg  14   4473  nrho1 = 0.117
  seg  15   4473  nrho1 = 0.119
  seg  16   4473  nrho1 = 0.120
  seg  17   4473  nrho1 = 0.121
  seg  18   4473  nrho1 = 0.122
  seg  19   4473  nrho1 = 0.123
  seg  20   4473  nrho1 = 0.124
  seg  21   4473  nrho1 = 0.125
  seg  22   4473  nrho1 = 0.127
  seg  23   4473  nrho1 = 0.128
  seg  24   4473  nrho1 = 0.129
  seg  25   4473  nrho1 = 0.130
  seg  26   4473  nrho1 = 0.132
  seg  27   4473  nrho1 = 0.133
  seg  28   4473  nrho1 = 0.136
  seg  29   4473  nrho1 = 0.138
  seg  30   4474  nrho1 = 0.142
GLS Beta Pass 
  run 10    t= 0.0
GLS Residual Pass 
  run 10    t= 0.0
Found 7342 zero-valued voxels
Computing contrasts
Starting contrasts
fixation J=1 -------------
Saving efficiency 16.5779
Testing Motion Correction Parameters
 -0.02  -0.49  -0.16  -0.46   0.29  -0.53  -0.20  -0.02  -1.05  -0.07  -0.05  -0.42   0.31   0.32  -0.20  -0.02   0.20   0.02 
Saving h.dat to /scratch/groups/lisik3/mcmahoneg/mri_data_anlys/studies/cont_actions/unpackdata/s002/bold/maintask-surface-rh-sm0/pr021/h.dat
cputime-min 1.268833
fast_selxavg3 done for /scratch/groups/lisik3/mcmahoneg/mri_data_anlys/studies/cont_actions/unpackdata/s002

ans =

     0

>> >> >> >> >> ------------------------------------------
Started at Wed Mar 4 14:00:58 EST 2020
Ended   at Wed Mar  4 14:06:31 EST 2020
 
selxavg3-sess completed
 
