selxavg3-sess log file
/software/apps/freesurfer/6.0.0/fsfast/bin/selxavg3-sess
-s s004 -df sessdir -analysis FBO-surface-lh-sm5 -svres
$Id: selxavg3-sess,v 1.68 2016/05/10 03:24:18 greve Exp $
uid=3996(emcmaho7@jhu.edu) gid=1405(lisik3) groups=1405(lisik3),1502(mbonner5)
/scratch/groups/lisik3/mcmahoneg/mri_data_anlys/studies/cont_actions/analysis
Linux compute0171 3.10.0-862.9.1.el7.x86_64 #1 SMP Mon Jul 16 16:29:36 UTC 2018 x86_64 x86_64 x86_64 GNU/Linux
Thu Mar  5 17:20:43 EST 2020
preproc-sess -s s004 -d /scratch/groups/lisik3/mcmahoneg/mri_data_anlys/studies/cont_actions/unpackdata -a FBO-surface-lh-sm5 -nolog
--------------------------------------------------------------
preproc-sess logfile is /dev/null
--------------------------------------------------------------
$Id: preproc-sess,v 1.64.2.1 2016/08/02 21:19:09 greve Exp $
emcmaho7@jhu.edu
setenv FREESURFER_HOME /software/apps/freesurfer/6.0.0
setenv SUBJECTS_DIR /scratch/groups/lisik3/mcmahoneg/mri_data_anlys/subjects
Linux compute0171 3.10.0-862.9.1.el7.x86_64 #1 SMP Mon Jul 16 16:29:36 UTC 2018 x86_64 x86_64 x86_64 GNU/Linux
/scratch/groups/lisik3/mcmahoneg/mri_data_anlys/studies/cont_actions/analysis
/software/apps/freesurfer/6.0.0/fsfast/bin/preproc-sess
-s s004 -d /scratch/groups/lisik3/mcmahoneg/mri_data_anlys/studies/cont_actions/unpackdata -a FBO-surface-lh-sm5 -nolog
Thu Mar  5 17:20:44 EST 2020
instem   f 
mc   1     f fmcpr 
stc  0     fmcpr
sm   0   
mask 1   brain
s004 Template -----------------------------
mktemplate-sess -s s004 -d /scratch/groups/lisik3/mcmahoneg/mri_data_anlys/studies/cont_actions/unpackdata -fsd bold -rlf FBO.rlf -nolog -update
 
Session: /scratch/groups/lisik3/mcmahoneg/mri_data_anlys/studies/cont_actions/unpackdata/s004 ----------------
Thu Mar  5 17:20:44 EST 2020
Detected input format at nii
s004 Update not needed
  Run: 006 ----------------
  Thu Mar  5 17:20:44 EST 2020
  s004 006 Update not needed
  Run: 016 ----------------
  Thu Mar  5 17:20:44 EST 2020
  s004 016 Update not needed
Thu Mar  5 17:20:44 EST 2020
mktemplate-sess completed 
s004 Registration -----------------------------
register-sess -s s004 -d /scratch/groups/lisik3/mcmahoneg/mri_data_anlys/studies/cont_actions/unpackdata -fsd bold -delete-dat -dof 6 -bold -rlf FBO.rlf -per-run -nolog -update -init-coreg
--------------------------------------------------------------
register-sess logfile is /dev/null
--------------------------------------------------------------
Thu Mar  5 17:20:44 EST 2020

setenv SUBJECTS_DIR /scratch/groups/lisik3/mcmahoneg/mri_data_anlys/subjects
cd /scratch/groups/lisik3/mcmahoneg/mri_data_anlys/studies/cont_actions/analysis
/software/apps/freesurfer/6.0.0/fsfast/bin/register-sess -s s004 -d /scratch/groups/lisik3/mcmahoneg/mri_data_anlys/studies/cont_actions/unpackdata -fsd bold -delete-dat -dof 6 -bold -rlf FBO.rlf -per-run -nolog -update -init-coreg

freesurfer-Linux-centos6_x86_64-stable-pub-v6.0.0-2beb96c
Linux compute0171 3.10.0-862.9.1.el7.x86_64 #1 SMP Mon Jul 16 16:29:36 UTC 2018 x86_64 x86_64 x86_64 GNU/Linux
 
Session: /scratch/groups/lisik3/mcmahoneg/mri_data_anlys/studies/cont_actions/unpackdata/s004 ----------------
Thu Mar  5 17:20:44 EST 2020
/scratch/groups/lisik3/mcmahoneg/mri_data_anlys/studies/cont_actions/unpackdata/s004
  Run: 006 ----------------
Thu Mar  5 17:20:44 EST 2020
Update not needed
  Run: 016 ----------------
Thu Mar  5 17:20:44 EST 2020
Update not needed
Thu Mar  5 17:20:44 EST 2020
register-sess completed 
s004 Mask ------------------------
mkbrainmask-sess -maskstem brain -fsd bold -s s004 -d /scratch/groups/lisik3/mcmahoneg/mri_data_anlys/studies/cont_actions/unpackdata -per-run -rlf FBO.rlf -nolog -update
------------------------------------------------
/scratch/groups/lisik3/mcmahoneg/mri_data_anlys/studies/cont_actions/unpackdata/s004 
Thu Mar  5 17:20:45 EST 2020
s004 Update not needed for session-level mask
s004 Update not needed for run 006 mask
s004 Update not needed for run 016 mask
s004 Update not needed for run 006 meanval
s004 Update not needed for run 016 meanval
Thu Mar  5 17:20:45 EST 2020
mkbrainmask-sess done
s004 MC -----------------------------
mc-sess -fstem f -fmcstem fmcpr -s s004 -d /scratch/groups/lisik3/mcmahoneg/mri_data_anlys/studies/cont_actions/unpackdata -fsd bold -rlf FBO.rlf -per-run -nolog -update
Logfile is /dev/null
-------------------------------------------
/scratch/groups/lisik3/mcmahoneg/mri_data_anlys/studies/cont_actions/unpackdata/s004 
RunList: 006 016
s004 006 Update not needed
s004 016 Update not needed


Thu Mar  5 17:20:45 EST 2020
mc-sess completed SUCCESSFULLY
s004 To Surface -----------------------------
rawfunc2surf-sess -fwhm 5 -s s004 -d /scratch/groups/lisik3/mcmahoneg/mri_data_anlys/studies/cont_actions/unpackdata -fsd bold -hemi lh -self -rlf FBO.rlf -nolog -update -per-run
instem fmcpr
outstem fmcpr.sm5.self.hemi
------------------------------ 
1/1 s004
  1/1 s004 006 lh ---------
    Thu Mar  5 17:20:45 EST 2020
mri_vol2surf --mov /scratch/groups/lisik3/mcmahoneg/mri_data_anlys/studies/cont_actions/unpackdata/s004/bold/006/masks/brain.nii.gz --reg /scratch/groups/lisik3/mcmahoneg/mri_data_anlys/studies/cont_actions/unpackdata/s004/bold/006/register.dof6.lta --trgsubject s004 --interp nearest --projfrac 0.5 --hemi lh --o /scratch/groups/lisik3/mcmahoneg/mri_data_anlys/studies/cont_actions/unpackdata/s004/bold/006/masks/brain.self.lh.pr.nii.gz --noreshape --cortex
srcvol = /scratch/groups/lisik3/mcmahoneg/mri_data_anlys/studies/cont_actions/unpackdata/s004/bold/006/masks/brain.nii.gz
srcreg = /scratch/groups/lisik3/mcmahoneg/mri_data_anlys/studies/cont_actions/unpackdata/s004/bold/006/register.dof6.lta
srcregold = 0
srcwarp unspecified
surf = white
hemi = lh
trgsubject = s004
surfreg = sphere.reg
ProjFrac = 0.5
thickness = thickness
reshape = 0
interp = nearest
float2int = round
GetProjMax = 0
INFO: float2int code = 0
INFO: changing type to float
Done loading volume
Input reg is LTA
-------- original matrix -----------
 0.99895  -0.04574   0.00290   2.07185;
 0.00080   0.08075   0.99673  -9.73595;
-0.04582  -0.99568   0.08070  -3.64449;
 0.00000   0.00000   0.00000   1.00000;
-------- original matrix -----------
Loading label /scratch/groups/lisik3/mcmahoneg/mri_data_anlys/subjects/s004/label/lh.cortex.label
Reading surface /scratch/groups/lisik3/mcmahoneg/mri_data_anlys/subjects/s004/surf/lh.white
Done reading source surface
Reading thickness /scratch/groups/lisik3/mcmahoneg/mri_data_anlys/subjects/s004/surf/lh.thickness
Done
Mapping Source Volume onto Source Subject Surface
 1 0.5 0.5 0.5
using old
Done mapping volume to surface
Number of source voxels hit = 12836
Masking with /scratch/groups/lisik3/mcmahoneg/mri_data_anlys/subjects/s004/label/lh.cortex.label
Writing to /scratch/groups/lisik3/mcmahoneg/mri_data_anlys/studies/cont_actions/unpackdata/s004/bold/006/masks/brain.self.lh.pr.nii.gz
Dim: 125031 1 1
mri_binarize --i /scratch/groups/lisik3/mcmahoneg/mri_data_anlys/studies/cont_actions/unpackdata/s004/bold/006/masks/brain.self.lh.pr.nii.gz --min .00001 --o /scratch/groups/lisik3/mcmahoneg/mri_data_anlys/studies/cont_actions/unpackdata/s004/bold/006/masks/brain.self.lh.pr.nii.gz

$Id: mri_binarize.c,v 1.43 2016/06/09 20:46:21 greve Exp $
cwd /scratch/groups/lisik3/mcmahoneg/mri_data_anlys/studies/cont_actions/analysis
cmdline mri_binarize.bin --i /scratch/groups/lisik3/mcmahoneg/mri_data_anlys/studies/cont_actions/unpackdata/s004/bold/006/masks/brain.self.lh.pr.nii.gz --min .00001 --o /scratch/groups/lisik3/mcmahoneg/mri_data_anlys/studies/cont_actions/unpackdata/s004/bold/006/masks/brain.self.lh.pr.nii.gz 
sysname  Linux
hostname compute0171
machine  x86_64
user     emcmaho7@jhu.edu

input      /scratch/groups/lisik3/mcmahoneg/mri_data_anlys/studies/cont_actions/unpackdata/s004/bold/006/masks/brain.self.lh.pr.nii.gz
frame      0
nErode3d   0
nErode2d   0
output     /scratch/groups/lisik3/mcmahoneg/mri_data_anlys/studies/cont_actions/unpackdata/s004/bold/006/masks/brain.self.lh.pr.nii.gz
Binarizing based on threshold
min        1e-05
max        +infinity
binval        1
binvalnot     0
fstart = 0, fend = 0, nframes = 1
Found 117098 values in range
Counting number of voxels in first frame
Found 117098 voxels in final mask
Count: 117098 117098.000000 125031 93.655174
mri_binarize done
  1/1 s004 016 lh ---------
    Thu Mar  5 17:20:47 EST 2020
mri_vol2surf --mov /scratch/groups/lisik3/mcmahoneg/mri_data_anlys/studies/cont_actions/unpackdata/s004/bold/016/masks/brain.nii.gz --reg /scratch/groups/lisik3/mcmahoneg/mri_data_anlys/studies/cont_actions/unpackdata/s004/bold/016/register.dof6.lta --trgsubject s004 --interp nearest --projfrac 0.5 --hemi lh --o /scratch/groups/lisik3/mcmahoneg/mri_data_anlys/studies/cont_actions/unpackdata/s004/bold/016/masks/brain.self.lh.pr.nii.gz --noreshape --cortex
srcvol = /scratch/groups/lisik3/mcmahoneg/mri_data_anlys/studies/cont_actions/unpackdata/s004/bold/016/masks/brain.nii.gz
srcreg = /scratch/groups/lisik3/mcmahoneg/mri_data_anlys/studies/cont_actions/unpackdata/s004/bold/016/register.dof6.lta
srcregold = 0
srcwarp unspecified
surf = white
hemi = lh
trgsubject = s004
surfreg = sphere.reg
ProjFrac = 0.5
thickness = thickness
reshape = 0
interp = nearest
float2int = round
GetProjMax = 0
INFO: float2int code = 0
INFO: changing type to float
Done loading volume
Input reg is LTA
-------- original matrix -----------
 0.99647  -0.07891  -0.02854   1.88329;
 0.04248   0.18110   0.98255  -10.51763;
-0.07236  -0.98029   0.18382  -4.92076;
 0.00000   0.00000   0.00000   1.00000;
-------- original matrix -----------
Loading label /scratch/groups/lisik3/mcmahoneg/mri_data_anlys/subjects/s004/label/lh.cortex.label
Reading surface /scratch/groups/lisik3/mcmahoneg/mri_data_anlys/subjects/s004/surf/lh.white
Done reading source surface
Reading thickness /scratch/groups/lisik3/mcmahoneg/mri_data_anlys/subjects/s004/surf/lh.thickness
Done
Mapping Source Volume onto Source Subject Surface
 1 0.5 0.5 0.5
using old
Done mapping volume to surface
Number of source voxels hit = 12858
Masking with /scratch/groups/lisik3/mcmahoneg/mri_data_anlys/subjects/s004/label/lh.cortex.label
Writing to /scratch/groups/lisik3/mcmahoneg/mri_data_anlys/studies/cont_actions/unpackdata/s004/bold/016/masks/brain.self.lh.pr.nii.gz
Dim: 125031 1 1
mri_binarize --i /scratch/groups/lisik3/mcmahoneg/mri_data_anlys/studies/cont_actions/unpackdata/s004/bold/016/masks/brain.self.lh.pr.nii.gz --min .00001 --o /scratch/groups/lisik3/mcmahoneg/mri_data_anlys/studies/cont_actions/unpackdata/s004/bold/016/masks/brain.self.lh.pr.nii.gz

$Id: mri_binarize.c,v 1.43 2016/06/09 20:46:21 greve Exp $
cwd /scratch/groups/lisik3/mcmahoneg/mri_data_anlys/studies/cont_actions/analysis
cmdline mri_binarize.bin --i /scratch/groups/lisik3/mcmahoneg/mri_data_anlys/studies/cont_actions/unpackdata/s004/bold/016/masks/brain.self.lh.pr.nii.gz --min .00001 --o /scratch/groups/lisik3/mcmahoneg/mri_data_anlys/studies/cont_actions/unpackdata/s004/bold/016/masks/brain.self.lh.pr.nii.gz 
sysname  Linux
hostname compute0171
machine  x86_64
user     emcmaho7@jhu.edu

input      /scratch/groups/lisik3/mcmahoneg/mri_data_anlys/studies/cont_actions/unpackdata/s004/bold/016/masks/brain.self.lh.pr.nii.gz
frame      0
nErode3d   0
nErode2d   0
output     /scratch/groups/lisik3/mcmahoneg/mri_data_anlys/studies/cont_actions/unpackdata/s004/bold/016/masks/brain.self.lh.pr.nii.gz
Binarizing based on threshold
min        1e-05
max        +infinity
binval        1
binvalnot     0
fstart = 0, fend = 0, nframes = 1
Found 117098 values in range
Counting number of voxels in first frame
Found 117098 voxels in final mask
Count: 117098 117098.000000 125031 93.655174
mri_binarize done
mri_concat --o /scratch/groups/lisik3/mcmahoneg/mri_data_anlys/studies/cont_actions/unpackdata/s004/bold/masks/brain.self.lh.pr.nii.gz --mean /scratch/groups/lisik3/mcmahoneg/mri_data_anlys/studies/cont_actions/unpackdata/s004/bold/006/masks/brain.self.lh.pr.nii.gz /scratch/groups/lisik3/mcmahoneg/mri_data_anlys/studies/cont_actions/unpackdata/s004/bold/016/masks/brain.self.lh.pr.nii.gz
ninputs = 2
Checking inputs
nframestot = 2
Allocing output
Done allocing
nframes = 2
Computing mean across frames
Writing to /scratch/groups/lisik3/mcmahoneg/mri_data_anlys/studies/cont_actions/unpackdata/s004/bold/masks/brain.self.lh.pr.nii.gz
mri_binarize --i /scratch/groups/lisik3/mcmahoneg/mri_data_anlys/studies/cont_actions/unpackdata/s004/bold/masks/brain.self.lh.pr.nii.gz --min 10e-10 --o /scratch/groups/lisik3/mcmahoneg/mri_data_anlys/studies/cont_actions/unpackdata/s004/bold/masks/brain.self.lh.pr.nii.gz

$Id: mri_binarize.c,v 1.43 2016/06/09 20:46:21 greve Exp $
cwd /scratch/groups/lisik3/mcmahoneg/mri_data_anlys/studies/cont_actions/analysis
cmdline mri_binarize.bin --i /scratch/groups/lisik3/mcmahoneg/mri_data_anlys/studies/cont_actions/unpackdata/s004/bold/masks/brain.self.lh.pr.nii.gz --min 10e-10 --o /scratch/groups/lisik3/mcmahoneg/mri_data_anlys/studies/cont_actions/unpackdata/s004/bold/masks/brain.self.lh.pr.nii.gz 
sysname  Linux
hostname compute0171
machine  x86_64
user     emcmaho7@jhu.edu

input      /scratch/groups/lisik3/mcmahoneg/mri_data_anlys/studies/cont_actions/unpackdata/s004/bold/masks/brain.self.lh.pr.nii.gz
frame      0
nErode3d   0
nErode2d   0
output     /scratch/groups/lisik3/mcmahoneg/mri_data_anlys/studies/cont_actions/unpackdata/s004/bold/masks/brain.self.lh.pr.nii.gz
Binarizing based on threshold
min        1e-09
max        +infinity
binval        1
binvalnot     0
fstart = 0, fend = 0, nframes = 1
Found 117098 values in range
Counting number of voxels in first frame
Found 117098 voxels in final mask
Count: 117098 117098.000000 125031 93.655174
mri_binarize done
  1/1 s004 006 lh ---------
    Thu Mar  5 17:20:49 EST 2020
mri_vol2surf --mov /scratch/groups/lisik3/mcmahoneg/mri_data_anlys/studies/cont_actions/unpackdata/s004/bold/006/fmcpr.nii.gz --reg /scratch/groups/lisik3/mcmahoneg/mri_data_anlys/studies/cont_actions/unpackdata/s004/bold/006/register.dof6.lta --trgsubject s004 --interp trilin --projfrac 0.5 --hemi lh --o /scratch/groups/lisik3/mcmahoneg/mri_data_anlys/studies/cont_actions/unpackdata/s004/bold/006/fmcpr.sm5.self.lh.nii.gz --noreshape --cortex
srcvol = /scratch/groups/lisik3/mcmahoneg/mri_data_anlys/studies/cont_actions/unpackdata/s004/bold/006/fmcpr.nii.gz
srcreg = /scratch/groups/lisik3/mcmahoneg/mri_data_anlys/studies/cont_actions/unpackdata/s004/bold/006/register.dof6.lta
srcregold = 0
srcwarp unspecified
surf = white
hemi = lh
trgsubject = s004
surfreg = sphere.reg
ProjFrac = 0.5
thickness = thickness
reshape = 0
interp = trilin
float2int = round
GetProjMax = 0
INFO: float2int code = 0
Done loading volume
Input reg is LTA
-------- original matrix -----------
 0.99895  -0.04574   0.00290   2.07185;
 0.00080   0.08075   0.99673  -9.73595;
-0.04582  -0.99568   0.08070  -3.64449;
 0.00000   0.00000   0.00000   1.00000;
-------- original matrix -----------
Loading label /scratch/groups/lisik3/mcmahoneg/mri_data_anlys/subjects/s004/label/lh.cortex.label
Reading surface /scratch/groups/lisik3/mcmahoneg/mri_data_anlys/subjects/s004/surf/lh.white
Done reading source surface
Reading thickness /scratch/groups/lisik3/mcmahoneg/mri_data_anlys/subjects/s004/surf/lh.thickness
Done
Mapping Source Volume onto Source Subject Surface
 1 0.5 0.5 0.5
using old
Done mapping volume to surface
Number of source voxels hit = 12836
Masking with /scratch/groups/lisik3/mcmahoneg/mri_data_anlys/subjects/s004/label/lh.cortex.label
Writing to /scratch/groups/lisik3/mcmahoneg/mri_data_anlys/studies/cont_actions/unpackdata/s004/bold/006/fmcpr.sm5.self.lh.nii.gz
Dim: 125031 1 1
mris_fwhm --s s004 --hemi lh --smooth-only --i /scratch/groups/lisik3/mcmahoneg/mri_data_anlys/studies/cont_actions/unpackdata/s004/bold/006/fmcpr.sm5.self.lh.nii.gz --fwhm 5 --o /scratch/groups/lisik3/mcmahoneg/mri_data_anlys/studies/cont_actions/unpackdata/s004/bold/006/fmcpr.sm5.self.lh.nii.gz --mask /scratch/groups/lisik3/mcmahoneg/mri_data_anlys/studies/cont_actions/unpackdata/s004/bold/006/masks/brain.self.lh.nii.gz --no-detrend
s004 lh white
Number of vertices 125031
Number of faces    250058
Total area         84960.539062
GroupSurface 0
AvgVtxArea       0.679516
AvgVtxDist       0.900932
StdVtxDist       0.259981
Loading mask /scratch/groups/lisik3/mcmahoneg/mri_data_anlys/studies/cont_actions/unpackdata/s004/bold/006/masks/brain.self.lh.nii.gz
Found 117098 voxels in mask
Not Polynomial detrending
Smoothing input by fwhm=5.000000, gstd=2.123305, niters=14 
Only smoothing, so saving and exiting now
  1/1 s004 016 lh ---------
    Thu Mar  5 17:21:14 EST 2020
mri_vol2surf --mov /scratch/groups/lisik3/mcmahoneg/mri_data_anlys/studies/cont_actions/unpackdata/s004/bold/016/fmcpr.nii.gz --reg /scratch/groups/lisik3/mcmahoneg/mri_data_anlys/studies/cont_actions/unpackdata/s004/bold/016/register.dof6.lta --trgsubject s004 --interp trilin --projfrac 0.5 --hemi lh --o /scratch/groups/lisik3/mcmahoneg/mri_data_anlys/studies/cont_actions/unpackdata/s004/bold/016/fmcpr.sm5.self.lh.nii.gz --noreshape --cortex
srcvol = /scratch/groups/lisik3/mcmahoneg/mri_data_anlys/studies/cont_actions/unpackdata/s004/bold/016/fmcpr.nii.gz
srcreg = /scratch/groups/lisik3/mcmahoneg/mri_data_anlys/studies/cont_actions/unpackdata/s004/bold/016/register.dof6.lta
srcregold = 0
srcwarp unspecified
surf = white
hemi = lh
trgsubject = s004
surfreg = sphere.reg
ProjFrac = 0.5
thickness = thickness
reshape = 0
interp = trilin
float2int = round
GetProjMax = 0
INFO: float2int code = 0
Done loading volume
Input reg is LTA
-------- original matrix -----------
 0.99647  -0.07891  -0.02854   1.88329;
 0.04248   0.18110   0.98255  -10.51763;
-0.07236  -0.98029   0.18382  -4.92076;
 0.00000   0.00000   0.00000   1.00000;
-------- original matrix -----------
Loading label /scratch/groups/lisik3/mcmahoneg/mri_data_anlys/subjects/s004/label/lh.cortex.label
Reading surface /scratch/groups/lisik3/mcmahoneg/mri_data_anlys/subjects/s004/surf/lh.white
Done reading source surface
Reading thickness /scratch/groups/lisik3/mcmahoneg/mri_data_anlys/subjects/s004/surf/lh.thickness
Done
Mapping Source Volume onto Source Subject Surface
 1 0.5 0.5 0.5
using old
Done mapping volume to surface
Number of source voxels hit = 12858
Masking with /scratch/groups/lisik3/mcmahoneg/mri_data_anlys/subjects/s004/label/lh.cortex.label
Writing to /scratch/groups/lisik3/mcmahoneg/mri_data_anlys/studies/cont_actions/unpackdata/s004/bold/016/fmcpr.sm5.self.lh.nii.gz
Dim: 125031 1 1
mris_fwhm --s s004 --hemi lh --smooth-only --i /scratch/groups/lisik3/mcmahoneg/mri_data_anlys/studies/cont_actions/unpackdata/s004/bold/016/fmcpr.sm5.self.lh.nii.gz --fwhm 5 --o /scratch/groups/lisik3/mcmahoneg/mri_data_anlys/studies/cont_actions/unpackdata/s004/bold/016/fmcpr.sm5.self.lh.nii.gz --mask /scratch/groups/lisik3/mcmahoneg/mri_data_anlys/studies/cont_actions/unpackdata/s004/bold/016/masks/brain.self.lh.nii.gz --no-detrend
s004 lh white
Number of vertices 125031
Number of faces    250058
Total area         84960.539062
GroupSurface 0
AvgVtxArea       0.679516
AvgVtxDist       0.900932
StdVtxDist       0.259981
Loading mask /scratch/groups/lisik3/mcmahoneg/mri_data_anlys/studies/cont_actions/unpackdata/s004/bold/016/masks/brain.self.lh.nii.gz
Found 117098 voxels in mask
Not Polynomial detrending
Smoothing input by fwhm=5.000000, gstd=2.123305, niters=14 
Only smoothing, so saving and exiting now

Thu Mar  5 17:21:39 EST 2020
rawfunc2surf-sess completed 
----------------------------------------
Started at Thu Mar 5 17:20:44 EST 2020
Ended   at Thu Mar  5 17:21:39 EST 2020
preproc-sess done
-------------------------------------------
1/1 /scratch/groups/lisik3/mcmahoneg/mri_data_anlys/studies/cont_actions/unpackdata/s004 
Thu Mar  5 17:21:40 EST 2020
anadir = /scratch/groups/lisik3/mcmahoneg/mri_data_anlys/studies/cont_actions/unpackdata/s004/bold/FBO-surface-lh-sm5
    s004 Update needed
MLF is /tmp/selxavg3-sess-12678.m
------------------------------------------
% Thu Mar  5 17:21:39 EST 2020  
% /scratch/groups/lisik3/mcmahoneg/mri_data_anlys/studies/cont_actions/analysis  
%  FBO-surface-lh-sm5  
which fast_selxavg3
which fast_ldanaflac
which MRIread
  
  
fast_selxavg3b('/scratch/groups/lisik3/mcmahoneg/mri_data_anlys/studies/cont_actions/unpackdata/s004/bold/FBO-surface-lh-sm5/sxa3.config.txt')
if(~fast_fileexists('/tmp/selxavg3-sess-12678.ok')); quit; end
%--------------------------------
  
  
quit;
------------------------------------------
------------------------------------------
------- matlab output --------------------
MATLAB is selecting SOFTWARE OPENGL rendering.

                            < M A T L A B (R) >
                  Copyright 1984-2019 The MathWorks, Inc.
                  R2019a (9.6.0.1072779) 64-bit (glnxa64)
                               March 8, 2019

 
To get started, type doc.
For product information, visit www.mathworks.com.
 
>> >> >> >> /software/apps/freesurfer/6.0.0/fsfast/toolbox/fast_selxavg3.m
>> /software/apps/freesurfer/6.0.0/fsfast/toolbox/fast_ldanaflac.m
>> /software/apps/freesurfer/6.0.0/matlab/MRIread.m
>> >> >> starting fast_selxavg3b


#@# s004 ###############################
/scratch/groups/lisik3/mcmahoneg/mri_data_anlys/studies/cont_actions/unpackdata/s004
-------------------------
$Id: fast_selxavg3b.m,v 1.4 2016/05/04 22:16:47 greve Exp $
-------------------------
outtop = /scratch/groups/lisik3/mcmahoneg/mri_data_anlys/studies/cont_actions/unpackdata
Extension format = nii.gz
INFO: key nSliceGroups unrecognized, line 12, skipping
 1 body_object.mat
 2 face_object.mat
 3 fixation.mat
 4 object_face.mat
Excluding 2 points
nruns = 2
autostimdur = 


outanadir = /scratch/groups/lisik3/mcmahoneg/mri_data_anlys/studies/cont_actions/unpackdata/s004/bold/FBO-surface-lh-sm5
Excluding 2 points
Excluding 2 points
parfiles condition id list:  1  2  3 
Found 117098/125031 (93.7) voxels in mask 1
Creating Design Matrix
 ... creation time =  0.006 sec
DoMCFit = 1
ntptot = 270, nX = 17, DOF = 253
Saving X matrix to /scratch/groups/lisik3/mcmahoneg/mri_data_anlys/studies/cont_actions/unpackdata/s004/bold/FBO-surface-lh-sm5/Xtmp.mat
XCond = 122.739 (normalized)
Computing compensation for resdual AR1 bias
 1  -0.5  -0.495688    (t=0.015184)
 2  -0.25  -0.264943    (t=0.020732)
 3  0  -0.0397769    (t=0.024796)
 4  0.25  0.175236    (t=0.028509)
 5  0.5  0.368413    (t=0.036264)
AR1 Correction M: 0.0591367 1.15159
Computing contrast matrices
OLS Beta Pass 
  run 1    t= 0.0
reading data ... 1.05594
    Global Mean 79296.70
  run 2    t= 1.8
reading data ... 1.0533
    Global Mean 76217.30
Global In-Mask Mean = 77757 (68548.7)
Rescale Target = 100
RescaleFactor = 0.00128606
OLS Residual Pass 
  run 1    t= 0.0
reading data ... 1.04831
Saving rho1
  run 2    t= 2.8
reading data ... 1.05626
Saving rho1
Smoothing ACF
/software/apps/freesurfer/6.0.0/bin/mris_fwhm --mask /scratch/groups/lisik3/mcmahoneg/mri_data_anlys/studies/cont_actions/unpackdata/s004/bold/FBO-surface-lh-sm5/mask.nii.gz --i /scratch/groups/lisik3/mcmahoneg/mri_data_anlys/studies/cont_actions/unpackdata/s004/bold/FBO-surface-lh-sm5/rho1mn.nii.gz --o /scratch/groups/lisik3/mcmahoneg/mri_data_anlys/studies/cont_actions/unpackdata/s004/bold/FBO-surface-lh-sm5/rho1mn.sm.nii.gz --fwhm 20.000000 --smooth-only --s s004 --hemi lh --sd /scratch/groups/lisik3/mcmahoneg/mri_data_anlys/subjects
s004 lh white
Number of vertices 125031
Number of faces    250058
Total area         84960.539062
GroupSurface 0
AvgVtxArea       0.679516
AvgVtxDist       0.900932
StdVtxDist       0.259981
Loading mask /scratch/groups/lisik3/mcmahoneg/mri_data_anlys/studies/cont_actions/unpackdata/s004/bold/FBO-surface-lh-sm5/mask.nii.gz
Found 117098 voxels in mask
Not Polynomial detrending
Smoothing input by fwhm=20.000000, gstd=8.493218, niters=217 
Only smoothing, so saving and exiting now

Found 0 voxels with corrected AR1 > 0.90
Whitening
Computing whitening matrices
Alloc Sinv: 270 270 30 ...  done t = 0.002384 sec
  seg   1   3903  nrho1 = 0.207
  seg   2   3903  nrho1 = 0.241
  seg   3   3903  nrho1 = 0.258
  seg   4   3903  nrho1 = 0.275
  seg   5   3903  nrho1 = 0.289
  seg   6   3903  nrho1 = 0.301
  seg   7   3903  nrho1 = 0.310
  seg   8   3903  nrho1 = 0.320
  seg   9   3903  nrho1 = 0.329
  seg  10   3903  nrho1 = 0.337
  seg  11   3903  nrho1 = 0.345
  seg  12   3903  nrho1 = 0.352
  seg  13   3903  nrho1 = 0.360
  seg  14   3903  nrho1 = 0.369
  seg  15   3903  nrho1 = 0.378
  seg  16   3903  nrho1 = 0.387
  seg  17   3903  nrho1 = 0.398
  seg  18   3903  nrho1 = 0.410
  seg  19   3903  nrho1 = 0.423
  seg  20   3903  nrho1 = 0.436
  seg  21   3903  nrho1 = 0.448
  seg  22   3903  nrho1 = 0.460
  seg  23   3903  nrho1 = 0.471
  seg  24   3903  nrho1 = 0.482
  seg  25   3903  nrho1 = 0.497
  seg  26   3903  nrho1 = 0.513
  seg  27   3903  nrho1 = 0.530
  seg  28   3903  nrho1 = 0.552
  seg  29   3903  nrho1 = 0.580
  seg  30   3911  nrho1 = 0.620
GLS Beta Pass 
  run 1    t= 0.0
  run 2    t= 1.6
GLS Residual Pass 
  run 1    t= 0.0
  run 2    t= 7.0
Found 7933 zero-valued voxels
Computing contrasts
Starting contrasts
body_object J=1 -------------
Saving efficiency 103.99
Testing Motion Correction Parameters
 -3.98  -1.55   5.29   0.34  -0.26   0.99   1.20   1.38   1.15   1.30   6.00   3.11  -2.91   0.51   1.20   1.38  -1.20  -1.38 
face_object J=1 -------------
Saving efficiency 103.328
Testing Motion Correction Parameters
 -1.75  -0.69   1.13  -0.15   0.99   1.88  -0.01   0.18  -0.38   0.65   1.80   0.63  -0.09   1.63  -0.01   0.18   0.01  -0.18 
fixation J=1 -------------
Saving efficiency 99.538
Testing Motion Correction Parameters
  2.60   0.08  -1.24   0.18   0.11  -0.50  -0.81  -0.26  -0.63  -1.63  -2.37   0.06   0.76  -0.54  -0.81  -0.26   0.81   0.26 
object_face J=1 -------------
Saving efficiency 103.328
Testing Motion Correction Parameters
  1.75   0.69  -1.13   0.15  -0.99  -1.88   0.01  -0.18   0.38  -0.65  -1.80  -0.63   0.09  -1.63   0.01  -0.18  -0.01   0.18 
Saving h.dat to /scratch/groups/lisik3/mcmahoneg/mri_data_anlys/studies/cont_actions/unpackdata/s004/bold/FBO-surface-lh-sm5/h.dat
cputime-min 0.292000
fast_selxavg3 done for /scratch/groups/lisik3/mcmahoneg/mri_data_anlys/studies/cont_actions/unpackdata/s004

ans =

     0

>> >> >> >> >> ------------------------------------------
Started at Thu Mar 5 17:20:43 EST 2020
Ended   at Thu Mar  5 17:24:18 EST 2020
 
selxavg3-sess completed
 
