selxavg3-sess log file
/software/apps/freesurfer/6.0.0/fsfast/bin/selxavg3-sess
-s s001 -df sessdir -analysis maintask-surface-lh-sm0 -svres -run-wise
$Id: selxavg3-sess,v 1.68 2016/05/10 03:24:18 greve Exp $
uid=3996(emcmaho7@jhu.edu) gid=1405(lisik3) groups=1405(lisik3),1502(mbonner5)
/scratch/groups/lisik3/mcmahoneg/mri_data_anlys/studies/cont_actions/analysis
Linux compute0200 3.10.0-862.9.1.el7.x86_64 #1 SMP Mon Jul 16 16:29:36 UTC 2018 x86_64 x86_64 x86_64 GNU/Linux
Thu Feb 27 10:33:41 EST 2020
preproc-sess -s s001 -d /scratch/groups/lisik3/mcmahoneg/mri_data_anlys/studies/cont_actions/unpackdata -a maintask-surface-lh-sm0 -nolog
--------------------------------------------------------------
preproc-sess logfile is /dev/null
--------------------------------------------------------------
$Id: preproc-sess,v 1.64.2.1 2016/08/02 21:19:09 greve Exp $
emcmaho7@jhu.edu
setenv FREESURFER_HOME /software/apps/freesurfer/6.0.0
setenv SUBJECTS_DIR /scratch/groups/lisik3/mcmahoneg/mri_data_anlys/subjects
Linux compute0200 3.10.0-862.9.1.el7.x86_64 #1 SMP Mon Jul 16 16:29:36 UTC 2018 x86_64 x86_64 x86_64 GNU/Linux
/scratch/groups/lisik3/mcmahoneg/mri_data_anlys/studies/cont_actions/analysis
/software/apps/freesurfer/6.0.0/fsfast/bin/preproc-sess
-s s001 -d /scratch/groups/lisik3/mcmahoneg/mri_data_anlys/studies/cont_actions/unpackdata -a maintask-surface-lh-sm0 -nolog
Thu Feb 27 10:33:41 EST 2020
instem   f 
mc   1     f fmc 
stc  0     fmc
sm   0   
mask 1   brain
s001 Template -----------------------------
mktemplate-sess -s s001 -d /scratch/groups/lisik3/mcmahoneg/mri_data_anlys/studies/cont_actions/unpackdata -fsd bold -rlf maintask.rlf -nolog -update
 
Session: /scratch/groups/lisik3/mcmahoneg/mri_data_anlys/studies/cont_actions/unpackdata/s001 ----------------
Thu Feb 27 10:33:41 EST 2020
Detected input format at nii
s001 Update not needed
  Run: 003 ----------------
  Thu Feb 27 10:33:41 EST 2020
  s001 003 Update not needed
  Run: 004 ----------------
  Thu Feb 27 10:33:41 EST 2020
  s001 004 Update not needed
  Run: 007 ----------------
  Thu Feb 27 10:33:41 EST 2020
  s001 007 Update not needed
  Run: 008 ----------------
  Thu Feb 27 10:33:41 EST 2020
  s001 008 Update not needed
  Run: 011 ----------------
  Thu Feb 27 10:33:41 EST 2020
  s001 011 Update not needed
  Run: 012 ----------------
  Thu Feb 27 10:33:41 EST 2020
  s001 012 Update not needed
  Run: 015 ----------------
  Thu Feb 27 10:33:41 EST 2020
  s001 015 Update not needed
  Run: 016 ----------------
  Thu Feb 27 10:33:42 EST 2020
  s001 016 Update not needed
  Run: 019 ----------------
  Thu Feb 27 10:33:42 EST 2020
  s001 019 Update not needed
  Run: 020 ----------------
  Thu Feb 27 10:33:42 EST 2020
  s001 020 Update not needed
Thu Feb 27 10:33:42 EST 2020
mktemplate-sess completed 
s001 Registration -----------------------------
register-sess -s s001 -d /scratch/groups/lisik3/mcmahoneg/mri_data_anlys/studies/cont_actions/unpackdata -fsd bold -delete-dat -dof 6 -bold -rlf maintask.rlf -per-session -nolog -update -init-coreg
--------------------------------------------------------------
register-sess logfile is /dev/null
--------------------------------------------------------------
Thu Feb 27 10:33:42 EST 2020

setenv SUBJECTS_DIR /scratch/groups/lisik3/mcmahoneg/mri_data_anlys/subjects
cd /scratch/groups/lisik3/mcmahoneg/mri_data_anlys/studies/cont_actions/analysis
/software/apps/freesurfer/6.0.0/fsfast/bin/register-sess -s s001 -d /scratch/groups/lisik3/mcmahoneg/mri_data_anlys/studies/cont_actions/unpackdata -fsd bold -delete-dat -dof 6 -bold -rlf maintask.rlf -per-session -nolog -update -init-coreg

freesurfer-Linux-centos6_x86_64-stable-pub-v6.0.0-2beb96c
Linux compute0200 3.10.0-862.9.1.el7.x86_64 #1 SMP Mon Jul 16 16:29:36 UTC 2018 x86_64 x86_64 x86_64 GNU/Linux
 
Session: /scratch/groups/lisik3/mcmahoneg/mri_data_anlys/studies/cont_actions/unpackdata/s001 ----------------
Thu Feb 27 10:33:42 EST 2020
/scratch/groups/lisik3/mcmahoneg/mri_data_anlys/studies/cont_actions/unpackdata/s001
Thu Feb 27 10:33:42 EST 2020
register-sess completed 
s001 Mask ------------------------
mkbrainmask-sess -maskstem brain -fsd bold -s s001 -d /scratch/groups/lisik3/mcmahoneg/mri_data_anlys/studies/cont_actions/unpackdata -per-session -rlf maintask.rlf -nolog -update
------------------------------------------------
/scratch/groups/lisik3/mcmahoneg/mri_data_anlys/studies/cont_actions/unpackdata/s001 
Thu Feb 27 10:33:42 EST 2020
s001 Update not needed for session-level mask
s001 Update not needed for run 003 meanval
s001 Update not needed for run 004 meanval
s001 Update not needed for run 007 meanval
s001 Update not needed for run 008 meanval
s001 Update not needed for run 011 meanval
s001 Update not needed for run 012 meanval
s001 Update not needed for run 015 meanval
s001 Update not needed for run 016 meanval
s001 Update not needed for run 019 meanval
s001 Update not needed for run 020 meanval
Thu Feb 27 10:33:42 EST 2020
mkbrainmask-sess done
s001 MC -----------------------------
mc-sess -fstem f -fmcstem fmc -s s001 -d /scratch/groups/lisik3/mcmahoneg/mri_data_anlys/studies/cont_actions/unpackdata -fsd bold -rlf maintask.rlf -per-session -nolog -update
Logfile is /dev/null
-------------------------------------------
/scratch/groups/lisik3/mcmahoneg/mri_data_anlys/studies/cont_actions/unpackdata/s001 
RunList: 003 004 007 008 011 012 015 016 019 020
s001 003 Update not needed
s001 004 Update not needed
s001 007 Update not needed
s001 008 Update not needed
s001 011 Update not needed
s001 012 Update not needed
s001 015 Update not needed
s001 016 Update not needed
s001 019 Update not needed
s001 020 Update not needed


Thu Feb 27 10:33:43 EST 2020
mc-sess completed SUCCESSFULLY
s001 To Surface -----------------------------
rawfunc2surf-sess -fwhm 0 -s s001 -d /scratch/groups/lisik3/mcmahoneg/mri_data_anlys/studies/cont_actions/unpackdata -fsd bold -hemi lh -self -rlf maintask.rlf -nolog -update -per-session
instem fmc
outstem fmc.sm0.self.hemi
------------------------------ 
1/1 s001
mri_vol2surf --mov /scratch/groups/lisik3/mcmahoneg/mri_data_anlys/studies/cont_actions/unpackdata/s001/bold/masks/brain.nii.gz --reg /scratch/groups/lisik3/mcmahoneg/mri_data_anlys/studies/cont_actions/unpackdata/s001/bold/register.dof6.lta --trgsubject s001 --interp nearest --projfrac 0.5 --hemi lh --o /scratch/groups/lisik3/mcmahoneg/mri_data_anlys/studies/cont_actions/unpackdata/s001/bold/masks/brain.self.lh.nii.gz --noreshape --cortex
srcvol = /scratch/groups/lisik3/mcmahoneg/mri_data_anlys/studies/cont_actions/unpackdata/s001/bold/masks/brain.nii.gz
srcreg = /scratch/groups/lisik3/mcmahoneg/mri_data_anlys/studies/cont_actions/unpackdata/s001/bold/register.dof6.lta
srcregold = 0
srcwarp unspecified
surf = white
hemi = lh
trgsubject = s001
surfreg = sphere.reg
ProjFrac = 0.5
thickness = thickness
reshape = 0
interp = nearest
float2int = round
GetProjMax = 0
INFO: float2int code = 0
INFO: changing type to float
Done loading volume
Input reg is LTA
-------- original matrix -----------
 0.99868  -0.05143  -0.00071   2.03914;
 0.00562   0.09542   0.99542  -19.60748;
-0.05112  -0.99411   0.09558  -2.90007;
 0.00000   0.00000   0.00000   1.00000;
-------- original matrix -----------
Loading label /scratch/groups/lisik3/mcmahoneg/mri_data_anlys/subjects/s001/label/lh.cortex.label
Reading surface /scratch/groups/lisik3/mcmahoneg/mri_data_anlys/subjects/s001/surf/lh.white
Done reading source surface
Reading thickness /scratch/groups/lisik3/mcmahoneg/mri_data_anlys/subjects/s001/surf/lh.thickness
Done
Mapping Source Volume onto Source Subject Surface
 1 0.5 0.5 0.5
using old
Done mapping volume to surface
Number of source voxels hit = 15045
Masking with /scratch/groups/lisik3/mcmahoneg/mri_data_anlys/subjects/s001/label/lh.cortex.label
Writing to /scratch/groups/lisik3/mcmahoneg/mri_data_anlys/studies/cont_actions/unpackdata/s001/bold/masks/brain.self.lh.nii.gz
Dim: 145968 1 1
mri_binarize --i /scratch/groups/lisik3/mcmahoneg/mri_data_anlys/studies/cont_actions/unpackdata/s001/bold/masks/brain.self.lh.nii.gz --min .00001 --o /scratch/groups/lisik3/mcmahoneg/mri_data_anlys/studies/cont_actions/unpackdata/s001/bold/masks/brain.self.lh.nii.gz

$Id: mri_binarize.c,v 1.43 2016/06/09 20:46:21 greve Exp $
cwd /scratch/groups/lisik3/mcmahoneg/mri_data_anlys/studies/cont_actions/analysis
cmdline mri_binarize.bin --i /scratch/groups/lisik3/mcmahoneg/mri_data_anlys/studies/cont_actions/unpackdata/s001/bold/masks/brain.self.lh.nii.gz --min .00001 --o /scratch/groups/lisik3/mcmahoneg/mri_data_anlys/studies/cont_actions/unpackdata/s001/bold/masks/brain.self.lh.nii.gz 
sysname  Linux
hostname compute0200
machine  x86_64
user     emcmaho7@jhu.edu

input      /scratch/groups/lisik3/mcmahoneg/mri_data_anlys/studies/cont_actions/unpackdata/s001/bold/masks/brain.self.lh.nii.gz
frame      0
nErode3d   0
nErode2d   0
output     /scratch/groups/lisik3/mcmahoneg/mri_data_anlys/studies/cont_actions/unpackdata/s001/bold/masks/brain.self.lh.nii.gz
Binarizing based on threshold
min        1e-05
max        +infinity
binval        1
binvalnot     0
fstart = 0, fend = 0, nframes = 1
Found 137311 values in range
Counting number of voxels in first frame
Found 137311 voxels in final mask
Count: 137311 137311.000000 145968 94.069248
mri_binarize done
  1/1 s001 003 lh ---------
    Thu Feb 27 10:33:45 EST 2020
mri_vol2surf --mov /scratch/groups/lisik3/mcmahoneg/mri_data_anlys/studies/cont_actions/unpackdata/s001/bold/003/fmc.nii.gz --reg /scratch/groups/lisik3/mcmahoneg/mri_data_anlys/studies/cont_actions/unpackdata/s001/bold/register.dof6.lta --trgsubject s001 --interp trilin --projfrac 0.5 --hemi lh --o /scratch/groups/lisik3/mcmahoneg/mri_data_anlys/studies/cont_actions/unpackdata/s001/bold/003/fmc.sm0.self.lh.nii.gz --noreshape --cortex
srcvol = /scratch/groups/lisik3/mcmahoneg/mri_data_anlys/studies/cont_actions/unpackdata/s001/bold/003/fmc.nii.gz
srcreg = /scratch/groups/lisik3/mcmahoneg/mri_data_anlys/studies/cont_actions/unpackdata/s001/bold/register.dof6.lta
srcregold = 0
srcwarp unspecified
surf = white
hemi = lh
trgsubject = s001
surfreg = sphere.reg
ProjFrac = 0.5
thickness = thickness
reshape = 0
interp = trilin
float2int = round
GetProjMax = 0
INFO: float2int code = 0
Done loading volume
Input reg is LTA
-------- original matrix -----------
 0.99868  -0.05143  -0.00071   2.03914;
 0.00562   0.09542   0.99542  -19.60748;
-0.05112  -0.99411   0.09558  -2.90007;
 0.00000   0.00000   0.00000   1.00000;
-------- original matrix -----------
Loading label /scratch/groups/lisik3/mcmahoneg/mri_data_anlys/subjects/s001/label/lh.cortex.label
Reading surface /scratch/groups/lisik3/mcmahoneg/mri_data_anlys/subjects/s001/surf/lh.white
Done reading source surface
Reading thickness /scratch/groups/lisik3/mcmahoneg/mri_data_anlys/subjects/s001/surf/lh.thickness
Done
Mapping Source Volume onto Source Subject Surface
 1 0.5 0.5 0.5
using old
Done mapping volume to surface
Number of source voxels hit = 15045
Masking with /scratch/groups/lisik3/mcmahoneg/mri_data_anlys/subjects/s001/label/lh.cortex.label
Writing to /scratch/groups/lisik3/mcmahoneg/mri_data_anlys/studies/cont_actions/unpackdata/s001/bold/003/fmc.sm0.self.lh.nii.gz
Dim: 145968 1 1
  1/1 s001 004 lh ---------
    Thu Feb 27 10:33:54 EST 2020
mri_vol2surf --mov /scratch/groups/lisik3/mcmahoneg/mri_data_anlys/studies/cont_actions/unpackdata/s001/bold/004/fmc.nii.gz --reg /scratch/groups/lisik3/mcmahoneg/mri_data_anlys/studies/cont_actions/unpackdata/s001/bold/register.dof6.lta --trgsubject s001 --interp trilin --projfrac 0.5 --hemi lh --o /scratch/groups/lisik3/mcmahoneg/mri_data_anlys/studies/cont_actions/unpackdata/s001/bold/004/fmc.sm0.self.lh.nii.gz --noreshape --cortex
srcvol = /scratch/groups/lisik3/mcmahoneg/mri_data_anlys/studies/cont_actions/unpackdata/s001/bold/004/fmc.nii.gz
srcreg = /scratch/groups/lisik3/mcmahoneg/mri_data_anlys/studies/cont_actions/unpackdata/s001/bold/register.dof6.lta
srcregold = 0
srcwarp unspecified
surf = white
hemi = lh
trgsubject = s001
surfreg = sphere.reg
ProjFrac = 0.5
thickness = thickness
reshape = 0
interp = trilin
float2int = round
GetProjMax = 0
INFO: float2int code = 0
Done loading volume
Input reg is LTA
-------- original matrix -----------
 0.99868  -0.05143  -0.00071   2.03914;
 0.00562   0.09542   0.99542  -19.60748;
-0.05112  -0.99411   0.09558  -2.90007;
 0.00000   0.00000   0.00000   1.00000;
-------- original matrix -----------
Loading label /scratch/groups/lisik3/mcmahoneg/mri_data_anlys/subjects/s001/label/lh.cortex.label
Reading surface /scratch/groups/lisik3/mcmahoneg/mri_data_anlys/subjects/s001/surf/lh.white
Done reading source surface
Reading thickness /scratch/groups/lisik3/mcmahoneg/mri_data_anlys/subjects/s001/surf/lh.thickness
Done
Mapping Source Volume onto Source Subject Surface
 1 0.5 0.5 0.5
using old
Done mapping volume to surface
Number of source voxels hit = 15045
Masking with /scratch/groups/lisik3/mcmahoneg/mri_data_anlys/subjects/s001/label/lh.cortex.label
Writing to /scratch/groups/lisik3/mcmahoneg/mri_data_anlys/studies/cont_actions/unpackdata/s001/bold/004/fmc.sm0.self.lh.nii.gz
Dim: 145968 1 1
  1/1 s001 007 lh ---------
    Thu Feb 27 10:34:02 EST 2020
mri_vol2surf --mov /scratch/groups/lisik3/mcmahoneg/mri_data_anlys/studies/cont_actions/unpackdata/s001/bold/007/fmc.nii.gz --reg /scratch/groups/lisik3/mcmahoneg/mri_data_anlys/studies/cont_actions/unpackdata/s001/bold/register.dof6.lta --trgsubject s001 --interp trilin --projfrac 0.5 --hemi lh --o /scratch/groups/lisik3/mcmahoneg/mri_data_anlys/studies/cont_actions/unpackdata/s001/bold/007/fmc.sm0.self.lh.nii.gz --noreshape --cortex
srcvol = /scratch/groups/lisik3/mcmahoneg/mri_data_anlys/studies/cont_actions/unpackdata/s001/bold/007/fmc.nii.gz
srcreg = /scratch/groups/lisik3/mcmahoneg/mri_data_anlys/studies/cont_actions/unpackdata/s001/bold/register.dof6.lta
srcregold = 0
srcwarp unspecified
surf = white
hemi = lh
trgsubject = s001
surfreg = sphere.reg
ProjFrac = 0.5
thickness = thickness
reshape = 0
interp = trilin
float2int = round
GetProjMax = 0
INFO: float2int code = 0
Done loading volume
Input reg is LTA
-------- original matrix -----------
 0.99868  -0.05143  -0.00071   2.03914;
 0.00562   0.09542   0.99542  -19.60748;
-0.05112  -0.99411   0.09558  -2.90007;
 0.00000   0.00000   0.00000   1.00000;
-------- original matrix -----------
Loading label /scratch/groups/lisik3/mcmahoneg/mri_data_anlys/subjects/s001/label/lh.cortex.label
Reading surface /scratch/groups/lisik3/mcmahoneg/mri_data_anlys/subjects/s001/surf/lh.white
Done reading source surface
Reading thickness /scratch/groups/lisik3/mcmahoneg/mri_data_anlys/subjects/s001/surf/lh.thickness
Done
Mapping Source Volume onto Source Subject Surface
 1 0.5 0.5 0.5
using old
Done mapping volume to surface
Number of source voxels hit = 15045
Masking with /scratch/groups/lisik3/mcmahoneg/mri_data_anlys/subjects/s001/label/lh.cortex.label
Writing to /scratch/groups/lisik3/mcmahoneg/mri_data_anlys/studies/cont_actions/unpackdata/s001/bold/007/fmc.sm0.self.lh.nii.gz
Dim: 145968 1 1
  1/1 s001 008 lh ---------
    Thu Feb 27 10:34:11 EST 2020
mri_vol2surf --mov /scratch/groups/lisik3/mcmahoneg/mri_data_anlys/studies/cont_actions/unpackdata/s001/bold/008/fmc.nii.gz --reg /scratch/groups/lisik3/mcmahoneg/mri_data_anlys/studies/cont_actions/unpackdata/s001/bold/register.dof6.lta --trgsubject s001 --interp trilin --projfrac 0.5 --hemi lh --o /scratch/groups/lisik3/mcmahoneg/mri_data_anlys/studies/cont_actions/unpackdata/s001/bold/008/fmc.sm0.self.lh.nii.gz --noreshape --cortex
srcvol = /scratch/groups/lisik3/mcmahoneg/mri_data_anlys/studies/cont_actions/unpackdata/s001/bold/008/fmc.nii.gz
srcreg = /scratch/groups/lisik3/mcmahoneg/mri_data_anlys/studies/cont_actions/unpackdata/s001/bold/register.dof6.lta
srcregold = 0
srcwarp unspecified
surf = white
hemi = lh
trgsubject = s001
surfreg = sphere.reg
ProjFrac = 0.5
thickness = thickness
reshape = 0
interp = trilin
float2int = round
GetProjMax = 0
INFO: float2int code = 0
Done loading volume
Input reg is LTA
-------- original matrix -----------
 0.99868  -0.05143  -0.00071   2.03914;
 0.00562   0.09542   0.99542  -19.60748;
-0.05112  -0.99411   0.09558  -2.90007;
 0.00000   0.00000   0.00000   1.00000;
-------- original matrix -----------
Loading label /scratch/groups/lisik3/mcmahoneg/mri_data_anlys/subjects/s001/label/lh.cortex.label
Reading surface /scratch/groups/lisik3/mcmahoneg/mri_data_anlys/subjects/s001/surf/lh.white
Done reading source surface
Reading thickness /scratch/groups/lisik3/mcmahoneg/mri_data_anlys/subjects/s001/surf/lh.thickness
Done
Mapping Source Volume onto Source Subject Surface
 1 0.5 0.5 0.5
using old
Done mapping volume to surface
Number of source voxels hit = 15045
Masking with /scratch/groups/lisik3/mcmahoneg/mri_data_anlys/subjects/s001/label/lh.cortex.label
Writing to /scratch/groups/lisik3/mcmahoneg/mri_data_anlys/studies/cont_actions/unpackdata/s001/bold/008/fmc.sm0.self.lh.nii.gz
Dim: 145968 1 1
  1/1 s001 011 lh ---------
    Thu Feb 27 10:34:20 EST 2020
mri_vol2surf --mov /scratch/groups/lisik3/mcmahoneg/mri_data_anlys/studies/cont_actions/unpackdata/s001/bold/011/fmc.nii.gz --reg /scratch/groups/lisik3/mcmahoneg/mri_data_anlys/studies/cont_actions/unpackdata/s001/bold/register.dof6.lta --trgsubject s001 --interp trilin --projfrac 0.5 --hemi lh --o /scratch/groups/lisik3/mcmahoneg/mri_data_anlys/studies/cont_actions/unpackdata/s001/bold/011/fmc.sm0.self.lh.nii.gz --noreshape --cortex
srcvol = /scratch/groups/lisik3/mcmahoneg/mri_data_anlys/studies/cont_actions/unpackdata/s001/bold/011/fmc.nii.gz
srcreg = /scratch/groups/lisik3/mcmahoneg/mri_data_anlys/studies/cont_actions/unpackdata/s001/bold/register.dof6.lta
srcregold = 0
srcwarp unspecified
surf = white
hemi = lh
trgsubject = s001
surfreg = sphere.reg
ProjFrac = 0.5
thickness = thickness
reshape = 0
interp = trilin
float2int = round
GetProjMax = 0
INFO: float2int code = 0
Done loading volume
Input reg is LTA
-------- original matrix -----------
 0.99868  -0.05143  -0.00071   2.03914;
 0.00562   0.09542   0.99542  -19.60748;
-0.05112  -0.99411   0.09558  -2.90007;
 0.00000   0.00000   0.00000   1.00000;
-------- original matrix -----------
Loading label /scratch/groups/lisik3/mcmahoneg/mri_data_anlys/subjects/s001/label/lh.cortex.label
Reading surface /scratch/groups/lisik3/mcmahoneg/mri_data_anlys/subjects/s001/surf/lh.white
Done reading source surface
Reading thickness /scratch/groups/lisik3/mcmahoneg/mri_data_anlys/subjects/s001/surf/lh.thickness
Done
Mapping Source Volume onto Source Subject Surface
 1 0.5 0.5 0.5
using old
Done mapping volume to surface
Number of source voxels hit = 15045
Masking with /scratch/groups/lisik3/mcmahoneg/mri_data_anlys/subjects/s001/label/lh.cortex.label
Writing to /scratch/groups/lisik3/mcmahoneg/mri_data_anlys/studies/cont_actions/unpackdata/s001/bold/011/fmc.sm0.self.lh.nii.gz
Dim: 145968 1 1
  1/1 s001 012 lh ---------
    Thu Feb 27 10:34:29 EST 2020
mri_vol2surf --mov /scratch/groups/lisik3/mcmahoneg/mri_data_anlys/studies/cont_actions/unpackdata/s001/bold/012/fmc.nii.gz --reg /scratch/groups/lisik3/mcmahoneg/mri_data_anlys/studies/cont_actions/unpackdata/s001/bold/register.dof6.lta --trgsubject s001 --interp trilin --projfrac 0.5 --hemi lh --o /scratch/groups/lisik3/mcmahoneg/mri_data_anlys/studies/cont_actions/unpackdata/s001/bold/012/fmc.sm0.self.lh.nii.gz --noreshape --cortex
srcvol = /scratch/groups/lisik3/mcmahoneg/mri_data_anlys/studies/cont_actions/unpackdata/s001/bold/012/fmc.nii.gz
srcreg = /scratch/groups/lisik3/mcmahoneg/mri_data_anlys/studies/cont_actions/unpackdata/s001/bold/register.dof6.lta
srcregold = 0
srcwarp unspecified
surf = white
hemi = lh
trgsubject = s001
surfreg = sphere.reg
ProjFrac = 0.5
thickness = thickness
reshape = 0
interp = trilin
float2int = round
GetProjMax = 0
INFO: float2int code = 0
Done loading volume
Input reg is LTA
-------- original matrix -----------
 0.99868  -0.05143  -0.00071   2.03914;
 0.00562   0.09542   0.99542  -19.60748;
-0.05112  -0.99411   0.09558  -2.90007;
 0.00000   0.00000   0.00000   1.00000;
-------- original matrix -----------
Loading label /scratch/groups/lisik3/mcmahoneg/mri_data_anlys/subjects/s001/label/lh.cortex.label
Reading surface /scratch/groups/lisik3/mcmahoneg/mri_data_anlys/subjects/s001/surf/lh.white
Done reading source surface
Reading thickness /scratch/groups/lisik3/mcmahoneg/mri_data_anlys/subjects/s001/surf/lh.thickness
Done
Mapping Source Volume onto Source Subject Surface
 1 0.5 0.5 0.5
using old
Done mapping volume to surface
Number of source voxels hit = 15045
Masking with /scratch/groups/lisik3/mcmahoneg/mri_data_anlys/subjects/s001/label/lh.cortex.label
Writing to /scratch/groups/lisik3/mcmahoneg/mri_data_anlys/studies/cont_actions/unpackdata/s001/bold/012/fmc.sm0.self.lh.nii.gz
Dim: 145968 1 1
  1/1 s001 015 lh ---------
    Thu Feb 27 10:34:38 EST 2020
mri_vol2surf --mov /scratch/groups/lisik3/mcmahoneg/mri_data_anlys/studies/cont_actions/unpackdata/s001/bold/015/fmc.nii.gz --reg /scratch/groups/lisik3/mcmahoneg/mri_data_anlys/studies/cont_actions/unpackdata/s001/bold/register.dof6.lta --trgsubject s001 --interp trilin --projfrac 0.5 --hemi lh --o /scratch/groups/lisik3/mcmahoneg/mri_data_anlys/studies/cont_actions/unpackdata/s001/bold/015/fmc.sm0.self.lh.nii.gz --noreshape --cortex
srcvol = /scratch/groups/lisik3/mcmahoneg/mri_data_anlys/studies/cont_actions/unpackdata/s001/bold/015/fmc.nii.gz
srcreg = /scratch/groups/lisik3/mcmahoneg/mri_data_anlys/studies/cont_actions/unpackdata/s001/bold/register.dof6.lta
srcregold = 0
srcwarp unspecified
surf = white
hemi = lh
trgsubject = s001
surfreg = sphere.reg
ProjFrac = 0.5
thickness = thickness
reshape = 0
interp = trilin
float2int = round
GetProjMax = 0
INFO: float2int code = 0
Done loading volume
Input reg is LTA
-------- original matrix -----------
 0.99868  -0.05143  -0.00071   2.03914;
 0.00562   0.09542   0.99542  -19.60748;
-0.05112  -0.99411   0.09558  -2.90007;
 0.00000   0.00000   0.00000   1.00000;
-------- original matrix -----------
Loading label /scratch/groups/lisik3/mcmahoneg/mri_data_anlys/subjects/s001/label/lh.cortex.label
Reading surface /scratch/groups/lisik3/mcmahoneg/mri_data_anlys/subjects/s001/surf/lh.white
Done reading source surface
Reading thickness /scratch/groups/lisik3/mcmahoneg/mri_data_anlys/subjects/s001/surf/lh.thickness
Done
Mapping Source Volume onto Source Subject Surface
 1 0.5 0.5 0.5
using old
Done mapping volume to surface
Number of source voxels hit = 15045
Masking with /scratch/groups/lisik3/mcmahoneg/mri_data_anlys/subjects/s001/label/lh.cortex.label
Writing to /scratch/groups/lisik3/mcmahoneg/mri_data_anlys/studies/cont_actions/unpackdata/s001/bold/015/fmc.sm0.self.lh.nii.gz
Dim: 145968 1 1
  1/1 s001 016 lh ---------
    Thu Feb 27 10:34:47 EST 2020
mri_vol2surf --mov /scratch/groups/lisik3/mcmahoneg/mri_data_anlys/studies/cont_actions/unpackdata/s001/bold/016/fmc.nii.gz --reg /scratch/groups/lisik3/mcmahoneg/mri_data_anlys/studies/cont_actions/unpackdata/s001/bold/register.dof6.lta --trgsubject s001 --interp trilin --projfrac 0.5 --hemi lh --o /scratch/groups/lisik3/mcmahoneg/mri_data_anlys/studies/cont_actions/unpackdata/s001/bold/016/fmc.sm0.self.lh.nii.gz --noreshape --cortex
srcvol = /scratch/groups/lisik3/mcmahoneg/mri_data_anlys/studies/cont_actions/unpackdata/s001/bold/016/fmc.nii.gz
srcreg = /scratch/groups/lisik3/mcmahoneg/mri_data_anlys/studies/cont_actions/unpackdata/s001/bold/register.dof6.lta
srcregold = 0
srcwarp unspecified
surf = white
hemi = lh
trgsubject = s001
surfreg = sphere.reg
ProjFrac = 0.5
thickness = thickness
reshape = 0
interp = trilin
float2int = round
GetProjMax = 0
INFO: float2int code = 0
Done loading volume
Input reg is LTA
-------- original matrix -----------
 0.99868  -0.05143  -0.00071   2.03914;
 0.00562   0.09542   0.99542  -19.60748;
-0.05112  -0.99411   0.09558  -2.90007;
 0.00000   0.00000   0.00000   1.00000;
-------- original matrix -----------
Loading label /scratch/groups/lisik3/mcmahoneg/mri_data_anlys/subjects/s001/label/lh.cortex.label
Reading surface /scratch/groups/lisik3/mcmahoneg/mri_data_anlys/subjects/s001/surf/lh.white
Done reading source surface
Reading thickness /scratch/groups/lisik3/mcmahoneg/mri_data_anlys/subjects/s001/surf/lh.thickness
Done
Mapping Source Volume onto Source Subject Surface
 1 0.5 0.5 0.5
using old
Done mapping volume to surface
Number of source voxels hit = 15045
Masking with /scratch/groups/lisik3/mcmahoneg/mri_data_anlys/subjects/s001/label/lh.cortex.label
Writing to /scratch/groups/lisik3/mcmahoneg/mri_data_anlys/studies/cont_actions/unpackdata/s001/bold/016/fmc.sm0.self.lh.nii.gz
Dim: 145968 1 1
  1/1 s001 019 lh ---------
    Thu Feb 27 10:34:56 EST 2020
mri_vol2surf --mov /scratch/groups/lisik3/mcmahoneg/mri_data_anlys/studies/cont_actions/unpackdata/s001/bold/019/fmc.nii.gz --reg /scratch/groups/lisik3/mcmahoneg/mri_data_anlys/studies/cont_actions/unpackdata/s001/bold/register.dof6.lta --trgsubject s001 --interp trilin --projfrac 0.5 --hemi lh --o /scratch/groups/lisik3/mcmahoneg/mri_data_anlys/studies/cont_actions/unpackdata/s001/bold/019/fmc.sm0.self.lh.nii.gz --noreshape --cortex
srcvol = /scratch/groups/lisik3/mcmahoneg/mri_data_anlys/studies/cont_actions/unpackdata/s001/bold/019/fmc.nii.gz
srcreg = /scratch/groups/lisik3/mcmahoneg/mri_data_anlys/studies/cont_actions/unpackdata/s001/bold/register.dof6.lta
srcregold = 0
srcwarp unspecified
surf = white
hemi = lh
trgsubject = s001
surfreg = sphere.reg
ProjFrac = 0.5
thickness = thickness
reshape = 0
interp = trilin
float2int = round
GetProjMax = 0
INFO: float2int code = 0
Done loading volume
Input reg is LTA
-------- original matrix -----------
 0.99868  -0.05143  -0.00071   2.03914;
 0.00562   0.09542   0.99542  -19.60748;
-0.05112  -0.99411   0.09558  -2.90007;
 0.00000   0.00000   0.00000   1.00000;
-------- original matrix -----------
Loading label /scratch/groups/lisik3/mcmahoneg/mri_data_anlys/subjects/s001/label/lh.cortex.label
Reading surface /scratch/groups/lisik3/mcmahoneg/mri_data_anlys/subjects/s001/surf/lh.white
Done reading source surface
Reading thickness /scratch/groups/lisik3/mcmahoneg/mri_data_anlys/subjects/s001/surf/lh.thickness
Done
Mapping Source Volume onto Source Subject Surface
 1 0.5 0.5 0.5
using old
Done mapping volume to surface
Number of source voxels hit = 15045
Masking with /scratch/groups/lisik3/mcmahoneg/mri_data_anlys/subjects/s001/label/lh.cortex.label
Writing to /scratch/groups/lisik3/mcmahoneg/mri_data_anlys/studies/cont_actions/unpackdata/s001/bold/019/fmc.sm0.self.lh.nii.gz
Dim: 145968 1 1
  1/1 s001 020 lh ---------
    Thu Feb 27 10:35:05 EST 2020
mri_vol2surf --mov /scratch/groups/lisik3/mcmahoneg/mri_data_anlys/studies/cont_actions/unpackdata/s001/bold/020/fmc.nii.gz --reg /scratch/groups/lisik3/mcmahoneg/mri_data_anlys/studies/cont_actions/unpackdata/s001/bold/register.dof6.lta --trgsubject s001 --interp trilin --projfrac 0.5 --hemi lh --o /scratch/groups/lisik3/mcmahoneg/mri_data_anlys/studies/cont_actions/unpackdata/s001/bold/020/fmc.sm0.self.lh.nii.gz --noreshape --cortex
srcvol = /scratch/groups/lisik3/mcmahoneg/mri_data_anlys/studies/cont_actions/unpackdata/s001/bold/020/fmc.nii.gz
srcreg = /scratch/groups/lisik3/mcmahoneg/mri_data_anlys/studies/cont_actions/unpackdata/s001/bold/register.dof6.lta
srcregold = 0
srcwarp unspecified
surf = white
hemi = lh
trgsubject = s001
surfreg = sphere.reg
ProjFrac = 0.5
thickness = thickness
reshape = 0
interp = trilin
float2int = round
GetProjMax = 0
INFO: float2int code = 0
Done loading volume
Input reg is LTA
-------- original matrix -----------
 0.99868  -0.05143  -0.00071   2.03914;
 0.00562   0.09542   0.99542  -19.60748;
-0.05112  -0.99411   0.09558  -2.90007;
 0.00000   0.00000   0.00000   1.00000;
-------- original matrix -----------
Loading label /scratch/groups/lisik3/mcmahoneg/mri_data_anlys/subjects/s001/label/lh.cortex.label
Reading surface /scratch/groups/lisik3/mcmahoneg/mri_data_anlys/subjects/s001/surf/lh.white
Done reading source surface
Reading thickness /scratch/groups/lisik3/mcmahoneg/mri_data_anlys/subjects/s001/surf/lh.thickness
Done
Mapping Source Volume onto Source Subject Surface
 1 0.5 0.5 0.5
using old
Done mapping volume to surface
Number of source voxels hit = 15045
Masking with /scratch/groups/lisik3/mcmahoneg/mri_data_anlys/subjects/s001/label/lh.cortex.label
Writing to /scratch/groups/lisik3/mcmahoneg/mri_data_anlys/studies/cont_actions/unpackdata/s001/bold/020/fmc.sm0.self.lh.nii.gz
Dim: 145968 1 1

Thu Feb 27 10:35:14 EST 2020
rawfunc2surf-sess completed 
----------------------------------------
Started at Thu Feb 27 10:33:41 EST 2020
Ended   at Thu Feb 27 10:35:14 EST 2020
preproc-sess done
-------------------------------------------
1/1 /scratch/groups/lisik3/mcmahoneg/mri_data_anlys/studies/cont_actions/unpackdata/s001 
Thu Feb 27 10:35:14 EST 2020
anadir = /scratch/groups/lisik3/mcmahoneg/mri_data_anlys/studies/cont_actions/unpackdata/s001/bold/maintask-surface-lh-sm0
    s001 Update needed
MLF is /tmp/selxavg3-sess-25145.m
------------------------------------------
% Thu Feb 27 10:35:14 EST 2020  
% /scratch/groups/lisik3/mcmahoneg/mri_data_anlys/studies/cont_actions/analysis  
%  maintask-surface-lh-sm0  
which fast_selxavg3
which fast_ldanaflac
which MRIread
  
  
fast_selxavg3b('/scratch/groups/lisik3/mcmahoneg/mri_data_anlys/studies/cont_actions/unpackdata/s001/bold/maintask-surface-lh-sm0/sxa3.config.txt')
if(~fast_fileexists('/tmp/selxavg3-sess-25145.ok')); quit; end
%--------------------------------
  
  
quit;
------------------------------------------
------------------------------------------
------- matlab output --------------------
MATLAB is selecting SOFTWARE OPENGL rendering.

                            < M A T L A B (R) >
                  Copyright 1984-2019 The MathWorks, Inc.
                  R2019a (9.6.0.1072779) 64-bit (glnxa64)
                               March 8, 2019

 
To get started, type doc.
For product information, visit www.mathworks.com.
 
>> >> >> >> /software/apps/freesurfer/6.0.0/fsfast/toolbox/fast_selxavg3.m
>> /software/apps/freesurfer/6.0.0/fsfast/toolbox/fast_ldanaflac.m
>> /software/apps/freesurfer/6.0.0/matlab/MRIread.m
>> >> >> starting fast_selxavg3b


#@# s001 ###############################
/scratch/groups/lisik3/mcmahoneg/mri_data_anlys/studies/cont_actions/unpackdata/s001
-------------------------
$Id: fast_selxavg3b.m,v 1.4 2016/05/04 22:16:47 greve Exp $
-------------------------
outtop = /scratch/groups/lisik3/mcmahoneg/mri_data_anlys/studies/cont_actions/unpackdata
Extension format = nii.gz
INFO: key nSliceGroups unrecognized, line 12, skipping
 1 fixation.mat
Excluding 2 points
nruns = 10
autostimdur = 


outanadir = /scratch/groups/lisik3/mcmahoneg/mri_data_anlys/studies/cont_actions/unpackdata/s001/bold/maintask-surface-lh-sm0/pr003
Excluding 2 points
parfiles condition id list:  1  2  3  4 
Found 137311/145968 (94.1) voxels in mask 1
Creating Design Matrix
 ... creation time =  0.003 sec
DoMCFit = 1
ntptot = 118, nX = 11, DOF = 107
Saving X matrix to /scratch/groups/lisik3/mcmahoneg/mri_data_anlys/studies/cont_actions/unpackdata/s001/bold/maintask-surface-lh-sm0/pr003/Xtmp.mat
XCond = 270.142 (normalized)
Computing compensation for resdual AR1 bias
 1  -0.5  -0.504962    (t=0.0122)
 2  -0.25  -0.276882    (t=0.013782)
 3  0  -0.0579441    (t=0.015539)
 4  0.25  0.147084    (t=0.016531)
 5  0.5  0.326834    (t=0.02164)
AR1 Correction M: 0.0874504 1.1951
Computing contrast matrices
OLS Beta Pass 
  run 1    t= 0.0
reading data ... 1.07081
    Global Mean 83122.90
Global In-Mask Mean = 83122.9 (73284.7)
Rescale Target = 100
RescaleFactor = 0.00120304
OLS Residual Pass 
  run 1    t= 0.0
reading data ... 1.11235
Saving rho1
Smoothing ACF
/software/apps/freesurfer/6.0.0/bin/mris_fwhm --mask /scratch/groups/lisik3/mcmahoneg/mri_data_anlys/studies/cont_actions/unpackdata/s001/bold/maintask-surface-lh-sm0/pr003/mask.nii.gz --i /scratch/groups/lisik3/mcmahoneg/mri_data_anlys/studies/cont_actions/unpackdata/s001/bold/maintask-surface-lh-sm0/pr003/rho1mn.nii.gz --o /scratch/groups/lisik3/mcmahoneg/mri_data_anlys/studies/cont_actions/unpackdata/s001/bold/maintask-surface-lh-sm0/pr003/rho1mn.sm.nii.gz --fwhm 20.000000 --smooth-only --s s001 --hemi lh --sd /scratch/groups/lisik3/mcmahoneg/mri_data_anlys/subjects
s001 lh white
Number of vertices 145968
Number of faces    291932
Total area         98954.226562
GroupSurface 0
AvgVtxArea       0.677917
AvgVtxDist       0.899965
StdVtxDist       0.252160
Loading mask /scratch/groups/lisik3/mcmahoneg/mri_data_anlys/studies/cont_actions/unpackdata/s001/bold/maintask-surface-lh-sm0/pr003/mask.nii.gz
Found 137311 voxels in mask
Not Polynomial detrending
Smoothing input by fwhm=20.000000, gstd=8.493218, niters=218 
Only smoothing, so saving and exiting now

Found 0 voxels with corrected AR1 > 0.90
Whitening
Computing whitening matrices
Alloc Sinv: 118 118 30 ...  done t = 0.002452 sec
  seg   1   4577  nrho1 = 0.064
  seg   2   4577  nrho1 = 0.139
  seg   3   4577  nrho1 = 0.179
  seg   4   4577  nrho1 = 0.207
  seg   5   4577  nrho1 = 0.229
  seg   6   4577  nrho1 = 0.248
  seg   7   4577  nrho1 = 0.267
  seg   8   4577  nrho1 = 0.282
  seg   9   4577  nrho1 = 0.295
  seg  10   4577  nrho1 = 0.308
  seg  11   4577  nrho1 = 0.320
  seg  12   4577  nrho1 = 0.332
  seg  13   4577  nrho1 = 0.343
  seg  14   4577  nrho1 = 0.355
  seg  15   4577  nrho1 = 0.366
  seg  16   4577  nrho1 = 0.377
  seg  17   4577  nrho1 = 0.388
  seg  18   4577  nrho1 = 0.398
  seg  19   4577  nrho1 = 0.409
  seg  20   4577  nrho1 = 0.417
  seg  21   4577  nrho1 = 0.427
  seg  22   4577  nrho1 = 0.438
  seg  23   4577  nrho1 = 0.450
  seg  24   4577  nrho1 = 0.462
  seg  25   4577  nrho1 = 0.476
  seg  26   4577  nrho1 = 0.496
  seg  27   4577  nrho1 = 0.520
  seg  28   4577  nrho1 = 0.551
  seg  29   4577  nrho1 = 0.590
  seg  30   4578  nrho1 = 0.639
GLS Beta Pass 
  run 1    t= 0.0
GLS Residual Pass 
  run 1    t= 0.0
Found 8657 zero-valued voxels
Computing contrasts
Starting contrasts
fixation J=1 -------------
/scratch/groups/lisik3/mcmahoneg/mri_data_anlys/studies/cont_actions/unpackdata/s001/bold/maintask-surface-lh-sm0/pr003/fixation exists, deleting
Saving efficiency 16.0966
Testing Motion Correction Parameters
  0.27   0.33  -0.31  -0.01   0.68  -0.29   0.04   0.02   0.23   0.08  -0.38  -0.08   0.52  -0.04   0.04   0.02  -0.04  -0.02 
Saving h.dat to /scratch/groups/lisik3/mcmahoneg/mri_data_anlys/studies/cont_actions/unpackdata/s001/bold/maintask-surface-lh-sm0/pr003/h.dat


outanadir = /scratch/groups/lisik3/mcmahoneg/mri_data_anlys/studies/cont_actions/unpackdata/s001/bold/maintask-surface-lh-sm0/pr004
Excluding 2 points
parfiles condition id list:  1  2  3  4 
Found 137311/145968 (94.1) voxels in mask 1
Creating Design Matrix
 ... creation time =  0.001 sec
DoMCFit = 1
ntptot = 118, nX = 11, DOF = 107
Saving X matrix to /scratch/groups/lisik3/mcmahoneg/mri_data_anlys/studies/cont_actions/unpackdata/s001/bold/maintask-surface-lh-sm0/pr004/Xtmp.mat
XCond = 175.363 (normalized)
Computing compensation for resdual AR1 bias
 1  -0.5  -0.502759    (t=0.002127)
 2  -0.25  -0.275062    (t=0.003573)
 3  0  -0.0571075    (t=0.004197)
 4  0.25  0.147023    (t=0.004763)
 5  0.5  0.326604    (t=0.0053)
AR1 Correction M: 0.08664 1.199
Computing contrast matrices
OLS Beta Pass 
  run 2    t= 0.0
reading data ... 1.05416
    Global Mean 83689.90
Global In-Mask Mean = 83689.9 (73571.8)
Rescale Target = 100
RescaleFactor = 0.00119489
OLS Residual Pass 
  run 2    t= 0.0
reading data ... 1.05852
Saving rho1
Smoothing ACF
/software/apps/freesurfer/6.0.0/bin/mris_fwhm --mask /scratch/groups/lisik3/mcmahoneg/mri_data_anlys/studies/cont_actions/unpackdata/s001/bold/maintask-surface-lh-sm0/pr004/mask.nii.gz --i /scratch/groups/lisik3/mcmahoneg/mri_data_anlys/studies/cont_actions/unpackdata/s001/bold/maintask-surface-lh-sm0/pr004/rho1mn.nii.gz --o /scratch/groups/lisik3/mcmahoneg/mri_data_anlys/studies/cont_actions/unpackdata/s001/bold/maintask-surface-lh-sm0/pr004/rho1mn.sm.nii.gz --fwhm 20.000000 --smooth-only --s s001 --hemi lh --sd /scratch/groups/lisik3/mcmahoneg/mri_data_anlys/subjects
s001 lh white
Number of vertices 145968
Number of faces    291932
Total area         98954.226562
GroupSurface 0
AvgVtxArea       0.677917
AvgVtxDist       0.899965
StdVtxDist       0.252160
Loading mask /scratch/groups/lisik3/mcmahoneg/mri_data_anlys/studies/cont_actions/unpackdata/s001/bold/maintask-surface-lh-sm0/pr004/mask.nii.gz
Found 137311 voxels in mask
Not Polynomial detrending
Smoothing input by fwhm=20.000000, gstd=8.493218, niters=218 
Only smoothing, so saving and exiting now

Found 0 voxels with corrected AR1 > 0.90
Whitening
Computing whitening matrices
Alloc Sinv: 118 118 30 ...  done t = 0.00289 sec
  seg   1   4577  nrho1 = 0.076
  seg   2   4577  nrho1 = 0.107
  seg   3   4577  nrho1 = 0.125
  seg   4   4577  nrho1 = 0.138
  seg   5   4577  nrho1 = 0.149
  seg   6   4577  nrho1 = 0.159
  seg   7   4577  nrho1 = 0.169
  seg   8   4577  nrho1 = 0.177
  seg   9   4577  nrho1 = 0.186
  seg  10   4577  nrho1 = 0.195
  seg  11   4577  nrho1 = 0.203
  seg  12   4577  nrho1 = 0.209
  seg  13   4577  nrho1 = 0.215
  seg  14   4577  nrho1 = 0.220
  seg  15   4577  nrho1 = 0.225
  seg  16   4577  nrho1 = 0.230
  seg  17   4577  nrho1 = 0.236
  seg  18   4577  nrho1 = 0.240
  seg  19   4577  nrho1 = 0.246
  seg  20   4577  nrho1 = 0.251
  seg  21   4577  nrho1 = 0.256
  seg  22   4577  nrho1 = 0.262
  seg  23   4577  nrho1 = 0.269
  seg  24   4577  nrho1 = 0.277
  seg  25   4577  nrho1 = 0.288
  seg  26   4577  nrho1 = 0.298
  seg  27   4577  nrho1 = 0.306
  seg  28   4577  nrho1 = 0.316
  seg  29   4577  nrho1 = 0.330
  seg  30   4578  nrho1 = 0.356
GLS Beta Pass 
  run 2    t= 0.0
GLS Residual Pass 
  run 2    t= 0.0
Found 8657 zero-valued voxels
Computing contrasts
Starting contrasts
fixation J=1 -------------
/scratch/groups/lisik3/mcmahoneg/mri_data_anlys/studies/cont_actions/unpackdata/s001/bold/maintask-surface-lh-sm0/pr004/fixation exists, deleting
Saving efficiency 16.703
Testing Motion Correction Parameters
  0.42  -0.11   0.52   0.57  -0.22  -0.14  -0.01   0.10  -0.22  -0.76   0.03   0.49  -0.55  -0.51  -0.01   0.10   0.01  -0.10 
Saving h.dat to /scratch/groups/lisik3/mcmahoneg/mri_data_anlys/studies/cont_actions/unpackdata/s001/bold/maintask-surface-lh-sm0/pr004/h.dat


outanadir = /scratch/groups/lisik3/mcmahoneg/mri_data_anlys/studies/cont_actions/unpackdata/s001/bold/maintask-surface-lh-sm0/pr007
Excluding 2 points
parfiles condition id list:  1  2  3  4 
Found 137311/145968 (94.1) voxels in mask 1
Creating Design Matrix
 ... creation time =  0.001 sec
DoMCFit = 1
ntptot = 118, nX = 11, DOF = 107
Saving X matrix to /scratch/groups/lisik3/mcmahoneg/mri_data_anlys/studies/cont_actions/unpackdata/s001/bold/maintask-surface-lh-sm0/pr007/Xtmp.mat
XCond = 609.67 (normalized)
Computing compensation for resdual AR1 bias
 1  -0.5  -0.495956    (t=0.000712)
 2  -0.25  -0.27088    (t=0.001454)
 3  0  -0.0549    (t=0.002012)
 4  0.25  0.148256    (t=0.002562)
 5  0.5  0.327163    (t=0.003136)
AR1 Correction M: 0.0836794 1.20813
Computing contrast matrices
OLS Beta Pass 
  run 3    t= 0.0
reading data ... 1.0423
    Global Mean 83847.90
Global In-Mask Mean = 83847.9 (73899.2)
Rescale Target = 100
RescaleFactor = 0.00119264
OLS Residual Pass 
  run 3    t= 0.0
reading data ... 1.03962
Saving rho1
Smoothing ACF
/software/apps/freesurfer/6.0.0/bin/mris_fwhm --mask /scratch/groups/lisik3/mcmahoneg/mri_data_anlys/studies/cont_actions/unpackdata/s001/bold/maintask-surface-lh-sm0/pr007/mask.nii.gz --i /scratch/groups/lisik3/mcmahoneg/mri_data_anlys/studies/cont_actions/unpackdata/s001/bold/maintask-surface-lh-sm0/pr007/rho1mn.nii.gz --o /scratch/groups/lisik3/mcmahoneg/mri_data_anlys/studies/cont_actions/unpackdata/s001/bold/maintask-surface-lh-sm0/pr007/rho1mn.sm.nii.gz --fwhm 20.000000 --smooth-only --s s001 --hemi lh --sd /scratch/groups/lisik3/mcmahoneg/mri_data_anlys/subjects
s001 lh white
Number of vertices 145968
Number of faces    291932
Total area         98954.226562
GroupSurface 0
AvgVtxArea       0.677917
AvgVtxDist       0.899965
StdVtxDist       0.252160
Loading mask /scratch/groups/lisik3/mcmahoneg/mri_data_anlys/studies/cont_actions/unpackdata/s001/bold/maintask-surface-lh-sm0/pr007/mask.nii.gz
Found 137311 voxels in mask
Not Polynomial detrending
Smoothing input by fwhm=20.000000, gstd=8.493218, niters=218 
Only smoothing, so saving and exiting now

Found 0 voxels with corrected AR1 > 0.90
Whitening
Computing whitening matrices
Alloc Sinv: 118 118 30 ...  done t = 0.002908 sec
  seg   1   4577  nrho1 = 0.075
  seg   2   4577  nrho1 = 0.093
  seg   3   4577  nrho1 = 0.108
  seg   4   4577  nrho1 = 0.118
  seg   5   4577  nrho1 = 0.126
  seg   6   4577  nrho1 = 0.136
  seg   7   4577  nrho1 = 0.145
  seg   8   4577  nrho1 = 0.153
  seg   9   4577  nrho1 = 0.159
  seg  10   4577  nrho1 = 0.165
  seg  11   4577  nrho1 = 0.171
  seg  12   4577  nrho1 = 0.177
  seg  13   4577  nrho1 = 0.183
  seg  14   4577  nrho1 = 0.188
  seg  15   4577  nrho1 = 0.192
  seg  16   4577  nrho1 = 0.196
  seg  17   4577  nrho1 = 0.200
  seg  18   4577  nrho1 = 0.203
  seg  19   4577  nrho1 = 0.206
  seg  20   4577  nrho1 = 0.210
  seg  21   4577  nrho1 = 0.213
  seg  22   4577  nrho1 = 0.217
  seg  23   4577  nrho1 = 0.222
  seg  24   4577  nrho1 = 0.226
  seg  25   4577  nrho1 = 0.231
  seg  26   4577  nrho1 = 0.238
  seg  27   4577  nrho1 = 0.245
  seg  28   4577  nrho1 = 0.256
  seg  29   4577  nrho1 = 0.267
  seg  30   4578  nrho1 = 0.279
GLS Beta Pass 
  run 3    t= 0.0
GLS Residual Pass 
  run 3    t= 0.0
Found 8657 zero-valued voxels
Computing contrasts
Starting contrasts
fixation J=1 -------------
/scratch/groups/lisik3/mcmahoneg/mri_data_anlys/studies/cont_actions/unpackdata/s001/bold/maintask-surface-lh-sm0/pr007/fixation exists, deleting
Saving efficiency 16.8969
Testing Motion Correction Parameters
  1.48   0.03   0.13  -0.10  -0.54   0.91  -0.03   0.07  -0.58  -1.33  -0.65  -0.13  -0.26   0.13  -0.03   0.07   0.03  -0.07 
Saving h.dat to /scratch/groups/lisik3/mcmahoneg/mri_data_anlys/studies/cont_actions/unpackdata/s001/bold/maintask-surface-lh-sm0/pr007/h.dat


outanadir = /scratch/groups/lisik3/mcmahoneg/mri_data_anlys/studies/cont_actions/unpackdata/s001/bold/maintask-surface-lh-sm0/pr008
Excluding 2 points
parfiles condition id list:  1  2  3  4 
Found 137311/145968 (94.1) voxels in mask 1
Creating Design Matrix
 ... creation time =  0.001 sec
DoMCFit = 1
ntptot = 118, nX = 11, DOF = 107
Saving X matrix to /scratch/groups/lisik3/mcmahoneg/mri_data_anlys/studies/cont_actions/unpackdata/s001/bold/maintask-surface-lh-sm0/pr008/Xtmp.mat
XCond = 337.525 (normalized)
Computing compensation for resdual AR1 bias
 1  -0.5  -0.504225    (t=0.000644)
 2  -0.25  -0.279168    (t=0.00136)
 3  0  -0.0626066    (t=0.001894)
 4  0.25  0.140289    (t=0.00244)
 5  0.5  0.317562    (t=0.002977)
AR1 Correction M: 0.0938777 1.2093
Computing contrast matrices
OLS Beta Pass 
  run 4    t= 0.0
reading data ... 1.04163
    Global Mean 83716.10
Global In-Mask Mean = 83716.1 (73947.4)
Rescale Target = 100
RescaleFactor = 0.00119451
OLS Residual Pass 
  run 4    t= 0.0
reading data ... 1.0932
Saving rho1
Smoothing ACF
/software/apps/freesurfer/6.0.0/bin/mris_fwhm --mask /scratch/groups/lisik3/mcmahoneg/mri_data_anlys/studies/cont_actions/unpackdata/s001/bold/maintask-surface-lh-sm0/pr008/mask.nii.gz --i /scratch/groups/lisik3/mcmahoneg/mri_data_anlys/studies/cont_actions/unpackdata/s001/bold/maintask-surface-lh-sm0/pr008/rho1mn.nii.gz --o /scratch/groups/lisik3/mcmahoneg/mri_data_anlys/studies/cont_actions/unpackdata/s001/bold/maintask-surface-lh-sm0/pr008/rho1mn.sm.nii.gz --fwhm 20.000000 --smooth-only --s s001 --hemi lh --sd /scratch/groups/lisik3/mcmahoneg/mri_data_anlys/subjects
s001 lh white
Number of vertices 145968
Number of faces    291932
Total area         98954.226562
GroupSurface 0
AvgVtxArea       0.677917
AvgVtxDist       0.899965
StdVtxDist       0.252160
Loading mask /scratch/groups/lisik3/mcmahoneg/mri_data_anlys/studies/cont_actions/unpackdata/s001/bold/maintask-surface-lh-sm0/pr008/mask.nii.gz
Found 137311 voxels in mask
Not Polynomial detrending
Smoothing input by fwhm=20.000000, gstd=8.493218, niters=218 
Only smoothing, so saving and exiting now

Found 0 voxels with corrected AR1 > 0.90
Whitening
Computing whitening matrices
Alloc Sinv: 118 118 30 ...  done t = 0.00281 sec
  seg   1   4577  nrho1 = 0.074
  seg   2   4577  nrho1 = 0.085
  seg   3   4577  nrho1 = 0.098
  seg   4   4577  nrho1 = 0.107
  seg   5   4577  nrho1 = 0.114
  seg   6   4577  nrho1 = 0.123
  seg   7   4577  nrho1 = 0.130
  seg   8   4577  nrho1 = 0.136
  seg   9   4577  nrho1 = 0.141
  seg  10   4577  nrho1 = 0.146
  seg  11   4577  nrho1 = 0.150
  seg  12   4577  nrho1 = 0.155
  seg  13   4577  nrho1 = 0.158
  seg  14   4577  nrho1 = 0.161
  seg  15   4577  nrho1 = 0.164
  seg  16   4577  nrho1 = 0.166
  seg  17   4577  nrho1 = 0.169
  seg  18   4577  nrho1 = 0.172
  seg  19   4577  nrho1 = 0.175
  seg  20   4577  nrho1 = 0.177
  seg  21   4577  nrho1 = 0.180
  seg  22   4577  nrho1 = 0.183
  seg  23   4577  nrho1 = 0.185
  seg  24   4577  nrho1 = 0.188
  seg  25   4577  nrho1 = 0.192
  seg  26   4577  nrho1 = 0.197
  seg  27   4577  nrho1 = 0.203
  seg  28   4577  nrho1 = 0.208
  seg  29   4577  nrho1 = 0.213
  seg  30   4578  nrho1 = 0.221
GLS Beta Pass 
  run 4    t= 0.0
GLS Residual Pass 
  run 4    t= 0.0
Found 8657 zero-valued voxels
Computing contrasts
Starting contrasts
fixation J=1 -------------
/scratch/groups/lisik3/mcmahoneg/mri_data_anlys/studies/cont_actions/unpackdata/s001/bold/maintask-surface-lh-sm0/pr008/fixation exists, deleting
Saving efficiency 14.7694
Testing Motion Correction Parameters
  0.04   1.17   0.07   0.78  -0.72   0.17   0.38   0.38  -0.31   0.23   0.04   0.66  -0.30  -0.70   0.38   0.38  -0.38  -0.38 
Saving h.dat to /scratch/groups/lisik3/mcmahoneg/mri_data_anlys/studies/cont_actions/unpackdata/s001/bold/maintask-surface-lh-sm0/pr008/h.dat


outanadir = /scratch/groups/lisik3/mcmahoneg/mri_data_anlys/studies/cont_actions/unpackdata/s001/bold/maintask-surface-lh-sm0/pr011
Excluding 2 points
parfiles condition id list:  1  2  3  4 
Found 137311/145968 (94.1) voxels in mask 1
Creating Design Matrix
 ... creation time =  0.005 sec
DoMCFit = 1
ntptot = 118, nX = 11, DOF = 107
Saving X matrix to /scratch/groups/lisik3/mcmahoneg/mri_data_anlys/studies/cont_actions/unpackdata/s001/bold/maintask-surface-lh-sm0/pr011/Xtmp.mat
XCond = 31.4987 (normalized)
Computing compensation for resdual AR1 bias
 1  -0.5  -0.512037    (t=0.000873)
 2  -0.25  -0.285134    (t=0.001594)
 3  0  -0.0668544    (t=0.002132)
 4  0.25  0.136917    (t=0.002678)
 5  0.5  0.312771    (t=0.003214)
AR1 Correction M: 0.0997664 1.20393
Computing contrast matrices
OLS Beta Pass 
  run 5    t= 0.0
reading data ... 1.04873
    Global Mean 82340.80
Global In-Mask Mean = 82340.8 (72758.5)
Rescale Target = 100
RescaleFactor = 0.00121446
OLS Residual Pass 
  run 5    t= 0.0
reading data ... 1.04766
Saving rho1
Smoothing ACF
/software/apps/freesurfer/6.0.0/bin/mris_fwhm --mask /scratch/groups/lisik3/mcmahoneg/mri_data_anlys/studies/cont_actions/unpackdata/s001/bold/maintask-surface-lh-sm0/pr011/mask.nii.gz --i /scratch/groups/lisik3/mcmahoneg/mri_data_anlys/studies/cont_actions/unpackdata/s001/bold/maintask-surface-lh-sm0/pr011/rho1mn.nii.gz --o /scratch/groups/lisik3/mcmahoneg/mri_data_anlys/studies/cont_actions/unpackdata/s001/bold/maintask-surface-lh-sm0/pr011/rho1mn.sm.nii.gz --fwhm 20.000000 --smooth-only --s s001 --hemi lh --sd /scratch/groups/lisik3/mcmahoneg/mri_data_anlys/subjects
s001 lh white
Number of vertices 145968
Number of faces    291932
Total area         98954.226562
GroupSurface 0
AvgVtxArea       0.677917
AvgVtxDist       0.899965
StdVtxDist       0.252160
Loading mask /scratch/groups/lisik3/mcmahoneg/mri_data_anlys/studies/cont_actions/unpackdata/s001/bold/maintask-surface-lh-sm0/pr011/mask.nii.gz
Found 137311 voxels in mask
Not Polynomial detrending
Smoothing input by fwhm=20.000000, gstd=8.493218, niters=218 
Only smoothing, so saving and exiting now

Found 0 voxels with corrected AR1 > 0.90
Whitening
Computing whitening matrices
Alloc Sinv: 118 118 30 ...  done t = 0.004068 sec
  seg   1   4577  nrho1 = 0.109
  seg   2   4577  nrho1 = 0.122
  seg   3   4577  nrho1 = 0.134
  seg   4   4577  nrho1 = 0.142
  seg   5   4577  nrho1 = 0.147
  seg   6   4577  nrho1 = 0.152
  seg   7   4577  nrho1 = 0.157
  seg   8   4577  nrho1 = 0.160
  seg   9   4577  nrho1 = 0.163
  seg  10   4577  nrho1 = 0.166
  seg  11   4577  nrho1 = 0.168
  seg  12   4577  nrho1 = 0.170
  seg  13   4577  nrho1 = 0.172
  seg  14   4577  nrho1 = 0.173
  seg  15   4577  nrho1 = 0.175
  seg  16   4577  nrho1 = 0.177
  seg  17   4577  nrho1 = 0.179
  seg  18   4577  nrho1 = 0.181
  seg  19   4577  nrho1 = 0.183
  seg  20   4577  nrho1 = 0.184
  seg  21   4577  nrho1 = 0.186
  seg  22   4577  nrho1 = 0.188
  seg  23   4577  nrho1 = 0.189
  seg  24   4577  nrho1 = 0.191
  seg  25   4577  nrho1 = 0.193
  seg  26   4577  nrho1 = 0.195
  seg  27   4577  nrho1 = 0.198
  seg  28   4577  nrho1 = 0.202
  seg  29   4577  nrho1 = 0.206
  seg  30   4578  nrho1 = 0.215
GLS Beta Pass 
  run 5    t= 0.0
GLS Residual Pass 
  run 5    t= 0.0
Found 8657 zero-valued voxels
Computing contrasts
Starting contrasts
fixation J=1 -------------
/scratch/groups/lisik3/mcmahoneg/mri_data_anlys/studies/cont_actions/unpackdata/s001/bold/maintask-surface-lh-sm0/pr011/fixation exists, deleting
Saving efficiency 17.0073
Testing Motion Correction Parameters
  0.46  -0.01  -0.38   0.02   0.30  -0.05   0.63   0.11   0.31  -0.36  -0.52   0.05   0.42  -0.12   0.63   0.11  -0.63  -0.11 
Saving h.dat to /scratch/groups/lisik3/mcmahoneg/mri_data_anlys/studies/cont_actions/unpackdata/s001/bold/maintask-surface-lh-sm0/pr011/h.dat


outanadir = /scratch/groups/lisik3/mcmahoneg/mri_data_anlys/studies/cont_actions/unpackdata/s001/bold/maintask-surface-lh-sm0/pr012
Excluding 2 points
parfiles condition id list:  1  2  3  4 
Found 137311/145968 (94.1) voxels in mask 1
Creating Design Matrix
 ... creation time =  0.001 sec
DoMCFit = 1
ntptot = 118, nX = 11, DOF = 107
Saving X matrix to /scratch/groups/lisik3/mcmahoneg/mri_data_anlys/studies/cont_actions/unpackdata/s001/bold/maintask-surface-lh-sm0/pr012/Xtmp.mat
XCond = 39.2582 (normalized)
Computing compensation for resdual AR1 bias
 1  -0.5  -0.508573    (t=0.000696)
 2  -0.25  -0.281796    (t=0.001453)
 3  0  -0.0634771    (t=0.002005)
 4  0.25  0.141257    (t=0.002569)
 5  0.5  0.321103    (t=0.00312)
AR1 Correction M: 0.0938143 1.19818
Computing contrast matrices
OLS Beta Pass 
  run 6    t= 0.0
reading data ... 1.0382
    Global Mean 82184.60
Global In-Mask Mean = 82184.6 (72761.5)
Rescale Target = 100
RescaleFactor = 0.00121677
OLS Residual Pass 
  run 6    t= 0.0
reading data ... 1.03019
Saving rho1
Smoothing ACF
/software/apps/freesurfer/6.0.0/bin/mris_fwhm --mask /scratch/groups/lisik3/mcmahoneg/mri_data_anlys/studies/cont_actions/unpackdata/s001/bold/maintask-surface-lh-sm0/pr012/mask.nii.gz --i /scratch/groups/lisik3/mcmahoneg/mri_data_anlys/studies/cont_actions/unpackdata/s001/bold/maintask-surface-lh-sm0/pr012/rho1mn.nii.gz --o /scratch/groups/lisik3/mcmahoneg/mri_data_anlys/studies/cont_actions/unpackdata/s001/bold/maintask-surface-lh-sm0/pr012/rho1mn.sm.nii.gz --fwhm 20.000000 --smooth-only --s s001 --hemi lh --sd /scratch/groups/lisik3/mcmahoneg/mri_data_anlys/subjects
s001 lh white
Number of vertices 145968
Number of faces    291932
Total area         98954.226562
GroupSurface 0
AvgVtxArea       0.677917
AvgVtxDist       0.899965
StdVtxDist       0.252160
Loading mask /scratch/groups/lisik3/mcmahoneg/mri_data_anlys/studies/cont_actions/unpackdata/s001/bold/maintask-surface-lh-sm0/pr012/mask.nii.gz
Found 137311 voxels in mask
Not Polynomial detrending
Smoothing input by fwhm=20.000000, gstd=8.493218, niters=218 
Only smoothing, so saving and exiting now

Found 0 voxels with corrected AR1 > 0.90
Whitening
Computing whitening matrices
Alloc Sinv: 118 118 30 ...  done t = 0.002932 sec
  seg   1   4577  nrho1 = 0.092
  seg   2   4577  nrho1 = 0.104
  seg   3   4577  nrho1 = 0.112
  seg   4   4577  nrho1 = 0.118
  seg   5   4577  nrho1 = 0.123
  seg   6   4577  nrho1 = 0.127
  seg   7   4577  nrho1 = 0.130
  seg   8   4577  nrho1 = 0.133
  seg   9   4577  nrho1 = 0.135
  seg  10   4577  nrho1 = 0.138
  seg  11   4576  nrho1 = 0.140
  seg  12   4578  nrho1 = 0.142
  seg  13   4577  nrho1 = 0.144
  seg  14   4577  nrho1 = 0.146
  seg  15   4577  nrho1 = 0.148
  seg  16   4577  nrho1 = 0.150
  seg  17   4577  nrho1 = 0.151
  seg  18   4577  nrho1 = 0.153
  seg  19   4577  nrho1 = 0.154
  seg  20   4577  nrho1 = 0.156
  seg  21   4577  nrho1 = 0.158
  seg  22   4577  nrho1 = 0.160
  seg  23   4577  nrho1 = 0.162
  seg  24   4577  nrho1 = 0.164
  seg  25   4577  nrho1 = 0.165
  seg  26   4577  nrho1 = 0.168
  seg  27   4577  nrho1 = 0.170
  seg  28   4577  nrho1 = 0.173
  seg  29   4577  nrho1 = 0.177
  seg  30   4578  nrho1 = 0.182
GLS Beta Pass 
  run 6    t= 0.0
GLS Residual Pass 
  run 6    t= 0.0
Found 8657 zero-valued voxels
Computing contrasts
Starting contrasts
fixation J=1 -------------
/scratch/groups/lisik3/mcmahoneg/mri_data_anlys/studies/cont_actions/unpackdata/s001/bold/maintask-surface-lh-sm0/pr012/fixation exists, deleting
Saving efficiency 16.9167
Testing Motion Correction Parameters
 -0.97   0.65   1.37   0.03  -1.71  -0.29   0.69   0.39  -0.76   1.09   1.64  -0.09  -1.80  -0.19   0.69   0.39  -0.69  -0.39 
Saving h.dat to /scratch/groups/lisik3/mcmahoneg/mri_data_anlys/studies/cont_actions/unpackdata/s001/bold/maintask-surface-lh-sm0/pr012/h.dat


outanadir = /scratch/groups/lisik3/mcmahoneg/mri_data_anlys/studies/cont_actions/unpackdata/s001/bold/maintask-surface-lh-sm0/pr015
Excluding 2 points
parfiles condition id list:  1  2  3  4 
Found 137311/145968 (94.1) voxels in mask 1
Creating Design Matrix
 ... creation time =  0.000 sec
DoMCFit = 1
ntptot = 118, nX = 11, DOF = 107
Saving X matrix to /scratch/groups/lisik3/mcmahoneg/mri_data_anlys/studies/cont_actions/unpackdata/s001/bold/maintask-surface-lh-sm0/pr015/Xtmp.mat
XCond = 33.8973 (normalized)
Computing compensation for resdual AR1 bias
 1  -0.5  -0.508213    (t=0.000624)
 2  -0.25  -0.281508    (t=0.001361)
 3  0  -0.0630219    (t=0.001901)
 4  0.25  0.142126    (t=0.002452)
 5  0.5  0.323186    (t=0.002989)
AR1 Correction M: 0.0926732 1.196
Computing contrast matrices
OLS Beta Pass 
  run 7    t= 0.0
reading data ... 1.03546
    Global Mean 81662.80
Global In-Mask Mean = 81662.8 (72317)
Rescale Target = 100
RescaleFactor = 0.00122455
OLS Residual Pass 
  run 7    t= 0.0
reading data ... 1.03444
Saving rho1
Smoothing ACF
/software/apps/freesurfer/6.0.0/bin/mris_fwhm --mask /scratch/groups/lisik3/mcmahoneg/mri_data_anlys/studies/cont_actions/unpackdata/s001/bold/maintask-surface-lh-sm0/pr015/mask.nii.gz --i /scratch/groups/lisik3/mcmahoneg/mri_data_anlys/studies/cont_actions/unpackdata/s001/bold/maintask-surface-lh-sm0/pr015/rho1mn.nii.gz --o /scratch/groups/lisik3/mcmahoneg/mri_data_anlys/studies/cont_actions/unpackdata/s001/bold/maintask-surface-lh-sm0/pr015/rho1mn.sm.nii.gz --fwhm 20.000000 --smooth-only --s s001 --hemi lh --sd /scratch/groups/lisik3/mcmahoneg/mri_data_anlys/subjects
s001 lh white
Number of vertices 145968
Number of faces    291932
Total area         98954.226562
GroupSurface 0
AvgVtxArea       0.677917
AvgVtxDist       0.899965
StdVtxDist       0.252160
Loading mask /scratch/groups/lisik3/mcmahoneg/mri_data_anlys/studies/cont_actions/unpackdata/s001/bold/maintask-surface-lh-sm0/pr015/mask.nii.gz
Found 137311 voxels in mask
Not Polynomial detrending
Smoothing input by fwhm=20.000000, gstd=8.493218, niters=218 
Only smoothing, so saving and exiting now

Found 0 voxels with corrected AR1 > 0.90
Whitening
Computing whitening matrices
Alloc Sinv: 118 118 30 ...  done t = 0.003382 sec
  seg   1   4577  nrho1 = 0.108
  seg   2   4577  nrho1 = 0.120
  seg   3   4577  nrho1 = 0.129
  seg   4   4577  nrho1 = 0.134
  seg   5   4577  nrho1 = 0.138
  seg   6   4577  nrho1 = 0.141
  seg   7   4577  nrho1 = 0.144
  seg   8   4577  nrho1 = 0.146
  seg   9   4577  nrho1 = 0.148
  seg  10   4577  nrho1 = 0.150
  seg  11   4577  nrho1 = 0.152
  seg  12   4577  nrho1 = 0.153
  seg  13   4577  nrho1 = 0.155
  seg  14   4577  nrho1 = 0.156
  seg  15   4577  nrho1 = 0.157
  seg  16   4577  nrho1 = 0.159
  seg  17   4577  nrho1 = 0.160
  seg  18   4577  nrho1 = 0.161
  seg  19   4577  nrho1 = 0.162
  seg  20   4577  nrho1 = 0.162
  seg  21   4577  nrho1 = 0.163
  seg  22   4577  nrho1 = 0.164
  seg  23   4577  nrho1 = 0.165
  seg  24   4577  nrho1 = 0.166
  seg  25   4577  nrho1 = 0.167
  seg  26   4577  nrho1 = 0.169
  seg  27   4577  nrho1 = 0.171
  seg  28   4577  nrho1 = 0.173
  seg  29   4577  nrho1 = 0.176
  seg  30   4578  nrho1 = 0.182
GLS Beta Pass 
  run 7    t= 0.0
GLS Residual Pass 
  run 7    t= 0.0
Found 8657 zero-valued voxels
Computing contrasts
Starting contrasts
fixation J=1 -------------
/scratch/groups/lisik3/mcmahoneg/mri_data_anlys/studies/cont_actions/unpackdata/s001/bold/maintask-surface-lh-sm0/pr015/fixation exists, deleting
Saving efficiency 15.2945
Testing Motion Correction Parameters
 -0.42  -0.06  -0.35  -0.07  -0.67  -0.70  -0.11  -0.43   0.35   0.60   0.06  -0.09  -0.01  -0.27  -0.11  -0.43   0.11   0.43 
Saving h.dat to /scratch/groups/lisik3/mcmahoneg/mri_data_anlys/studies/cont_actions/unpackdata/s001/bold/maintask-surface-lh-sm0/pr015/h.dat


outanadir = /scratch/groups/lisik3/mcmahoneg/mri_data_anlys/studies/cont_actions/unpackdata/s001/bold/maintask-surface-lh-sm0/pr016
Excluding 2 points
parfiles condition id list:  1  2  3  4 
Found 137311/145968 (94.1) voxels in mask 1
Creating Design Matrix
 ... creation time =  0.000 sec
DoMCFit = 1
ntptot = 118, nX = 11, DOF = 107
Saving X matrix to /scratch/groups/lisik3/mcmahoneg/mri_data_anlys/studies/cont_actions/unpackdata/s001/bold/maintask-surface-lh-sm0/pr016/Xtmp.mat
XCond = 29.0119 (normalized)
Computing compensation for resdual AR1 bias
 1  -0.5  -0.509031    (t=0.000641)
 2  -0.25  -0.282662    (t=0.001366)
 3  0  -0.0646425    (t=0.001915)
 4  0.25  0.139655    (t=0.002479)
 5  0.5  0.318711    (t=0.003029)
AR1 Correction M: 0.0955752 1.20078
Computing contrast matrices
OLS Beta Pass 
  run 8    t= 0.0
reading data ... 1.02865
    Global Mean 81753.90
Global In-Mask Mean = 81753.9 (72524.7)
Rescale Target = 100
RescaleFactor = 0.00122318
OLS Residual Pass 
  run 8    t= 0.0
reading data ... 1.01536
Saving rho1
Smoothing ACF
/software/apps/freesurfer/6.0.0/bin/mris_fwhm --mask /scratch/groups/lisik3/mcmahoneg/mri_data_anlys/studies/cont_actions/unpackdata/s001/bold/maintask-surface-lh-sm0/pr016/mask.nii.gz --i /scratch/groups/lisik3/mcmahoneg/mri_data_anlys/studies/cont_actions/unpackdata/s001/bold/maintask-surface-lh-sm0/pr016/rho1mn.nii.gz --o /scratch/groups/lisik3/mcmahoneg/mri_data_anlys/studies/cont_actions/unpackdata/s001/bold/maintask-surface-lh-sm0/pr016/rho1mn.sm.nii.gz --fwhm 20.000000 --smooth-only --s s001 --hemi lh --sd /scratch/groups/lisik3/mcmahoneg/mri_data_anlys/subjects
s001 lh white
Number of vertices 145968
Number of faces    291932
Total area         98954.226562
GroupSurface 0
AvgVtxArea       0.677917
AvgVtxDist       0.899965
StdVtxDist       0.252160
Loading mask /scratch/groups/lisik3/mcmahoneg/mri_data_anlys/studies/cont_actions/unpackdata/s001/bold/maintask-surface-lh-sm0/pr016/mask.nii.gz
Found 137311 voxels in mask
Not Polynomial detrending
Smoothing input by fwhm=20.000000, gstd=8.493218, niters=218 
Only smoothing, so saving and exiting now

Found 0 voxels with corrected AR1 > 0.90
Whitening
Computing whitening matrices
Alloc Sinv: 118 118 30 ...  done t = 0.002663 sec
  seg   1   4577  nrho1 = 0.104
  seg   2   4577  nrho1 = 0.110
  seg   3   4577  nrho1 = 0.114
  seg   4   4577  nrho1 = 0.118
  seg   5   4577  nrho1 = 0.121
  seg   6   4577  nrho1 = 0.124
  seg   7   4577  nrho1 = 0.126
  seg   8   4577  nrho1 = 0.129
  seg   9   4577  nrho1 = 0.130
  seg  10   4577  nrho1 = 0.132
  seg  11   4577  nrho1 = 0.134
  seg  12   4577  nrho1 = 0.135
  seg  13   4577  nrho1 = 0.136
  seg  14   4577  nrho1 = 0.137
  seg  15   4577  nrho1 = 0.138
  seg  16   4577  nrho1 = 0.139
  seg  17   4577  nrho1 = 0.140
  seg  18   4577  nrho1 = 0.140
  seg  19   4577  nrho1 = 0.141
  seg  20   4577  nrho1 = 0.142
  seg  21   4577  nrho1 = 0.143
  seg  22   4577  nrho1 = 0.144
  seg  23   4577  nrho1 = 0.146
  seg  24   4577  nrho1 = 0.147
  seg  25   4577  nrho1 = 0.148
  seg  26   4577  nrho1 = 0.150
  seg  27   4577  nrho1 = 0.152
  seg  28   4577  nrho1 = 0.154
  seg  29   4577  nrho1 = 0.156
  seg  30   4578  nrho1 = 0.161
GLS Beta Pass 
  run 8    t= 0.0
GLS Residual Pass 
  run 8    t= 0.0
Found 8657 zero-valued voxels
Computing contrasts
Starting contrasts
fixation J=1 -------------
/scratch/groups/lisik3/mcmahoneg/mri_data_anlys/studies/cont_actions/unpackdata/s001/bold/maintask-surface-lh-sm0/pr016/fixation exists, deleting
Saving efficiency 16.834
Testing Motion Correction Parameters
  0.05   0.09  -0.25  -0.16   0.09  -0.14   0.59   0.40   0.62  -0.04  -0.30  -0.14   0.26  -0.09   0.59   0.40  -0.59  -0.40 
Saving h.dat to /scratch/groups/lisik3/mcmahoneg/mri_data_anlys/studies/cont_actions/unpackdata/s001/bold/maintask-surface-lh-sm0/pr016/h.dat


outanadir = /scratch/groups/lisik3/mcmahoneg/mri_data_anlys/studies/cont_actions/unpackdata/s001/bold/maintask-surface-lh-sm0/pr019
Excluding 2 points
parfiles condition id list:  1  2  3  4 
Found 137311/145968 (94.1) voxels in mask 1
Creating Design Matrix
 ... creation time =  0.000 sec
DoMCFit = 1
ntptot = 118, nX = 11, DOF = 107
Saving X matrix to /scratch/groups/lisik3/mcmahoneg/mri_data_anlys/studies/cont_actions/unpackdata/s001/bold/maintask-surface-lh-sm0/pr019/Xtmp.mat
XCond = 345.471 (normalized)
Computing compensation for resdual AR1 bias
 1  -0.5  -0.504893    (t=0.000556)
 2  -0.25  -0.279311    (t=0.001238)
 3  0  -0.0619429    (t=0.001791)
 4  0.25  0.142046    (t=0.002335)
 5  0.5  0.321534    (t=0.002882)
AR1 Correction M: 0.0920439 1.20298
Computing contrast matrices
OLS Beta Pass 
  run 9    t= 0.0
reading data ... 1.02882
    Global Mean 81888.10
Global In-Mask Mean = 81888.1 (72710.5)
Rescale Target = 100
RescaleFactor = 0.00122118
OLS Residual Pass 
  run 9    t= 0.0
reading data ... 1.02431
Saving rho1
Smoothing ACF
/software/apps/freesurfer/6.0.0/bin/mris_fwhm --mask /scratch/groups/lisik3/mcmahoneg/mri_data_anlys/studies/cont_actions/unpackdata/s001/bold/maintask-surface-lh-sm0/pr019/mask.nii.gz --i /scratch/groups/lisik3/mcmahoneg/mri_data_anlys/studies/cont_actions/unpackdata/s001/bold/maintask-surface-lh-sm0/pr019/rho1mn.nii.gz --o /scratch/groups/lisik3/mcmahoneg/mri_data_anlys/studies/cont_actions/unpackdata/s001/bold/maintask-surface-lh-sm0/pr019/rho1mn.sm.nii.gz --fwhm 20.000000 --smooth-only --s s001 --hemi lh --sd /scratch/groups/lisik3/mcmahoneg/mri_data_anlys/subjects
s001 lh white
Number of vertices 145968
Number of faces    291932
Total area         98954.226562
GroupSurface 0
AvgVtxArea       0.677917
AvgVtxDist       0.899965
StdVtxDist       0.252160
Loading mask /scratch/groups/lisik3/mcmahoneg/mri_data_anlys/studies/cont_actions/unpackdata/s001/bold/maintask-surface-lh-sm0/pr019/mask.nii.gz
Found 137311 voxels in mask
Not Polynomial detrending
Smoothing input by fwhm=20.000000, gstd=8.493218, niters=218 
Only smoothing, so saving and exiting now

Found 0 voxels with corrected AR1 > 0.90
Whitening
Computing whitening matrices
Alloc Sinv: 118 118 30 ...  done t = 0.002627 sec
  seg   1   4577  nrho1 = 0.099
  seg   2   4577  nrho1 = 0.109
  seg   3   4577  nrho1 = 0.117
  seg   4   4577  nrho1 = 0.121
  seg   5   4577  nrho1 = 0.124
  seg   6   4577  nrho1 = 0.127
  seg   7   4577  nrho1 = 0.129
  seg   8   4577  nrho1 = 0.131
  seg   9   4577  nrho1 = 0.132
  seg  10   4577  nrho1 = 0.134
  seg  11   4577  nrho1 = 0.135
  seg  12   4577  nrho1 = 0.136
  seg  13   4577  nrho1 = 0.137
  seg  14   4577  nrho1 = 0.138
  seg  15   4577  nrho1 = 0.139
  seg  16   4577  nrho1 = 0.140
  seg  17   4577  nrho1 = 0.141
  seg  18   4577  nrho1 = 0.142
  seg  19   4577  nrho1 = 0.143
  seg  20   4577  nrho1 = 0.144
  seg  21   4577  nrho1 = 0.145
  seg  22   4577  nrho1 = 0.146
  seg  23   4577  nrho1 = 0.147
  seg  24   4577  nrho1 = 0.148
  seg  25   4577  nrho1 = 0.149
  seg  26   4577  nrho1 = 0.150
  seg  27   4577  nrho1 = 0.152
  seg  28   4577  nrho1 = 0.154
  seg  29   4577  nrho1 = 0.157
  seg  30   4578  nrho1 = 0.161
GLS Beta Pass 
  run 9    t= 0.0
GLS Residual Pass 
  run 9    t= 0.0
Found 8657 zero-valued voxels
Computing contrasts
Starting contrasts
fixation J=1 -------------
/scratch/groups/lisik3/mcmahoneg/mri_data_anlys/studies/cont_actions/unpackdata/s001/bold/maintask-surface-lh-sm0/pr019/fixation exists, deleting
Saving efficiency 16.2443
Testing Motion Correction Parameters
 -2.49  -0.03   4.11   0.20  -1.79   0.13  -0.76  -0.19  -2.26   1.69   3.43   0.37  -3.58  -0.16  -0.76  -0.19   0.76   0.19 
Saving h.dat to /scratch/groups/lisik3/mcmahoneg/mri_data_anlys/studies/cont_actions/unpackdata/s001/bold/maintask-surface-lh-sm0/pr019/h.dat


outanadir = /scratch/groups/lisik3/mcmahoneg/mri_data_anlys/studies/cont_actions/unpackdata/s001/bold/maintask-surface-lh-sm0/pr020
Excluding 2 points
parfiles condition id list:  1  2  3  4 
Found 137311/145968 (94.1) voxels in mask 1
Creating Design Matrix
 ... creation time =  0.000 sec
DoMCFit = 1
ntptot = 118, nX = 11, DOF = 107
Saving X matrix to /scratch/groups/lisik3/mcmahoneg/mri_data_anlys/studies/cont_actions/unpackdata/s001/bold/maintask-surface-lh-sm0/pr020/Xtmp.mat
XCond = 95.5716 (normalized)
Computing compensation for resdual AR1 bias
 1  -0.5  -0.50724    (t=0.000597)
 2  -0.25  -0.28134    (t=0.001308)
 3  0  -0.0636698    (t=0.001872)
 4  0.25  0.140342    (t=0.00243)
 5  0.5  0.319058    (t=0.002985)
AR1 Correction M: 0.0945061 1.20283
Computing contrast matrices
OLS Beta Pass 
  run 10    t= 0.0
reading data ... 1.0248
    Global Mean 81493.50
Global In-Mask Mean = 81493.5 (72599.7)
Rescale Target = 100
RescaleFactor = 0.00122709
OLS Residual Pass 
  run 10    t= 0.0
reading data ... 1.01667
Saving rho1
Smoothing ACF
/software/apps/freesurfer/6.0.0/bin/mris_fwhm --mask /scratch/groups/lisik3/mcmahoneg/mri_data_anlys/studies/cont_actions/unpackdata/s001/bold/maintask-surface-lh-sm0/pr020/mask.nii.gz --i /scratch/groups/lisik3/mcmahoneg/mri_data_anlys/studies/cont_actions/unpackdata/s001/bold/maintask-surface-lh-sm0/pr020/rho1mn.nii.gz --o /scratch/groups/lisik3/mcmahoneg/mri_data_anlys/studies/cont_actions/unpackdata/s001/bold/maintask-surface-lh-sm0/pr020/rho1mn.sm.nii.gz --fwhm 20.000000 --smooth-only --s s001 --hemi lh --sd /scratch/groups/lisik3/mcmahoneg/mri_data_anlys/subjects
s001 lh white
Number of vertices 145968
Number of faces    291932
Total area         98954.226562
GroupSurface 0
AvgVtxArea       0.677917
AvgVtxDist       0.899965
StdVtxDist       0.252160
Loading mask /scratch/groups/lisik3/mcmahoneg/mri_data_anlys/studies/cont_actions/unpackdata/s001/bold/maintask-surface-lh-sm0/pr020/mask.nii.gz
Found 137311 voxels in mask
Not Polynomial detrending
Smoothing input by fwhm=20.000000, gstd=8.493218, niters=218 
Only smoothing, so saving and exiting now

Found 0 voxels with corrected AR1 > 0.90
Whitening
Computing whitening matrices
Alloc Sinv: 118 118 30 ...  done t = 0.002729 sec
  seg   1   4577  nrho1 = 0.097
  seg   2   4577  nrho1 = 0.107
  seg   3   4577  nrho1 = 0.114
  seg   4   4577  nrho1 = 0.118
  seg   5   4577  nrho1 = 0.122
  seg   6   4577  nrho1 = 0.125
  seg   7   4577  nrho1 = 0.128
  seg   8   4577  nrho1 = 0.129
  seg   9   4577  nrho1 = 0.130
  seg  10   4577  nrho1 = 0.132
  seg  11   4577  nrho1 = 0.133
  seg  12   4577  nrho1 = 0.134
  seg  13   4577  nrho1 = 0.134
  seg  14   4577  nrho1 = 0.135
  seg  15   4577  nrho1 = 0.136
  seg  16   4577  nrho1 = 0.136
  seg  17   4577  nrho1 = 0.137
  seg  18   4577  nrho1 = 0.138
  seg  19   4577  nrho1 = 0.139
  seg  20   4577  nrho1 = 0.140
  seg  21   4577  nrho1 = 0.141
  seg  22   4577  nrho1 = 0.142
  seg  23   4577  nrho1 = 0.143
  seg  24   4577  nrho1 = 0.144
  seg  25   4577  nrho1 = 0.145
  seg  26   4577  nrho1 = 0.146
  seg  27   4577  nrho1 = 0.148
  seg  28   4577  nrho1 = 0.149
  seg  29   4577  nrho1 = 0.152
  seg  30   4578  nrho1 = 0.155
GLS Beta Pass 
  run 10    t= 0.0
GLS Residual Pass 
  run 10    t= 0.0
Found 8657 zero-valued voxels
Computing contrasts
Starting contrasts
fixation J=1 -------------
/scratch/groups/lisik3/mcmahoneg/mri_data_anlys/studies/cont_actions/unpackdata/s001/bold/maintask-surface-lh-sm0/pr020/fixation exists, deleting
Saving efficiency 16.1859
Testing Motion Correction Parameters
  0.57  -1.84  -1.17  -1.49  -0.33  -3.29   2.29  -0.02   1.95  -1.84  -0.99  -1.14   0.47   0.09   2.29  -0.02  -2.28   0.02 
Saving h.dat to /scratch/groups/lisik3/mcmahoneg/mri_data_anlys/studies/cont_actions/unpackdata/s001/bold/maintask-surface-lh-sm0/pr020/h.dat
cputime-min 1.220667
fast_selxavg3 done for /scratch/groups/lisik3/mcmahoneg/mri_data_anlys/studies/cont_actions/unpackdata/s001

ans =

     0

>> >> >> >> >> ------------------------------------------
Started at Thu Feb 27 10:33:41 EST 2020
Ended   at Thu Feb 27 10:40:37 EST 2020
 
selxavg3-sess completed
 
