selxavg3-sess log file
/software/apps/freesurfer/6.0.0/fsfast/bin/selxavg3-sess
-s s003 -df sessdir -analysis maintask-surface-rh-sm0 -svres -run-wise
$Id: selxavg3-sess,v 1.68 2016/05/10 03:24:18 greve Exp $
uid=3996(emcmaho7@jhu.edu) gid=1405(lisik3) groups=1405(lisik3),1502(mbonner5)
/scratch/groups/lisik3/mcmahoneg/mri_data_anlys/studies/cont_actions/analysis
Linux compute0784 3.10.0-862.9.1.el7.x86_64 #1 SMP Mon Jul 16 16:29:36 UTC 2018 x86_64 x86_64 x86_64 GNU/Linux
Wed Mar  4 16:32:57 EST 2020
preproc-sess -s s003 -d /scratch/groups/lisik3/mcmahoneg/mri_data_anlys/studies/cont_actions/unpackdata -a maintask-surface-rh-sm0 -nolog
--------------------------------------------------------------
preproc-sess logfile is /dev/null
--------------------------------------------------------------
$Id: preproc-sess,v 1.64.2.1 2016/08/02 21:19:09 greve Exp $
emcmaho7@jhu.edu
setenv FREESURFER_HOME /software/apps/freesurfer/6.0.0
setenv SUBJECTS_DIR /scratch/groups/lisik3/mcmahoneg/mri_data_anlys/subjects
Linux compute0784 3.10.0-862.9.1.el7.x86_64 #1 SMP Mon Jul 16 16:29:36 UTC 2018 x86_64 x86_64 x86_64 GNU/Linux
/scratch/groups/lisik3/mcmahoneg/mri_data_anlys/studies/cont_actions/analysis
/software/apps/freesurfer/6.0.0/fsfast/bin/preproc-sess
-s s003 -d /scratch/groups/lisik3/mcmahoneg/mri_data_anlys/studies/cont_actions/unpackdata -a maintask-surface-rh-sm0 -nolog
Wed Mar  4 16:32:58 EST 2020
instem   f 
mc   1     f fmc 
stc  0     fmc
sm   0   
mask 1   brain
s003 Template -----------------------------
mktemplate-sess -s s003 -d /scratch/groups/lisik3/mcmahoneg/mri_data_anlys/studies/cont_actions/unpackdata -fsd bold -rlf maintask.rlf -nolog -update
 
Session: /scratch/groups/lisik3/mcmahoneg/mri_data_anlys/studies/cont_actions/unpackdata/s003 ----------------
Wed Mar  4 16:32:58 EST 2020
Detected input format at nii
s003 Update not needed
  Run: 004 ----------------
  Wed Mar  4 16:32:58 EST 2020
  s003 004 Update not needed
  Run: 005 ----------------
  Wed Mar  4 16:32:58 EST 2020
  s003 005 Update not needed
  Run: 009 ----------------
  Wed Mar  4 16:32:58 EST 2020
  s003 009 Update not needed
  Run: 010 ----------------
  Wed Mar  4 16:32:58 EST 2020
  s003 010 Update not needed
  Run: 013 ----------------
  Wed Mar  4 16:32:58 EST 2020
  s003 013 Update not needed
  Run: 014 ----------------
  Wed Mar  4 16:32:58 EST 2020
  s003 014 Update not needed
  Run: 018 ----------------
  Wed Mar  4 16:32:58 EST 2020
  s003 018 Update not needed
  Run: 019 ----------------
  Wed Mar  4 16:32:58 EST 2020
  s003 019 Update not needed
  Run: 022 ----------------
  Wed Mar  4 16:32:58 EST 2020
  s003 022 Update not needed
  Run: 023 ----------------
  Wed Mar  4 16:32:58 EST 2020
  s003 023 Update not needed
Wed Mar  4 16:32:58 EST 2020
mktemplate-sess completed 
s003 Registration -----------------------------
register-sess -s s003 -d /scratch/groups/lisik3/mcmahoneg/mri_data_anlys/studies/cont_actions/unpackdata -fsd bold -delete-dat -dof 6 -bold -rlf maintask.rlf -per-session -nolog -update -init-coreg
--------------------------------------------------------------
register-sess logfile is /dev/null
--------------------------------------------------------------
Wed Mar  4 16:32:58 EST 2020

setenv SUBJECTS_DIR /scratch/groups/lisik3/mcmahoneg/mri_data_anlys/subjects
cd /scratch/groups/lisik3/mcmahoneg/mri_data_anlys/studies/cont_actions/analysis
/software/apps/freesurfer/6.0.0/fsfast/bin/register-sess -s s003 -d /scratch/groups/lisik3/mcmahoneg/mri_data_anlys/studies/cont_actions/unpackdata -fsd bold -delete-dat -dof 6 -bold -rlf maintask.rlf -per-session -nolog -update -init-coreg

freesurfer-Linux-centos6_x86_64-stable-pub-v6.0.0-2beb96c
Linux compute0784 3.10.0-862.9.1.el7.x86_64 #1 SMP Mon Jul 16 16:29:36 UTC 2018 x86_64 x86_64 x86_64 GNU/Linux
 
Session: /scratch/groups/lisik3/mcmahoneg/mri_data_anlys/studies/cont_actions/unpackdata/s003 ----------------
Wed Mar  4 16:32:58 EST 2020
/scratch/groups/lisik3/mcmahoneg/mri_data_anlys/studies/cont_actions/unpackdata/s003
Wed Mar  4 16:32:58 EST 2020
register-sess completed 
s003 Mask ------------------------
mkbrainmask-sess -maskstem brain -fsd bold -s s003 -d /scratch/groups/lisik3/mcmahoneg/mri_data_anlys/studies/cont_actions/unpackdata -per-session -rlf maintask.rlf -nolog -update
------------------------------------------------
/scratch/groups/lisik3/mcmahoneg/mri_data_anlys/studies/cont_actions/unpackdata/s003 
Wed Mar  4 16:32:58 EST 2020
s003 Update not needed for session-level mask
s003 Update not needed for run 004 meanval
s003 Update not needed for run 005 meanval
s003 Update not needed for run 009 meanval
s003 Update not needed for run 010 meanval
s003 Update not needed for run 013 meanval
s003 Update not needed for run 014 meanval
s003 Update not needed for run 018 meanval
s003 Update not needed for run 019 meanval
s003 Update not needed for run 022 meanval
s003 Update not needed for run 023 meanval
Wed Mar  4 16:32:59 EST 2020
mkbrainmask-sess done
s003 MC -----------------------------
mc-sess -fstem f -fmcstem fmc -s s003 -d /scratch/groups/lisik3/mcmahoneg/mri_data_anlys/studies/cont_actions/unpackdata -fsd bold -rlf maintask.rlf -per-session -nolog -update
Logfile is /dev/null
-------------------------------------------
/scratch/groups/lisik3/mcmahoneg/mri_data_anlys/studies/cont_actions/unpackdata/s003 
RunList: 004 005 009 010 013 014 018 019 022 023
s003 004 Update not needed
s003 005 Update not needed
s003 009 Update not needed
s003 010 Update not needed
s003 013 Update not needed
s003 014 Update not needed
s003 018 Update not needed
s003 019 Update not needed
s003 022 Update not needed
s003 023 Update not needed


Wed Mar  4 16:33:00 EST 2020
mc-sess completed SUCCESSFULLY
s003 To Surface -----------------------------
rawfunc2surf-sess -fwhm 0 -s s003 -d /scratch/groups/lisik3/mcmahoneg/mri_data_anlys/studies/cont_actions/unpackdata -fsd bold -hemi rh -self -rlf maintask.rlf -nolog -update -per-session
instem fmc
outstem fmc.sm0.self.hemi
------------------------------ 
1/1 s003
mri_vol2surf --mov /scratch/groups/lisik3/mcmahoneg/mri_data_anlys/studies/cont_actions/unpackdata/s003/bold/masks/brain.nii.gz --reg /scratch/groups/lisik3/mcmahoneg/mri_data_anlys/studies/cont_actions/unpackdata/s003/bold/register.dof6.lta --trgsubject s003 --interp nearest --projfrac 0.5 --hemi rh --o /scratch/groups/lisik3/mcmahoneg/mri_data_anlys/studies/cont_actions/unpackdata/s003/bold/masks/brain.self.rh.nii.gz --noreshape --cortex
srcvol = /scratch/groups/lisik3/mcmahoneg/mri_data_anlys/studies/cont_actions/unpackdata/s003/bold/masks/brain.nii.gz
srcreg = /scratch/groups/lisik3/mcmahoneg/mri_data_anlys/studies/cont_actions/unpackdata/s003/bold/register.dof6.lta
srcregold = 0
srcwarp unspecified
surf = white
hemi = rh
trgsubject = s003
surfreg = sphere.reg
ProjFrac = 0.5
thickness = thickness
reshape = 0
interp = nearest
float2int = round
GetProjMax = 0
INFO: float2int code = 0
INFO: changing type to float
Done loading volume
Input reg is LTA
-------- original matrix -----------
 0.99982   0.00868   0.01697   2.84599;
-0.01516  -0.17715   0.98407  -12.44472;
 0.01154  -0.98415  -0.17699  -2.55475;
 0.00000   0.00000   0.00000   1.00000;
-------- original matrix -----------
Loading label /scratch/groups/lisik3/mcmahoneg/mri_data_anlys/subjects/s003/label/rh.cortex.label
Reading surface /scratch/groups/lisik3/mcmahoneg/mri_data_anlys/subjects/s003/surf/rh.white
Done reading source surface
Reading thickness /scratch/groups/lisik3/mcmahoneg/mri_data_anlys/subjects/s003/surf/rh.thickness
Done
Mapping Source Volume onto Source Subject Surface
 1 0.5 0.5 0.5
using old
Done mapping volume to surface
Number of source voxels hit = 15430
Masking with /scratch/groups/lisik3/mcmahoneg/mri_data_anlys/subjects/s003/label/rh.cortex.label
Writing to /scratch/groups/lisik3/mcmahoneg/mri_data_anlys/studies/cont_actions/unpackdata/s003/bold/masks/brain.self.rh.nii.gz
Dim: 147229 1 1
mri_binarize --i /scratch/groups/lisik3/mcmahoneg/mri_data_anlys/studies/cont_actions/unpackdata/s003/bold/masks/brain.self.rh.nii.gz --min .00001 --o /scratch/groups/lisik3/mcmahoneg/mri_data_anlys/studies/cont_actions/unpackdata/s003/bold/masks/brain.self.rh.nii.gz

$Id: mri_binarize.c,v 1.43 2016/06/09 20:46:21 greve Exp $
cwd /scratch/groups/lisik3/mcmahoneg/mri_data_anlys/studies/cont_actions/analysis
cmdline mri_binarize.bin --i /scratch/groups/lisik3/mcmahoneg/mri_data_anlys/studies/cont_actions/unpackdata/s003/bold/masks/brain.self.rh.nii.gz --min .00001 --o /scratch/groups/lisik3/mcmahoneg/mri_data_anlys/studies/cont_actions/unpackdata/s003/bold/masks/brain.self.rh.nii.gz 
sysname  Linux
hostname compute0784
machine  x86_64
user     emcmaho7@jhu.edu

input      /scratch/groups/lisik3/mcmahoneg/mri_data_anlys/studies/cont_actions/unpackdata/s003/bold/masks/brain.self.rh.nii.gz
frame      0
nErode3d   0
nErode2d   0
output     /scratch/groups/lisik3/mcmahoneg/mri_data_anlys/studies/cont_actions/unpackdata/s003/bold/masks/brain.self.rh.nii.gz
Binarizing based on threshold
min        1e-05
max        +infinity
binval        1
binvalnot     0
fstart = 0, fend = 0, nframes = 1
Found 138923 values in range
Counting number of voxels in first frame
Found 138923 voxels in final mask
Count: 138923 138923.000000 147229 94.358448
mri_binarize done
  1/1 s003 004 rh ---------
    Wed Mar  4 16:33:01 EST 2020
mri_vol2surf --mov /scratch/groups/lisik3/mcmahoneg/mri_data_anlys/studies/cont_actions/unpackdata/s003/bold/004/fmc.nii.gz --reg /scratch/groups/lisik3/mcmahoneg/mri_data_anlys/studies/cont_actions/unpackdata/s003/bold/register.dof6.lta --trgsubject s003 --interp trilin --projfrac 0.5 --hemi rh --o /scratch/groups/lisik3/mcmahoneg/mri_data_anlys/studies/cont_actions/unpackdata/s003/bold/004/fmc.sm0.self.rh.nii.gz --noreshape --cortex
srcvol = /scratch/groups/lisik3/mcmahoneg/mri_data_anlys/studies/cont_actions/unpackdata/s003/bold/004/fmc.nii.gz
srcreg = /scratch/groups/lisik3/mcmahoneg/mri_data_anlys/studies/cont_actions/unpackdata/s003/bold/register.dof6.lta
srcregold = 0
srcwarp unspecified
surf = white
hemi = rh
trgsubject = s003
surfreg = sphere.reg
ProjFrac = 0.5
thickness = thickness
reshape = 0
interp = trilin
float2int = round
GetProjMax = 0
INFO: float2int code = 0
Done loading volume
Input reg is LTA
-------- original matrix -----------
 0.99982   0.00868   0.01697   2.84599;
-0.01516  -0.17715   0.98407  -12.44472;
 0.01154  -0.98415  -0.17699  -2.55475;
 0.00000   0.00000   0.00000   1.00000;
-------- original matrix -----------
Loading label /scratch/groups/lisik3/mcmahoneg/mri_data_anlys/subjects/s003/label/rh.cortex.label
Reading surface /scratch/groups/lisik3/mcmahoneg/mri_data_anlys/subjects/s003/surf/rh.white
Done reading source surface
Reading thickness /scratch/groups/lisik3/mcmahoneg/mri_data_anlys/subjects/s003/surf/rh.thickness
Done
Mapping Source Volume onto Source Subject Surface
 1 0.5 0.5 0.5
using old
Done mapping volume to surface
Number of source voxels hit = 15430
Masking with /scratch/groups/lisik3/mcmahoneg/mri_data_anlys/subjects/s003/label/rh.cortex.label
Writing to /scratch/groups/lisik3/mcmahoneg/mri_data_anlys/studies/cont_actions/unpackdata/s003/bold/004/fmc.sm0.self.rh.nii.gz
Dim: 147229 1 1
  1/1 s003 005 rh ---------
    Wed Mar  4 16:33:08 EST 2020
mri_vol2surf --mov /scratch/groups/lisik3/mcmahoneg/mri_data_anlys/studies/cont_actions/unpackdata/s003/bold/005/fmc.nii.gz --reg /scratch/groups/lisik3/mcmahoneg/mri_data_anlys/studies/cont_actions/unpackdata/s003/bold/register.dof6.lta --trgsubject s003 --interp trilin --projfrac 0.5 --hemi rh --o /scratch/groups/lisik3/mcmahoneg/mri_data_anlys/studies/cont_actions/unpackdata/s003/bold/005/fmc.sm0.self.rh.nii.gz --noreshape --cortex
srcvol = /scratch/groups/lisik3/mcmahoneg/mri_data_anlys/studies/cont_actions/unpackdata/s003/bold/005/fmc.nii.gz
srcreg = /scratch/groups/lisik3/mcmahoneg/mri_data_anlys/studies/cont_actions/unpackdata/s003/bold/register.dof6.lta
srcregold = 0
srcwarp unspecified
surf = white
hemi = rh
trgsubject = s003
surfreg = sphere.reg
ProjFrac = 0.5
thickness = thickness
reshape = 0
interp = trilin
float2int = round
GetProjMax = 0
INFO: float2int code = 0
Done loading volume
Input reg is LTA
-------- original matrix -----------
 0.99982   0.00868   0.01697   2.84599;
-0.01516  -0.17715   0.98407  -12.44472;
 0.01154  -0.98415  -0.17699  -2.55475;
 0.00000   0.00000   0.00000   1.00000;
-------- original matrix -----------
Loading label /scratch/groups/lisik3/mcmahoneg/mri_data_anlys/subjects/s003/label/rh.cortex.label
Reading surface /scratch/groups/lisik3/mcmahoneg/mri_data_anlys/subjects/s003/surf/rh.white
Done reading source surface
Reading thickness /scratch/groups/lisik3/mcmahoneg/mri_data_anlys/subjects/s003/surf/rh.thickness
Done
Mapping Source Volume onto Source Subject Surface
 1 0.5 0.5 0.5
using old
Done mapping volume to surface
Number of source voxels hit = 15430
Masking with /scratch/groups/lisik3/mcmahoneg/mri_data_anlys/subjects/s003/label/rh.cortex.label
Writing to /scratch/groups/lisik3/mcmahoneg/mri_data_anlys/studies/cont_actions/unpackdata/s003/bold/005/fmc.sm0.self.rh.nii.gz
Dim: 147229 1 1
  1/1 s003 009 rh ---------
    Wed Mar  4 16:33:15 EST 2020
mri_vol2surf --mov /scratch/groups/lisik3/mcmahoneg/mri_data_anlys/studies/cont_actions/unpackdata/s003/bold/009/fmc.nii.gz --reg /scratch/groups/lisik3/mcmahoneg/mri_data_anlys/studies/cont_actions/unpackdata/s003/bold/register.dof6.lta --trgsubject s003 --interp trilin --projfrac 0.5 --hemi rh --o /scratch/groups/lisik3/mcmahoneg/mri_data_anlys/studies/cont_actions/unpackdata/s003/bold/009/fmc.sm0.self.rh.nii.gz --noreshape --cortex
srcvol = /scratch/groups/lisik3/mcmahoneg/mri_data_anlys/studies/cont_actions/unpackdata/s003/bold/009/fmc.nii.gz
srcreg = /scratch/groups/lisik3/mcmahoneg/mri_data_anlys/studies/cont_actions/unpackdata/s003/bold/register.dof6.lta
srcregold = 0
srcwarp unspecified
surf = white
hemi = rh
trgsubject = s003
surfreg = sphere.reg
ProjFrac = 0.5
thickness = thickness
reshape = 0
interp = trilin
float2int = round
GetProjMax = 0
INFO: float2int code = 0
Done loading volume
Input reg is LTA
-------- original matrix -----------
 0.99982   0.00868   0.01697   2.84599;
-0.01516  -0.17715   0.98407  -12.44472;
 0.01154  -0.98415  -0.17699  -2.55475;
 0.00000   0.00000   0.00000   1.00000;
-------- original matrix -----------
Loading label /scratch/groups/lisik3/mcmahoneg/mri_data_anlys/subjects/s003/label/rh.cortex.label
Reading surface /scratch/groups/lisik3/mcmahoneg/mri_data_anlys/subjects/s003/surf/rh.white
Done reading source surface
Reading thickness /scratch/groups/lisik3/mcmahoneg/mri_data_anlys/subjects/s003/surf/rh.thickness
Done
Mapping Source Volume onto Source Subject Surface
 1 0.5 0.5 0.5
using old
Done mapping volume to surface
Number of source voxels hit = 15430
Masking with /scratch/groups/lisik3/mcmahoneg/mri_data_anlys/subjects/s003/label/rh.cortex.label
Writing to /scratch/groups/lisik3/mcmahoneg/mri_data_anlys/studies/cont_actions/unpackdata/s003/bold/009/fmc.sm0.self.rh.nii.gz
Dim: 147229 1 1
  1/1 s003 010 rh ---------
    Wed Mar  4 16:33:22 EST 2020
mri_vol2surf --mov /scratch/groups/lisik3/mcmahoneg/mri_data_anlys/studies/cont_actions/unpackdata/s003/bold/010/fmc.nii.gz --reg /scratch/groups/lisik3/mcmahoneg/mri_data_anlys/studies/cont_actions/unpackdata/s003/bold/register.dof6.lta --trgsubject s003 --interp trilin --projfrac 0.5 --hemi rh --o /scratch/groups/lisik3/mcmahoneg/mri_data_anlys/studies/cont_actions/unpackdata/s003/bold/010/fmc.sm0.self.rh.nii.gz --noreshape --cortex
srcvol = /scratch/groups/lisik3/mcmahoneg/mri_data_anlys/studies/cont_actions/unpackdata/s003/bold/010/fmc.nii.gz
srcreg = /scratch/groups/lisik3/mcmahoneg/mri_data_anlys/studies/cont_actions/unpackdata/s003/bold/register.dof6.lta
srcregold = 0
srcwarp unspecified
surf = white
hemi = rh
trgsubject = s003
surfreg = sphere.reg
ProjFrac = 0.5
thickness = thickness
reshape = 0
interp = trilin
float2int = round
GetProjMax = 0
INFO: float2int code = 0
Done loading volume
Input reg is LTA
-------- original matrix -----------
 0.99982   0.00868   0.01697   2.84599;
-0.01516  -0.17715   0.98407  -12.44472;
 0.01154  -0.98415  -0.17699  -2.55475;
 0.00000   0.00000   0.00000   1.00000;
-------- original matrix -----------
Loading label /scratch/groups/lisik3/mcmahoneg/mri_data_anlys/subjects/s003/label/rh.cortex.label
Reading surface /scratch/groups/lisik3/mcmahoneg/mri_data_anlys/subjects/s003/surf/rh.white
Done reading source surface
Reading thickness /scratch/groups/lisik3/mcmahoneg/mri_data_anlys/subjects/s003/surf/rh.thickness
Done
Mapping Source Volume onto Source Subject Surface
 1 0.5 0.5 0.5
using old
Done mapping volume to surface
Number of source voxels hit = 15430
Masking with /scratch/groups/lisik3/mcmahoneg/mri_data_anlys/subjects/s003/label/rh.cortex.label
Writing to /scratch/groups/lisik3/mcmahoneg/mri_data_anlys/studies/cont_actions/unpackdata/s003/bold/010/fmc.sm0.self.rh.nii.gz
Dim: 147229 1 1
  1/1 s003 013 rh ---------
    Wed Mar  4 16:33:28 EST 2020
mri_vol2surf --mov /scratch/groups/lisik3/mcmahoneg/mri_data_anlys/studies/cont_actions/unpackdata/s003/bold/013/fmc.nii.gz --reg /scratch/groups/lisik3/mcmahoneg/mri_data_anlys/studies/cont_actions/unpackdata/s003/bold/register.dof6.lta --trgsubject s003 --interp trilin --projfrac 0.5 --hemi rh --o /scratch/groups/lisik3/mcmahoneg/mri_data_anlys/studies/cont_actions/unpackdata/s003/bold/013/fmc.sm0.self.rh.nii.gz --noreshape --cortex
srcvol = /scratch/groups/lisik3/mcmahoneg/mri_data_anlys/studies/cont_actions/unpackdata/s003/bold/013/fmc.nii.gz
srcreg = /scratch/groups/lisik3/mcmahoneg/mri_data_anlys/studies/cont_actions/unpackdata/s003/bold/register.dof6.lta
srcregold = 0
srcwarp unspecified
surf = white
hemi = rh
trgsubject = s003
surfreg = sphere.reg
ProjFrac = 0.5
thickness = thickness
reshape = 0
interp = trilin
float2int = round
GetProjMax = 0
INFO: float2int code = 0
Done loading volume
Input reg is LTA
-------- original matrix -----------
 0.99982   0.00868   0.01697   2.84599;
-0.01516  -0.17715   0.98407  -12.44472;
 0.01154  -0.98415  -0.17699  -2.55475;
 0.00000   0.00000   0.00000   1.00000;
-------- original matrix -----------
Loading label /scratch/groups/lisik3/mcmahoneg/mri_data_anlys/subjects/s003/label/rh.cortex.label
Reading surface /scratch/groups/lisik3/mcmahoneg/mri_data_anlys/subjects/s003/surf/rh.white
Done reading source surface
Reading thickness /scratch/groups/lisik3/mcmahoneg/mri_data_anlys/subjects/s003/surf/rh.thickness
Done
Mapping Source Volume onto Source Subject Surface
 1 0.5 0.5 0.5
using old
Done mapping volume to surface
Number of source voxels hit = 15430
Masking with /scratch/groups/lisik3/mcmahoneg/mri_data_anlys/subjects/s003/label/rh.cortex.label
Writing to /scratch/groups/lisik3/mcmahoneg/mri_data_anlys/studies/cont_actions/unpackdata/s003/bold/013/fmc.sm0.self.rh.nii.gz
Dim: 147229 1 1
  1/1 s003 014 rh ---------
    Wed Mar  4 16:33:35 EST 2020
mri_vol2surf --mov /scratch/groups/lisik3/mcmahoneg/mri_data_anlys/studies/cont_actions/unpackdata/s003/bold/014/fmc.nii.gz --reg /scratch/groups/lisik3/mcmahoneg/mri_data_anlys/studies/cont_actions/unpackdata/s003/bold/register.dof6.lta --trgsubject s003 --interp trilin --projfrac 0.5 --hemi rh --o /scratch/groups/lisik3/mcmahoneg/mri_data_anlys/studies/cont_actions/unpackdata/s003/bold/014/fmc.sm0.self.rh.nii.gz --noreshape --cortex
srcvol = /scratch/groups/lisik3/mcmahoneg/mri_data_anlys/studies/cont_actions/unpackdata/s003/bold/014/fmc.nii.gz
srcreg = /scratch/groups/lisik3/mcmahoneg/mri_data_anlys/studies/cont_actions/unpackdata/s003/bold/register.dof6.lta
srcregold = 0
srcwarp unspecified
surf = white
hemi = rh
trgsubject = s003
surfreg = sphere.reg
ProjFrac = 0.5
thickness = thickness
reshape = 0
interp = trilin
float2int = round
GetProjMax = 0
INFO: float2int code = 0
Done loading volume
Input reg is LTA
-------- original matrix -----------
 0.99982   0.00868   0.01697   2.84599;
-0.01516  -0.17715   0.98407  -12.44472;
 0.01154  -0.98415  -0.17699  -2.55475;
 0.00000   0.00000   0.00000   1.00000;
-------- original matrix -----------
Loading label /scratch/groups/lisik3/mcmahoneg/mri_data_anlys/subjects/s003/label/rh.cortex.label
Reading surface /scratch/groups/lisik3/mcmahoneg/mri_data_anlys/subjects/s003/surf/rh.white
Done reading source surface
Reading thickness /scratch/groups/lisik3/mcmahoneg/mri_data_anlys/subjects/s003/surf/rh.thickness
Done
Mapping Source Volume onto Source Subject Surface
 1 0.5 0.5 0.5
using old
Done mapping volume to surface
Number of source voxels hit = 15430
Masking with /scratch/groups/lisik3/mcmahoneg/mri_data_anlys/subjects/s003/label/rh.cortex.label
Writing to /scratch/groups/lisik3/mcmahoneg/mri_data_anlys/studies/cont_actions/unpackdata/s003/bold/014/fmc.sm0.self.rh.nii.gz
Dim: 147229 1 1
  1/1 s003 018 rh ---------
    Wed Mar  4 16:33:41 EST 2020
mri_vol2surf --mov /scratch/groups/lisik3/mcmahoneg/mri_data_anlys/studies/cont_actions/unpackdata/s003/bold/018/fmc.nii.gz --reg /scratch/groups/lisik3/mcmahoneg/mri_data_anlys/studies/cont_actions/unpackdata/s003/bold/register.dof6.lta --trgsubject s003 --interp trilin --projfrac 0.5 --hemi rh --o /scratch/groups/lisik3/mcmahoneg/mri_data_anlys/studies/cont_actions/unpackdata/s003/bold/018/fmc.sm0.self.rh.nii.gz --noreshape --cortex
srcvol = /scratch/groups/lisik3/mcmahoneg/mri_data_anlys/studies/cont_actions/unpackdata/s003/bold/018/fmc.nii.gz
srcreg = /scratch/groups/lisik3/mcmahoneg/mri_data_anlys/studies/cont_actions/unpackdata/s003/bold/register.dof6.lta
srcregold = 0
srcwarp unspecified
surf = white
hemi = rh
trgsubject = s003
surfreg = sphere.reg
ProjFrac = 0.5
thickness = thickness
reshape = 0
interp = trilin
float2int = round
GetProjMax = 0
INFO: float2int code = 0
Done loading volume
Input reg is LTA
-------- original matrix -----------
 0.99982   0.00868   0.01697   2.84599;
-0.01516  -0.17715   0.98407  -12.44472;
 0.01154  -0.98415  -0.17699  -2.55475;
 0.00000   0.00000   0.00000   1.00000;
-------- original matrix -----------
Loading label /scratch/groups/lisik3/mcmahoneg/mri_data_anlys/subjects/s003/label/rh.cortex.label
Reading surface /scratch/groups/lisik3/mcmahoneg/mri_data_anlys/subjects/s003/surf/rh.white
Done reading source surface
Reading thickness /scratch/groups/lisik3/mcmahoneg/mri_data_anlys/subjects/s003/surf/rh.thickness
Done
Mapping Source Volume onto Source Subject Surface
 1 0.5 0.5 0.5
using old
Done mapping volume to surface
Number of source voxels hit = 15430
Masking with /scratch/groups/lisik3/mcmahoneg/mri_data_anlys/subjects/s003/label/rh.cortex.label
Writing to /scratch/groups/lisik3/mcmahoneg/mri_data_anlys/studies/cont_actions/unpackdata/s003/bold/018/fmc.sm0.self.rh.nii.gz
Dim: 147229 1 1
  1/1 s003 019 rh ---------
    Wed Mar  4 16:33:48 EST 2020
mri_vol2surf --mov /scratch/groups/lisik3/mcmahoneg/mri_data_anlys/studies/cont_actions/unpackdata/s003/bold/019/fmc.nii.gz --reg /scratch/groups/lisik3/mcmahoneg/mri_data_anlys/studies/cont_actions/unpackdata/s003/bold/register.dof6.lta --trgsubject s003 --interp trilin --projfrac 0.5 --hemi rh --o /scratch/groups/lisik3/mcmahoneg/mri_data_anlys/studies/cont_actions/unpackdata/s003/bold/019/fmc.sm0.self.rh.nii.gz --noreshape --cortex
srcvol = /scratch/groups/lisik3/mcmahoneg/mri_data_anlys/studies/cont_actions/unpackdata/s003/bold/019/fmc.nii.gz
srcreg = /scratch/groups/lisik3/mcmahoneg/mri_data_anlys/studies/cont_actions/unpackdata/s003/bold/register.dof6.lta
srcregold = 0
srcwarp unspecified
surf = white
hemi = rh
trgsubject = s003
surfreg = sphere.reg
ProjFrac = 0.5
thickness = thickness
reshape = 0
interp = trilin
float2int = round
GetProjMax = 0
INFO: float2int code = 0
Done loading volume
Input reg is LTA
-------- original matrix -----------
 0.99982   0.00868   0.01697   2.84599;
-0.01516  -0.17715   0.98407  -12.44472;
 0.01154  -0.98415  -0.17699  -2.55475;
 0.00000   0.00000   0.00000   1.00000;
-------- original matrix -----------
Loading label /scratch/groups/lisik3/mcmahoneg/mri_data_anlys/subjects/s003/label/rh.cortex.label
Reading surface /scratch/groups/lisik3/mcmahoneg/mri_data_anlys/subjects/s003/surf/rh.white
Done reading source surface
Reading thickness /scratch/groups/lisik3/mcmahoneg/mri_data_anlys/subjects/s003/surf/rh.thickness
Done
Mapping Source Volume onto Source Subject Surface
 1 0.5 0.5 0.5
using old
Done mapping volume to surface
Number of source voxels hit = 15430
Masking with /scratch/groups/lisik3/mcmahoneg/mri_data_anlys/subjects/s003/label/rh.cortex.label
Writing to /scratch/groups/lisik3/mcmahoneg/mri_data_anlys/studies/cont_actions/unpackdata/s003/bold/019/fmc.sm0.self.rh.nii.gz
Dim: 147229 1 1
  1/1 s003 022 rh ---------
    Wed Mar  4 16:33:55 EST 2020
mri_vol2surf --mov /scratch/groups/lisik3/mcmahoneg/mri_data_anlys/studies/cont_actions/unpackdata/s003/bold/022/fmc.nii.gz --reg /scratch/groups/lisik3/mcmahoneg/mri_data_anlys/studies/cont_actions/unpackdata/s003/bold/register.dof6.lta --trgsubject s003 --interp trilin --projfrac 0.5 --hemi rh --o /scratch/groups/lisik3/mcmahoneg/mri_data_anlys/studies/cont_actions/unpackdata/s003/bold/022/fmc.sm0.self.rh.nii.gz --noreshape --cortex
srcvol = /scratch/groups/lisik3/mcmahoneg/mri_data_anlys/studies/cont_actions/unpackdata/s003/bold/022/fmc.nii.gz
srcreg = /scratch/groups/lisik3/mcmahoneg/mri_data_anlys/studies/cont_actions/unpackdata/s003/bold/register.dof6.lta
srcregold = 0
srcwarp unspecified
surf = white
hemi = rh
trgsubject = s003
surfreg = sphere.reg
ProjFrac = 0.5
thickness = thickness
reshape = 0
interp = trilin
float2int = round
GetProjMax = 0
INFO: float2int code = 0
Done loading volume
Input reg is LTA
-------- original matrix -----------
 0.99982   0.00868   0.01697   2.84599;
-0.01516  -0.17715   0.98407  -12.44472;
 0.01154  -0.98415  -0.17699  -2.55475;
 0.00000   0.00000   0.00000   1.00000;
-------- original matrix -----------
Loading label /scratch/groups/lisik3/mcmahoneg/mri_data_anlys/subjects/s003/label/rh.cortex.label
Reading surface /scratch/groups/lisik3/mcmahoneg/mri_data_anlys/subjects/s003/surf/rh.white
Done reading source surface
Reading thickness /scratch/groups/lisik3/mcmahoneg/mri_data_anlys/subjects/s003/surf/rh.thickness
Done
Mapping Source Volume onto Source Subject Surface
 1 0.5 0.5 0.5
using old
Done mapping volume to surface
Number of source voxels hit = 15430
Masking with /scratch/groups/lisik3/mcmahoneg/mri_data_anlys/subjects/s003/label/rh.cortex.label
Writing to /scratch/groups/lisik3/mcmahoneg/mri_data_anlys/studies/cont_actions/unpackdata/s003/bold/022/fmc.sm0.self.rh.nii.gz
Dim: 147229 1 1
  1/1 s003 023 rh ---------
    Wed Mar  4 16:34:01 EST 2020
mri_vol2surf --mov /scratch/groups/lisik3/mcmahoneg/mri_data_anlys/studies/cont_actions/unpackdata/s003/bold/023/fmc.nii.gz --reg /scratch/groups/lisik3/mcmahoneg/mri_data_anlys/studies/cont_actions/unpackdata/s003/bold/register.dof6.lta --trgsubject s003 --interp trilin --projfrac 0.5 --hemi rh --o /scratch/groups/lisik3/mcmahoneg/mri_data_anlys/studies/cont_actions/unpackdata/s003/bold/023/fmc.sm0.self.rh.nii.gz --noreshape --cortex
srcvol = /scratch/groups/lisik3/mcmahoneg/mri_data_anlys/studies/cont_actions/unpackdata/s003/bold/023/fmc.nii.gz
srcreg = /scratch/groups/lisik3/mcmahoneg/mri_data_anlys/studies/cont_actions/unpackdata/s003/bold/register.dof6.lta
srcregold = 0
srcwarp unspecified
surf = white
hemi = rh
trgsubject = s003
surfreg = sphere.reg
ProjFrac = 0.5
thickness = thickness
reshape = 0
interp = trilin
float2int = round
GetProjMax = 0
INFO: float2int code = 0
Done loading volume
Input reg is LTA
-------- original matrix -----------
 0.99982   0.00868   0.01697   2.84599;
-0.01516  -0.17715   0.98407  -12.44472;
 0.01154  -0.98415  -0.17699  -2.55475;
 0.00000   0.00000   0.00000   1.00000;
-------- original matrix -----------
Loading label /scratch/groups/lisik3/mcmahoneg/mri_data_anlys/subjects/s003/label/rh.cortex.label
Reading surface /scratch/groups/lisik3/mcmahoneg/mri_data_anlys/subjects/s003/surf/rh.white
Done reading source surface
Reading thickness /scratch/groups/lisik3/mcmahoneg/mri_data_anlys/subjects/s003/surf/rh.thickness
Done
Mapping Source Volume onto Source Subject Surface
 1 0.5 0.5 0.5
using old
Done mapping volume to surface
Number of source voxels hit = 15430
Masking with /scratch/groups/lisik3/mcmahoneg/mri_data_anlys/subjects/s003/label/rh.cortex.label
Writing to /scratch/groups/lisik3/mcmahoneg/mri_data_anlys/studies/cont_actions/unpackdata/s003/bold/023/fmc.sm0.self.rh.nii.gz
Dim: 147229 1 1

Wed Mar  4 16:34:08 EST 2020
rawfunc2surf-sess completed 
----------------------------------------
Started at Wed Mar 4 16:32:58 EST 2020
Ended   at Wed Mar  4 16:34:08 EST 2020
preproc-sess done
-------------------------------------------
1/1 /scratch/groups/lisik3/mcmahoneg/mri_data_anlys/studies/cont_actions/unpackdata/s003 
Wed Mar  4 16:34:08 EST 2020
anadir = /scratch/groups/lisik3/mcmahoneg/mri_data_anlys/studies/cont_actions/unpackdata/s003/bold/maintask-surface-rh-sm0
    s003 Update needed
MLF is /tmp/selxavg3-sess-68286.m
------------------------------------------
% Wed Mar  4 16:34:08 EST 2020  
% /scratch/groups/lisik3/mcmahoneg/mri_data_anlys/studies/cont_actions/analysis  
%  maintask-surface-rh-sm0  
which fast_selxavg3
which fast_ldanaflac
which MRIread
  
  
fast_selxavg3b('/scratch/groups/lisik3/mcmahoneg/mri_data_anlys/studies/cont_actions/unpackdata/s003/bold/maintask-surface-rh-sm0/sxa3.config.txt')
if(~fast_fileexists('/tmp/selxavg3-sess-68286.ok')); quit; end
%--------------------------------
  
  
quit;
------------------------------------------
------------------------------------------
------- matlab output --------------------
MATLAB is selecting SOFTWARE OPENGL rendering.

                            < M A T L A B (R) >
                  Copyright 1984-2019 The MathWorks, Inc.
                  R2019a (9.6.0.1072779) 64-bit (glnxa64)
                               March 8, 2019

 
To get started, type doc.
For product information, visit www.mathworks.com.
 
>> >> >> >> /software/apps/freesurfer/6.0.0/fsfast/toolbox/fast_selxavg3.m
>> /software/apps/freesurfer/6.0.0/fsfast/toolbox/fast_ldanaflac.m
>> /software/apps/freesurfer/6.0.0/matlab/MRIread.m
>> >> >> starting fast_selxavg3b


#@# s003 ###############################
/scratch/groups/lisik3/mcmahoneg/mri_data_anlys/studies/cont_actions/unpackdata/s003
-------------------------
$Id: fast_selxavg3b.m,v 1.4 2016/05/04 22:16:47 greve Exp $
-------------------------
outtop = /scratch/groups/lisik3/mcmahoneg/mri_data_anlys/studies/cont_actions/unpackdata
Extension format = nii.gz
INFO: key nSliceGroups unrecognized, line 12, skipping
 1 fixation.mat
Excluding 2 points
nruns = 10
autostimdur = 


outanadir = /scratch/groups/lisik3/mcmahoneg/mri_data_anlys/studies/cont_actions/unpackdata/s003/bold/maintask-surface-rh-sm0/pr004
Excluding 2 points
parfiles condition id list:  1  2  3  4 
Found 138923/147229 (94.4) voxels in mask 1
Creating Design Matrix
 ... creation time =  0.003 sec
DoMCFit = 1
ntptot = 118, nX = 11, DOF = 107
Saving X matrix to /scratch/groups/lisik3/mcmahoneg/mri_data_anlys/studies/cont_actions/unpackdata/s003/bold/maintask-surface-rh-sm0/pr004/Xtmp.mat
XCond = 37.9703 (normalized)
Computing compensation for resdual AR1 bias
 1  -0.5  -0.499488    (t=0.01058)
 2  -0.25  -0.275615    (t=0.012022)
 3  0  -0.0593299    (t=0.013633)
 4  0.25  0.14396    (t=0.014395)
 5  0.5  0.322613    (t=0.018588)
AR1 Correction M: 0.088957 1.20912
Computing contrast matrices
OLS Beta Pass 
  run 1    t= 0.0
reading data ... 0.881453
    Global Mean 201171.00
Global In-Mask Mean = 201171 (185544)
Rescale Target = 100
RescaleFactor = 0.00049709
OLS Residual Pass 
  run 1    t= 0.0
reading data ... 0.909055
Saving rho1
Smoothing ACF
/software/apps/freesurfer/6.0.0/bin/mris_fwhm --mask /scratch/groups/lisik3/mcmahoneg/mri_data_anlys/studies/cont_actions/unpackdata/s003/bold/maintask-surface-rh-sm0/pr004/mask.nii.gz --i /scratch/groups/lisik3/mcmahoneg/mri_data_anlys/studies/cont_actions/unpackdata/s003/bold/maintask-surface-rh-sm0/pr004/rho1mn.nii.gz --o /scratch/groups/lisik3/mcmahoneg/mri_data_anlys/studies/cont_actions/unpackdata/s003/bold/maintask-surface-rh-sm0/pr004/rho1mn.sm.nii.gz --fwhm 20.000000 --smooth-only --s s003 --hemi rh --sd /scratch/groups/lisik3/mcmahoneg/mri_data_anlys/subjects
s003 rh white
Number of vertices 147229
Number of faces    294454
Total area         101110.984375
GroupSurface 0
AvgVtxArea       0.686760
AvgVtxDist       0.905864
StdVtxDist       0.252122
Loading mask /scratch/groups/lisik3/mcmahoneg/mri_data_anlys/studies/cont_actions/unpackdata/s003/bold/maintask-surface-rh-sm0/pr004/mask.nii.gz
Found 138923 voxels in mask
Not Polynomial detrending
Smoothing input by fwhm=20.000000, gstd=8.493218, niters=215 
Only smoothing, so saving and exiting now

Found 0 voxels with corrected AR1 > 0.90
Whitening
Computing whitening matrices
Alloc Sinv: 118 118 30 ...  done t = 0.002525 sec
  seg   1   4631  nrho1 = 0.113
  seg   2   4631  nrho1 = 0.174
  seg   3   4631  nrho1 = 0.230
  seg   4   4631  nrho1 = 0.282
  seg   5   4631  nrho1 = 0.331
  seg   6   4631  nrho1 = 0.361
  seg   7   4631  nrho1 = 0.384
  seg   8   4631  nrho1 = 0.405
  seg   9   4631  nrho1 = 0.422
  seg  10   4631  nrho1 = 0.435
  seg  11   4631  nrho1 = 0.446
  seg  12   4631  nrho1 = 0.457
  seg  13   4631  nrho1 = 0.467
  seg  14   4631  nrho1 = 0.478
  seg  15   4631  nrho1 = 0.489
  seg  16   4631  nrho1 = 0.502
  seg  17   4631  nrho1 = 0.515
  seg  18   4631  nrho1 = 0.526
  seg  19   4631  nrho1 = 0.536
  seg  20   4631  nrho1 = 0.545
  seg  21   4631  nrho1 = 0.556
  seg  22   4631  nrho1 = 0.567
  seg  23   4631  nrho1 = 0.581
  seg  24   4631  nrho1 = 0.598
  seg  25   4631  nrho1 = 0.615
  seg  26   4631  nrho1 = 0.636
  seg  27   4631  nrho1 = 0.658
  seg  28   4631  nrho1 = 0.686
  seg  29   4631  nrho1 = 0.725
  seg  30   4624  nrho1 = 0.762
GLS Beta Pass 
  run 1    t= 0.0
GLS Residual Pass 
  run 1    t= 0.0
Found 8306 zero-valued voxels
Computing contrasts
Starting contrasts
fixation J=1 -------------
Saving efficiency 15.9704
Testing Motion Correction Parameters
  0.29  -0.36   0.16  -0.15  -0.11   0.31   0.10   0.44  -2.17  -0.35  -0.19   0.30  -0.28   0.33   0.10   0.44  -0.10  -0.44 
Saving h.dat to /scratch/groups/lisik3/mcmahoneg/mri_data_anlys/studies/cont_actions/unpackdata/s003/bold/maintask-surface-rh-sm0/pr004/h.dat


outanadir = /scratch/groups/lisik3/mcmahoneg/mri_data_anlys/studies/cont_actions/unpackdata/s003/bold/maintask-surface-rh-sm0/pr005
Excluding 2 points
parfiles condition id list:  1  2  3  4 
Found 138923/147229 (94.4) voxels in mask 1
Creating Design Matrix
 ... creation time =  0.001 sec
DoMCFit = 1
ntptot = 118, nX = 11, DOF = 107
Saving X matrix to /scratch/groups/lisik3/mcmahoneg/mri_data_anlys/studies/cont_actions/unpackdata/s003/bold/maintask-surface-rh-sm0/pr005/Xtmp.mat
XCond = 32.7431 (normalized)
Computing compensation for resdual AR1 bias
 1  -0.5  -0.500287    (t=0.001544)
 2  -0.25  -0.276051    (t=0.002716)
 3  0  -0.0593622    (t=0.003309)
 4  0.25  0.144579    (t=0.003797)
 5  0.5  0.32525    (t=0.004286)
AR1 Correction M: 0.0881505 1.20467
Computing contrast matrices
OLS Beta Pass 
  run 2    t= 0.0
reading data ... 0.870869
    Global Mean 202291.00
Global In-Mask Mean = 202291 (185959)
Rescale Target = 100
RescaleFactor = 0.000494337
OLS Residual Pass 
  run 2    t= 0.0
reading data ... 0.874099
Saving rho1
Smoothing ACF
/software/apps/freesurfer/6.0.0/bin/mris_fwhm --mask /scratch/groups/lisik3/mcmahoneg/mri_data_anlys/studies/cont_actions/unpackdata/s003/bold/maintask-surface-rh-sm0/pr005/mask.nii.gz --i /scratch/groups/lisik3/mcmahoneg/mri_data_anlys/studies/cont_actions/unpackdata/s003/bold/maintask-surface-rh-sm0/pr005/rho1mn.nii.gz --o /scratch/groups/lisik3/mcmahoneg/mri_data_anlys/studies/cont_actions/unpackdata/s003/bold/maintask-surface-rh-sm0/pr005/rho1mn.sm.nii.gz --fwhm 20.000000 --smooth-only --s s003 --hemi rh --sd /scratch/groups/lisik3/mcmahoneg/mri_data_anlys/subjects
s003 rh white
Number of vertices 147229
Number of faces    294454
Total area         101110.984375
GroupSurface 0
AvgVtxArea       0.686760
AvgVtxDist       0.905864
StdVtxDist       0.252122
Loading mask /scratch/groups/lisik3/mcmahoneg/mri_data_anlys/studies/cont_actions/unpackdata/s003/bold/maintask-surface-rh-sm0/pr005/mask.nii.gz
Found 138923 voxels in mask
Not Polynomial detrending
Smoothing input by fwhm=20.000000, gstd=8.493218, niters=215 
Only smoothing, so saving and exiting now

Found 0 voxels with corrected AR1 > 0.90
Whitening
Computing whitening matrices
Alloc Sinv: 118 118 30 ...  done t = 0.003203 sec
  seg   1   4631  nrho1 = 0.148
  seg   2   4631  nrho1 = 0.192
  seg   3   4631  nrho1 = 0.222
  seg   4   4631  nrho1 = 0.238
  seg   5   4631  nrho1 = 0.248
  seg   6   4631  nrho1 = 0.256
  seg   7   4631  nrho1 = 0.263
  seg   8   4631  nrho1 = 0.270
  seg   9   4631  nrho1 = 0.277
  seg  10   4631  nrho1 = 0.283
  seg  11   4631  nrho1 = 0.289
  seg  12   4631  nrho1 = 0.294
  seg  13   4631  nrho1 = 0.299
  seg  14   4631  nrho1 = 0.304
  seg  15   4631  nrho1 = 0.309
  seg  16   4631  nrho1 = 0.314
  seg  17   4631  nrho1 = 0.319
  seg  18   4631  nrho1 = 0.324
  seg  19   4631  nrho1 = 0.328
  seg  20   4631  nrho1 = 0.333
  seg  21   4631  nrho1 = 0.338
  seg  22   4631  nrho1 = 0.343
  seg  23   4631  nrho1 = 0.349
  seg  24   4631  nrho1 = 0.354
  seg  25   4631  nrho1 = 0.360
  seg  26   4631  nrho1 = 0.366
  seg  27   4631  nrho1 = 0.374
  seg  28   4631  nrho1 = 0.383
  seg  29   4631  nrho1 = 0.393
  seg  30   4624  nrho1 = 0.411
GLS Beta Pass 
  run 2    t= 0.0
GLS Residual Pass 
  run 2    t= 0.0
Found 8306 zero-valued voxels
Computing contrasts
Starting contrasts
fixation J=1 -------------
Saving efficiency 21.6906
Testing Motion Correction Parameters
  5.05   4.70   3.16  -0.58   0.26   0.04  -3.65  -3.90  -1.36  -5.13  -3.67  -3.63  -0.54   0.36  -3.65  -3.90   3.65   3.90 
Saving h.dat to /scratch/groups/lisik3/mcmahoneg/mri_data_anlys/studies/cont_actions/unpackdata/s003/bold/maintask-surface-rh-sm0/pr005/h.dat


outanadir = /scratch/groups/lisik3/mcmahoneg/mri_data_anlys/studies/cont_actions/unpackdata/s003/bold/maintask-surface-rh-sm0/pr009
Excluding 2 points
parfiles condition id list:  1  2  3  4 
Found 138923/147229 (94.4) voxels in mask 1
Creating Design Matrix
 ... creation time =  0.001 sec
DoMCFit = 1
ntptot = 118, nX = 11, DOF = 107
Saving X matrix to /scratch/groups/lisik3/mcmahoneg/mri_data_anlys/studies/cont_actions/unpackdata/s003/bold/maintask-surface-rh-sm0/pr009/Xtmp.mat
XCond = 59.5124 (normalized)
Computing compensation for resdual AR1 bias
 1  -0.5  -0.495084    (t=0.000393)
 2  -0.25  -0.274    (t=0.000936)
 3  0  -0.0590953    (t=0.001419)
 4  0.25  0.1435    (t=0.001914)
 5  0.5  0.321855    (t=0.002395)
AR1 Correction M: 0.0882838 1.21662
Computing contrast matrices
OLS Beta Pass 
  run 3    t= 0.0
reading data ... 0.871085
    Global Mean 203275.00
Global In-Mask Mean = 203275 (186866)
Rescale Target = 100
RescaleFactor = 0.000491944
OLS Residual Pass 
  run 3    t= 0.0
reading data ... 0.873068
Saving rho1
Smoothing ACF
/software/apps/freesurfer/6.0.0/bin/mris_fwhm --mask /scratch/groups/lisik3/mcmahoneg/mri_data_anlys/studies/cont_actions/unpackdata/s003/bold/maintask-surface-rh-sm0/pr009/mask.nii.gz --i /scratch/groups/lisik3/mcmahoneg/mri_data_anlys/studies/cont_actions/unpackdata/s003/bold/maintask-surface-rh-sm0/pr009/rho1mn.nii.gz --o /scratch/groups/lisik3/mcmahoneg/mri_data_anlys/studies/cont_actions/unpackdata/s003/bold/maintask-surface-rh-sm0/pr009/rho1mn.sm.nii.gz --fwhm 20.000000 --smooth-only --s s003 --hemi rh --sd /scratch/groups/lisik3/mcmahoneg/mri_data_anlys/subjects
s003 rh white
Number of vertices 147229
Number of faces    294454
Total area         101110.984375
GroupSurface 0
AvgVtxArea       0.686760
AvgVtxDist       0.905864
StdVtxDist       0.252122
Loading mask /scratch/groups/lisik3/mcmahoneg/mri_data_anlys/studies/cont_actions/unpackdata/s003/bold/maintask-surface-rh-sm0/pr009/mask.nii.gz
Found 138923 voxels in mask
Not Polynomial detrending
Smoothing input by fwhm=20.000000, gstd=8.493218, niters=215 
Only smoothing, so saving and exiting now

Found 0 voxels with corrected AR1 > 0.90
Whitening
Computing whitening matrices
Alloc Sinv: 118 118 30 ...  done t = 0.003131 sec
  seg   1   4631  nrho1 = 0.057
  seg   2   4631  nrho1 = 0.073
  seg   3   4631  nrho1 = 0.086
  seg   4   4631  nrho1 = 0.097
  seg   5   4631  nrho1 = 0.107
  seg   6   4631  nrho1 = 0.119
  seg   7   4631  nrho1 = 0.130
  seg   8   4631  nrho1 = 0.138
  seg   9   4631  nrho1 = 0.144
  seg  10   4631  nrho1 = 0.150
  seg  11   4631  nrho1 = 0.155
  seg  12   4631  nrho1 = 0.160
  seg  13   4631  nrho1 = 0.166
  seg  14   4631  nrho1 = 0.171
  seg  15   4631  nrho1 = 0.176
  seg  16   4631  nrho1 = 0.181
  seg  17   4631  nrho1 = 0.186
  seg  18   4631  nrho1 = 0.190
  seg  19   4631  nrho1 = 0.194
  seg  20   4631  nrho1 = 0.199
  seg  21   4631  nrho1 = 0.204
  seg  22   4631  nrho1 = 0.211
  seg  23   4631  nrho1 = 0.220
  seg  24   4631  nrho1 = 0.230
  seg  25   4631  nrho1 = 0.242
  seg  26   4631  nrho1 = 0.256
  seg  27   4631  nrho1 = 0.274
  seg  28   4631  nrho1 = 0.294
  seg  29   4631  nrho1 = 0.314
  seg  30   4624  nrho1 = 0.345
GLS Beta Pass 
  run 3    t= 0.0
GLS Residual Pass 
  run 3    t= 0.0
Found 8306 zero-valued voxels
Computing contrasts
Starting contrasts
fixation J=1 -------------
Saving efficiency 16.9884
Testing Motion Correction Parameters
 -0.13   0.42   0.10   0.09  -0.31   0.33  -0.23   0.03  -1.14   0.23   0.13  -0.27  -0.35   0.40  -0.23   0.03   0.23  -0.03 
Saving h.dat to /scratch/groups/lisik3/mcmahoneg/mri_data_anlys/studies/cont_actions/unpackdata/s003/bold/maintask-surface-rh-sm0/pr009/h.dat


outanadir = /scratch/groups/lisik3/mcmahoneg/mri_data_anlys/studies/cont_actions/unpackdata/s003/bold/maintask-surface-rh-sm0/pr010
Excluding 2 points
parfiles condition id list:  1  2  3  4 
Found 138923/147229 (94.4) voxels in mask 1
Creating Design Matrix
 ... creation time =  0.001 sec
DoMCFit = 1
ntptot = 118, nX = 11, DOF = 107
Saving X matrix to /scratch/groups/lisik3/mcmahoneg/mri_data_anlys/studies/cont_actions/unpackdata/s003/bold/maintask-surface-rh-sm0/pr010/Xtmp.mat
XCond = 30.0391 (normalized)
Computing compensation for resdual AR1 bias
 1  -0.5  -0.487693    (t=0.000394)
 2  -0.25  -0.268103    (t=0.00094)
 3  0  -0.0537505    (t=0.001419)
 4  0.25  0.149759    (t=0.0019)
 5  0.5  0.33238    (t=0.00237)
AR1 Correction M: 0.079444 1.21323
Computing contrast matrices
OLS Beta Pass 
  run 4    t= 0.0
reading data ... 0.974082
    Global Mean 204053.00
Global In-Mask Mean = 204053 (187624)
Rescale Target = 100
RescaleFactor = 0.000490069
OLS Residual Pass 
  run 4    t= 0.0
reading data ... 0.898767
Saving rho1
Smoothing ACF
/software/apps/freesurfer/6.0.0/bin/mris_fwhm --mask /scratch/groups/lisik3/mcmahoneg/mri_data_anlys/studies/cont_actions/unpackdata/s003/bold/maintask-surface-rh-sm0/pr010/mask.nii.gz --i /scratch/groups/lisik3/mcmahoneg/mri_data_anlys/studies/cont_actions/unpackdata/s003/bold/maintask-surface-rh-sm0/pr010/rho1mn.nii.gz --o /scratch/groups/lisik3/mcmahoneg/mri_data_anlys/studies/cont_actions/unpackdata/s003/bold/maintask-surface-rh-sm0/pr010/rho1mn.sm.nii.gz --fwhm 20.000000 --smooth-only --s s003 --hemi rh --sd /scratch/groups/lisik3/mcmahoneg/mri_data_anlys/subjects
s003 rh white
Number of vertices 147229
Number of faces    294454
Total area         101110.984375
GroupSurface 0
AvgVtxArea       0.686760
AvgVtxDist       0.905864
StdVtxDist       0.252122
Loading mask /scratch/groups/lisik3/mcmahoneg/mri_data_anlys/studies/cont_actions/unpackdata/s003/bold/maintask-surface-rh-sm0/pr010/mask.nii.gz
Found 138923 voxels in mask
Not Polynomial detrending
Smoothing input by fwhm=20.000000, gstd=8.493218, niters=215 
Only smoothing, so saving and exiting now

Found 0 voxels with corrected AR1 > 0.90
Whitening
Computing whitening matrices
Alloc Sinv: 118 118 30 ...  done t = 0.002508 sec
  seg   1   4631  nrho1 = 0.076
  seg   2   4631  nrho1 = 0.092
  seg   3   4631  nrho1 = 0.103
  seg   4   4631  nrho1 = 0.112
  seg   5   4631  nrho1 = 0.121
  seg   6   4631  nrho1 = 0.128
  seg   7   4631  nrho1 = 0.134
  seg   8   4631  nrho1 = 0.140
  seg   9   4631  nrho1 = 0.145
  seg  10   4631  nrho1 = 0.149
  seg  11   4631  nrho1 = 0.153
  seg  12   4631  nrho1 = 0.157
  seg  13   4631  nrho1 = 0.162
  seg  14   4631  nrho1 = 0.166
  seg  15   4631  nrho1 = 0.171
  seg  16   4631  nrho1 = 0.175
  seg  17   4631  nrho1 = 0.180
  seg  18   4631  nrho1 = 0.184
  seg  19   4631  nrho1 = 0.189
  seg  20   4631  nrho1 = 0.194
  seg  21   4631  nrho1 = 0.199
  seg  22   4631  nrho1 = 0.204
  seg  23   4631  nrho1 = 0.210
  seg  24   4631  nrho1 = 0.215
  seg  25   4631  nrho1 = 0.219
  seg  26   4631  nrho1 = 0.225
  seg  27   4631  nrho1 = 0.236
  seg  28   4631  nrho1 = 0.248
  seg  29   4631  nrho1 = 0.261
  seg  30   4624  nrho1 = 0.278
GLS Beta Pass 
  run 4    t= 0.0
GLS Residual Pass 
  run 4    t= 0.0
Found 8306 zero-valued voxels
Computing contrasts
Starting contrasts
fixation J=1 -------------
Saving efficiency 16.257
Testing Motion Correction Parameters
 -0.05  -1.98   0.13  -2.18  -1.22  -1.86  -0.11  -0.29  -2.02  -0.90   0.07   1.55  -0.99  -1.34  -0.11  -0.29   0.11   0.29 
Saving h.dat to /scratch/groups/lisik3/mcmahoneg/mri_data_anlys/studies/cont_actions/unpackdata/s003/bold/maintask-surface-rh-sm0/pr010/h.dat


outanadir = /scratch/groups/lisik3/mcmahoneg/mri_data_anlys/studies/cont_actions/unpackdata/s003/bold/maintask-surface-rh-sm0/pr013
Excluding 2 points
parfiles condition id list:  1  2  3  4 
Found 138923/147229 (94.4) voxels in mask 1
Creating Design Matrix
 ... creation time =  0.004 sec
DoMCFit = 1
ntptot = 118, nX = 11, DOF = 107
Saving X matrix to /scratch/groups/lisik3/mcmahoneg/mri_data_anlys/studies/cont_actions/unpackdata/s003/bold/maintask-surface-rh-sm0/pr013/Xtmp.mat
XCond = 52.0745 (normalized)
Computing compensation for resdual AR1 bias
 1  -0.5  -0.493826    (t=0.000522)
 2  -0.25  -0.271736    (t=0.001102)
 3  0  -0.0568306    (t=0.001578)
 4  0.25  0.145275    (t=0.002068)
 5  0.5  0.322272    (t=0.002542)
AR1 Correction M: 0.0864184 1.21769
Computing contrast matrices
OLS Beta Pass 
  run 5    t= 0.0
reading data ... 0.873997
    Global Mean 202056.00
Global In-Mask Mean = 202056 (186190)
Rescale Target = 100
RescaleFactor = 0.000494912
OLS Residual Pass 
  run 5    t= 0.0
reading data ... 0.876313
Saving rho1
Smoothing ACF
/software/apps/freesurfer/6.0.0/bin/mris_fwhm --mask /scratch/groups/lisik3/mcmahoneg/mri_data_anlys/studies/cont_actions/unpackdata/s003/bold/maintask-surface-rh-sm0/pr013/mask.nii.gz --i /scratch/groups/lisik3/mcmahoneg/mri_data_anlys/studies/cont_actions/unpackdata/s003/bold/maintask-surface-rh-sm0/pr013/rho1mn.nii.gz --o /scratch/groups/lisik3/mcmahoneg/mri_data_anlys/studies/cont_actions/unpackdata/s003/bold/maintask-surface-rh-sm0/pr013/rho1mn.sm.nii.gz --fwhm 20.000000 --smooth-only --s s003 --hemi rh --sd /scratch/groups/lisik3/mcmahoneg/mri_data_anlys/subjects
s003 rh white
Number of vertices 147229
Number of faces    294454
Total area         101110.984375
GroupSurface 0
AvgVtxArea       0.686760
AvgVtxDist       0.905864
StdVtxDist       0.252122
Loading mask /scratch/groups/lisik3/mcmahoneg/mri_data_anlys/studies/cont_actions/unpackdata/s003/bold/maintask-surface-rh-sm0/pr013/mask.nii.gz
Found 138923 voxels in mask
Not Polynomial detrending
Smoothing input by fwhm=20.000000, gstd=8.493218, niters=215 
Only smoothing, so saving and exiting now

Found 0 voxels with corrected AR1 > 0.90
Whitening
Computing whitening matrices
Alloc Sinv: 118 118 30 ...  done t = 0.003041 sec
  seg   1   4631  nrho1 = 0.082
  seg   2   4631  nrho1 = 0.095
  seg   3   4631  nrho1 = 0.107
  seg   4   4631  nrho1 = 0.119
  seg   5   4631  nrho1 = 0.127
  seg   6   4631  nrho1 = 0.134
  seg   7   4631  nrho1 = 0.139
  seg   8   4631  nrho1 = 0.144
  seg   9   4631  nrho1 = 0.148
  seg  10   4631  nrho1 = 0.151
  seg  11   4631  nrho1 = 0.154
  seg  12   4631  nrho1 = 0.158
  seg  13   4631  nrho1 = 0.161
  seg  14   4631  nrho1 = 0.164
  seg  15   4631  nrho1 = 0.167
  seg  16   4631  nrho1 = 0.170
  seg  17   4631  nrho1 = 0.172
  seg  18   4631  nrho1 = 0.175
  seg  19   4631  nrho1 = 0.177
  seg  20   4631  nrho1 = 0.179
  seg  21   4631  nrho1 = 0.182
  seg  22   4631  nrho1 = 0.185
  seg  23   4631  nrho1 = 0.189
  seg  24   4631  nrho1 = 0.192
  seg  25   4631  nrho1 = 0.196
  seg  26   4631  nrho1 = 0.201
  seg  27   4631  nrho1 = 0.207
  seg  28   4631  nrho1 = 0.215
  seg  29   4631  nrho1 = 0.222
  seg  30   4624  nrho1 = 0.232
GLS Beta Pass 
  run 5    t= 0.0
GLS Residual Pass 
  run 5    t= 0.0
Found 8306 zero-valued voxels
Computing contrasts
Starting contrasts
fixation J=1 -------------
Saving efficiency 16.419
Testing Motion Correction Parameters
 -0.21   0.12   0.83   0.40  -0.15   0.78   0.82   0.51   0.24   0.24   0.40   0.34  -0.35   0.83   0.82   0.51  -0.82  -0.51 
Saving h.dat to /scratch/groups/lisik3/mcmahoneg/mri_data_anlys/studies/cont_actions/unpackdata/s003/bold/maintask-surface-rh-sm0/pr013/h.dat


outanadir = /scratch/groups/lisik3/mcmahoneg/mri_data_anlys/studies/cont_actions/unpackdata/s003/bold/maintask-surface-rh-sm0/pr014
Excluding 2 points
parfiles condition id list:  1  2  3  4 
Found 138923/147229 (94.4) voxels in mask 1
Creating Design Matrix
 ... creation time =  0.001 sec
DoMCFit = 1
ntptot = 118, nX = 11, DOF = 107
Saving X matrix to /scratch/groups/lisik3/mcmahoneg/mri_data_anlys/studies/cont_actions/unpackdata/s003/bold/maintask-surface-rh-sm0/pr014/Xtmp.mat
XCond = 33.4334 (normalized)
Computing compensation for resdual AR1 bias
 1  -0.5  -0.490548    (t=0.000339)
 2  -0.25  -0.269804    (t=0.000893)
 3  0  -0.0543276    (t=0.00137)
 4  0.25  0.149764    (t=0.001863)
 5  0.5  0.331273    (t=0.002337)
AR1 Correction M: 0.0807401 1.20998
Computing contrast matrices
OLS Beta Pass 
  run 6    t= 0.0
reading data ... 0.963019
    Global Mean 202697.00
Global In-Mask Mean = 202697 (186459)
Rescale Target = 100
RescaleFactor = 0.000493347
OLS Residual Pass 
  run 6    t= 0.0
reading data ... 0.87408
Saving rho1
Smoothing ACF
/software/apps/freesurfer/6.0.0/bin/mris_fwhm --mask /scratch/groups/lisik3/mcmahoneg/mri_data_anlys/studies/cont_actions/unpackdata/s003/bold/maintask-surface-rh-sm0/pr014/mask.nii.gz --i /scratch/groups/lisik3/mcmahoneg/mri_data_anlys/studies/cont_actions/unpackdata/s003/bold/maintask-surface-rh-sm0/pr014/rho1mn.nii.gz --o /scratch/groups/lisik3/mcmahoneg/mri_data_anlys/studies/cont_actions/unpackdata/s003/bold/maintask-surface-rh-sm0/pr014/rho1mn.sm.nii.gz --fwhm 20.000000 --smooth-only --s s003 --hemi rh --sd /scratch/groups/lisik3/mcmahoneg/mri_data_anlys/subjects
s003 rh white
Number of vertices 147229
Number of faces    294454
Total area         101110.984375
GroupSurface 0
AvgVtxArea       0.686760
AvgVtxDist       0.905864
StdVtxDist       0.252122
Loading mask /scratch/groups/lisik3/mcmahoneg/mri_data_anlys/studies/cont_actions/unpackdata/s003/bold/maintask-surface-rh-sm0/pr014/mask.nii.gz
Found 138923 voxels in mask
Not Polynomial detrending
Smoothing input by fwhm=20.000000, gstd=8.493218, niters=215 
Only smoothing, so saving and exiting now

Found 0 voxels with corrected AR1 > 0.90
Whitening
Computing whitening matrices
Alloc Sinv: 118 118 30 ...  done t = 0.003039 sec
  seg   1   4631  nrho1 = 0.085
  seg   2   4631  nrho1 = 0.096
  seg   3   4631  nrho1 = 0.104
  seg   4   4631  nrho1 = 0.111
  seg   5   4631  nrho1 = 0.116
  seg   6   4631  nrho1 = 0.120
  seg   7   4631  nrho1 = 0.123
  seg   8   4631  nrho1 = 0.126
  seg   9   4631  nrho1 = 0.130
  seg  10   4631  nrho1 = 0.133
  seg  11   4631  nrho1 = 0.136
  seg  12   4631  nrho1 = 0.139
  seg  13   4631  nrho1 = 0.142
  seg  14   4631  nrho1 = 0.144
  seg  15   4631  nrho1 = 0.147
  seg  16   4631  nrho1 = 0.149
  seg  17   4631  nrho1 = 0.151
  seg  18   4631  nrho1 = 0.153
  seg  19   4631  nrho1 = 0.155
  seg  20   4631  nrho1 = 0.158
  seg  21   4631  nrho1 = 0.160
  seg  22   4631  nrho1 = 0.163
  seg  23   4631  nrho1 = 0.167
  seg  24   4631  nrho1 = 0.171
  seg  25   4631  nrho1 = 0.175
  seg  26   4631  nrho1 = 0.179
  seg  27   4631  nrho1 = 0.183
  seg  28   4631  nrho1 = 0.188
  seg  29   4631  nrho1 = 0.196
  seg  30   4624  nrho1 = 0.208
GLS Beta Pass 
  run 6    t= 0.0
GLS Residual Pass 
  run 6    t= 0.0
Found 8306 zero-valued voxels
Computing contrasts
Starting contrasts
fixation J=1 -------------
Saving efficiency 14.2571
Testing Motion Correction Parameters
 -1.27  -0.02   1.18  -1.36   0.07  -0.09   0.82   0.22   0.33   0.72   1.32  -0.19  -0.19   0.06   0.82   0.22  -0.82  -0.22 
Saving h.dat to /scratch/groups/lisik3/mcmahoneg/mri_data_anlys/studies/cont_actions/unpackdata/s003/bold/maintask-surface-rh-sm0/pr014/h.dat


outanadir = /scratch/groups/lisik3/mcmahoneg/mri_data_anlys/studies/cont_actions/unpackdata/s003/bold/maintask-surface-rh-sm0/pr018
Excluding 2 points
parfiles condition id list:  1  2  3  4 
Found 138923/147229 (94.4) voxels in mask 1
Creating Design Matrix
 ... creation time =  0.000 sec
DoMCFit = 1
ntptot = 118, nX = 11, DOF = 107
Saving X matrix to /scratch/groups/lisik3/mcmahoneg/mri_data_anlys/studies/cont_actions/unpackdata/s003/bold/maintask-surface-rh-sm0/pr018/Xtmp.mat
XCond = 28.107 (normalized)
Computing compensation for resdual AR1 bias
 1  -0.5  -0.50824    (t=0.000357)
 2  -0.25  -0.282067    (t=0.000907)
 3  0  -0.0638895    (t=0.001384)
 4  0.25  0.140767    (t=0.00188)
 5  0.5  0.320576    (t=0.002362)
AR1 Correction M: 0.0942327 1.19934
Computing contrast matrices
OLS Beta Pass 
  run 7    t= 0.0
reading data ... 0.869266
    Global Mean 201763.00
Global In-Mask Mean = 201763 (184691)
Rescale Target = 100
RescaleFactor = 0.000495631
OLS Residual Pass 
  run 7    t= 0.0
reading data ... 0.87016
Saving rho1
Smoothing ACF
/software/apps/freesurfer/6.0.0/bin/mris_fwhm --mask /scratch/groups/lisik3/mcmahoneg/mri_data_anlys/studies/cont_actions/unpackdata/s003/bold/maintask-surface-rh-sm0/pr018/mask.nii.gz --i /scratch/groups/lisik3/mcmahoneg/mri_data_anlys/studies/cont_actions/unpackdata/s003/bold/maintask-surface-rh-sm0/pr018/rho1mn.nii.gz --o /scratch/groups/lisik3/mcmahoneg/mri_data_anlys/studies/cont_actions/unpackdata/s003/bold/maintask-surface-rh-sm0/pr018/rho1mn.sm.nii.gz --fwhm 20.000000 --smooth-only --s s003 --hemi rh --sd /scratch/groups/lisik3/mcmahoneg/mri_data_anlys/subjects
s003 rh white
Number of vertices 147229
Number of faces    294454
Total area         101110.984375
GroupSurface 0
AvgVtxArea       0.686760
AvgVtxDist       0.905864
StdVtxDist       0.252122
Loading mask /scratch/groups/lisik3/mcmahoneg/mri_data_anlys/studies/cont_actions/unpackdata/s003/bold/maintask-surface-rh-sm0/pr018/mask.nii.gz
Found 138923 voxels in mask
Not Polynomial detrending
Smoothing input by fwhm=20.000000, gstd=8.493218, niters=215 
Only smoothing, so saving and exiting now

Found 0 voxels with corrected AR1 > 0.90
Whitening
Computing whitening matrices
Alloc Sinv: 118 118 30 ...  done t = 0.003134 sec
  seg   1   4631  nrho1 = 0.099
  seg   2   4631  nrho1 = 0.109
  seg   3   4631  nrho1 = 0.113
  seg   4   4631  nrho1 = 0.116
  seg   5   4631  nrho1 = 0.119
  seg   6   4631  nrho1 = 0.121
  seg   7   4631  nrho1 = 0.123
  seg   8   4631  nrho1 = 0.125
  seg   9   4631  nrho1 = 0.127
  seg  10   4631  nrho1 = 0.129
  seg  11   4631  nrho1 = 0.131
  seg  12   4631  nrho1 = 0.132
  seg  13   4631  nrho1 = 0.134
  seg  14   4631  nrho1 = 0.136
  seg  15   4631  nrho1 = 0.137
  seg  16   4631  nrho1 = 0.138
  seg  17   4631  nrho1 = 0.139
  seg  18   4631  nrho1 = 0.141
  seg  19   4631  nrho1 = 0.142
  seg  20   4631  nrho1 = 0.144
  seg  21   4631  nrho1 = 0.145
  seg  22   4631  nrho1 = 0.147
  seg  23   4631  nrho1 = 0.148
  seg  24   4631  nrho1 = 0.150
  seg  25   4631  nrho1 = 0.151
  seg  26   4631  nrho1 = 0.153
  seg  27   4631  nrho1 = 0.155
  seg  28   4631  nrho1 = 0.157
  seg  29   4631  nrho1 = 0.159
  seg  30   4624  nrho1 = 0.164
GLS Beta Pass 
  run 7    t= 0.0
GLS Residual Pass 
  run 7    t= 0.0
Found 8306 zero-valued voxels
Computing contrasts
Starting contrasts
fixation J=1 -------------
Saving efficiency 23.478
Testing Motion Correction Parameters
 -0.18  -0.82   0.79  -0.78  -0.02  -0.30  -0.38  -0.74   1.27   0.08   0.65  -0.37  -0.70  -0.07  -0.38  -0.74   0.38   0.74 
Saving h.dat to /scratch/groups/lisik3/mcmahoneg/mri_data_anlys/studies/cont_actions/unpackdata/s003/bold/maintask-surface-rh-sm0/pr018/h.dat


outanadir = /scratch/groups/lisik3/mcmahoneg/mri_data_anlys/studies/cont_actions/unpackdata/s003/bold/maintask-surface-rh-sm0/pr019
Excluding 2 points
parfiles condition id list:  1  2  3  4 
Found 138923/147229 (94.4) voxels in mask 1
Creating Design Matrix
 ... creation time =  0.000 sec
DoMCFit = 1
ntptot = 118, nX = 11, DOF = 107
Saving X matrix to /scratch/groups/lisik3/mcmahoneg/mri_data_anlys/studies/cont_actions/unpackdata/s003/bold/maintask-surface-rh-sm0/pr019/Xtmp.mat
XCond = 55.3099 (normalized)
Computing compensation for resdual AR1 bias
 1  -0.5  -0.507498    (t=0.000348)
 2  -0.25  -0.281524    (t=0.000882)
 3  0  -0.0636784    (t=0.001369)
 4  0.25  0.140863    (t=0.001851)
 5  0.5  0.322136    (t=0.002336)
AR1 Correction M: 0.0934362 1.19882
Computing contrast matrices
OLS Beta Pass 
  run 8    t= 0.0
reading data ... 0.865056
    Global Mean 201488.00
Global In-Mask Mean = 201488 (183923)
Rescale Target = 100
RescaleFactor = 0.000496307
OLS Residual Pass 
  run 8    t= 0.0
reading data ... 0.872526
Saving rho1
Smoothing ACF
/software/apps/freesurfer/6.0.0/bin/mris_fwhm --mask /scratch/groups/lisik3/mcmahoneg/mri_data_anlys/studies/cont_actions/unpackdata/s003/bold/maintask-surface-rh-sm0/pr019/mask.nii.gz --i /scratch/groups/lisik3/mcmahoneg/mri_data_anlys/studies/cont_actions/unpackdata/s003/bold/maintask-surface-rh-sm0/pr019/rho1mn.nii.gz --o /scratch/groups/lisik3/mcmahoneg/mri_data_anlys/studies/cont_actions/unpackdata/s003/bold/maintask-surface-rh-sm0/pr019/rho1mn.sm.nii.gz --fwhm 20.000000 --smooth-only --s s003 --hemi rh --sd /scratch/groups/lisik3/mcmahoneg/mri_data_anlys/subjects
s003 rh white
Number of vertices 147229
Number of faces    294454
Total area         101110.984375
GroupSurface 0
AvgVtxArea       0.686760
AvgVtxDist       0.905864
StdVtxDist       0.252122
Loading mask /scratch/groups/lisik3/mcmahoneg/mri_data_anlys/studies/cont_actions/unpackdata/s003/bold/maintask-surface-rh-sm0/pr019/mask.nii.gz
Found 138923 voxels in mask
Not Polynomial detrending
Smoothing input by fwhm=20.000000, gstd=8.493218, niters=215 
Only smoothing, so saving and exiting now

Found 0 voxels with corrected AR1 > 0.90
Whitening
Computing whitening matrices
Alloc Sinv: 118 118 30 ...  done t = 0.002307 sec
  seg   1   4631  nrho1 = 0.115
  seg   2   4631  nrho1 = 0.120
  seg   3   4631  nrho1 = 0.123
  seg   4   4631  nrho1 = 0.125
  seg   5   4631  nrho1 = 0.127
  seg   6   4631  nrho1 = 0.129
  seg   7   4631  nrho1 = 0.131
  seg   8   4631  nrho1 = 0.133
  seg   9   4631  nrho1 = 0.134
  seg  10   4631  nrho1 = 0.136
  seg  11   4631  nrho1 = 0.137
  seg  12   4630  nrho1 = 0.139
  seg  13   4632  nrho1 = 0.140
  seg  14   4631  nrho1 = 0.141
  seg  15   4631  nrho1 = 0.142
  seg  16   4631  nrho1 = 0.143
  seg  17   4631  nrho1 = 0.144
  seg  18   4631  nrho1 = 0.145
  seg  19   4631  nrho1 = 0.146
  seg  20   4631  nrho1 = 0.147
  seg  21   4631  nrho1 = 0.148
  seg  22   4631  nrho1 = 0.149
  seg  23   4631  nrho1 = 0.150
  seg  24   4631  nrho1 = 0.151
  seg  25   4631  nrho1 = 0.152
  seg  26   4631  nrho1 = 0.154
  seg  27   4631  nrho1 = 0.155
  seg  28   4631  nrho1 = 0.157
  seg  29   4631  nrho1 = 0.159
  seg  30   4624  nrho1 = 0.164
GLS Beta Pass 
  run 8    t= 0.0
GLS Residual Pass 
  run 8    t= 0.0
Found 8306 zero-valued voxels
Computing contrasts
Starting contrasts
fixation J=1 -------------
Saving efficiency 17.8346
Testing Motion Correction Parameters
 -0.39   0.39   0.55   0.56   0.48   0.96   0.51   0.09   0.80   0.71   0.70  -0.06   0.01   0.30   0.51   0.09  -0.51  -0.09 
Saving h.dat to /scratch/groups/lisik3/mcmahoneg/mri_data_anlys/studies/cont_actions/unpackdata/s003/bold/maintask-surface-rh-sm0/pr019/h.dat


outanadir = /scratch/groups/lisik3/mcmahoneg/mri_data_anlys/studies/cont_actions/unpackdata/s003/bold/maintask-surface-rh-sm0/pr022
Excluding 2 points
parfiles condition id list:  1  2  3  4 
Found 138923/147229 (94.4) voxels in mask 1
Creating Design Matrix
 ... creation time =  0.000 sec
DoMCFit = 1
ntptot = 118, nX = 11, DOF = 107
Saving X matrix to /scratch/groups/lisik3/mcmahoneg/mri_data_anlys/studies/cont_actions/unpackdata/s003/bold/maintask-surface-rh-sm0/pr022/Xtmp.mat
XCond = 29.0161 (normalized)
Computing compensation for resdual AR1 bias
 1  -0.5  -0.50411    (t=0.00034)
 2  -0.25  -0.278307    (t=0.000885)
 3  0  -0.0607397    (t=0.001373)
 4  0.25  0.143568    (t=0.00186)
 5  0.5  0.323976    (t=0.002344)
AR1 Correction M: 0.0902097 1.20083
Computing contrast matrices
OLS Beta Pass 
  run 9    t= 0.0
reading data ... 0.866971
    Global Mean 204991.00
Global In-Mask Mean = 204991 (190764)
Rescale Target = 100
RescaleFactor = 0.000487826
OLS Residual Pass 
  run 9    t= 0.0
reading data ... 0.874571
Saving rho1
Smoothing ACF
/software/apps/freesurfer/6.0.0/bin/mris_fwhm --mask /scratch/groups/lisik3/mcmahoneg/mri_data_anlys/studies/cont_actions/unpackdata/s003/bold/maintask-surface-rh-sm0/pr022/mask.nii.gz --i /scratch/groups/lisik3/mcmahoneg/mri_data_anlys/studies/cont_actions/unpackdata/s003/bold/maintask-surface-rh-sm0/pr022/rho1mn.nii.gz --o /scratch/groups/lisik3/mcmahoneg/mri_data_anlys/studies/cont_actions/unpackdata/s003/bold/maintask-surface-rh-sm0/pr022/rho1mn.sm.nii.gz --fwhm 20.000000 --smooth-only --s s003 --hemi rh --sd /scratch/groups/lisik3/mcmahoneg/mri_data_anlys/subjects
s003 rh white
Number of vertices 147229
Number of faces    294454
Total area         101110.984375
GroupSurface 0
AvgVtxArea       0.686760
AvgVtxDist       0.905864
StdVtxDist       0.252122
Loading mask /scratch/groups/lisik3/mcmahoneg/mri_data_anlys/studies/cont_actions/unpackdata/s003/bold/maintask-surface-rh-sm0/pr022/mask.nii.gz
Found 138923 voxels in mask
Not Polynomial detrending
Smoothing input by fwhm=20.000000, gstd=8.493218, niters=215 
Only smoothing, so saving and exiting now

Found 0 voxels with corrected AR1 > 0.90
Whitening
Computing whitening matrices
Alloc Sinv: 118 118 30 ...  done t = 0.002292 sec
  seg   1   4631  nrho1 = 0.091
  seg   2   4631  nrho1 = 0.098
  seg   3   4631  nrho1 = 0.101
  seg   4   4631  nrho1 = 0.104
  seg   5   4631  nrho1 = 0.106
  seg   6   4631  nrho1 = 0.108
  seg   7   4631  nrho1 = 0.109
  seg   8   4631  nrho1 = 0.111
  seg   9   4631  nrho1 = 0.112
  seg  10   4631  nrho1 = 0.113
  seg  11   4631  nrho1 = 0.114
  seg  12   4631  nrho1 = 0.116
  seg  13   4631  nrho1 = 0.117
  seg  14   4631  nrho1 = 0.118
  seg  15   4631  nrho1 = 0.119
  seg  16   4631  nrho1 = 0.120
  seg  17   4631  nrho1 = 0.121
  seg  18   4631  nrho1 = 0.122
  seg  19   4631  nrho1 = 0.123
  seg  20   4631  nrho1 = 0.124
  seg  21   4631  nrho1 = 0.125
  seg  22   4631  nrho1 = 0.127
  seg  23   4631  nrho1 = 0.128
  seg  24   4631  nrho1 = 0.129
  seg  25   4631  nrho1 = 0.130
  seg  26   4631  nrho1 = 0.131
  seg  27   4631  nrho1 = 0.132
  seg  28   4631  nrho1 = 0.134
  seg  29   4631  nrho1 = 0.136
  seg  30   4624  nrho1 = 0.139
GLS Beta Pass 
  run 9    t= 0.0
GLS Residual Pass 
  run 9    t= 0.0
Found 8306 zero-valued voxels
Computing contrasts
Starting contrasts
fixation J=1 -------------
Saving efficiency 16.5616
Testing Motion Correction Parameters
 -0.84  -0.81   0.14  -1.86  -3.85  -0.28  -0.24  -0.26  -0.28   0.50   0.78   0.02  -2.80  -0.02  -0.24  -0.26   0.24   0.26 
Saving h.dat to /scratch/groups/lisik3/mcmahoneg/mri_data_anlys/studies/cont_actions/unpackdata/s003/bold/maintask-surface-rh-sm0/pr022/h.dat


outanadir = /scratch/groups/lisik3/mcmahoneg/mri_data_anlys/studies/cont_actions/unpackdata/s003/bold/maintask-surface-rh-sm0/pr023
Excluding 2 points
parfiles condition id list:  1  2  3  4 
Found 138923/147229 (94.4) voxels in mask 1
Creating Design Matrix
 ... creation time =  0.000 sec
DoMCFit = 1
ntptot = 118, nX = 11, DOF = 107
Saving X matrix to /scratch/groups/lisik3/mcmahoneg/mri_data_anlys/studies/cont_actions/unpackdata/s003/bold/maintask-surface-rh-sm0/pr023/Xtmp.mat
XCond = 23.9077 (normalized)
Computing compensation for resdual AR1 bias
 1  -0.5  -0.508124    (t=0.000337)
 2  -0.25  -0.281067    (t=0.000903)
 3  0  -0.0622187    (t=0.001393)
 4  0.25  0.143692    (t=0.00189)
 5  0.5  0.327265    (t=0.002368)
AR1 Correction M: 0.0906258 1.19102
Computing contrast matrices
OLS Beta Pass 
  run 10    t= 0.0
reading data ... 0.898887
    Global Mean 205034.00
Global In-Mask Mean = 205034 (191438)
Rescale Target = 100
RescaleFactor = 0.000487724
OLS Residual Pass 
  run 10    t= 0.0
reading data ... 0.900959
Saving rho1
Smoothing ACF
/software/apps/freesurfer/6.0.0/bin/mris_fwhm --mask /scratch/groups/lisik3/mcmahoneg/mri_data_anlys/studies/cont_actions/unpackdata/s003/bold/maintask-surface-rh-sm0/pr023/mask.nii.gz --i /scratch/groups/lisik3/mcmahoneg/mri_data_anlys/studies/cont_actions/unpackdata/s003/bold/maintask-surface-rh-sm0/pr023/rho1mn.nii.gz --o /scratch/groups/lisik3/mcmahoneg/mri_data_anlys/studies/cont_actions/unpackdata/s003/bold/maintask-surface-rh-sm0/pr023/rho1mn.sm.nii.gz --fwhm 20.000000 --smooth-only --s s003 --hemi rh --sd /scratch/groups/lisik3/mcmahoneg/mri_data_anlys/subjects
s003 rh white
Number of vertices 147229
Number of faces    294454
Total area         101110.984375
GroupSurface 0
AvgVtxArea       0.686760
AvgVtxDist       0.905864
StdVtxDist       0.252122
Loading mask /scratch/groups/lisik3/mcmahoneg/mri_data_anlys/studies/cont_actions/unpackdata/s003/bold/maintask-surface-rh-sm0/pr023/mask.nii.gz
Found 138923 voxels in mask
Not Polynomial detrending
Smoothing input by fwhm=20.000000, gstd=8.493218, niters=215 
Only smoothing, so saving and exiting now

Found 0 voxels with corrected AR1 > 0.90
Whitening
Computing whitening matrices
Alloc Sinv: 118 118 30 ...  done t = 0.002226 sec
  seg   1   4631  nrho1 = 0.093
  seg   2   4631  nrho1 = 0.102
  seg   3   4631  nrho1 = 0.105
  seg   4   4631  nrho1 = 0.107
  seg   5   4631  nrho1 = 0.110
  seg   6   4631  nrho1 = 0.111
  seg   7   4631  nrho1 = 0.113
  seg   8   4631  nrho1 = 0.115
  seg   9   4631  nrho1 = 0.116
  seg  10   4631  nrho1 = 0.118
  seg  11   4631  nrho1 = 0.119
  seg  12   4631  nrho1 = 0.120
  seg  13   4631  nrho1 = 0.121
  seg  14   4631  nrho1 = 0.122
  seg  15   4631  nrho1 = 0.124
  seg  16   4631  nrho1 = 0.125
  seg  17   4631  nrho1 = 0.126
  seg  18   4631  nrho1 = 0.127
  seg  19   4631  nrho1 = 0.128
  seg  20   4631  nrho1 = 0.130
  seg  21   4631  nrho1 = 0.131
  seg  22   4631  nrho1 = 0.132
  seg  23   4631  nrho1 = 0.133
  seg  24   4631  nrho1 = 0.135
  seg  25   4631  nrho1 = 0.136
  seg  26   4631  nrho1 = 0.138
  seg  27   4631  nrho1 = 0.140
  seg  28   4631  nrho1 = 0.143
  seg  29   4631  nrho1 = 0.146
  seg  30   4624  nrho1 = 0.152
GLS Beta Pass 
  run 10    t= 0.0
GLS Residual Pass 
  run 10    t= 0.0
Found 8306 zero-valued voxels
Computing contrasts
Starting contrasts
fixation J=1 -------------
Saving efficiency 19.9932
Testing Motion Correction Parameters
 -3.96  -4.01  -1.30  -3.75  -3.09  -2.82  -0.64  -0.06  -0.50   1.45   1.61   4.31  -1.51  -2.13  -0.64  -0.06   0.64   0.06 
Saving h.dat to /scratch/groups/lisik3/mcmahoneg/mri_data_anlys/studies/cont_actions/unpackdata/s003/bold/maintask-surface-rh-sm0/pr023/h.dat
cputime-min 0.864500
fast_selxavg3 done for /scratch/groups/lisik3/mcmahoneg/mri_data_anlys/studies/cont_actions/unpackdata/s003

ans =

     0

>> >> >> >> >> ------------------------------------------
Started at Wed Mar 4 16:32:57 EST 2020
Ended   at Wed Mar  4 16:37:00 EST 2020
 
selxavg3-sess completed
 
