selxavg3-sess log file
/software/apps/freesurfer/6.0.0/fsfast/bin/selxavg3-sess
-s s001 -df sessdir -analysis biomotion-surface-lh-sm5 -svres
$Id: selxavg3-sess,v 1.68 2016/05/10 03:24:18 greve Exp $
uid=3996(emcmaho7@jhu.edu) gid=1405(lisik3) groups=1405(lisik3),1502(mbonner5)
/scratch/groups/lisik3/mcmahoneg/mri_data_anlys/studies/cont_actions/analysis
Linux compute0784 3.10.0-862.9.1.el7.x86_64 #1 SMP Mon Jul 16 16:29:36 UTC 2018 x86_64 x86_64 x86_64 GNU/Linux
Thu Mar  5 15:22:44 EST 2020
preproc-sess -s s001 -d /scratch/groups/lisik3/mcmahoneg/mri_data_anlys/studies/cont_actions/unpackdata -a biomotion-surface-lh-sm5 -nolog
--------------------------------------------------------------
preproc-sess logfile is /dev/null
--------------------------------------------------------------
$Id: preproc-sess,v 1.64.2.1 2016/08/02 21:19:09 greve Exp $
emcmaho7@jhu.edu
setenv FREESURFER_HOME /software/apps/freesurfer/6.0.0
setenv SUBJECTS_DIR /scratch/groups/lisik3/mcmahoneg/mri_data_anlys/subjects
Linux compute0784 3.10.0-862.9.1.el7.x86_64 #1 SMP Mon Jul 16 16:29:36 UTC 2018 x86_64 x86_64 x86_64 GNU/Linux
/scratch/groups/lisik3/mcmahoneg/mri_data_anlys/studies/cont_actions/analysis
/software/apps/freesurfer/6.0.0/fsfast/bin/preproc-sess
-s s001 -d /scratch/groups/lisik3/mcmahoneg/mri_data_anlys/studies/cont_actions/unpackdata -a biomotion-surface-lh-sm5 -nolog
Thu Mar  5 15:22:45 EST 2020
instem   f 
mc   1     f fmcpr 
stc  0     fmcpr
sm   0   
mask 1   brain
s001 Template -----------------------------
mktemplate-sess -s s001 -d /scratch/groups/lisik3/mcmahoneg/mri_data_anlys/studies/cont_actions/unpackdata -fsd bold -rlf biomotion.rlf -nolog -update
 
Session: /scratch/groups/lisik3/mcmahoneg/mri_data_anlys/studies/cont_actions/unpackdata/s001 ----------------
Thu Mar  5 15:22:45 EST 2020
Detected input format at nii
s001 Update not needed
  Run: 010 ----------------
  Thu Mar  5 15:22:45 EST 2020
  s001 010 Update not needed
  Run: 018 ----------------
  Thu Mar  5 15:22:45 EST 2020
  s001 018 Update not needed
Thu Mar  5 15:22:45 EST 2020
mktemplate-sess completed 
s001 Registration -----------------------------
register-sess -s s001 -d /scratch/groups/lisik3/mcmahoneg/mri_data_anlys/studies/cont_actions/unpackdata -fsd bold -delete-dat -dof 6 -bold -rlf biomotion.rlf -per-run -nolog -update -init-coreg
--------------------------------------------------------------
register-sess logfile is /dev/null
--------------------------------------------------------------
Thu Mar  5 15:22:45 EST 2020

setenv SUBJECTS_DIR /scratch/groups/lisik3/mcmahoneg/mri_data_anlys/subjects
cd /scratch/groups/lisik3/mcmahoneg/mri_data_anlys/studies/cont_actions/analysis
/software/apps/freesurfer/6.0.0/fsfast/bin/register-sess -s s001 -d /scratch/groups/lisik3/mcmahoneg/mri_data_anlys/studies/cont_actions/unpackdata -fsd bold -delete-dat -dof 6 -bold -rlf biomotion.rlf -per-run -nolog -update -init-coreg

freesurfer-Linux-centos6_x86_64-stable-pub-v6.0.0-2beb96c
Linux compute0784 3.10.0-862.9.1.el7.x86_64 #1 SMP Mon Jul 16 16:29:36 UTC 2018 x86_64 x86_64 x86_64 GNU/Linux
 
Session: /scratch/groups/lisik3/mcmahoneg/mri_data_anlys/studies/cont_actions/unpackdata/s001 ----------------
Thu Mar  5 15:22:45 EST 2020
/scratch/groups/lisik3/mcmahoneg/mri_data_anlys/studies/cont_actions/unpackdata/s001
  Run: 010 ----------------
Thu Mar  5 15:22:45 EST 2020
Update not needed
  Run: 018 ----------------
Thu Mar  5 15:22:46 EST 2020
Update not needed
Thu Mar  5 15:22:46 EST 2020
register-sess completed 
s001 Mask ------------------------
mkbrainmask-sess -maskstem brain -fsd bold -s s001 -d /scratch/groups/lisik3/mcmahoneg/mri_data_anlys/studies/cont_actions/unpackdata -per-run -rlf biomotion.rlf -nolog -update
------------------------------------------------
/scratch/groups/lisik3/mcmahoneg/mri_data_anlys/studies/cont_actions/unpackdata/s001 
Thu Mar  5 15:22:46 EST 2020
s001 Update not needed for session-level mask
s001 Update not needed for run 010 mask
s001 Update not needed for run 018 mask
s001 Update not needed for run 010 meanval
s001 Update not needed for run 018 meanval
Thu Mar  5 15:22:46 EST 2020
mkbrainmask-sess done
s001 MC -----------------------------
mc-sess -fstem f -fmcstem fmcpr -s s001 -d /scratch/groups/lisik3/mcmahoneg/mri_data_anlys/studies/cont_actions/unpackdata -fsd bold -rlf biomotion.rlf -per-run -nolog -update
Logfile is /dev/null
-------------------------------------------
/scratch/groups/lisik3/mcmahoneg/mri_data_anlys/studies/cont_actions/unpackdata/s001 
RunList: 010 018
  ------- ************************** -----------
  ------- Motion Correcting Run 010 -----------
  ------- ************************** -----------
sess = s001
Thu Mar  5 15:22:46 EST 2020
mc-afni2 --i 010/f.nii --t 010/template.nii.gz --o 010/fmcpr.nii.gz --mcdat 010/fmcpr.mcdat
/scratch/groups/lisik3/mcmahoneg/mri_data_anlys/studies/cont_actions/unpackdata/s001/bold
mri_info --nframes --o /tmp/mriinfo.277423 010/template.nii.gz
log file is 010/fmcpr.nii.gz.mclog
mcdat file is 010/fmcpr.mcdat
tmp dir is 010/tmp.mc-afni2.277423
#@# --------------------------------
/scratch/groups/lisik3/mcmahoneg/mri_data_anlys/studies/cont_actions/unpackdata/s001/bold
mri_convert 010/template.nii.gz 010/tmp.mc-afni2.277423/tempvol.nii.gz --nskip 0 --ndrop 0 -odt float
mri_convert.bin 010/template.nii.gz 010/tmp.mc-afni2.277423/tempvol.nii.gz --nskip 0 --ndrop 0 -odt float 
nskip = 0
ndrop = 0
$Id: mri_convert.c,v 1.226 2016/02/26 16:15:24 mreuter Exp $
reading from 010/template.nii.gz...
TR=2000.00, TE=0.00, TI=0.00, flip angle=0.00
i_ras = (-0.99843, 0.0560047, -0.000214797)
j_ras = (0.0558209, 0.99483, -0.0848416)
k_ras = (0.00453784, 0.0847204, 0.996394)
writing to 010/tmp.mc-afni2.277423/tempvol.nii.gz...
#@# --------------------------------
/scratch/groups/lisik3/mcmahoneg/mri_data_anlys/studies/cont_actions/unpackdata/s001/bold
mri_convert 010/f.nii 010/tmp.mc-afni2.277423/invol.nii.gz -odt float
mri_convert.bin 010/f.nii 010/tmp.mc-afni2.277423/invol.nii.gz -odt float 
$Id: mri_convert.c,v 1.226 2016/02/26 16:15:24 mreuter Exp $
reading from 010/f.nii...
TR=2000.00, TE=0.00, TI=0.00, flip angle=0.00
i_ras = (-0.99843, 0.0560047, -0.000214797)
j_ras = (0.0558209, 0.99483, -0.0848416)
k_ras = (0.00453784, 0.0847204, 0.996394)
writing to 010/tmp.mc-afni2.277423/invol.nii.gz...
#@# --------------------------------
/scratch/groups/lisik3/mcmahoneg/mri_data_anlys/studies/cont_actions/unpackdata/s001/bold
3dvolreg.afni -verbose -dfile 010/fmcpr.mcdat -1Dmatrix_save 010/fmcpr.mat -base 010/tmp.mc-afni2.277423/tempvol.nii.gz -prefix 010/tmp.mc-afni2.277423/outvol.nii.gz 010/tmp.mc-afni2.277423/invol.nii.gz
++ 3dvolreg: AFNI version=AFNI_2011_12_21_1014 (Aug 29 2012) [64-bit]
++ Authored by: RW Cox
*+ WARNING:   If you are performing spatial transformations on an oblique dset, 
  such as 010/tmp.mc-afni2.277423/tempvol.nii.gz,
  or viewing/combining it with volumes of differing obliquity,
  you should consider running: 
     3dWarp -deoblique 
  on this and  other oblique datasets in the same session.
 See 3dWarp -help for details.
++ Oblique dataset:010/tmp.mc-afni2.277423/tempvol.nii.gz is 5.828908 degrees from plumb.
++ Reading in base dataset 010/tmp.mc-afni2.277423/tempvol.nii.gz
++ Oblique dataset:010/tmp.mc-afni2.277423/invol.nii.gz is 5.828908 degrees from plumb.
++ Reading input dataset 010/tmp.mc-afni2.277423/invol.nii.gz
++ Edging: x=4 y=4 z=2
++ Creating mask for -maxdisp
 + Automask has 49803 voxels
 + 6635 voxels left in -maxdisp mask after erosion
++ Initializing alignment base
++ Starting final pass on 211 sub-bricks: 0..1..2..3..4..5..6..7..8..9..10..11..12..13..14..15..16..17..18..19..20..21..22..23..24..25..26..27..28..29..30..31..32..33..34..35..36..37..38..39..40..41..42..43..44..45..46..47..48..49..50..51..52..53..54..55..56..57..58..59..60..61..62..63..64..65..66..67..68..69..70..71..72..73..74..75..76..77..78..79..80..81..82..83..84..85..86..87..88..89..90..91..92..93..94..95..96..97..98..99..100..101..102..103..104..105..106..107..108..109..110..111..112..113..114..115..116..117..118..119..120..121..122..123..124..125..126..127..128..129..130..131..132..133..134..135..136..137..138..139..140..141..142..143..144..145..146..147..148..149..150..151..152..153..154..155..156..157..158..159..160..161..162..163..164..165..166..167..168..169..170..171..172..173..174..175..176..177..178..179..180..181..182..183..184..185..186..187..188..189..190..191..192..193..194..195..196..197..198..199..200..201..202..203..204..205..206..207..208..209..210..
++ CPU time for realignment=0 s  [=0 s/sub-brick]
++ Min : roll=-0.101  pitch=-0.189  yaw=-0.292  dS=-0.016  dL=-0.234  dP=-0.207
++ Mean: roll=-0.006  pitch=+0.001  yaw=-0.038  dS=+0.034  dL=-0.035  dP=+0.017
++ Max : roll=+0.044  pitch=+0.252  yaw=+0.128  dS=+0.138  dL=+0.101  dP=+0.322
++ Max displacements (mm) for each sub-brick:
 0.66 0.67 0.66 0.65 0.65 0.63 0.62 0.63 0.63 0.62 0.61 0.62 0.60 0.60 0.60 0.58 0.57 0.59 0.57 0.56 0.55 0.57 0.55 0.54 0.53 0.53 0.53 0.52 0.52 0.51 0.49 0.50 0.46 0.47 0.46 0.41 0.43 0.42 0.42 0.43 0.41 0.39 0.41 0.39 0.37 0.37 0.39 0.38 0.35 0.35 0.35 0.33 0.33 0.33 0.31 0.32 0.32 0.31 0.27 0.28 0.28 0.27 0.22 0.23 0.21 0.21 0.21 0.20 0.19 0.20 0.19 0.13 0.16 0.16 0.14 0.12 0.14 0.11 0.12 0.13 0.11 0.11 0.11 0.09 0.11 0.11 0.08 0.07 0.06 0.06 0.06 0.06 0.05 0.06 0.05 0.04 0.03 0.03 0.03 0.05 0.04 0.04 0.03 0.05 0.02 0.00 0.10 0.14 0.14 0.10 0.06 0.09 0.07 0.04 0.08 0.10 0.09 0.06 0.10 0.12 0.22 0.16 0.10 0.14 0.15 0.12 0.13 0.16 0.17 0.15 0.11 0.15 0.15 0.15 0.22 0.15 0.14 0.17 0.17 0.19 0.18 0.18 0.16 0.20 0.22 0.21 0.22 0.28 0.22 0.22 0.22 0.24 0.23 0.25 0.22 0.26 0.26 0.25 0.30 0.28 0.28 0.31 0.32 0.28 0.34 0.33 0.30 0.28 0.31 0.30 0.30 0.32 0.34 0.38 0.35 0.39 0.37 0.40 0.39 0.40 0.45 0.46 0.44 0.45 0.45 0.47 0.51 0.47 0.44 0.46 0.46 0.45 0.48 0.49 0.47 0.48 0.40 0.39 0.43 0.43 0.49 0.51 0.51 0.50 0.51 0.53 0.52 0.48 0.49 0.51 0.52
++ Max displacement in automask = 0.67 (mm) at sub-brick 1
++ Wrote dataset to disk in 010/tmp.mc-afni2.277423/outvol.nii.gz
** Warning: overwriting file 010/fmcpr.mcdat
#@# --------------------------------
/scratch/groups/lisik3/mcmahoneg/mri_data_anlys/studies/cont_actions/unpackdata/s001/bold
mri_convert 010/tmp.mc-afni2.277423/outvol.nii.gz 010/fmcpr.nii.gz --in_like 010/template.nii.gz
mri_convert.bin 010/tmp.mc-afni2.277423/outvol.nii.gz 010/fmcpr.nii.gz --in_like 010/template.nii.gz 
reading info from 010/template.nii.gz...
$Id: mri_convert.c,v 1.226 2016/02/26 16:15:24 mreuter Exp $
reading from 010/tmp.mc-afni2.277423/outvol.nii.gz...
TR=2000.00, TE=0.00, TI=0.00, flip angle=0.00
INFO: frames are not the same
i_ras = (-0.99843, 0.0560047, -0.000214797)
j_ras = (0.0558209, 0.99483, -0.0848416)
k_ras = (0.00453784, 0.0847204, 0.996394)
writing to 010/fmcpr.nii.gz...
... cleaning up ....
Thu Mar  5 15:23:31 EST 2020
mc-afni2 done
INFO: Making external regressor from mc params
mcdat2mcextreg --i 010/fmcpr.mcdat --o 010/mcprextreg
Thu Mar  5 15:23:31 EST 2020

setenv SUBJECTS_DIR /scratch/groups/lisik3/mcmahoneg/mri_data_anlys/subjects
cd /scratch/groups/lisik3/mcmahoneg/mri_data_anlys/studies/cont_actions/unpackdata/s001/bold
/software/apps/freesurfer/6.0.0/fsfast/bin/mcdat2mcextreg --i 010/fmcpr.mcdat --o 010/mcprextreg

freesurfer-Linux-centos6_x86_64-stable-pub-v6.0.0-2beb96c
Linux compute0784 3.10.0-862.9.1.el7.x86_64 #1 SMP Mon Jul 16 16:29:36 UTC 2018 x86_64 x86_64 x86_64 GNU/Linux
mri_glmfit --table /scratch/groups/lisik3/mcmahoneg/mri_data_anlys/studies/cont_actions/unpackdata/s001/bold/010/tmpdir.mcdat2extreg.277584/table.dat --glmdir /scratch/groups/lisik3/mcmahoneg/mri_data_anlys/studies/cont_actions/unpackdata/s001/bold/010/tmpdir.mcdat2extreg.277584/glm --osgm --y-out /scratch/groups/lisik3/mcmahoneg/mri_data_anlys/studies/cont_actions/unpackdata/s001/bold/010/tmpdir.mcdat2extreg.277584/y.out.nii --pca

$Id: mri_glmfit.c,v 1.241.2.4 2016/12/08 22:02:40 zkaufman Exp $
cwd /scratch/groups/lisik3/mcmahoneg/mri_data_anlys/studies/cont_actions/unpackdata/s001/bold
cmdline mri_glmfit.bin --table /scratch/groups/lisik3/mcmahoneg/mri_data_anlys/studies/cont_actions/unpackdata/s001/bold/010/tmpdir.mcdat2extreg.277584/table.dat --glmdir /scratch/groups/lisik3/mcmahoneg/mri_data_anlys/studies/cont_actions/unpackdata/s001/bold/010/tmpdir.mcdat2extreg.277584/glm --osgm --y-out /scratch/groups/lisik3/mcmahoneg/mri_data_anlys/studies/cont_actions/unpackdata/s001/bold/010/tmpdir.mcdat2extreg.277584/y.out.nii --pca 
sysname  Linux
hostname compute0784
machine  x86_64
user     emcmaho7@jhu.edu
FixVertexAreaFlag = 1
UseMaskWithSmoothing     1
OneSampleGroupMean 1
y    /scratch/groups/lisik3/mcmahoneg/mri_data_anlys/studies/cont_actions/unpackdata/s001/bold/010/tmpdir.mcdat2extreg.277584/table.dat
logyflag 0
usedti  0
glmdir /scratch/groups/lisik3/mcmahoneg/mri_data_anlys/studies/cont_actions/unpackdata/s001/bold/010/tmpdir.mcdat2extreg.277584/glm
IllCondOK 0
ReScaleX 1
DoFFx 0
Creating output directory /scratch/groups/lisik3/mcmahoneg/mri_data_anlys/studies/cont_actions/unpackdata/s001/bold/010/tmpdir.mcdat2extreg.277584/glm
Loading y from /scratch/groups/lisik3/mcmahoneg/mri_data_anlys/studies/cont_actions/unpackdata/s001/bold/010/tmpdir.mcdat2extreg.277584/table.dat
Found 6 data colums
Found 211 data rows
Saving design matrix to /scratch/groups/lisik3/mcmahoneg/mri_data_anlys/studies/cont_actions/unpackdata/s001/bold/010/tmpdir.mcdat2extreg.277584/glm/Xg.dat
Computing normalized matrix
Normalized matrix condition is 1
Matrix condition is 1
search space = 6.000000
DOF = 210
Starting fit and test
Fit completed in 0 minutes
Writing results
  osgm
    maxvox sig=1e+10  F=383.128  at  index 3 0 0    seed=1583761823
Measure:MC                        osgm 
Tx                                 -2.891 
Ty                                  0.065 
Tz                                 -4.735 
Rx                                10000000000.000 
Ry                                 -6.623 
Rz                                  0.934 
Computing PCA (211)
mri_glmfit done
ninputs = 1
Checking inputs
nframestot = 211
Allocing output
Done allocing
nframes = 211
Computing PCA
Writing to /scratch/groups/lisik3/mcmahoneg/mri_data_anlys/studies/cont_actions/unpackdata/s001/bold/010/tmpdir.mcdat2extreg.277584/pca.nii
mcdat2mcextreg done
  ------- ************************** -----------
  ------- Motion Correcting Run 018 -----------
  ------- ************************** -----------
sess = s001
Thu Mar  5 15:23:31 EST 2020
mc-afni2 --i 018/f.nii --t 018/template.nii.gz --o 018/fmcpr.nii.gz --mcdat 018/fmcpr.mcdat
/scratch/groups/lisik3/mcmahoneg/mri_data_anlys/studies/cont_actions/unpackdata/s001/bold
mri_info --nframes --o /tmp/mriinfo.277657 018/template.nii.gz
log file is 018/fmcpr.nii.gz.mclog
mcdat file is 018/fmcpr.mcdat
tmp dir is 018/tmp.mc-afni2.277657
#@# --------------------------------
/scratch/groups/lisik3/mcmahoneg/mri_data_anlys/studies/cont_actions/unpackdata/s001/bold
mri_convert 018/template.nii.gz 018/tmp.mc-afni2.277657/tempvol.nii.gz --nskip 0 --ndrop 0 -odt float
mri_convert.bin 018/template.nii.gz 018/tmp.mc-afni2.277657/tempvol.nii.gz --nskip 0 --ndrop 0 -odt float 
nskip = 0
ndrop = 0
$Id: mri_convert.c,v 1.226 2016/02/26 16:15:24 mreuter Exp $
reading from 018/template.nii.gz...
TR=2000.00, TE=0.00, TI=0.00, flip angle=0.00
i_ras = (-0.99843, 0.0560047, -0.000214797)
j_ras = (0.0558209, 0.99483, -0.0848416)
k_ras = (0.00453784, 0.0847204, 0.996394)
writing to 018/tmp.mc-afni2.277657/tempvol.nii.gz...
#@# --------------------------------
/scratch/groups/lisik3/mcmahoneg/mri_data_anlys/studies/cont_actions/unpackdata/s001/bold
mri_convert 018/f.nii 018/tmp.mc-afni2.277657/invol.nii.gz -odt float
mri_convert.bin 018/f.nii 018/tmp.mc-afni2.277657/invol.nii.gz -odt float 
$Id: mri_convert.c,v 1.226 2016/02/26 16:15:24 mreuter Exp $
reading from 018/f.nii...
TR=2000.00, TE=0.00, TI=0.00, flip angle=0.00
i_ras = (-0.99843, 0.0560047, -0.000214797)
j_ras = (0.0558209, 0.99483, -0.0848416)
k_ras = (0.00453784, 0.0847204, 0.996394)
writing to 018/tmp.mc-afni2.277657/invol.nii.gz...
#@# --------------------------------
/scratch/groups/lisik3/mcmahoneg/mri_data_anlys/studies/cont_actions/unpackdata/s001/bold
3dvolreg.afni -verbose -dfile 018/fmcpr.mcdat -1Dmatrix_save 018/fmcpr.mat -base 018/tmp.mc-afni2.277657/tempvol.nii.gz -prefix 018/tmp.mc-afni2.277657/outvol.nii.gz 018/tmp.mc-afni2.277657/invol.nii.gz
++ 3dvolreg: AFNI version=AFNI_2011_12_21_1014 (Aug 29 2012) [64-bit]
++ Authored by: RW Cox
*+ WARNING:   If you are performing spatial transformations on an oblique dset, 
  such as 018/tmp.mc-afni2.277657/tempvol.nii.gz,
  or viewing/combining it with volumes of differing obliquity,
  you should consider running: 
     3dWarp -deoblique 
  on this and  other oblique datasets in the same session.
 See 3dWarp -help for details.
++ Oblique dataset:018/tmp.mc-afni2.277657/tempvol.nii.gz is 5.828908 degrees from plumb.
++ Reading in base dataset 018/tmp.mc-afni2.277657/tempvol.nii.gz
++ Oblique dataset:018/tmp.mc-afni2.277657/invol.nii.gz is 5.828908 degrees from plumb.
++ Reading input dataset 018/tmp.mc-afni2.277657/invol.nii.gz
++ Edging: x=4 y=4 z=2
++ Creating mask for -maxdisp
 + Automask has 49719 voxels
 + 6624 voxels left in -maxdisp mask after erosion
++ Initializing alignment base
++ Starting final pass on 211 sub-bricks: 0..1..2..3..4..5..6..7..8..9..10..11..12..13..14..15..16..17..18..19..20..21..22..23..24..25..26..27..28..29..30..31..32..33..34..35..36..37..38..39..40..41..42..43..44..45..46..47..48..49..50..51..52..53..54..55..56..57..58..59..60..61..62..63..64..65..66..67..68..69..70..71..72..73..74..75..76..77..78..79..80..81..82..83..84..85..86..87..88..89..90..91..92..93..94..95..96..97..98..99..100..101..102..103..104..105..106..107..108..109..110..111..112..113..114..115..116..117..118..119..120..121..122..123..124..125..126..127..128..129..130..131..132..133..134..135..136..137..138..139..140..141..142..143..144..145..146..147..148..149..150..151..152..153..154..155..156..157..158..159..160..161..162..163..164..165..166..167..168..169..170..171..172..173..174..175..176..177..178..179..180..181..182..183..184..185..186..187..188..189..190..191..192..193..194..195..196..197..198..199..200..201..202..203..204..205..206..207..208..209..210..
++ CPU time for realignment=0 s  [=0 s/sub-brick]
++ Min : roll=-0.142  pitch=-0.120  yaw=-0.354  dS=-0.316  dL=-0.260  dP=-0.119
++ Mean: roll=+0.016  pitch=+0.144  yaw=-0.063  dS=-0.143  dL=-0.009  dP=-0.005
++ Max : roll=+0.199  pitch=+0.649  yaw=+0.071  dS=-0.000  dL=+0.174  dP=+0.118
++ Max displacements (mm) for each sub-brick:
 1.20 1.18 1.15 1.20 1.11 1.10 1.10 1.11 1.10 1.07 0.97 1.01 1.00 0.95 0.97 1.00 0.97 0.99 0.94 0.98 0.97 0.84 0.78 0.83 0.84 0.78 0.81 0.82 0.76 0.75 0.78 0.76 0.75 0.74 0.80 0.75 0.66 0.71 0.72 0.67 0.69 0.70 0.67 0.65 0.59 0.63 0.63 0.62 0.63 0.62 0.65 0.62 0.59 0.63 0.62 0.62 0.64 0.57 0.49 0.54 0.58 0.54 0.42 0.34 0.43 0.44 0.39 0.38 0.39 0.35 0.34 0.36 0.34 0.34 0.32 0.30 0.31 0.33 0.36 0.32 0.34 0.38 0.32 0.31 0.25 0.29 0.30 0.30 0.27 0.29 0.29 0.26 0.30 0.30 0.27 0.18 0.10 0.24 0.31 0.27 0.28 0.28 0.19 0.19 0.28 0.00 0.09 0.17 0.12 0.08 0.11 0.11 0.12 0.09 0.16 0.14 0.20 1.23 0.63 0.52 0.54 0.51 0.41 0.40 0.41 0.38 0.31 0.33 0.37 0.26 0.28 0.31 0.27 0.30 0.27 0.25 0.27 0.27 0.29 0.33 0.30 0.31 0.31 0.31 0.26 0.25 0.25 0.26 0.24 0.27 0.29 0.29 0.29 0.29 0.31 0.27 0.24 0.25 0.27 0.25 0.21 0.21 0.23 0.25 0.27 0.27 0.30 0.29 0.26 0.38 0.33 0.35 0.35 0.34 0.35 0.38 0.36 0.37 0.37 0.38 0.39 0.40 0.40 0.39 0.38 0.79 0.43 0.42 0.46 0.48 0.47 0.45 0.47 0.49 0.44 0.47 0.46 0.44 0.44 0.44 0.44 0.42 0.45 0.49 0.51 0.50 0.49 0.44 0.47 0.44 0.43
++ Max displacement in automask = 1.23 (mm) at sub-brick 117
++ Wrote dataset to disk in 018/tmp.mc-afni2.277657/outvol.nii.gz
** Warning: overwriting file 018/fmcpr.mcdat
#@# --------------------------------
/scratch/groups/lisik3/mcmahoneg/mri_data_anlys/studies/cont_actions/unpackdata/s001/bold
mri_convert 018/tmp.mc-afni2.277657/outvol.nii.gz 018/fmcpr.nii.gz --in_like 018/template.nii.gz
mri_convert.bin 018/tmp.mc-afni2.277657/outvol.nii.gz 018/fmcpr.nii.gz --in_like 018/template.nii.gz 
reading info from 018/template.nii.gz...
$Id: mri_convert.c,v 1.226 2016/02/26 16:15:24 mreuter Exp $
reading from 018/tmp.mc-afni2.277657/outvol.nii.gz...
TR=2000.00, TE=0.00, TI=0.00, flip angle=0.00
INFO: frames are not the same
i_ras = (-0.99843, 0.0560047, -0.000214797)
j_ras = (0.0558209, 0.99483, -0.0848416)
k_ras = (0.00453784, 0.0847204, 0.996394)
writing to 018/fmcpr.nii.gz...
... cleaning up ....
Thu Mar  5 15:24:16 EST 2020
mc-afni2 done
INFO: Making external regressor from mc params
mcdat2mcextreg --i 018/fmcpr.mcdat --o 018/mcprextreg
Thu Mar  5 15:24:16 EST 2020

setenv SUBJECTS_DIR /scratch/groups/lisik3/mcmahoneg/mri_data_anlys/subjects
cd /scratch/groups/lisik3/mcmahoneg/mri_data_anlys/studies/cont_actions/unpackdata/s001/bold
/software/apps/freesurfer/6.0.0/fsfast/bin/mcdat2mcextreg --i 018/fmcpr.mcdat --o 018/mcprextreg

freesurfer-Linux-centos6_x86_64-stable-pub-v6.0.0-2beb96c
Linux compute0784 3.10.0-862.9.1.el7.x86_64 #1 SMP Mon Jul 16 16:29:36 UTC 2018 x86_64 x86_64 x86_64 GNU/Linux
mri_glmfit --table /scratch/groups/lisik3/mcmahoneg/mri_data_anlys/studies/cont_actions/unpackdata/s001/bold/018/tmpdir.mcdat2extreg.278028/table.dat --glmdir /scratch/groups/lisik3/mcmahoneg/mri_data_anlys/studies/cont_actions/unpackdata/s001/bold/018/tmpdir.mcdat2extreg.278028/glm --osgm --y-out /scratch/groups/lisik3/mcmahoneg/mri_data_anlys/studies/cont_actions/unpackdata/s001/bold/018/tmpdir.mcdat2extreg.278028/y.out.nii --pca

$Id: mri_glmfit.c,v 1.241.2.4 2016/12/08 22:02:40 zkaufman Exp $
cwd /scratch/groups/lisik3/mcmahoneg/mri_data_anlys/studies/cont_actions/unpackdata/s001/bold
cmdline mri_glmfit.bin --table /scratch/groups/lisik3/mcmahoneg/mri_data_anlys/studies/cont_actions/unpackdata/s001/bold/018/tmpdir.mcdat2extreg.278028/table.dat --glmdir /scratch/groups/lisik3/mcmahoneg/mri_data_anlys/studies/cont_actions/unpackdata/s001/bold/018/tmpdir.mcdat2extreg.278028/glm --osgm --y-out /scratch/groups/lisik3/mcmahoneg/mri_data_anlys/studies/cont_actions/unpackdata/s001/bold/018/tmpdir.mcdat2extreg.278028/y.out.nii --pca 
sysname  Linux
hostname compute0784
machine  x86_64
user     emcmaho7@jhu.edu
FixVertexAreaFlag = 1
UseMaskWithSmoothing     1
OneSampleGroupMean 1
y    /scratch/groups/lisik3/mcmahoneg/mri_data_anlys/studies/cont_actions/unpackdata/s001/bold/018/tmpdir.mcdat2extreg.278028/table.dat
logyflag 0
usedti  0
glmdir /scratch/groups/lisik3/mcmahoneg/mri_data_anlys/studies/cont_actions/unpackdata/s001/bold/018/tmpdir.mcdat2extreg.278028/glm
IllCondOK 0
ReScaleX 1
DoFFx 0
Creating output directory /scratch/groups/lisik3/mcmahoneg/mri_data_anlys/studies/cont_actions/unpackdata/s001/bold/018/tmpdir.mcdat2extreg.278028/glm
Loading y from /scratch/groups/lisik3/mcmahoneg/mri_data_anlys/studies/cont_actions/unpackdata/s001/bold/018/tmpdir.mcdat2extreg.278028/table.dat
Found 6 data colums
Found 211 data rows
Saving design matrix to /scratch/groups/lisik3/mcmahoneg/mri_data_anlys/studies/cont_actions/unpackdata/s001/bold/018/tmpdir.mcdat2extreg.278028/glm/Xg.dat
Computing normalized matrix
Normalized matrix condition is 1
Matrix condition is 1
search space = 6.000000
DOF = 210
Starting fit and test
Fit completed in 1.66667e-05 minutes
Writing results
  osgm
    maxvox sig=-1e+10  F=1875.77  at  index 3 0 0    seed=1583736006
Measure:MC                        osgm 
Tx                                  1.606 
Ty                                 29.052 
Tz                                -11.846 
Rx                                -10000000000.000 
Ry                                 -0.507 
Rz                                 -0.649 
Computing PCA (211)
mri_glmfit done
ninputs = 1
Checking inputs
nframestot = 211
Allocing output
Done allocing
nframes = 211
Computing PCA
Writing to /scratch/groups/lisik3/mcmahoneg/mri_data_anlys/studies/cont_actions/unpackdata/s001/bold/018/tmpdir.mcdat2extreg.278028/pca.nii
mcdat2mcextreg done


Thu Mar  5 15:24:16 EST 2020
mc-sess completed SUCCESSFULLY
s001 To Surface -----------------------------
rawfunc2surf-sess -fwhm 5 -s s001 -d /scratch/groups/lisik3/mcmahoneg/mri_data_anlys/studies/cont_actions/unpackdata -fsd bold -hemi lh -self -rlf biomotion.rlf -nolog -update -per-run
instem fmcpr
outstem fmcpr.sm5.self.hemi
------------------------------ 
1/1 s001
  1/1 s001 010 lh ---------
    Thu Mar  5 15:24:16 EST 2020
/scratch/groups/lisik3/mcmahoneg/mri_data_anlys/studies/cont_actions/unpackdata/s001/bold/010/masks/brain.self.lh.pr.nii.gz does not need updating
  1/1 s001 018 lh ---------
    Thu Mar  5 15:24:16 EST 2020
/scratch/groups/lisik3/mcmahoneg/mri_data_anlys/studies/cont_actions/unpackdata/s001/bold/018/masks/brain.self.lh.pr.nii.gz does not need updating
/scratch/groups/lisik3/mcmahoneg/mri_data_anlys/studies/cont_actions/unpackdata/s001/bold/masks/brain.self.lh.pr.nii.gz does not need updating
  1/1 s001 010 lh ---------
    Thu Mar  5 15:24:16 EST 2020
mri_vol2surf --mov /scratch/groups/lisik3/mcmahoneg/mri_data_anlys/studies/cont_actions/unpackdata/s001/bold/010/fmcpr.nii.gz --reg /scratch/groups/lisik3/mcmahoneg/mri_data_anlys/studies/cont_actions/unpackdata/s001/bold/010/register.dof6.lta --trgsubject s001 --interp trilin --projfrac 0.5 --hemi lh --o /scratch/groups/lisik3/mcmahoneg/mri_data_anlys/studies/cont_actions/unpackdata/s001/bold/010/fmcpr.sm5.self.lh.nii.gz --noreshape --cortex
srcvol = /scratch/groups/lisik3/mcmahoneg/mri_data_anlys/studies/cont_actions/unpackdata/s001/bold/010/fmcpr.nii.gz
srcreg = /scratch/groups/lisik3/mcmahoneg/mri_data_anlys/studies/cont_actions/unpackdata/s001/bold/010/register.dof6.lta
srcregold = 0
srcwarp unspecified
surf = white
hemi = lh
trgsubject = s001
surfreg = sphere.reg
ProjFrac = 0.5
thickness = thickness
reshape = 0
interp = trilin
float2int = round
GetProjMax = 0
INFO: float2int code = 0
Done loading volume
Input reg is LTA
-------- original matrix -----------
 0.99878  -0.04720   0.01444   2.42293;
-0.00919   0.10963   0.99393  -19.73030;
-0.04850  -0.99285   0.10906  -1.64384;
 0.00000   0.00000   0.00000   1.00000;
-------- original matrix -----------
Loading label /scratch/groups/lisik3/mcmahoneg/mri_data_anlys/subjects/s001/label/lh.cortex.label
Reading surface /scratch/groups/lisik3/mcmahoneg/mri_data_anlys/subjects/s001/surf/lh.white
Done reading source surface
Reading thickness /scratch/groups/lisik3/mcmahoneg/mri_data_anlys/subjects/s001/surf/lh.thickness
Done
Mapping Source Volume onto Source Subject Surface
 1 0.5 0.5 0.5
using old
Done mapping volume to surface
Number of source voxels hit = 15053
Masking with /scratch/groups/lisik3/mcmahoneg/mri_data_anlys/subjects/s001/label/lh.cortex.label
Writing to /scratch/groups/lisik3/mcmahoneg/mri_data_anlys/studies/cont_actions/unpackdata/s001/bold/010/fmcpr.sm5.self.lh.nii.gz
Dim: 145968 1 1
mris_fwhm --s s001 --hemi lh --smooth-only --i /scratch/groups/lisik3/mcmahoneg/mri_data_anlys/studies/cont_actions/unpackdata/s001/bold/010/fmcpr.sm5.self.lh.nii.gz --fwhm 5 --o /scratch/groups/lisik3/mcmahoneg/mri_data_anlys/studies/cont_actions/unpackdata/s001/bold/010/fmcpr.sm5.self.lh.nii.gz --mask /scratch/groups/lisik3/mcmahoneg/mri_data_anlys/studies/cont_actions/unpackdata/s001/bold/010/masks/brain.self.lh.nii.gz --no-detrend
s001 lh white
Number of vertices 145968
Number of faces    291932
Total area         98954.226562
GroupSurface 0
AvgVtxArea       0.677917
AvgVtxDist       0.899965
StdVtxDist       0.252160
Loading mask /scratch/groups/lisik3/mcmahoneg/mri_data_anlys/studies/cont_actions/unpackdata/s001/bold/010/masks/brain.self.lh.nii.gz
Found 137426 voxels in mask
Not Polynomial detrending
Smoothing input by fwhm=5.000000, gstd=2.123305, niters=14 
Only smoothing, so saving and exiting now
  1/1 s001 018 lh ---------
    Thu Mar  5 15:24:49 EST 2020
mri_vol2surf --mov /scratch/groups/lisik3/mcmahoneg/mri_data_anlys/studies/cont_actions/unpackdata/s001/bold/018/fmcpr.nii.gz --reg /scratch/groups/lisik3/mcmahoneg/mri_data_anlys/studies/cont_actions/unpackdata/s001/bold/018/register.dof6.lta --trgsubject s001 --interp trilin --projfrac 0.5 --hemi lh --o /scratch/groups/lisik3/mcmahoneg/mri_data_anlys/studies/cont_actions/unpackdata/s001/bold/018/fmcpr.sm5.self.lh.nii.gz --noreshape --cortex
srcvol = /scratch/groups/lisik3/mcmahoneg/mri_data_anlys/studies/cont_actions/unpackdata/s001/bold/018/fmcpr.nii.gz
srcreg = /scratch/groups/lisik3/mcmahoneg/mri_data_anlys/studies/cont_actions/unpackdata/s001/bold/018/register.dof6.lta
srcregold = 0
srcwarp unspecified
surf = white
hemi = lh
trgsubject = s001
surfreg = sphere.reg
ProjFrac = 0.5
thickness = thickness
reshape = 0
interp = trilin
float2int = round
GetProjMax = 0
INFO: float2int code = 0
Done loading volume
Input reg is LTA
-------- original matrix -----------
 0.99862  -0.04756   0.02213   2.92661;
-0.01619   0.12200   0.99240  -19.82664;
-0.04990  -0.99139   0.12106  -0.77823;
 0.00000   0.00000   0.00000   1.00000;
-------- original matrix -----------
Loading label /scratch/groups/lisik3/mcmahoneg/mri_data_anlys/subjects/s001/label/lh.cortex.label
Reading surface /scratch/groups/lisik3/mcmahoneg/mri_data_anlys/subjects/s001/surf/lh.white
Done reading source surface
Reading thickness /scratch/groups/lisik3/mcmahoneg/mri_data_anlys/subjects/s001/surf/lh.thickness
Done
Mapping Source Volume onto Source Subject Surface
 1 0.5 0.5 0.5
using old
Done mapping volume to surface
Number of source voxels hit = 15082
Masking with /scratch/groups/lisik3/mcmahoneg/mri_data_anlys/subjects/s001/label/lh.cortex.label
Writing to /scratch/groups/lisik3/mcmahoneg/mri_data_anlys/studies/cont_actions/unpackdata/s001/bold/018/fmcpr.sm5.self.lh.nii.gz
Dim: 145968 1 1
mris_fwhm --s s001 --hemi lh --smooth-only --i /scratch/groups/lisik3/mcmahoneg/mri_data_anlys/studies/cont_actions/unpackdata/s001/bold/018/fmcpr.sm5.self.lh.nii.gz --fwhm 5 --o /scratch/groups/lisik3/mcmahoneg/mri_data_anlys/studies/cont_actions/unpackdata/s001/bold/018/fmcpr.sm5.self.lh.nii.gz --mask /scratch/groups/lisik3/mcmahoneg/mri_data_anlys/studies/cont_actions/unpackdata/s001/bold/018/masks/brain.self.lh.nii.gz --no-detrend
s001 lh white
Number of vertices 145968
Number of faces    291932
Total area         98954.226562
GroupSurface 0
AvgVtxArea       0.677917
AvgVtxDist       0.899965
StdVtxDist       0.252160
Loading mask /scratch/groups/lisik3/mcmahoneg/mri_data_anlys/studies/cont_actions/unpackdata/s001/bold/018/masks/brain.self.lh.nii.gz
Found 137426 voxels in mask
Not Polynomial detrending
Smoothing input by fwhm=5.000000, gstd=2.123305, niters=14 
Only smoothing, so saving and exiting now

Thu Mar  5 15:25:21 EST 2020
rawfunc2surf-sess completed 
----------------------------------------
Started at Thu Mar 5 15:22:45 EST 2020
Ended   at Thu Mar  5 15:25:21 EST 2020
preproc-sess done
-------------------------------------------
1/1 /scratch/groups/lisik3/mcmahoneg/mri_data_anlys/studies/cont_actions/unpackdata/s001 
Thu Mar  5 15:25:22 EST 2020
anadir = /scratch/groups/lisik3/mcmahoneg/mri_data_anlys/studies/cont_actions/unpackdata/s001/bold/biomotion-surface-lh-sm5
    s001 Update needed
MLF is /tmp/selxavg3-sess-276710.m
------------------------------------------
% Thu Mar  5 15:25:21 EST 2020  
% /scratch/groups/lisik3/mcmahoneg/mri_data_anlys/studies/cont_actions/analysis  
%  biomotion-surface-lh-sm5  
which fast_selxavg3
which fast_ldanaflac
which MRIread
  
  
fast_selxavg3b('/scratch/groups/lisik3/mcmahoneg/mri_data_anlys/studies/cont_actions/unpackdata/s001/bold/biomotion-surface-lh-sm5/sxa3.config.txt')
if(~fast_fileexists('/tmp/selxavg3-sess-276710.ok')); quit; end
%--------------------------------
  
  
quit;
------------------------------------------
------------------------------------------
------- matlab output --------------------
MATLAB is selecting SOFTWARE OPENGL rendering.

                            < M A T L A B (R) >
                  Copyright 1984-2019 The MathWorks, Inc.
                  R2019a (9.6.0.1072779) 64-bit (glnxa64)
                               March 8, 2019

 
To get started, type doc.
For product information, visit www.mathworks.com.
 
>> >> >> >> /software/apps/freesurfer/6.0.0/fsfast/toolbox/fast_selxavg3.m
>> /software/apps/freesurfer/6.0.0/fsfast/toolbox/fast_ldanaflac.m
>> /software/apps/freesurfer/6.0.0/matlab/MRIread.m
>> >> >> starting fast_selxavg3b


#@# s001 ###############################
/scratch/groups/lisik3/mcmahoneg/mri_data_anlys/studies/cont_actions/unpackdata/s001
-------------------------
$Id: fast_selxavg3b.m,v 1.4 2016/05/04 22:16:47 greve Exp $
-------------------------
outtop = /scratch/groups/lisik3/mcmahoneg/mri_data_anlys/studies/cont_actions/unpackdata
Extension format = nii.gz
INFO: key nSliceGroups unrecognized, line 12, skipping
 1 bio_scrambled.mat
 2 bio_translation.mat
 3 fixation.mat
 4 motion_static.mat
Excluding 2 points
nruns = 2
autostimdur = 


outanadir = /scratch/groups/lisik3/mcmahoneg/mri_data_anlys/studies/cont_actions/unpackdata/s001/bold/biomotion-surface-lh-sm5
Excluding 2 points
Excluding 2 points
parfiles condition id list:  1  2  3  4 
Found 137426/145968 (94.1) voxels in mask 1
Creating Design Matrix
 ... creation time =  0.005 sec
DoMCFit = 1
ntptot = 422, nX = 18, DOF = 404
Saving X matrix to /scratch/groups/lisik3/mcmahoneg/mri_data_anlys/studies/cont_actions/unpackdata/s001/bold/biomotion-surface-lh-sm5/Xtmp.mat
XCond = 1164.38 (normalized)
Computing compensation for resdual AR1 bias
 1  -0.5  -0.500275    (t=0.018235)
 2  -0.25  -0.262414    (t=0.027348)
 3  0  -0.0287009    (t=0.034204)
 4  0.25  0.197626    (t=0.040928)
 5  0.5  0.408239    (t=0.051009)
AR1 Correction M: 0.0407151 1.0973
Computing contrast matrices
OLS Beta Pass 
  run 1    t= 0.0
reading data ... 1.5341
    Global Mean 82746.60
  run 2    t= 2.4
reading data ... 1.53595
    Global Mean 81956.50
Global In-Mask Mean = 82351.6 (72707.3)
Rescale Target = 100
RescaleFactor = 0.00121431
OLS Residual Pass 
  run 1    t= 0.0
reading data ... 1.53236
Saving rho1
  run 2    t= 3.6
reading data ... 1.53472
Saving rho1
Smoothing ACF
/software/apps/freesurfer/6.0.0/bin/mris_fwhm --mask /scratch/groups/lisik3/mcmahoneg/mri_data_anlys/studies/cont_actions/unpackdata/s001/bold/biomotion-surface-lh-sm5/mask.nii.gz --i /scratch/groups/lisik3/mcmahoneg/mri_data_anlys/studies/cont_actions/unpackdata/s001/bold/biomotion-surface-lh-sm5/rho1mn.nii.gz --o /scratch/groups/lisik3/mcmahoneg/mri_data_anlys/studies/cont_actions/unpackdata/s001/bold/biomotion-surface-lh-sm5/rho1mn.sm.nii.gz --fwhm 20.000000 --smooth-only --s s001 --hemi lh --sd /scratch/groups/lisik3/mcmahoneg/mri_data_anlys/subjects
s001 lh white
Number of vertices 145968
Number of faces    291932
Total area         98954.226562
GroupSurface 0
AvgVtxArea       0.677917
AvgVtxDist       0.899965
StdVtxDist       0.252160
Loading mask /scratch/groups/lisik3/mcmahoneg/mri_data_anlys/studies/cont_actions/unpackdata/s001/bold/biomotion-surface-lh-sm5/mask.nii.gz
Found 137426 voxels in mask
Not Polynomial detrending
Smoothing input by fwhm=20.000000, gstd=8.493218, niters=218 
Only smoothing, so saving and exiting now

Found 0 voxels with corrected AR1 > 0.90
Whitening
Computing whitening matrices
Alloc Sinv: 422 422 30 ...  done t = 0.002169 sec
  seg   1   4581  nrho1 = 0.136
  seg   2   4581  nrho1 = 0.199
  seg   3   4581  nrho1 = 0.255
  seg   4   4581  nrho1 = 0.288
  seg   5   4581  nrho1 = 0.316
  seg   6   4581  nrho1 = 0.341
  seg   7   4581  nrho1 = 0.363
  seg   8   4581  nrho1 = 0.379
  seg   9   4581  nrho1 = 0.392
  seg  10   4581  nrho1 = 0.404
  seg  11   4581  nrho1 = 0.414
  seg  12   4581  nrho1 = 0.423
  seg  13   4581  nrho1 = 0.431
  seg  14   4581  nrho1 = 0.438
  seg  15   4581  nrho1 = 0.445
  seg  16   4581  nrho1 = 0.453
  seg  17   4581  nrho1 = 0.460
  seg  18   4581  nrho1 = 0.467
  seg  19   4581  nrho1 = 0.473
  seg  20   4581  nrho1 = 0.480
  seg  21   4581  nrho1 = 0.487
  seg  22   4581  nrho1 = 0.494
  seg  23   4581  nrho1 = 0.501
  seg  24   4581  nrho1 = 0.508
  seg  25   4581  nrho1 = 0.516
  seg  26   4581  nrho1 = 0.525
  seg  27   4581  nrho1 = 0.536
  seg  28   4581  nrho1 = 0.550
  seg  29   4581  nrho1 = 0.564
  seg  30   4577  nrho1 = 0.601
GLS Beta Pass 
  run 1    t= 0.0
  run 2    t= 2.2
GLS Residual Pass 
  run 1    t= 0.0
  run 2    t=105.2
Found 8542 zero-valued voxels
Computing contrasts
Starting contrasts
bio_scrambled J=1 -------------
/scratch/groups/lisik3/mcmahoneg/mri_data_anlys/studies/cont_actions/unpackdata/s001/bold/biomotion-surface-lh-sm5/bio_scrambled exists, deleting
Saving efficiency 22.7848
Testing Motion Correction Parameters
 -0.03  -1.19   6.28   0.95  -2.66  -1.37   2.77   2.34   1.80  -0.39   1.81   2.18  -4.69  -1.62   2.77   2.34  -2.77  -2.34 
bio_translation J=1 -------------
/scratch/groups/lisik3/mcmahoneg/mri_data_anlys/studies/cont_actions/unpackdata/s001/bold/biomotion-surface-lh-sm5/bio_translation exists, deleting
Saving efficiency 22.772
Testing Motion Correction Parameters
  0.75  -0.56   1.06   0.17  -1.82   0.22   4.26   3.41   1.04  -1.21  -0.07   0.51  -1.73  -0.01   4.26   3.41  -4.26  -3.41 
fixation J=1 -------------
/scratch/groups/lisik3/mcmahoneg/mri_data_anlys/studies/cont_actions/unpackdata/s001/bold/biomotion-surface-lh-sm5/fixation exists, deleting
Saving efficiency 69.5722
Testing Motion Correction Parameters
  1.41   1.02  -4.95   0.32   1.82   1.20  15.43  12.92   6.48  -0.65  -3.37   0.01   3.45   0.20  15.42  12.92 -15.43 -12.92 
motion_static J=1 -------------
/scratch/groups/lisik3/mcmahoneg/mri_data_anlys/studies/cont_actions/unpackdata/s001/bold/biomotion-surface-lh-sm5/motion_static exists, deleting
Saving efficiency 37.5243
Testing Motion Correction Parameters
  2.17   0.87   0.25   4.75   0.22   0.80   0.51   0.35  -1.41  -1.29  -1.03   4.79   0.03  -1.82   0.51   0.35  -0.51  -0.35 
Saving h.dat to /scratch/groups/lisik3/mcmahoneg/mri_data_anlys/studies/cont_actions/unpackdata/s001/bold/biomotion-surface-lh-sm5/h.dat
cputime-min 0.371000
fast_selxavg3 done for /scratch/groups/lisik3/mcmahoneg/mri_data_anlys/studies/cont_actions/unpackdata/s001

ans =

     0

>> >> >> >> >> ------------------------------------------
Started at Thu Mar 5 15:22:44 EST 2020
Ended   at Thu Mar  5 15:32:02 EST 2020
 
selxavg3-sess completed
 
