selxavg3-sess log file
/software/apps/freesurfer/6.0.0/fsfast/bin/selxavg3-sess
-s s003 -df sessdir -analysis amodal-surface-lh-sm5 -svres
$Id: selxavg3-sess,v 1.68 2016/05/10 03:24:18 greve Exp $
uid=3996(emcmaho7@jhu.edu) gid=1405(lisik3) groups=1405(lisik3),1502(mbonner5)
/scratch/groups/lisik3/mcmahoneg/mri_data_anlys/studies/cont_actions/analysis
Linux compute0784 3.10.0-862.9.1.el7.x86_64 #1 SMP Mon Jul 16 16:29:36 UTC 2018 x86_64 x86_64 x86_64 GNU/Linux
Wed Mar  4 15:40:15 EST 2020
preproc-sess -s s003 -d /scratch/groups/lisik3/mcmahoneg/mri_data_anlys/studies/cont_actions/unpackdata -a amodal-surface-lh-sm5 -nolog
--------------------------------------------------------------
preproc-sess logfile is /dev/null
--------------------------------------------------------------
$Id: preproc-sess,v 1.64.2.1 2016/08/02 21:19:09 greve Exp $
emcmaho7@jhu.edu
setenv FREESURFER_HOME /software/apps/freesurfer/6.0.0
setenv SUBJECTS_DIR /scratch/groups/lisik3/mcmahoneg/mri_data_anlys/subjects
Linux compute0784 3.10.0-862.9.1.el7.x86_64 #1 SMP Mon Jul 16 16:29:36 UTC 2018 x86_64 x86_64 x86_64 GNU/Linux
/scratch/groups/lisik3/mcmahoneg/mri_data_anlys/studies/cont_actions/analysis
/software/apps/freesurfer/6.0.0/fsfast/bin/preproc-sess
-s s003 -d /scratch/groups/lisik3/mcmahoneg/mri_data_anlys/studies/cont_actions/unpackdata -a amodal-surface-lh-sm5 -nolog
Wed Mar  4 15:40:16 EST 2020
instem   f 
mc   1     f fmcpr 
stc  0     fmcpr
sm   0   
mask 1   brain
s003 Template -----------------------------
mktemplate-sess -s s003 -d /scratch/groups/lisik3/mcmahoneg/mri_data_anlys/studies/cont_actions/unpackdata -fsd bold -rlf amodal.rlf -nolog -update
 
Session: /scratch/groups/lisik3/mcmahoneg/mri_data_anlys/studies/cont_actions/unpackdata/s003 ----------------
Wed Mar  4 15:40:16 EST 2020
Detected input format at nii
s003 Update not needed
  Run: 008 ----------------
  Wed Mar  4 15:40:16 EST 2020
  s003 008 Update not needed
  Run: 017 ----------------
  Wed Mar  4 15:40:16 EST 2020
  s003 017 Update not needed
Wed Mar  4 15:40:16 EST 2020
mktemplate-sess completed 
s003 Registration -----------------------------
register-sess -s s003 -d /scratch/groups/lisik3/mcmahoneg/mri_data_anlys/studies/cont_actions/unpackdata -fsd bold -delete-dat -dof 6 -bold -rlf amodal.rlf -per-run -nolog -update -init-coreg
--------------------------------------------------------------
register-sess logfile is /dev/null
--------------------------------------------------------------
Wed Mar  4 15:40:16 EST 2020

setenv SUBJECTS_DIR /scratch/groups/lisik3/mcmahoneg/mri_data_anlys/subjects
cd /scratch/groups/lisik3/mcmahoneg/mri_data_anlys/studies/cont_actions/analysis
/software/apps/freesurfer/6.0.0/fsfast/bin/register-sess -s s003 -d /scratch/groups/lisik3/mcmahoneg/mri_data_anlys/studies/cont_actions/unpackdata -fsd bold -delete-dat -dof 6 -bold -rlf amodal.rlf -per-run -nolog -update -init-coreg

freesurfer-Linux-centos6_x86_64-stable-pub-v6.0.0-2beb96c
Linux compute0784 3.10.0-862.9.1.el7.x86_64 #1 SMP Mon Jul 16 16:29:36 UTC 2018 x86_64 x86_64 x86_64 GNU/Linux
 
Session: /scratch/groups/lisik3/mcmahoneg/mri_data_anlys/studies/cont_actions/unpackdata/s003 ----------------
Wed Mar  4 15:40:16 EST 2020
/scratch/groups/lisik3/mcmahoneg/mri_data_anlys/studies/cont_actions/unpackdata/s003
  Run: 008 ----------------
Wed Mar  4 15:40:16 EST 2020
Update not needed
  Run: 017 ----------------
Wed Mar  4 15:40:16 EST 2020
Update not needed
Wed Mar  4 15:40:16 EST 2020
register-sess completed 
s003 Mask ------------------------
mkbrainmask-sess -maskstem brain -fsd bold -s s003 -d /scratch/groups/lisik3/mcmahoneg/mri_data_anlys/studies/cont_actions/unpackdata -per-run -rlf amodal.rlf -nolog -update
------------------------------------------------
/scratch/groups/lisik3/mcmahoneg/mri_data_anlys/studies/cont_actions/unpackdata/s003 
Wed Mar  4 15:40:16 EST 2020
s003 Update not needed for session-level mask
s003 Update not needed for run 008 mask
s003 Update not needed for run 017 mask
s003 Update not needed for run 008 meanval
s003 Update not needed for run 017 meanval
Wed Mar  4 15:40:17 EST 2020
mkbrainmask-sess done
s003 MC -----------------------------
mc-sess -fstem f -fmcstem fmcpr -s s003 -d /scratch/groups/lisik3/mcmahoneg/mri_data_anlys/studies/cont_actions/unpackdata -fsd bold -rlf amodal.rlf -per-run -nolog -update
Logfile is /dev/null
-------------------------------------------
/scratch/groups/lisik3/mcmahoneg/mri_data_anlys/studies/cont_actions/unpackdata/s003 
RunList: 008 017
s003 008 Update not needed
s003 017 Update not needed


Wed Mar  4 15:40:17 EST 2020
mc-sess completed SUCCESSFULLY
s003 To Surface -----------------------------
rawfunc2surf-sess -fwhm 5 -s s003 -d /scratch/groups/lisik3/mcmahoneg/mri_data_anlys/studies/cont_actions/unpackdata -fsd bold -hemi lh -self -rlf amodal.rlf -nolog -update -per-run
instem fmcpr
outstem fmcpr.sm5.self.hemi
------------------------------ 
1/1 s003
  1/1 s003 008 lh ---------
    Wed Mar  4 15:40:17 EST 2020
mri_vol2surf --mov /scratch/groups/lisik3/mcmahoneg/mri_data_anlys/studies/cont_actions/unpackdata/s003/bold/008/masks/brain.nii.gz --reg /scratch/groups/lisik3/mcmahoneg/mri_data_anlys/studies/cont_actions/unpackdata/s003/bold/008/register.dof6.lta --trgsubject s003 --interp nearest --projfrac 0.5 --hemi lh --o /scratch/groups/lisik3/mcmahoneg/mri_data_anlys/studies/cont_actions/unpackdata/s003/bold/008/masks/brain.self.lh.pr.nii.gz --noreshape --cortex
srcvol = /scratch/groups/lisik3/mcmahoneg/mri_data_anlys/studies/cont_actions/unpackdata/s003/bold/008/masks/brain.nii.gz
srcreg = /scratch/groups/lisik3/mcmahoneg/mri_data_anlys/studies/cont_actions/unpackdata/s003/bold/008/register.dof6.lta
srcregold = 0
srcwarp unspecified
surf = white
hemi = lh
trgsubject = s003
surfreg = sphere.reg
ProjFrac = 0.5
thickness = thickness
reshape = 0
interp = nearest
float2int = round
GetProjMax = 0
INFO: float2int code = 0
INFO: changing type to float
Done loading volume
Input reg is LTA
-------- original matrix -----------
 0.99993   0.00627   0.00987   2.93098;
-0.00854  -0.18451   0.98279  -12.47110;
 0.00799  -0.98281  -0.18444  -2.62869;
 0.00000   0.00000   0.00000   1.00000;
-------- original matrix -----------
Loading label /scratch/groups/lisik3/mcmahoneg/mri_data_anlys/subjects/s003/label/lh.cortex.label
Reading surface /scratch/groups/lisik3/mcmahoneg/mri_data_anlys/subjects/s003/surf/lh.white
Done reading source surface
Reading thickness /scratch/groups/lisik3/mcmahoneg/mri_data_anlys/subjects/s003/surf/lh.thickness
Done
Mapping Source Volume onto Source Subject Surface
 1 0.5 0.5 0.5
using old
Done mapping volume to surface
Number of source voxels hit = 15345
Masking with /scratch/groups/lisik3/mcmahoneg/mri_data_anlys/subjects/s003/label/lh.cortex.label
Writing to /scratch/groups/lisik3/mcmahoneg/mri_data_anlys/studies/cont_actions/unpackdata/s003/bold/008/masks/brain.self.lh.pr.nii.gz
Dim: 147546 1 1
mri_binarize --i /scratch/groups/lisik3/mcmahoneg/mri_data_anlys/studies/cont_actions/unpackdata/s003/bold/008/masks/brain.self.lh.pr.nii.gz --min .00001 --o /scratch/groups/lisik3/mcmahoneg/mri_data_anlys/studies/cont_actions/unpackdata/s003/bold/008/masks/brain.self.lh.pr.nii.gz

$Id: mri_binarize.c,v 1.43 2016/06/09 20:46:21 greve Exp $
cwd /scratch/groups/lisik3/mcmahoneg/mri_data_anlys/studies/cont_actions/analysis
cmdline mri_binarize.bin --i /scratch/groups/lisik3/mcmahoneg/mri_data_anlys/studies/cont_actions/unpackdata/s003/bold/008/masks/brain.self.lh.pr.nii.gz --min .00001 --o /scratch/groups/lisik3/mcmahoneg/mri_data_anlys/studies/cont_actions/unpackdata/s003/bold/008/masks/brain.self.lh.pr.nii.gz 
sysname  Linux
hostname compute0784
machine  x86_64
user     emcmaho7@jhu.edu

input      /scratch/groups/lisik3/mcmahoneg/mri_data_anlys/studies/cont_actions/unpackdata/s003/bold/008/masks/brain.self.lh.pr.nii.gz
frame      0
nErode3d   0
nErode2d   0
output     /scratch/groups/lisik3/mcmahoneg/mri_data_anlys/studies/cont_actions/unpackdata/s003/bold/008/masks/brain.self.lh.pr.nii.gz
Binarizing based on threshold
min        1e-05
max        +infinity
binval        1
binvalnot     0
fstart = 0, fend = 0, nframes = 1
Found 138759 values in range
Counting number of voxels in first frame
Found 138759 voxels in final mask
Count: 138759 138759.000000 147546 94.044569
mri_binarize done
  1/1 s003 017 lh ---------
    Wed Mar  4 15:40:18 EST 2020
mri_vol2surf --mov /scratch/groups/lisik3/mcmahoneg/mri_data_anlys/studies/cont_actions/unpackdata/s003/bold/017/masks/brain.nii.gz --reg /scratch/groups/lisik3/mcmahoneg/mri_data_anlys/studies/cont_actions/unpackdata/s003/bold/017/register.dof6.lta --trgsubject s003 --interp nearest --projfrac 0.5 --hemi lh --o /scratch/groups/lisik3/mcmahoneg/mri_data_anlys/studies/cont_actions/unpackdata/s003/bold/017/masks/brain.self.lh.pr.nii.gz --noreshape --cortex
srcvol = /scratch/groups/lisik3/mcmahoneg/mri_data_anlys/studies/cont_actions/unpackdata/s003/bold/017/masks/brain.nii.gz
srcreg = /scratch/groups/lisik3/mcmahoneg/mri_data_anlys/studies/cont_actions/unpackdata/s003/bold/017/register.dof6.lta
srcregold = 0
srcwarp unspecified
surf = white
hemi = lh
trgsubject = s003
surfreg = sphere.reg
ProjFrac = 0.5
thickness = thickness
reshape = 0
interp = nearest
float2int = round
GetProjMax = 0
INFO: float2int code = 0
INFO: changing type to float
Done loading volume
Input reg is LTA
-------- original matrix -----------
 0.99994   0.00528   0.00980   3.04536;
-0.00875  -0.17266   0.98494  -13.66301;
 0.00689  -0.98497  -0.17260  -1.86556;
 0.00000   0.00000   0.00000   1.00000;
-------- original matrix -----------
Loading label /scratch/groups/lisik3/mcmahoneg/mri_data_anlys/subjects/s003/label/lh.cortex.label
Reading surface /scratch/groups/lisik3/mcmahoneg/mri_data_anlys/subjects/s003/surf/lh.white
Done reading source surface
Reading thickness /scratch/groups/lisik3/mcmahoneg/mri_data_anlys/subjects/s003/surf/lh.thickness
Done
Mapping Source Volume onto Source Subject Surface
 1 0.5 0.5 0.5
using old
Done mapping volume to surface
Number of source voxels hit = 15380
Masking with /scratch/groups/lisik3/mcmahoneg/mri_data_anlys/subjects/s003/label/lh.cortex.label
Writing to /scratch/groups/lisik3/mcmahoneg/mri_data_anlys/studies/cont_actions/unpackdata/s003/bold/017/masks/brain.self.lh.pr.nii.gz
Dim: 147546 1 1
mri_binarize --i /scratch/groups/lisik3/mcmahoneg/mri_data_anlys/studies/cont_actions/unpackdata/s003/bold/017/masks/brain.self.lh.pr.nii.gz --min .00001 --o /scratch/groups/lisik3/mcmahoneg/mri_data_anlys/studies/cont_actions/unpackdata/s003/bold/017/masks/brain.self.lh.pr.nii.gz

$Id: mri_binarize.c,v 1.43 2016/06/09 20:46:21 greve Exp $
cwd /scratch/groups/lisik3/mcmahoneg/mri_data_anlys/studies/cont_actions/analysis
cmdline mri_binarize.bin --i /scratch/groups/lisik3/mcmahoneg/mri_data_anlys/studies/cont_actions/unpackdata/s003/bold/017/masks/brain.self.lh.pr.nii.gz --min .00001 --o /scratch/groups/lisik3/mcmahoneg/mri_data_anlys/studies/cont_actions/unpackdata/s003/bold/017/masks/brain.self.lh.pr.nii.gz 
sysname  Linux
hostname compute0784
machine  x86_64
user     emcmaho7@jhu.edu

input      /scratch/groups/lisik3/mcmahoneg/mri_data_anlys/studies/cont_actions/unpackdata/s003/bold/017/masks/brain.self.lh.pr.nii.gz
frame      0
nErode3d   0
nErode2d   0
output     /scratch/groups/lisik3/mcmahoneg/mri_data_anlys/studies/cont_actions/unpackdata/s003/bold/017/masks/brain.self.lh.pr.nii.gz
Binarizing based on threshold
min        1e-05
max        +infinity
binval        1
binvalnot     0
fstart = 0, fend = 0, nframes = 1
Found 138614 values in range
Counting number of voxels in first frame
Found 138614 voxels in final mask
Count: 138614 138614.000000 147546 93.946295
mri_binarize done
mri_concat --o /scratch/groups/lisik3/mcmahoneg/mri_data_anlys/studies/cont_actions/unpackdata/s003/bold/masks/brain.self.lh.pr.nii.gz --mean /scratch/groups/lisik3/mcmahoneg/mri_data_anlys/studies/cont_actions/unpackdata/s003/bold/008/masks/brain.self.lh.pr.nii.gz /scratch/groups/lisik3/mcmahoneg/mri_data_anlys/studies/cont_actions/unpackdata/s003/bold/017/masks/brain.self.lh.pr.nii.gz
ninputs = 2
Checking inputs
nframestot = 2
Allocing output
Done allocing
nframes = 2
Computing mean across frames
Writing to /scratch/groups/lisik3/mcmahoneg/mri_data_anlys/studies/cont_actions/unpackdata/s003/bold/masks/brain.self.lh.pr.nii.gz
mri_binarize --i /scratch/groups/lisik3/mcmahoneg/mri_data_anlys/studies/cont_actions/unpackdata/s003/bold/masks/brain.self.lh.pr.nii.gz --min 10e-10 --o /scratch/groups/lisik3/mcmahoneg/mri_data_anlys/studies/cont_actions/unpackdata/s003/bold/masks/brain.self.lh.pr.nii.gz

$Id: mri_binarize.c,v 1.43 2016/06/09 20:46:21 greve Exp $
cwd /scratch/groups/lisik3/mcmahoneg/mri_data_anlys/studies/cont_actions/analysis
cmdline mri_binarize.bin --i /scratch/groups/lisik3/mcmahoneg/mri_data_anlys/studies/cont_actions/unpackdata/s003/bold/masks/brain.self.lh.pr.nii.gz --min 10e-10 --o /scratch/groups/lisik3/mcmahoneg/mri_data_anlys/studies/cont_actions/unpackdata/s003/bold/masks/brain.self.lh.pr.nii.gz 
sysname  Linux
hostname compute0784
machine  x86_64
user     emcmaho7@jhu.edu

input      /scratch/groups/lisik3/mcmahoneg/mri_data_anlys/studies/cont_actions/unpackdata/s003/bold/masks/brain.self.lh.pr.nii.gz
frame      0
nErode3d   0
nErode2d   0
output     /scratch/groups/lisik3/mcmahoneg/mri_data_anlys/studies/cont_actions/unpackdata/s003/bold/masks/brain.self.lh.pr.nii.gz
Binarizing based on threshold
min        1e-09
max        +infinity
binval        1
binvalnot     0
fstart = 0, fend = 0, nframes = 1
Found 138759 values in range
Counting number of voxels in first frame
Found 138759 voxels in final mask
Count: 138759 138759.000000 147546 94.044569
mri_binarize done
  1/1 s003 008 lh ---------
    Wed Mar  4 15:40:20 EST 2020
mri_vol2surf --mov /scratch/groups/lisik3/mcmahoneg/mri_data_anlys/studies/cont_actions/unpackdata/s003/bold/008/fmcpr.nii.gz --reg /scratch/groups/lisik3/mcmahoneg/mri_data_anlys/studies/cont_actions/unpackdata/s003/bold/008/register.dof6.lta --trgsubject s003 --interp trilin --projfrac 0.5 --hemi lh --o /scratch/groups/lisik3/mcmahoneg/mri_data_anlys/studies/cont_actions/unpackdata/s003/bold/008/fmcpr.sm5.self.lh.nii.gz --noreshape --cortex
srcvol = /scratch/groups/lisik3/mcmahoneg/mri_data_anlys/studies/cont_actions/unpackdata/s003/bold/008/fmcpr.nii.gz
srcreg = /scratch/groups/lisik3/mcmahoneg/mri_data_anlys/studies/cont_actions/unpackdata/s003/bold/008/register.dof6.lta
srcregold = 0
srcwarp unspecified
surf = white
hemi = lh
trgsubject = s003
surfreg = sphere.reg
ProjFrac = 0.5
thickness = thickness
reshape = 0
interp = trilin
float2int = round
GetProjMax = 0
INFO: float2int code = 0
Done loading volume
Input reg is LTA
-------- original matrix -----------
 0.99993   0.00627   0.00987   2.93098;
-0.00854  -0.18451   0.98279  -12.47110;
 0.00799  -0.98281  -0.18444  -2.62869;
 0.00000   0.00000   0.00000   1.00000;
-------- original matrix -----------
Loading label /scratch/groups/lisik3/mcmahoneg/mri_data_anlys/subjects/s003/label/lh.cortex.label
Reading surface /scratch/groups/lisik3/mcmahoneg/mri_data_anlys/subjects/s003/surf/lh.white
Done reading source surface
Reading thickness /scratch/groups/lisik3/mcmahoneg/mri_data_anlys/subjects/s003/surf/lh.thickness
Done
Mapping Source Volume onto Source Subject Surface
 1 0.5 0.5 0.5
using old
Done mapping volume to surface
Number of source voxels hit = 15345
Masking with /scratch/groups/lisik3/mcmahoneg/mri_data_anlys/subjects/s003/label/lh.cortex.label
Writing to /scratch/groups/lisik3/mcmahoneg/mri_data_anlys/studies/cont_actions/unpackdata/s003/bold/008/fmcpr.sm5.self.lh.nii.gz
Dim: 147546 1 1
mris_fwhm --s s003 --hemi lh --smooth-only --i /scratch/groups/lisik3/mcmahoneg/mri_data_anlys/studies/cont_actions/unpackdata/s003/bold/008/fmcpr.sm5.self.lh.nii.gz --fwhm 5 --o /scratch/groups/lisik3/mcmahoneg/mri_data_anlys/studies/cont_actions/unpackdata/s003/bold/008/fmcpr.sm5.self.lh.nii.gz --mask /scratch/groups/lisik3/mcmahoneg/mri_data_anlys/studies/cont_actions/unpackdata/s003/bold/008/masks/brain.self.lh.nii.gz --no-detrend
s003 lh white
Number of vertices 147546
Number of faces    295088
Total area         100859.718750
GroupSurface 0
AvgVtxArea       0.683582
AvgVtxDist       0.903857
StdVtxDist       0.252471
Loading mask /scratch/groups/lisik3/mcmahoneg/mri_data_anlys/studies/cont_actions/unpackdata/s003/bold/008/masks/brain.self.lh.nii.gz
Found 138759 voxels in mask
Not Polynomial detrending
Smoothing input by fwhm=5.000000, gstd=2.123305, niters=13 
Only smoothing, so saving and exiting now
  1/1 s003 017 lh ---------
    Wed Mar  4 15:40:34 EST 2020
mri_vol2surf --mov /scratch/groups/lisik3/mcmahoneg/mri_data_anlys/studies/cont_actions/unpackdata/s003/bold/017/fmcpr.nii.gz --reg /scratch/groups/lisik3/mcmahoneg/mri_data_anlys/studies/cont_actions/unpackdata/s003/bold/017/register.dof6.lta --trgsubject s003 --interp trilin --projfrac 0.5 --hemi lh --o /scratch/groups/lisik3/mcmahoneg/mri_data_anlys/studies/cont_actions/unpackdata/s003/bold/017/fmcpr.sm5.self.lh.nii.gz --noreshape --cortex
srcvol = /scratch/groups/lisik3/mcmahoneg/mri_data_anlys/studies/cont_actions/unpackdata/s003/bold/017/fmcpr.nii.gz
srcreg = /scratch/groups/lisik3/mcmahoneg/mri_data_anlys/studies/cont_actions/unpackdata/s003/bold/017/register.dof6.lta
srcregold = 0
srcwarp unspecified
surf = white
hemi = lh
trgsubject = s003
surfreg = sphere.reg
ProjFrac = 0.5
thickness = thickness
reshape = 0
interp = trilin
float2int = round
GetProjMax = 0
INFO: float2int code = 0
Done loading volume
Input reg is LTA
-------- original matrix -----------
 0.99994   0.00528   0.00980   3.04536;
-0.00875  -0.17266   0.98494  -13.66301;
 0.00689  -0.98497  -0.17260  -1.86556;
 0.00000   0.00000   0.00000   1.00000;
-------- original matrix -----------
Loading label /scratch/groups/lisik3/mcmahoneg/mri_data_anlys/subjects/s003/label/lh.cortex.label
Reading surface /scratch/groups/lisik3/mcmahoneg/mri_data_anlys/subjects/s003/surf/lh.white
Done reading source surface
Reading thickness /scratch/groups/lisik3/mcmahoneg/mri_data_anlys/subjects/s003/surf/lh.thickness
Done
Mapping Source Volume onto Source Subject Surface
 1 0.5 0.5 0.5
using old
Done mapping volume to surface
Number of source voxels hit = 15380
Masking with /scratch/groups/lisik3/mcmahoneg/mri_data_anlys/subjects/s003/label/lh.cortex.label
Writing to /scratch/groups/lisik3/mcmahoneg/mri_data_anlys/studies/cont_actions/unpackdata/s003/bold/017/fmcpr.sm5.self.lh.nii.gz
Dim: 147546 1 1
mris_fwhm --s s003 --hemi lh --smooth-only --i /scratch/groups/lisik3/mcmahoneg/mri_data_anlys/studies/cont_actions/unpackdata/s003/bold/017/fmcpr.sm5.self.lh.nii.gz --fwhm 5 --o /scratch/groups/lisik3/mcmahoneg/mri_data_anlys/studies/cont_actions/unpackdata/s003/bold/017/fmcpr.sm5.self.lh.nii.gz --mask /scratch/groups/lisik3/mcmahoneg/mri_data_anlys/studies/cont_actions/unpackdata/s003/bold/017/masks/brain.self.lh.nii.gz --no-detrend
s003 lh white
Number of vertices 147546
Number of faces    295088
Total area         100859.718750
GroupSurface 0
AvgVtxArea       0.683582
AvgVtxDist       0.903857
StdVtxDist       0.252471
Loading mask /scratch/groups/lisik3/mcmahoneg/mri_data_anlys/studies/cont_actions/unpackdata/s003/bold/017/masks/brain.self.lh.nii.gz
Found 138759 voxels in mask
Not Polynomial detrending
Smoothing input by fwhm=5.000000, gstd=2.123305, niters=13 
Only smoothing, so saving and exiting now

Wed Mar  4 15:40:49 EST 2020
rawfunc2surf-sess completed 
----------------------------------------
Started at Wed Mar 4 15:40:16 EST 2020
Ended   at Wed Mar  4 15:40:49 EST 2020
preproc-sess done
-------------------------------------------
1/1 /scratch/groups/lisik3/mcmahoneg/mri_data_anlys/studies/cont_actions/unpackdata/s003 
Wed Mar  4 15:40:49 EST 2020
anadir = /scratch/groups/lisik3/mcmahoneg/mri_data_anlys/studies/cont_actions/unpackdata/s003/bold/amodal-surface-lh-sm5
    s003 Update needed
MLF is /tmp/selxavg3-sess-51197.m
------------------------------------------
% Wed Mar  4 15:40:49 EST 2020  
% /scratch/groups/lisik3/mcmahoneg/mri_data_anlys/studies/cont_actions/analysis  
%  amodal-surface-lh-sm5  
which fast_selxavg3
which fast_ldanaflac
which MRIread
  
  
fast_selxavg3b('/scratch/groups/lisik3/mcmahoneg/mri_data_anlys/studies/cont_actions/unpackdata/s003/bold/amodal-surface-lh-sm5/sxa3.config.txt')
if(~fast_fileexists('/tmp/selxavg3-sess-51197.ok')); quit; end
%--------------------------------
  
  
quit;
------------------------------------------
------------------------------------------
------- matlab output --------------------
MATLAB is selecting SOFTWARE OPENGL rendering.

                            < M A T L A B (R) >
                  Copyright 1984-2019 The MathWorks, Inc.
                  R2019a (9.6.0.1072779) 64-bit (glnxa64)
                               March 8, 2019

 
To get started, type doc.
For product information, visit www.mathworks.com.
 
>> >> >> >> /software/apps/freesurfer/6.0.0/fsfast/toolbox/fast_selxavg3.m
>> /software/apps/freesurfer/6.0.0/fsfast/toolbox/fast_ldanaflac.m
>> /software/apps/freesurfer/6.0.0/matlab/MRIread.m
>> >> >> starting fast_selxavg3b


#@# s003 ###############################
/scratch/groups/lisik3/mcmahoneg/mri_data_anlys/studies/cont_actions/unpackdata/s003
-------------------------
$Id: fast_selxavg3b.m,v 1.4 2016/05/04 22:16:47 greve Exp $
-------------------------
outtop = /scratch/groups/lisik3/mcmahoneg/mri_data_anlys/studies/cont_actions/unpackdata
Extension format = nii.gz
INFO: key nSliceGroups unrecognized, line 12, skipping
 1 fixation.mat
 2 interaction.mat
Excluding 2 points
nruns = 2
autostimdur = 


outanadir = /scratch/groups/lisik3/mcmahoneg/mri_data_anlys/studies/cont_actions/unpackdata/s003/bold/amodal-surface-lh-sm5
Excluding 2 points
Excluding 2 points
parfiles condition id list:  1  2 
Found 138759/147546 (94.0) voxels in mask 1
Creating Design Matrix
 ... creation time =  0.005 sec
DoMCFit = 1
ntptot = 160, nX = 16, DOF = 144
Saving X matrix to /scratch/groups/lisik3/mcmahoneg/mri_data_anlys/studies/cont_actions/unpackdata/s003/bold/amodal-surface-lh-sm5/Xtmp.mat
XCond = 34.248 (normalized)
Computing compensation for resdual AR1 bias
 1  -0.5  -0.484876    (t=0.01101)
 2  -0.25  -0.266655    (t=0.013115)
 3  0  -0.0559348    (t=0.014238)
 4  0.25  0.141224    (t=0.015277)
 5  0.5  0.310884    (t=0.0196)
AR1 Correction M: 0.0886629 1.24752
Computing contrast matrices
OLS Beta Pass 
  run 1    t= 0.0
reading data ... 0.611862
    Global Mean 203212.00
  run 2    t= 1.0
reading data ... 0.614095
    Global Mean 201535.00
Global In-Mask Mean = 202374 (193799)
Rescale Target = 100
RescaleFactor = 0.000494136
OLS Residual Pass 
  run 1    t= 0.0
reading data ... 0.62366
Saving rho1
  run 2    t= 1.5
reading data ... 0.617929
Saving rho1
Smoothing ACF
/software/apps/freesurfer/6.0.0/bin/mris_fwhm --mask /scratch/groups/lisik3/mcmahoneg/mri_data_anlys/studies/cont_actions/unpackdata/s003/bold/amodal-surface-lh-sm5/mask.nii.gz --i /scratch/groups/lisik3/mcmahoneg/mri_data_anlys/studies/cont_actions/unpackdata/s003/bold/amodal-surface-lh-sm5/rho1mn.nii.gz --o /scratch/groups/lisik3/mcmahoneg/mri_data_anlys/studies/cont_actions/unpackdata/s003/bold/amodal-surface-lh-sm5/rho1mn.sm.nii.gz --fwhm 20.000000 --smooth-only --s s003 --hemi lh --sd /scratch/groups/lisik3/mcmahoneg/mri_data_anlys/subjects
s003 lh white
Number of vertices 147546
Number of faces    295088
Total area         100859.718750
GroupSurface 0
AvgVtxArea       0.683582
AvgVtxDist       0.903857
StdVtxDist       0.252471
Loading mask /scratch/groups/lisik3/mcmahoneg/mri_data_anlys/studies/cont_actions/unpackdata/s003/bold/amodal-surface-lh-sm5/mask.nii.gz
Found 138759 voxels in mask
Not Polynomial detrending
Smoothing input by fwhm=20.000000, gstd=8.493218, niters=216 
Only smoothing, so saving and exiting now

Found 5641 voxels with corrected AR1 > 0.90
Whitening
Computing whitening matrices
Alloc Sinv: 160 160 30 ...  done t = 0.00231 sec
  seg   1   4625  nrho1 = 0.119
  seg   2   4625  nrho1 = 0.226
  seg   3   4625  nrho1 = 0.297
  seg   4   4625  nrho1 = 0.364
  seg   5   4625  nrho1 = 0.429
  seg   6   4625  nrho1 = 0.473
  seg   7   4625  nrho1 = 0.506
  seg   8   4625  nrho1 = 0.531
  seg   9   4625  nrho1 = 0.554
  seg  10   4625  nrho1 = 0.575
  seg  11   4625  nrho1 = 0.594
  seg  12   4625  nrho1 = 0.610
  seg  13   4625  nrho1 = 0.626
  seg  14   4625  nrho1 = 0.641
  seg  15   4625  nrho1 = 0.654
  seg  16   4625  nrho1 = 0.670
  seg  17   4625  nrho1 = 0.685
  seg  18   4625  nrho1 = 0.700
  seg  19   4625  nrho1 = 0.714
  seg  20   4625  nrho1 = 0.729
  seg  21   4625  nrho1 = 0.744
  seg  22   4625  nrho1 = 0.759
  seg  23   4625  nrho1 = 0.771
  seg  24   4625  nrho1 = 0.785
  seg  25   4625  nrho1 = 0.802
  seg  26   4625  nrho1 = 0.821
  seg  27   4625  nrho1 = 0.844
  seg  28   4625  nrho1 = 0.866
  seg  29   4625  nrho1 = 0.911
  seg  30   4634  nrho1 = 0.995
GLS Beta Pass 
  run 1    t= 0.0
  run 2    t= 0.9
GLS Residual Pass 
  run 1    t= 0.0
  run 2    t= 3.8
Found 8787 zero-valued voxels
Computing contrasts
Starting contrasts
fixation J=1 -------------
Saving efficiency 14.5955
Testing Motion Correction Parameters
  0.37  -0.20  -0.11  -0.20   0.13  -0.32   1.21   1.83  -0.02  -0.51  -0.39   0.11   0.16  -0.33   1.21   1.83  -1.21  -1.83 
interaction J=1 -------------
Saving efficiency 23.2626
Testing Motion Correction Parameters
 -0.52   0.63  -1.30   0.40   1.26   0.94  -0.09  -0.04   0.01   0.99  -0.24  -0.66   1.91   1.07  -0.09  -0.04   0.09   0.04 
Saving h.dat to /scratch/groups/lisik3/mcmahoneg/mri_data_anlys/studies/cont_actions/unpackdata/s003/bold/amodal-surface-lh-sm5/h.dat
cputime-min 0.128667
fast_selxavg3 done for /scratch/groups/lisik3/mcmahoneg/mri_data_anlys/studies/cont_actions/unpackdata/s003

ans =

     0

>> >> >> >> >> ------------------------------------------
Started at Wed Mar 4 15:40:15 EST 2020
Ended   at Wed Mar  4 15:41:23 EST 2020
 
selxavg3-sess completed
 
