Setting TER to 0.050000
Setting TimeWindow to 40.000000
Setting PreStim    to 0
Setting PostStim   to 40.000000
# FSBUILD freesurfer-Linux-centos6_x86_64-stable-pub-v6.0.0-2beb96c
# MKAVERSION $Id: mkanalysis-sess,v 1.78 2015/12/10 22:51:30 zkaufman Exp $
# MKACMD /software/apps/freesurfer/6.0.0/fsfast/bin/mkanalysis-sess -a maintask-surface-rh-sm0 -surface self rh -fsd bold -fwhm 0 -event-related -paradigm maintask.para -nconditions 4 -refeventdur 4 -TR 2 -nskip 2 -polyfit 1 -spmhrf 0 -runlistfile maintask.rlf -mcextreg -per-session -force
# DATE Thu Feb 20 12:51:56 EST 2020

analysis maintask-surface-rh-sm0
mcstem fmc
fsd bold
runlistfile maintask.rlf
TR 2
RegDOF 6
PerSession 1
RawSpace surface self rh
mask brain
RawFWHM 0
RawSTC none
nSliceGroups 1
UseB0DC 0
ApplySubCortMask 1
inorm 100
acfbins 30
fixacf  1
acffwhm 20
acfsvd  0
designtype event-related
nskip 2
polyfit 1
HPFCutoffHz 0
HeteroGCor 0
nconditions 4
parname maintask.para
RefEventDur 4
timewindow 40.000000
prestim 0
TER 0.050000
spmhrf 0
stimulusdelay -1.00000000000000000000
Condition 1 Condition01
Condition 2 Condition02
Condition 3 Condition03
Condition 4 Condition04
nuisreg mcextreg 3
mkanalysis-sess done
INFO: Found 4 Non-Null Conditions
INFO: Found 1 Delays
Condition Weights: .25000000000000000000 .25000000000000000000 .25000000000000000000 .25000000000000000000
mkcontrast2 -config maintask-surface-rh-sm0/fixation.config -anadir maintask-surface-rh-sm0 -wcond .25000000000000000000 .25000000000000000000 .25000000000000000000 .25000000000000000000 -sumconds -o maintask-surface-rh-sm0/fixation.mat -wdelay 1 -no-octave
  $Id: mkcontrast2,v 1.3 2016/03/11 23:46:48 greve Exp $
cmtxfile  maintask-surface-rh-sm0/fixation.mat
nconds    4,  wcond  .25000000000000000000 .25000000000000000000 .25000000000000000000 .25000000000000000000
ndelays   1, wdelay 1
ndelays   1, wpsa   
sumconds  1
sumdelays 0
nircorr   0
TER       0.050000
rdelta    
rtau      
  cmtxfile  maintask-surface-rh-sm0/fixation.mat
  monly  0
  NCond   4
  WCond   .25000000000000000000 .25000000000000000000 .25000000000000000000 .25000000000000000000
  NDelay  1
  WDelay  1
  TER         0.050000
  sumconds   1
  sumdelays  0
  nircorr  0
  TPreStim  0
  RmPreStim  0
  rdelta     0 0
  rtau       0 0
  ndelays    1
  CNorm      1
  setwdelay  0
  setwcond   0
Matlab file is /tmp/mkcontrast2.10153.m
MATLAB is selecting SOFTWARE OPENGL rendering.

                            < M A T L A B (R) >
                  Copyright 1984-2019 The MathWorks, Inc.
                  R2019a (9.6.0.1072779) 64-bit (glnxa64)
                               March 8, 2019

 
To get started, type doc.
For product information, visit www.mathworks.com.
 
>> starting mkcontrast2m
Normalizing contrast matrix
mkcontrast2m done
>> Thu Feb 20 12:52:10 EST 2020
